=== Area: Nashmau ===
*****DP Job Selection:BRD*****
Mode: Magic.
 White = Can not cast.
 Green = Casting Range
<<< Welcome to Asura! >>>
Announcing the winning numbers for the 20th Vana'versary Nomad Mog Bonanza!


 


Rank 3 prize: "7" (last digit)-- 20,471 winners.


Rank 2 prize: "04" (last two digits)-- 2,010 winners.


Rank 1 prize: "854" (all three digits)-- 185 winners.


*The number of winners for each prize is a combined total from all worlds.


 


Collection period: On July 14, 2022 at 1:00 (PDT) / 8:00 (GMT) to July 31, at 7:59 (PDT) / 14:59 (GMT)


Details on the prize can be confirmed by speaking to a Bonanza Moogle at one of the following locations:


Port San d'Oria (I-9) / Port Bastok (L-8) / Port Windurst (F-6) / Chocobo Circuit (H-8)
You have undertaken the limited-time Records of Eminence challenge á≤Vanquish Beasts.á≥
The July 2022 Login Campaign is currently underway!
The maximum number of people are already participating in Unity chat. Please try again later.
In celebration of your most recent login (login no. 15), we have provided you with 100 points!You currently have a total of 2100 points.
[2]< RedditLS: Brennski >
/welcome to RedditLS, Discord Server: https://discord.gg/pmU8j8P (May 2, 2022 9:48:24pm)
[1]< Surreal: Diluted >
Live. Laugh. Love. (Jul. 10, 2022 6:10:02pm)
We hope you enjoy this complimentary little gift, courtesy of the citizens of Vana'diel!
Obtained: Special gobbiedial key.
Sensarity invites you to her party.
The "Call for Help" command is currently being blocked.
[2]<Bixbite> https://www.bg-wiki.com/ffxi/Lethargy_Armor_Set

superwarp: Warping via Home Point #1 to Palborough Mines.
=== Area: Palborough Mines ===
The maximum number of people are already participating in Unity chat. Please try again later.
[Sensarity] 5 Bolter's Roll Å® {3}: Sensarity, Kateye, and Arayala
[3] Sensarity, Kateye, Arayala Å√ Bolter's Roll áD (+8% Movement Speed)
[Sensarity] 11 Bolter's Roll Å® {3}: Sensarity, Kateye, and Arayala
Lucky roll!
[3] Sensarity, Kateye, Arayala Å√ Bolter's Roll áJ (Lucky!) (+20% Movement Speed)
[Sensarity] Crooked Cards Å® Sensarity
[Sensarity] 3 Chaos Roll Å® {3}: Sensarity, Arayala, and Kateye
[3] Sensarity, Arayala, Kateye Å√ Chaos Roll áB (+19.14% Attack!)
[Sensarity] Snake Eye Å® Sensarity
[Sensarity] 4 Chaos Roll Å® {3}: Sensarity, Arayala, and Kateye
Lucky roll!
[3] Sensarity, Arayala, Kateye Å√ Chaos Roll áC (Lucky!) (+34.77% Attack!)
[Arayala] Clarion Call Å® Arayala
Follow canceled.
[Arayala] Soul Voice Å® Arayala
[Arayala] Nightingale Å® Arayala
[Arayala] Troubadour Å® Arayala
[Arayala] Honor March Å® Arayala
Arayala Honor March Å® {3}: Arayala, Kateye, and Sensarity (March)
[Arayala] Valor Minuet V Å® Arayala
Arayala Valor Minuet V Å® {3}: Arayala, Kateye, and Sensarity (Minuet)
[Arayala] Valor Minuet IV Å® Arayala
Arayala Valor Minuet IV Å® {3}: Arayala, Kateye, and Sensarity (Minuet)
[Arayala] Fowl Aubade Å® Arayala
Arayala Fowl Aubade Å® {3}: Arayala, Kateye, and Sensarity (Aubade)
[Arayala] Shining Fantasia Å® Arayala
Arayala Shining Fantasia Å® {3}: Arayala, Kateye, and Sensarity (Fantasia)
[Arayala] Valor Minuet III Å® Arayala
Arayala Valor Minuet III Å® {3}: Arayala, Kateye, and Sensarity (Minuet)
[Arayala] Herculean Etude Å® Arayala
Arayala Herculean Etude Å® {3}: Arayala, Kateye, and Sensarity (Etude)
[Sensarity] 6 Samurai Roll Å® {3}: Sensarity, Arayala, and Kateye
[3] Sensarity, Arayala, Kateye Å√ Samurai Roll áE (Unlucky!) (+14 Store TP Bonus)
[Sensarity] 11 Samurai Roll Å® {3}: Sensarity, Arayala, and Kateye
Lucky roll!
[3] Sensarity, Arayala, Kateye Å√ Samurai Roll áJ (Lucky!) (+50 Store TP Bonus)
Arayala's Nightingale effect wears off.
Arayala's Troubadour effect wears off.
Sensarity invites you to her party.
[Sensarity] Wild Card (SPs, JAs, TP, and MP) Å® Sensarity
[Sensarity] Wild Card (SPs, JAs, TP, and MP) Å® Arayala
[IncensedÅ?Pineapple] Blaze Spikes Å® IncensedÅ?Pineapple
IncensedÅ?Pineapple Blaze Spikes Å® IncensedÅ?Pineapple (Blaze Spikes)
[IncensedÅ?Pineapple] Berserk Å® IncensedÅ?Pineapple
IncensedÅ?Pineapple Berserk Å® IncensedÅ?Pineapple (Berserk)
[IncensedÅ?Pineapple] Berserk Å® IncensedÅ?Pineapple
IncensedÅ?Pineapple Berserk Å® IncensedÅ?Pineapple (Berserk)
Using Warp Ring, /heal to cancel.
Arayala's Clarion Call effect wears off.
[Arayala] warp ring Å® Arayala
=== Area: Nashmau ===
The maximum number of people are already participating in Unity chat. Please try again later.
[Sensarity] 2 Bolter's Roll Å® {2}: Sensarity and Arayala
[2] Sensarity, Arayala Å√ Bolter's Roll áA (+6% Movement Speed)
Leapstep[Kazham]: Sheol C Do you need it? WAR, TANK, HEALER Can I have it?

You have undertaken the limited-time Records of Eminence challenge á≤Vanquish Birds.á≥
