=== Area: Port Jeuno ===
*****DP Job Selection:BRD*****
Mode: Magic.
 White = Can not cast.
 Green = Casting Range
<<< Welcome to Asura! >>>
Å°Assist Channel added for New Players and Returnees! https://sqex.to/yLvfp


Å°Vana'diel Doused with the August Version Update!


Å°Day of the Shadow Lord [until September 30 at 7:59 (PDT) / 14:59 (GMT) / 15:59 (BST)]


Å°Sunbreeze Festival & Green Festival [until August 31 at 7:59 (PDT) / 14:59 (GMT) / 15:59 (BST)]


Å°August 2022 Login Campaign [until September 2 at 7:00 (PDT) / 14:00 (GMT) / 15:00 (BST)]


Å°Fun in the Sun Campaign [until August 31 at 7:59 (PDT) / 14:59 (GMT) / 15:59 (BST)]


Å°Discount Campaign [until August 31 at 1:00 (PDT) / 8:00 (GMT) / 9:00 (BST)]


Å°The Summer Alter Ego Extravaganza [until August 31 at 7:59 (PDT) / 14:59 (GMT) / 15:59 (BST)]


* Please refer to the official website for more details.
You have undertaken the limited-time Records of Eminence challenge á≤Spoils (Seals).á≥
The August 2022 Login Campaign is currently underway!
The maximum number of people are already participating in Unity chat. Please try again later.
In celebration of your most recent login (login no. 19), we have provided you with 100 points!You currently have a total of 2400 points.
[2]< LateNiteCrew: Uvyu >
Night you beautiful Bastards~ (Aug. 30, 2022 12:07:19am)
[1]< Surreal: Diluted >
Live. Laugh. Love. (Jul. 10, 2022 6:10:02pm)
Leapstep[Rabao]: Sheol C Do you need it? WAR Can I have it?

Sensarity invites you to her party.
superwarp: Warping via Home Point #2 to Yughott Grotto.
=== Area: Yughott Grotto ===
=== Area: Horlais Peak ===
The maximum number of people are already participating in Unity chat. Please try again later.
The "Call for Help" command is currently being blocked.
FastFollow: Pausing on Spell: false, Item: false
Initializing Guildwork
Welcome, Memento Mori!
Did you know if you subscribe to Guildwork Premium (guildwork.com/premium) you can get cross-zone shouts, AH notifications, Bazaar notifications, Remote chat and more?
You hear a noise, as if a large amount of spoils spontaneously appeared.
You hear a noise, as if a large amount of spoils spontaneously appeared.
You hear a noise, as if a large amount of spoils spontaneously appeared.
You hear a noise, as if a large amount of spoils spontaneously appeared.
You hear a noise, as if a large amount of spoils spontaneously appeared.
You hear a noise, as if a large amount of spoils spontaneously appeared.
You hear a thud, as if a large amount of spoils spontaneously appeared.
Using Warp Ring, /heal to cancel.
[Arayala] warp ring Å® Arayala
=== Area: Nashmau ===
The maximum number of people are already participating in Unity chat. Please try again later.
Shikima[PortJeuno]: Azure Cermet x3 Can I have it? You can have this. 1.1M eac

