=== Area: Rabao ===
Welcome, Memento Mori!
Did you know if you subscribe to Guildwork Premium (guildwork.com/premium) you can get cross-zone shouts, AH notifications, Bazaar notifications, Remote chat and more?
*****DP Job Selection:BRD*****
Mode: Magic.
 White = Can not cast.
 Green = Casting Range
<<< Welcome to Asura! >>>
■Assist Channel added for New Players and Returnees! https://sqex.to/yLvfp


■Vana'diel Doused with the June Version Update!


■Return to Absolute Virtue [until July 26 at 7:59 (PDT) / 14:59 (GMT) / 15:59 (BST)]


■The June 2021 Login Campaign [until July 9 at 7:00 (PDT) / 14:00 (GMT) / 15:00 (BST)]


■Stayin' Cool with Cool Equipment Campaign [until June 30 at 7:59 (PDT) / 14:59 (GMT) / 15:59 (BST)]


■Adventurer Gratitude Campaign [until July 4 at 7:00 (PDT) / 14:00 (GMT) / 15:00 (BST)]


* Please refer to the official website for more details.
You have undertaken the limited-time Records of Eminence challenge ｲMagic Damage Kills.ｳ
The June 2021 Login Campaign is currently underway!
The maximum number of people are already participating in Unity chat. Please try again later.
In celebration of your most recent login (login no. 14), we have provided you with 100 points!You currently have a total of 1790 points.
[1]< LateNightLosers: Ladyofhonor >
You're all gay. But Amber... (May 22, 2021 4:12:11pm)
Dleeoo[NSandOria]: Dho Gates Crab 500/2.5m master/10m Fast Cast

The "Call for Help" command is currently being blocked.
Oneok[Rabao]: OdysseyC セグメント ShieldさんLooking for members.

Auvers[Mhaura]: Ambuscade vol2 Team up? /tell

Nomad Moogle : I'm a traveling moogle, kupo. I help adventurers in the Outlands access items they have stored in a Mog House elsewhere, kupo.
Ponnisunisu[SSandOria]: Jinxed Nails Do you have it? Sell?

Dleeoo[NSandOria]: Dho Gates Crab 500/2.5m master/10m Fast Cast

Ponnisunisu[SSandOria]: Jinxed Nails Do you have it? Sell? 8m

Auvers[Mhaura]: Ambuscade vol2 Team up? /tell

Dleeoo[NSandOria]: Dho Gates Crab 500/2.5m master/10m Fast Cast

A home point can be set as a spot for you to return to Vana'diel when you have been knocked out. You can also use a home point to teleport to other home points.
A home point can be set as a spot for you to return to Vana'diel when you have been knocked out. You can also use a home point to teleport to other home points.
A home point can be set as a spot for you to return to Vana'diel when you have been knocked out. You can also use a home point to teleport to other home points.
You may teleport from here to any other home point you have registered.
You may teleport from here to any other home point you have registered.
You may teleport from here to any other home point you have registered.
It costs 100 gil to teleport to Home Point #1 in Port Jeuno.
It costs 100 gil to teleport to Home Point #1 in Port Jeuno.
It costs 100 gil to teleport to Home Point #1 in Port Jeuno.
Auvers[Mhaura]: Ambuscade vol2 Team up? /tell

Dhocp[PortBastok]: CP Dho Gates 500/2.5m 0-2100/10m Igeo*2 very fast Tachi: Jinpu 99999 /tell

=== Area: Port Jeuno ===
The maximum number of people are already participating in Unity chat. Please try again later.
[Arayala] Chocobo Mazurka → Arayala
Arayala Chocobo Mazurka → Arayala (Mazurka)
Chowders's title: Naga Raja Nullifier
Auvers[Mhaura]: Ambuscade vol2 Team up? /tell

Ponnisunisu[SSandOria]: Jinxed Nails Do you have it? Sell? 8m

Dleeoo[NSandOria]: Dho Gates Crab 500/2.5m master/10m Fast Cast

Vehsamai[Nashmau]: Alexandrite 2,500 each Bazaar Paparoon Nashmau Thank you.

Icildeez's title: Novice Nurseryman
Purchase a bard's charm +1 for 2,000,000 gil?
You made a purchase from Icildeez's bazaar.
Arayala bought a bard's charm +1.
Purchase a bard's charm +1 for 2,000,000 gil?
You made a purchase from Icildeez's bazaar.
Arayala bought a bard's charm +1.
Purchase a bard's charm +1 for 2,000,000 gil?
You made a purchase from Icildeez's bazaar.
Arayala bought a bard's charm +1.
Purchase a bard's charm +1 for 2,000,000 gil?
You made a purchase from Icildeez's bazaar.
Arayala bought a bard's charm +1.
Purchase a bard's charm +1 for 2,000,000 gil?
You made a purchase from Icildeez's bazaar.
Arayala bought a bard's charm +1.
Purchase a bard's charm +1 for 2,000,000 gil?
Purchase a bard's charm +1 for 2,000,000 gil?
You made a purchase from Icildeez's bazaar.
Arayala bought a bard's charm +1.
Purchase a bard's charm +1 for 2,000,000 gil?
You made a purchase from Icildeez's bazaar.
Arayala bought a bard's charm +1.
Oneok[Rabao]: OdysseyC セグメントLooking for members.ＤＤ BardCorsair 4/6

Auvers[Mhaura]: Ambuscade vol2 normal or up Team up? /tell

You have to pay a transaction fee of 10,000 gil.
Merchandise placed on auction.
If merchandise remains unsold after 30 weeks (Vana'diel time), it will be returned to your current residence.
If a successful bid is made, the proceeds from the sale will be delivered to your current residence.
Signed items will lose their signature after being purchased.
You have to pay a transaction fee of 10,000 gil.
Merchandise placed on auction.
If merchandise remains unsold after 30 weeks (Vana'diel time), it will be returned to your current residence.
If a successful bid is made, the proceeds from the sale will be delivered to your current residence.
Signed items will lose their signature after being purchased.
You have to pay a transaction fee of 10,000 gil.
Merchandise placed on auction.
If merchandise remains unsold after 30 weeks (Vana'diel time), it will be returned to your current residence.
If a successful bid is made, the proceeds from the sale will be delivered to your current residence.
Signed items will lose their signature after being purchased.
You have to pay a transaction fee of 10,000 gil.
Merchandise placed on auction.
If merchandise remains unsold after 30 weeks (Vana'diel time), it will be returned to your current residence.
If a successful bid is made, the proceeds from the sale will be delivered to your current residence.
Signed items will lose their signature after being purchased.
You can only place seven items on auction at once.
Either check off sold and unsold merchandise from the "Sales Status" list or remove an item from auction.
Items already sent to your delivery box must also be checked off the list.
Your macuil horn sold.
Your macuil horn sold.
Your macuil horn sold.
Dleeoo[NSandOria]: Dho Gates Crab 500/2.5m master/10m Fast Cast

You have to pay a transaction fee of 10,000 gil.
Merchandise placed on auction.
If merchandise remains unsold after 30 weeks (Vana'diel time), it will be returned to your current residence.
If a successful bid is made, the proceeds from the sale will be delivered to your current residence.
Signed items will lose their signature after being purchased.
Please try again in a little while.
Please try again in a little while.
Sesshmaru[PortJeuno]: Odyssey Kalunga V15 Looking for members. COR GEO TANK BRD 3/6

Spesx's title: Bushin Aspirant
Auvers[Mhaura]: Ambuscade vol2 normal or up Team up? /tell

Dhocp[PortBastok]: CP Dho Gates 500/2.5m 0-2100/10m Igeo*2 very fast Tachi: Jinpu 99999 /tell

Oneok[Rabao]: OdysseyC セグメントLooking for members.ＤＤ BardCorsair 4/6

Sirel[WestAdoulin]: Ngai or Mboze Clear Mind Do you need it? /tell price 1 spot left

>>Sirel : price?
Sirel>> 15 per

Dleeoo[NSandOria]: Dho Gates Crab 500/2.5m master/10m Fast Cast

Auvers[Mhaura]: Ambuscade vol2 normal or up Team up? /tell

Oneok[Rabao]: OdysseyC セグメントLooking for members.Front line job BardCorsair 4/6

>>Sirel : I'll take mboze
Arayala examines you.
Auvers[Mhaura]: Ambuscade vol2 normal or up Team up? /tell

Arayala begins to browse the merchandise in your bazaar.
Vehsamai[Nashmau]: Alexandrite 2,500 each Bazaar Paparoon Nashmau Thank you.

Arayala leaves your bazaar.
Guryufu's title: Dynamis-San d'Oria [D] Trespasser
Sanvi's title: Naga Raja Nullifier
Sirel>> have any jobs that might help?

>>Sirel : brd
Dleeoo[NSandOria]: Dho Gates Crab 500/2.5m master/10m Fast Cast

Agrestic's title: Virtuous Saint
Auvers[Mhaura]: Ambuscade vol2 normal or up Team up? /tell

Sirel>> have whm by chance?

>>Sirel : sadly not
Oneok[Rabao]: OdysseyC セグメントLooking for members. BardCorsair 5/6

Purchase a first virtue for 30,000 gil?
You made a purchase from Agrestic's bazaar.
Arayala bought a first virtue.
Purchase a high-quality phuabo organ for 30,000 gil?
You made a purchase from Agrestic's bazaar.
Arayala bought a high-quality phuabo organ.
Dleeoo[NSandOria]: Dho Gates Crab 500/2.5m master/10m Fast Cast

Arayala's Mazurka effect wears off.
Purchase a fifth virtue for 100,000 gil?
You made a purchase from Agrestic's bazaar.
Arayala bought a fifth virtue.
Alzima's title: New Adventurer
Santokun's title: Plouton Pincer
Bcking[Mhaura]: Ambuscade Primer Volume One VD Do you need it? remaBRD R15DD RUN Can I have it? /tell

Dleeoo[NSandOria]: Dho Gates Crab 500/2.5m master/10m Fast Cast

Shishimura's title: Behemoth's Bane
Kmera examines you.
Kmera begins to browse the merchandise in your bazaar.
Kmera leaves your bazaar.
Bcking[Mhaura]: Ambuscade Primer Volume One VD Do you need it? remaBRD R15DD Can I have it? /tell

Slowbro's title: Dynamis-Bastok [D] Infiltrator
Dleeoo[NSandOria]: Dho Gates Crab 500/2.5m master/10m Fast Cast

Search result: 0 people found in all known areas.
Search result: 2 people found in all known areas.
superwarp: Warping via Home Point #2 to Southern San d'Oria - 1.
=== Area: Southern San d'Oria ===
The maximum number of people are already participating in Unity chat. Please try again later.
Take on the ｲAssist Channelｳ Records of Eminence objective from the Tutorial section of the Records of Eminence Menu and speak to the A.M.A.N. liaison.
>> /c catelina
...A command error occurred.
[Arayala] Chocobo Mazurka → Arayala
Arayala Chocobo Mazurka → Arayala (Mazurka)
>> /c catelina
...A command error occurred.
>> /c catelina
...A command error occurred.
>> /c catelina
...A command error occurred.
>> /c catelina
...A command error occurred.
Bcking[Mhaura]: Ambuscade Primer Volume One VD Do you need it? R15DD Can I have it? /tell

>> /c catelina
...A command error occurred.
>> /c catelina
...A command error occurred.
>> /c catelina
...A command error occurred.
>> /c catelina
...A command error occurred.
>> /c catelina
...A command error occurred.
>> /c catelina
...A command error occurred.
Dleeoo[NSandOria]: Dho Gates Crab 500/2.5m master/10m Fast Cast

>> /c catelina
...A command error occurred.
>> /c catelina
...A command error occurred.
>> /c catelina
...A command error occurred.
>> /c catelina
...A command error occurred.
>> /c catelina
...A command error occurred.
>> /c catelina
...A command error occurred.
>> /c catelina
...A command error occurred.
>> /c catelina
...A command error occurred.
Selendrile's title: Quetzalcoatl Plucker
Dictionary's title: Bumba Befouler
Bcking[Mhaura]: Ambuscade Primer Volume One VD Do you need it? RUN R15DD Can I have it? /tell

Search result: 2 people found in all known areas.
Nyanaas's title: Dynamis-San d'Oria [D] Trespasser
Kingofhades's title: Aello Abator
Dleeoo[NSandOria]: Dho Gates Crab 500/2.5m master/10m Fast Cast

Leteuce's title: Wopket Trunksplitter
Knibal's title: Archmage Assassin
Dhocp[PortBastok]: CP Dho Gates 500/2.5m 0-2100/10m Igeo*2 very fast Tachi: Jinpu 99999 /tell

Dleeoo[NSandOria]: Dho Gates Crab 500/2.5m master/10m Fast Cast

Sesshmaru[Rabao]: Odyssey Farm C Looking for members. BRD GEO TANK 4/6

>> /c catelina
...A command error occurred.
Search result: 2 people found in all known areas.
>> /c catelina
...A command error occurred.
>> /c catelina
...A command error occurred.
>> /c catelina
...A command error occurred.
>> /c catelina
...A command error occurred.
Luvian's title: Sky Breaker
Dleeoo[NSandOria]: Dho Gates Crab 500/2.5m master/10m Fast Cast

>> /c catelina
...A command error occurred.
Sirel[Rabao]: Mboze Do you need it? /tell price 1 spot left

Sirel>> still need it?

>>Sirel : yes
Sirel>> mboze?

>>Sirel : yes
Sirel invites you to her party.
superwarp: Warping via Home Point #1 to Rabao - 2.
=== Area: Rabao ===
(Sirel) k darth and pyro and arayala list jobs one more time plz, had one leave

The maximum number of people are already participating in Unity chat. Please try again later.
(Arayala) brd 
Pilgrim Moogle : Any questions, kupo?
Pilgrim Moogle : Any questions, kupo?
Pilgrim Moogle : Any questions, kupo?
(Sirel) anything else?

(Pyrokar)  r15drk and geo

(Sirel) if not thats fine

(Arayala) just brd on this char
findAll: Searching: :Arayala mogl
findAll: Arayala/key items: moglophone
findAll: Arayala/key items: moglophone II
findAll: Arayala/key items: moglophone II
findAll: Arayala/key items: moglophone II
findAll: Total: 4
Sesshmaru[Rabao]: Odyssey Farm C Looking for members. BRD GEO TANK 4/6

(Sirel) k bard it is for you

Bratgurl's title: Brother-in-arms
(Sirel) darth?

Convex examines you.
(Darthkujah) /

(Sirel) jobs one more time?

Kardoos's title: Bumba Befouler
Dleeoo[NSandOria]: Dho Gates Crab 500/2.5m master/10m Fast Cast

Sesshmaru[Rabao]: Odyssey Farm C Looking for members. BRD GEO TANK 4/6

(Sirel) i need one of you as dark just trying to decide who

(Darthkujah) nin, thf, smn, Brd

Kamilami's title: Apademak Annihilator
(Darthkujah) but again my Brd is far and away the best geared

(Sirel) k gonna go 2x bard

(Sirel) can't hurt

(Sirel) pyro switch to dark plz

Dleeoo[NSandOria]: Dho Gates Crab 500/2.5m master/10m Fast Cast

(Sirel) slashing dark

Sesshmaru[Rabao]: Odyssey Kalunga V15  Looking for members. BRD GEO TANK 4/6

Extram's title: Dynamis-Jeuno [D] Trespasser
(Sirel) arayal you might have to do some differnt songs

(Sirel) since darth has main songs covered

Dleeoo[NSandOria]: Dho Gates Crab 500/2.5m master/10m Fast Cast

(Sirel) paeon etc

Disclai's title: Dynamis-San d'Oria [D] Infiltrator
(Sirel) you got those handy?

(Arayala) of course
(Sirel) k

[] Endark II → 
Fokai's title: Cirein-croin Harpooner
(Sirel) alright everyone here type /

(Arayala) /
(Sirel) this is a very specific fight

(Pyrokar) /

(Sirel) wanna make sure we get gameplan right off bat

Cloudffs's title: Sgili Stomper
Beachwood[BastokMine]: Ambuscade V1 E spam  I'm interested.

(Sirel) k convex gonna pull to bottom of stairs after buff

Kardoos's title: Bumba Befouler
Dleeoo[NSandOria]: Dho Gates Crab 500/2.5m master/10m Fast Cast

(Sirel) only myself and convex will be on the mob

(Sirel) everyone else stay back!

Sesshmaru[Rabao]: Odyssey Kalunga V15 Looking for members. BRD 5/6

Dhocp[PortBastok]: CP Dho Gates 500/2.5m 0-2100/10m Igeo*2 very fast Tachi: Jinpu 99999 /tell

(Sirel) i'll push it to use its 1 hr yeag, at which point i and or tank or both of us might die

(Sirel) at that point pyro

(Sirel) you need to run in and hold it

(Pyrokar) \(`-`)b

(Sirel) can just hit it and don't ws for 50 seconds

Dleeoo[NSandOria]: Dho Gates Crab 500/2.5m master/10m Fast Cast

(Sirel) if we wipe jsut let it kill us fast

(Sirel) and reset

(Sirel) buff fast at beginning

(Sirel) arise me and i can go in and finish it

(Sirel) anyone have any questions?

(Sirel) even if only one of us dies run in darth ok?

(Sirel) i mean pyro

(Darthkujah) one sec finding rr item

(Sirel) pyro run in if one of us diead

(Pyrokar)  got it

(Sirel) dies

(Sirel) everyone else stay back

Dleeoo[NSandOria]: Dho Gates Crab 500/2.5m master/10m Fast Cast

(Sirel) convex got it?

(Convex) yeah

(Convex) got super reraise rdy

(Sirel) if you see it do a special move plz shout it out

(Sirel) it will one shot us both

(Sirel) if you see it i'll run outta range for 60 seconds then re engage

(Convex) 10-4

Dleeoo[NSandOria]: Dho Gates Crab 500/2.5m master/10m Fast Cast

Your party's leader is currently examining the entrance.
(Sirel) going in

(Sirel) any questions?

 Reraise hairpin →  (Reraise)
(Sirel) Trade plz

Dleeoo[NSandOria]: Dho Gates Crab 500/2.5m master/10m Fast Cast

Sirel wishes to trade with you.
Target out of range.
Your party's leader is currently examining the entrance.
Entering Sheol: Gaol.
Entering Sheol: Gaol.
Entering Sheol: Gaol.
=== Area: Walk of Echoes [P2] ===
Arayala is temporarily unable to access support job abilities.
You receive the effects of Moogle Mastery level IV.
You need the Dual Wield ability to equip the blurred knife +1 as a sub-weapon.
[Reraprika] Reraise IV → Reraprika
(Sirel) arayala trade me when you have the chance

Reraprika Reraise IV → Reraprika (Reraise)
You offer to trade with Sirel.
(Sirel) if Death DO NOT LEAVE

[Reraprika] Afflatus Solace → Reraprika
Pyrokar Reraise hairpin → Pyrokar (Reraise)
[Reraprika] Protectra V → Reraprika
Trade complete.
Reraprika Protectra V → {6}: Reraprika, Convex, Pyrokar, Arayala, Darthkujah, and Sirel (Protect)
[Reraprika] Shellra V → Reraprika
Reraprika Shellra V → {6}: Reraprika, Darthkujah, Arayala, Sirel, Pyrokar, and Convex (Shell)
(Sirel) buff inside

(Reraprika) k

One or more of your party members are are of the same job.
(Sirel) o duh can't have 2 bards lol

(Sirel) arayala how good is your bard?

Convex examines you.
(Arayala) rema
(Sirel) darth

(Sirel) go smn plz

(Sirel) buff us on your smn

One or more of your party members are are of the same job.
(Sirel) tell me when ready

(Convex) he could possibly Alex us maybe

(Sirel) good to go?

(Sirel) buff fast inside

(Darthkujah) no Alex

(Convex) hes rdy seems

(Sirel) ready darth?

(Darthkujah) all but alex and fenrir

(Darthkujah) /

(Pyrokar) /

Alter egos may be used here without any effect on enmity.
Lost key item: Moglophone II.
Arayala's Shell effect wears off.
Arayala's Protect effect wears off.
[Sirel] Hasso → Sirel
[Arayala] Nightingale → Arayala
[Sirel] Meditate → Sirel
[Arayala] Troubadour → Arayala
[Arayala] Marcato → Arayala
[Reraprika] Afflatus Solace → Reraprika
[Reraprika] Protectra V → Reraprika
[Arayala] Honor March → Arayala
You need the Dual Wield ability to equip the kali as a sub-weapon.
Arayala Honor March → {6}: Arayala, Pyrokar, Convex, Sirel, Reraprika, and Darthkujah (March)
Reraprika Protectra V → {6}: Reraprika, Convex, Sirel, Darthkujah, Pyrokar, and Arayala (Protect)
[Pyrokar] Endark II → Pyrokar
You need the Dual Wield ability to equip the blurred knife +1 as a sub-weapon.
[Convex] Phalanx → Convex
[Reraprika] Shellra V → Reraprika
Pyrokar Endark II → Pyrokar (Endark)
Reraprika Shellra V → {6}: Reraprika, Convex, Sirel, Darthkujah, Pyrokar, and Arayala (Shell)
[Arayala] Victory March → Arayala
Arayala Victory March → {6}: Arayala, Pyrokar, Reraprika, Convex, Sirel, and Darthkujah (March)
Convex Phalanx → Convex (Phalanx)
You need the Dual Wield ability to equip the kali as a sub-weapon.
You need the Dual Wield ability to equip the blurred knife +1 as a sub-weapon.
[Pyrokar] Dread Spikes → Pyrokar
[Reraprika] Auspice → Reraprika
[Arayala] Fowl Aubade → Arayala
You need the Dual Wield ability to equip the kali as a sub-weapon.
Arayala Fowl Aubade → {6}: Arayala, Pyrokar, Sirel, Darthkujah, Reraprika, and Convex (Aubade)
Reraprika Auspice → {5}: Reraprika, Sirel, Darthkujah, Convex, and Arayala (Auspice)
Reraprika Auspice → Pyrokar (No effect)
You need the Dual Wield ability to equip the blurred knife +1 as a sub-weapon.
Pyrokar Dread Spikes → Pyrokar (Dread Spikes)
You need the Dual Wield ability to equip the blurred knife +1 as a sub-weapon.
[Convex] Crusade → Convex
[Arayala] Shining Fantasia → Arayala
You need the Dual Wield ability to equip the kali as a sub-weapon.
Arayala Shining Fantasia → {6}: Arayala, Pyrokar, Darthkujah, Reraprika, Convex, and Sirel (Fantasia)
[Reraprika] Barwatera → Reraprika
Reraprika Barwatera → {6}: Reraprika, Darthkujah, Convex, Sirel, Pyrokar, and Arayala (Barwater)
You need the Dual Wield ability to equip the blurred knife +1 as a sub-weapon.
You need the Dual Wield ability to equip the blurred knife +1 as a sub-weapon.
Convex Crusade → Convex (Enmity Boost)
[Arayala] Valor Minuet V → Arayala
You need the Dual Wield ability to equip the blurred knife +1 as a sub-weapon.
You need the Dual Wield ability to equip the kali as a sub-weapon.
Arayala Valor Minuet V → {6}: Arayala, Pyrokar, Sirel, Reraprika, Darthkujah, and Convex (Minuet)
You need the Dual Wield ability to equip the blurred knife +1 as a sub-weapon.
You need the Dual Wield ability to equip the blurred knife +1 as a sub-weapon.
[Reraprika] Stoneskin → Reraprika
[Arayala] Valor Minuet IV → Arayala
You need the Dual Wield ability to equip the kali as a sub-weapon.
Arayala Valor Minuet IV → {6}: Arayala, Convex, Pyrokar, Reraprika, Sirel, and Darthkujah (Minuet)
Reraprika Stoneskin → Reraprika (Stoneskin)
You need the Dual Wield ability to equip the blurred knife +1 as a sub-weapon.
[Arayala] Pianissimo → Arayala
[Reraprika] Blink → Reraprika
[Arayala] Mage's Ballad III → Reraprika
You need the Dual Wield ability to equip the blurred knife +1 as a sub-weapon.
You need the Dual Wield ability to equip the kali as a sub-weapon.
Arayala Mage's Ballad III → Reraprika (Ballad)
Reraprika Blink → Reraprika (Blink)
You need the Dual Wield ability to equip the blurred knife +1 as a sub-weapon.
(Sirel) tell when done

[Reraprika] Haste → Reraprika
Reraprika Haste → Reraprika (Haste)
[Darthkujah] Ifrit → Darthkujah
[Reraprika] Regen IV → Convex
Reraprika Regen IV → Convex (Regen)
You need the Dual Wield ability to equip the blurred knife +1 as a sub-weapon.
(Sirel) after ifrit cast pull

[Reraprika] Reraise IV → Reraprika
[Arayala] Pianissimo → Arayala
Reraprika Reraise IV → Reraprika (Reraise)
Unable to use job ability.
Time left: (0:00:04)
(Sirel) ah go ahead and pull

[Arayala] Mage's Ballad II → Reraprika
You need the Dual Wield ability to equip the kali as a sub-weapon.
Arayala Mage's Ballad II → Reraprika (Ballad)
(Sirel) time if more importat

You need the Dual Wield ability to equip the blurred knife +1 as a sub-weapon.
Arayala's Nightingale effect wears off.
You need the Dual Wield ability to equip the blurred knife +1 as a sub-weapon.
(Darthkujah) jees gs is trashed

[Arayala] Pianissimo → Arayala
Unable to use job ability.
Time left: (0:00:04)
Arayala's Troubadour effect wears off.
Arayala's Pianissimo effect wears off.
(Sirel) rera stay back plz

[Arayala] Carnage Elegy → Mboze
You need the Dual Wield ability to equip the kali as a sub-weapon.
Arayala Carnage Elegy → Mboze (Resists)
You need the Dual Wield ability to equip the blurred knife +1 as a sub-weapon.
[Mboze] missed → Convex
[Sirel] Tachi: Fudo → Mboze
You need the Dual Wield ability to equip the blurred knife +1 as a sub-weapon.
[Convex] Cover → Sirel
[Mboze] 28 hit → Convex
[Mboze] 140 hit → Sirel
[Sirel] Tachi: Fudo → Mboze
[Convex] Majesty → Convex
[Convex] Palisade → Convex
Convex Rampart → {2}: Convex and Sirel (Rampart)
[Mboze] 50 hit → Convex
[Convex] Holy Circle → {2}: Convex and Sirel
[Sirel] Tachi: Fudo → Mboze
[Mboze] Firefly Fandango → Mboze
[Mboze] 92 Firefly Fandango → Convex
AOE 698 → Sirel
[Convex] Cure III → Convex
[Mboze] 29 hit → Convex
[Mboze] 90 hit → Sirel
[Reraprika] Cure V → Sirel
[Sirel] Tachi: Fudo → Mboze
[Pyrokar] Dread Spikes → Pyrokar
[Mboze] 33 hit → Convex
[Mboze] 0 hit → Sirel
Pyrokar Dread Spikes → Pyrokar (Dread Spikes)
[Convex] Savage Blade → Mboze
[Sirel] Tachi: Fudo → Mboze
[Mboze] 0 hit → Convex
[Reraprika] Erase → Convex
[Reraprika] 2 status ailments disappear Erase → Convex
Reraprika Erase → Sirel (Max MP Down)
[Sirel] Tachi: Fudo → Mboze
[Mboze] Firefly Fandango → Mboze
[Mboze] 20 Firefly Fandango → Convex
AOE 522 → Sirel
[Convex] Sentinel → Convex
Blocked! [Mboze] 0 hit → Convex
[Convex] Flash → Mboze
[Sirel] is paralyzed → Mboze
Convex Flash → Mboze (Resists)
[Reraprika] Blindna → Convex
Reraprika Blindna → {2}: Convex and Sirel (No effect)
[Sirel] Tachi: Fudo → Mboze
[Convex] Phalanx → Convex
[Reraprika] Cure IV → Sirel
[Sirel] is paralyzed → Mboze
[Mboze] 0 hit → Convex
[Sirel] is paralyzed → Mboze
Convex Phalanx → Convex (Phalanx)
[Reraprika] Erase → Convex
[Sirel] is paralyzed → Mboze
[Reraprika] 2 status ailments disappear Erase → Convex
2 status ailments disappear → Sirel
[Mboze] Stonega IV → Convex
[Mboze] 57 Stonega IV → Convex
AOE 185 → Sirel
[Sirel] is paralyzed → Mboze
[Convex] Reprisal → Convex
[Mboze] 0 hit → Convex
Convex Reprisal → Convex (Reprisal)
[Sirel] Tachi: Fudo → Mboze
[Sirel] is paralyzed → Mboze
[Convex] Crusade → Convex
[Mboze] 0 hit → Convex
Convex Crusade → Convex (Enmity Boost)
[Sirel] Tachi: Fudo → Mboze
[Sirel] is paralyzed → Mboze
[Convex] Savage Blade → Mboze
[Mboze] 0 hit → Convex
[Reraprika] Regen IV → Sirel
Reraprika Regen IV → Sirel (Regen)
[Mboze] Potted Plant → Mboze
[Mboze] 60 Potted Plant → Convex
AOE 932 → Sirel
[Convex] Majesty → Convex
[Mboze] 71 hit → Convex
[Reraprika] Cure V → Sirel
[Sirel] Tachi: Fudo → Mboze
[Reraprika] Erase → Convex
[Reraprika] 2 status ailments disappear Erase → Convex
2 status ailments disappear → Sirel
[Mboze] missed → Convex
[Sirel] Tachi: Fudo → Mboze
[Reraprika] Erase → Convex
Reraprika Erase → Sirel (No effect)
[Convex] Flash → Mboze
Convex Flash → Mboze (Resists)
[Mboze] 71 hit → Convex
[Convex] Phalanx → Convex
[Sirel] Tachi: Fudo → Mboze
[Reraprika] Erase → Convex
Convex Phalanx → Convex (Phalanx)
Reraprika Erase → Sirel (No effect)
[Mboze] 44 hit → Convex
[Mboze] 0 hit → Sirel
[Convex] Crusade → Convex
[Sirel] Meditate → Sirel
Convex Crusade → Convex (Enmity Boost)
[Sirel] Tachi: Fudo → Mboze
[Mboze] 69 hit → Convex
[Sirel] Hasso → Sirel
[Convex] Savage Blade → Mboze
[Sirel] Third Eye → Sirel
[Mboze] 0 hit → Convex
[Sirel] Tachi: Fudo → Mboze
[Reraprika] Erase → Convex
[Mboze] Canopierce → Mboze
[Mboze] 682 Canopierce → Convex
AOE 3000 → Sirel
Sirel was defeated by the Mboze.
[Convex] Flash → Mboze
[Reraprika] 2 status ailments disappear Erase → Convex
Convex Flash → Mboze (Resists)
(Sirel) go in

[Mboze] 0 hit → Convex
(Sirel) pyro

[Convex] Cure III → Convex
[Reraprika] Arise → Sirel
(Sirel) Arise

[Reraprika] Arise → Sirel
[Pyrokar] Stun → Mboze
Pyrokar Stun → Mboze (Resists)
[Mboze] missed → {2}: Convex and Pyrokar
[Mboze] 47 hit → Sirel
[Pyrokar] Last Resort → Pyrokar
Arayala's Auspice effect wears off.
[Reraprika] Cure IV → Convex
[Convex] Savage Blade → Mboze
[Mboze] 0 hit → Convex
[Arayala] Pianissimo → Arayala
Unable to use job ability.
Time left: (0:00:04)
[Mboze] Canopierce → Mboze
[Mboze] 239 Canopierce → Convex
AOE 2280 → Sirel
AOE 2000 → Pyrokar
Sirel was defeated by the Mboze.
[Convex] Flash → Mboze
Convex Flash → Mboze (Resists)
[Pyrokar] Catastrophe → Mboze
(Sirel) fuck

[Mboze] Stonega V → Convex
[Mboze] 104 Stonega V → Convex
AOE 563 → Pyrokar
[Convex] Invincible → Convex
[Mboze] 0 hit → Convex
[Convex] Majesty → Convex
[Convex] Cure III → Convex
[Mboze] Uproot → Mboze
[Mboze] 420 Uproot → Convex
AOE 464 → Sirel
AOE 1278 → Pyrokar
Sirel was defeated by the Mboze.
[Pyrokar] Catastrophe → Mboze
(Sirel) sob

[Mboze] 134 hit → Pyrokar
[Mboze] 134 HP AE → Pyrokar
[Convex] Savage Blade → Mboze
[Mboze] Firefly Fandango → Mboze
[Mboze] 0 Firefly Fandango → Convex
AOE 202 → Pyrokar
[Reraprika] Erase → Convex
[Reraprika] 2 status ailments disappear Erase → Convex
2 status ailments disappear → Pyrokar
[Pyrokar] Catastrophe → Mboze
[Convex] is paralyzed → Convex
[Mboze] 121 hit → Pyrokar
[Zisurru] 105 hit → Pyrokar
[Zisurru] 225 hit → Convex
[Reraprika] Erase → Convex
[Reraprika] 2 status ailments disappear Erase → Convex
Reraprika Erase → Pyrokar (Rasp)
[Mboze] Tiiimbeeer → Mboze
[Mboze] 4289 Tiiimbeeer → Convex
AOE 3432 → Pyrokar
Convex was defeated by the Mboze.
Pyrokar was defeated by the Mboze.
[Mboze] 0 hit → Reraprika
(Sirel) wipe fast

Unable to see the Mboze.
(Sirel) wipe

[Reraprika] Reraise IV → Reraprika
[Arayala] 161 hit → Mboze
[Mboze] 0 hit → Reraprika
[Arayala] 183 hit → Mboze
[Arayala] 175 hit → Mboze
[Arayala] 151 hit → Mboze
[Arayala] 222 hit → Mboze
[Mboze] 216 hit → Reraprika
[Mboze] 223 hit → Darthkujah
[Mboze] 169 hit → Arayala
[Arayala] 152 hit → Mboze
[Arayala] 209 hit → Mboze
[Reraprika] Raise III → Convex
(Convex) wipe and let it reset

[Arayala] 210 hit → Mboze
[Arayala] 165 hit → Mboze
[Arayala] 368 critical hit → Mboze
[Arayala] Savage Blade → Mboze
[Arayala] 5912 Savage Blade → Mboze
[Mboze] 139 hit → Arayala
[Mboze] 224 hit → Reraprika
[Mboze] 270 hit → Darthkujah
[Arayala] 155 hit → Mboze
[Mboze] Potted Plant → Mboze
[Mboze] 1156 Potted Plant → Arayala
AOE 508 → Reraprika
AOE 766 → Darthkujah
[Arayala] 208 hit → Mboze
Reraprika's casting is interrupted.
Arayala's Pianissimo effect wears off.
[Arayala] 155 hit → Mboze
[Mboze] Stone VI → Reraprika
[Mboze] 564 Stone VI → Reraprika
[Zisurru] 412 hit → Reraprika
[Zisurru] 366 hit → Arayala
[Zisurru] 420 hit → Darthkujah
Reraprika was defeated by the Zisurru.
Arayala was defeated by the Zisurru.
Darthkujah was defeated by the Zisurru.
All party members have been knocked out. Leaving the instance in 3 minutes.
(Convex) dont rr until hes back up top

(Sirel) don't rr till back up

(Sirel) we have time

(Sirel) let that fetter go too

(Sirel) someone not whm get up

(Sirel) anyone have rr up that isn't whm

(Sirel) get up

(Reraprika) get uo ok?

(Sirel) i don't htink fetter pulls

(Sirel) no not yet

(Reraprika) k

(Sirel) someone else have rr up?

(Sirel) hurry

(Convex) my rr was wiped somehow

(Sirel) k get up whm

(Sirel) arise me

[Reraprika] Arise → Sirel
[Reraprika] Arise → Sirel
(Sirel) then tank

[Reraprika] Raise III → Convex
[Sirel] Hasso → Sirel
[Sirel] Meditate → Sirel
(Convex) ty

[Reraprika] Raise III → Convex
(Sirel) i'll one hour

[Reraprika] Raise II → Pyrokar
[Convex] Phalanx → Convex
Convex Phalanx → Convex (Phalanx)
[Reraprika] Raise II → Pyrokar
[Convex] Cure III → Convex
[Reraprika] Raise → Arayala
(Sirel) raise anything on everyone else

[Reraprika] Raise → Arayala
[Arayala] Mage's Ballad III → Arayala
You need the Dual Wield ability to equip the kali as a sub-weapon.
[Convex] Majesty → Convex
Arayala Mage's Ballad III → {5}: Arayala, Reraprika, Pyrokar, Convex, and Sirel (Ballad)
You need the Dual Wield ability to equip the blurred knife +1 as a sub-weapon.
[Convex] Protect V → Convex
[Pyrokar] Endark II → Pyrokar
Convex Protect V → {5}: Convex, Pyrokar, Reraprika, Sirel, and Arayala (Protect)
[Arayala] Mage's Ballad II → Arayala
You need the Dual Wield ability to equip the kali as a sub-weapon.
Pyrokar Endark II → Pyrokar (Endark)
Arayala Mage's Ballad II → {5}: Arayala, Sirel, Convex, Pyrokar, and Reraprika (Ballad)
You need the Dual Wield ability to equip the blurred knife +1 as a sub-weapon.
[Pyrokar] Dread Spikes → Pyrokar
Pyrokar Dread Spikes → Pyrokar (Dread Spikes)
You need the Dual Wield ability to equip the blurred knife +1 as a sub-weapon.
(Reraprika) @20sec

[Convex] Cure IV → Pyrokar
(Sirel) pyro

(Sirel) this time you are fighting with me

(Sirel) actually no

(Sirel) same thing

(Sirel) come in if i die

[Reraprika] Raise III → Darthkujah
(Sirel) if i die spam ws

(Pyrokar) ok

[Reraprika] Raise III → Darthkujah
[Convex] Cure III → Darthkujah
[Reraprika] Reraise IV → Reraprika
[Arayala] Soul Voice → Arayala
(Sirel) k buff up

Reraprika Reraise IV → Reraprika (Reraise)
[Arayala] Clarion Call → Arayala
[Reraprika] Afflatus Solace → Reraprika
[Arayala] Honor March → Arayala
You need the Dual Wield ability to equip the kali as a sub-weapon.
Arayala Honor March → {6}: Arayala, Sirel, Darthkujah, Pyrokar, Convex, and Reraprika (March)
You need the Dual Wield ability to equip the blurred knife +1 as a sub-weapon.
[Sirel] Hasso → Sirel
[Arayala] Victory March → Arayala
You need the Dual Wield ability to equip the kali as a sub-weapon.
[Sirel] Third Eye → Sirel
[Darthkujah] Ifrit → Darthkujah
Arayala Victory March → {6}: Arayala, Darthkujah, Sirel, Reraprika, Convex, and Pyrokar (March)
[Reraprika] Shellra V → Reraprika
Reraprika Shellra V → {6}: Reraprika, Convex, Pyrokar, Sirel, Darthkujah, and Arayala (Shell)
You need the Dual Wield ability to equip the blurred knife +1 as a sub-weapon.
You need the Dual Wield ability to equip the blurred knife +1 as a sub-weapon.
[Arayala] Valor Minuet V → Arayala
You need the Dual Wield ability to equip the kali as a sub-weapon.
[Reraprika] Protectra V → Reraprika
Reraprika Protectra V → {6}: Reraprika, Pyrokar, Convex, Sirel, Darthkujah, and Arayala (Protect)
Arayala Valor Minuet V → {6}: Arayala, Sirel, Darthkujah, Reraprika, Pyrokar, and Convex (Minuet)
You need the Dual Wield ability to equip the blurred knife +1 as a sub-weapon.
[Convex] Phalanx → Convex
[Darthkujah] Avatar's Favor → Darthkujah
You need the Dual Wield ability to equip the blurred knife +1 as a sub-weapon.
Convex Phalanx → Convex (Phalanx)
[Arayala] Fowl Aubade → Arayala
You need the Dual Wield ability to equip the kali as a sub-weapon.
[Reraprika] Stoneskin → Reraprika
Arayala Fowl Aubade → {6}: Arayala, Sirel, Darthkujah, Pyrokar, Reraprika, and Convex (Aubade)
You need the Dual Wield ability to equip the blurred knife +1 as a sub-weapon.
Reraprika Stoneskin → Reraprika (Stoneskin)
[Convex] Crusade → Convex
You need the Dual Wield ability to equip the blurred knife +1 as a sub-weapon.
[Arayala] Shining Fantasia → Arayala
You need the Dual Wield ability to equip the kali as a sub-weapon.
Convex Crusade → Convex (Enmity Boost)
[Reraprika] Blink → Reraprika
Arayala Shining Fantasia → {6}: Arayala, Darthkujah, Sirel, Pyrokar, Reraprika, and Convex (Fantasia)
You need the Dual Wield ability to equip the blurred knife +1 as a sub-weapon.
Reraprika Blink → Reraprika (Blink)
You need the Dual Wield ability to equip the blurred knife +1 as a sub-weapon.
[Convex] Enlight II → Convex
[Arayala] Valor Minuet IV → Arayala
You need the Dual Wield ability to equip the kali as a sub-weapon.
[Reraprika] Regen IV → Reraprika
Reraprika Regen IV → Reraprika (Regen)
Arayala Valor Minuet IV → {6}: Arayala, Darthkujah, Sirel, Reraprika, Pyrokar, and Convex (Minuet)
Convex Enlight II → Convex (Enlight)
You need the Dual Wield ability to equip the blurred knife +1 as a sub-weapon.
[Arayala] Valor Minuet III → Arayala
You need the Dual Wield ability to equip the kali as a sub-weapon.
[Convex] Cure III → Reraprika
Arayala Valor Minuet III → {6}: Arayala, Darthkujah, Sirel, Reraprika, Convex, and Pyrokar (Minuet)
You need the Dual Wield ability to equip the blurred knife +1 as a sub-weapon.
[Pyrokar] Endark II → Pyrokar
You need the Dual Wield ability to equip the blurred knife +1 as a sub-weapon.
Pyrokar Endark II → Pyrokar (Endark)
[Reraprika] Cure V → Sirel
[Arayala] Pianissimo → Arayala
[Convex] Cure IV → Sirel
Unable to use job ability.
Time left: (0:00:04)
Convex's casting is interrupted.
[Arayala] Mage's Ballad III → Reraprika
You need the Dual Wield ability to equip the kali as a sub-weapon.
Arayala Mage's Ballad III → Reraprika (Ballad)
You need the Dual Wield ability to equip the blurred knife +1 as a sub-weapon.
[Reraprika] Cure IV → Arayala
(Sirel) time on weak rera?

You need the Dual Wield ability to equip the blurred knife +1 as a sub-weapon.
(Reraprika) im ok

(Sirel) k poull

(Convex) i have 1 min

(Sirel) well wait then

(Convex) i think i should be ok

[Reraprika] Haste → Reraprika
Reraprika Haste → Reraprika (Haste)
Arayala's Stoneskin effect wears off.
[Convex] Phalanx → Convex
(Sirel) invicible right off bat

Convex Phalanx → Convex (Phalanx)
(Sirel) grab it

(Sirel) everyone else back

(Sirel) go go

(Convex) already did use 1 hr

(Sirel) k

[Reraprika] Haste → Sirel
Reraprika Haste → Sirel (Haste)
[Sirel] Third Eye → Sirel
[Sirel] Hasso → Sirel
[Reraprika] Haste → Convex
[Pyrokar] Endark II → Pyrokar
Reraprika Haste → Convex (Haste)
Pyrokar Endark II → Pyrokar (Endark)
[Mboze] 0 hit → Convex
[Sirel] Meikyo Shisui → Sirel
[Reraprika] Curaga III → Sirel
[Sirel] Yaegasumi → Sirel
[Zisurru] 237 hit → Convex
[Zisurru] 0 hit → Sirel
[Mboze] Firefly Fandango → Mboze
[Mboze] 80 Firefly Fandango → Convex
AOE 0 → Sirel
[Sirel] Tachi: Fudo → Mboze
[Zisurru] 237 hit → Convex
[Zisurru] 0 hit → Sirel
[Zisurru] 237 hit → Convex
[Zisurru] 0 hit → Sirel
[Zisurru] 105 hit → Convex
[Zisurru] 0 hit → Sirel
[Zisurru] 237 hit → Convex
[Zisurru] 0 hit → Sirel
[Zisurru] 237 hit → Convex
[Zisurru] 0 hit → Sirel
Convex was defeated by the Zisurru.
[Zisurru] 0 hit → Sirel
[Mboze] Stonega IV → Sirel
[Mboze] 415 Stonega IV → Sirel
[Zisurru] 0 hit → Sirel
[Mboze] 0 hit → Sirel
[Reraprika] Cure IV → Sirel
Arayala's Clarion Call effect wears off.
[Zisurru] 0 hit → Sirel
[Zisurru] 0 hit → {2}: Sirel and Reraprika
[Zisurru] 76 hit → Pyrokar
(Sirel) fucking damnit

[Mboze] 119 hit → Pyrokar
[Mboze] 0 hit → Sirel
[Zisurru] 0 hit → Sirel
[Zisurru] 76 hit → Pyrokar
[Zisurru] 56 hit → Reraprika
[Reraprika] Cure IV → Pyrokar
[Pyrokar] Blood Weapon → Pyrokar
[Mboze] 0 hit → Pyrokar
[Mboze] 96 hit → Sirel
(Sirel) thats its one hour

[Pyrokar] Last Resort → Pyrokar
[Reraprika] Cure IV → Sirel
[Mboze] 0 hit → Sirel
(Sirel) don't attack it

[Mboze] Stone V → Sirel
[Mboze] 468 Stone V → Sirel
[Mboze] 120 hit → Pyrokar
[Mboze] 88 hit → Sirel
[Reraprika] Cure IV → Pyrokar
[Pyrokar] Soul Enslavement → Pyrokar
[Mboze] Root of the Problem → Sirel
[Mboze] 1000 TP Root of the Problem → Sirel
Arayala's Soul Voice effect wears off.
Arayala is no longer weakened.
[Reraprika] Cure IV → Sirel
[Mboze] 0 hit → Sirel
[Mboze] Firefly Fandango → Mboze
[Mboze] 1137 Firefly Fandango → Pyrokar
AOE 0 → Sirel
[Pyrokar] Catastrophe → Mboze
[Zisurru] 603 hit → Sirel
[Zisurru] 828 hit → Pyrokar
[Zisurru] 603 hit → Sirel
[Zisurru] 80 hit → Pyrokar
[Pyrokar] is paralyzed → Mboze
[Zisurru] 603 hit → Sirel
[Zisurru] 80 hit → Pyrokar
Sirel was defeated by the Zisurru.
[Zisurru] 105 hit → Pyrokar
[Mboze] 243 hit → Pyrokar
[Zisurru] 105 hit → Pyrokar
[Reraprika] Cure V → Pyrokar
[Zisurru] 439 hit → Darthkujah
[Zisurru] 70 hit → Pyrokar
[Zisurru] 125 hit → Reraprika
[Zisurru] 25 hit → Arayala
[Zisurru] 0 hit → Pyrokar
[Zisurru] 71 hit → Reraprika
[Zisurru] 28 hit → Arayala
[Pyrokar] is paralyzed → Mboze
[Zisurru] 0 hit → Pyrokar
Darthkujah falls to the ground.
[Pyrokar] is paralyzed → Mboze
[Zisurru] 105 hit → Pyrokar
[Zisurru] 105 hit → Pyrokar
[Mboze] 205 hit → Pyrokar
(Sirel) wipe exit plz

[Pyrokar] is paralyzed → Mboze
[Reraprika] Cure IV → Pyrokar
(Sirel) damnit

[Zisurru] 0 hit → Pyrokar
[Zisurru] 0 hit → Pyrokar
[Zisurru] 105 hit → Pyrokar
[Mboze] 134 hit → Pyrokar
[Mboze] 134 HP AE → Pyrokar
[Pyrokar] is paralyzed → Mboze
[Zisurru] 105 hit → Pyrokar
[Reraprika] Cure V → Arayala
[Zisurru] 211 hit → Pyrokar
[Zisurru] 211 hit → Pyrokar
Reraprika falls to the ground.
[Mboze] 134 hit → Pyrokar
[Mboze] 134 HP AE → Pyrokar
[Pyrokar] Catastrophe → Mboze
[Mboze] 230 hit → Pyrokar
Arayala's Stoneskin effect wears off.
[Mboze] Stonega IV → Pyrokar
[Mboze] 500 Stonega IV → Pyrokar
[Pyrokar] Catastrophe → Mboze
[Mboze] missed → Pyrokar
[Mboze] Potted Plant → Mboze
[Mboze] 286 Potted Plant → Pyrokar
[Mboze] 263 hit → Pyrokar
[Zisurru] 105 hit → Pyrokar
[Zisurru] 105 hit → Pyrokar
[Zisurru] 211 hit → Pyrokar
[Pyrokar] Catastrophe → Mboze
[Zisurru] 423 hit → Pyrokar
[Mboze] 261 hit → Pyrokar
[Zisurru] 105 hit → Pyrokar
[Zisurru] 105 hit → Pyrokar
[Zisurru] 105 hit → Pyrokar
[Pyrokar] Drain III → Mboze
[Zisurru] 620 hit → Pyrokar
[Mboze] 134 hit → Pyrokar
[Mboze] 134 HP AE → Pyrokar
[Mboze] Firefly Fandango → Mboze
[Mboze] 1194 Firefly Fandango → Pyrokar
Pyrokar was defeated by the Mboze.
[Arayala] moglophone II → Arayala
(Sirel) everyone got segs?

=== Area: Rabao ===
(Pyrokar) /

Dleeoo[NSandOria]: Dho Gates Crab 500/2.5m master/10m Fast Cast

=== Area: Mhaura ===
superwarp: Warping via Home Point #1 to Rabao - 2.
(Sirel) pyro

Page 703 of the tome flares up!
=== Area: Rabao ===
The maximum number of people are already participating in Unity chat. Please try again later.
(Sirel) everyone in here need ngai as well?

Pilgrim Moogle : Any questions, kupo?
Pilgrim Moogle : Any questions, kupo?
Pilgrim Moogle : Any questions, kupo?
You may purchase up to 1.
You may purchase up to 1.
You may purchase up to 1.
Pilgrim Moogle : Purchase 1 moglophones II, kupo?
Pilgrim Moogle : Purchase 1 moglophones II, kupo?
Pilgrim Moogle : Purchase 1 moglophones II, kupo?
Obtained key item: Moglophone II.
(Pyrokar)  i do not

(Sirel) k lets mboze then

Dleeoo[NSandOria]: Dho Gates Crab 500/2.5m master/10m Fast Cast

Wakakatt[BastokMine]: Outer Ra'Kaznar CP 500p/3m Tachi: Jinpu geo*2 Very Fast All Time Party /tell

(Sirel) fury barrier entrust str plz

(Pyrokar) ok

(Sirel) darth

(Sirel) you have a dd class at all?

Dleeoo[NSandOria]: Dho Gates Crab 500/2.5m master/10m Fast Cast

(Sirel) anything

(Darthkujah) my Brd is a pretty good DD actually

(Sirel) war just to voke?

(Darthkujah) can go nin/war

(Darthkujah) err nin

(Sirel) no subs

(Sirel) yeah that is fine

(Sirel) just to hold hate if i die

(Sirel) i'm gonna push it fast this time

Dleeoo[NSandOria]: Dho Gates Crab 500/2.5m master/10m Fast Cast

(Sirel) it didn't use its 1 hr on first death and i thought it did

(Sirel) darth just come in to hold it

(Convex) I thought it did also

(Sirel) if/when i die

(Darthkujah) one min

(Sirel) gonna push it fast this time

(Sirel) just hold mob darth if we die

Wakakatt[BastokMine]: Outer Ra'Kaznar CP 500p/3m Tachi: Jinpu geo*2 Very Fast All Time Party /tell

Dhocp[PortBastok]: CP Dho Gates 500/2.5m 0-2100/10m Igeo*2 very fast Tachi: Jinpu 99999 /tell

Dleeoo[NSandOria]: Dho Gates Crab 500/2.5m master/10m Fast Cast

(Sirel) ngai is a cake walk compared to this

Your party's leader is currently examining the entrance.
Dleeoo[NSandOria]: Dho Gates Crab 500/2.5m master/10m Fast Cast

(Sirel) i fully expect to die so don't worry, just need to raise up fast and push it again

(Sirel) buff fast at entry

(Darthkujah) gonna be another few mins

Wakakatt[BastokMine]: Outer Ra'Kaznar CP 500p/3m Tachi: Jinpu geo*2 Very Fast All Time Party /tell

Dleeoo[NSandOria]: Dho Gates Crab 500/2.5m master/10m Fast Cast

(Sirel) darth ready?

Bcking[Mhaura]: Ambuscade Primer Volume One VD Do you need it? remaBRD Can I have it? /tell

Your party's leader is currently examining the entrance.
Entering Sheol: Gaol.
Entering Sheol: Gaol.
Entering Sheol: Gaol.
=== Area: Walk of Echoes [P1] ===
Arayala is temporarily unable to access support job abilities.
You receive the effects of Moogle Mastery level IV.
The maximum number of people are already participating in Unity chat. Please try again later.
You need the Dual Wield ability to equip the blurred knife +1 as a sub-weapon.
(Sirel) everyone ready?

(Arayala) /
(Pyrokar) /

(Reraprika) /

Alter egos may be used here without any effect on enmity.
Lost key item: Moglophone II.
[Sirel] Hasso → Sirel
[Sirel] Meditate → Sirel
[Arayala] Nightingale → Arayala
[Sirel] Third Eye → Sirel
[Arayala] Troubadour → Arayala
[Reraprika] Protectra V → Reraprika
Reraprika Protectra V → {6}: Reraprika, Pyrokar, Arayala, Sirel, Convex, and Darthkujah (Protect)
[Darthkujah] Utsusemi: San → Darthkujah
Darthkujah Utsusemi: San → Darthkujah (Copy Image)
[Arayala] Marcato → Arayala
[Arayala] Honor March → Arayala
You need the Dual Wield ability to equip the kali as a sub-weapon.
Arayala Honor March → {6}: Arayala, Reraprika, Convex, Pyrokar, Darthkujah, and Sirel (March)
[Reraprika] Shellra V → Reraprika
Reraprika Shellra V → {6}: Reraprika, Pyrokar, Convex, Arayala, Darthkujah, and Sirel (Shell)
You need the Dual Wield ability to equip the blurred knife +1 as a sub-weapon.
You need the Dual Wield ability to equip the blurred knife +1 as a sub-weapon.
You need the Dual Wield ability to equip the blurred knife +1 as a sub-weapon.
[Arayala] Victory March → Arayala
You need the Dual Wield ability to equip the kali as a sub-weapon.
Arayala Victory March → {6}: Arayala, Reraprika, Pyrokar, Convex, Darthkujah, and Sirel (March)
[Convex] Phalanx → Convex
[Reraprika] Reraise IV → Reraprika
You need the Dual Wield ability to equip the blurred knife +1 as a sub-weapon.
Reraprika Reraise IV → Reraprika (Reraise)
Convex Phalanx → Convex (Phalanx)
Pyrokar Reraise hairpin → Pyrokar (Reraise)
You need the Dual Wield ability to equip the blurred knife +1 as a sub-weapon.
[Arayala] Fowl Aubade → Arayala
You need the Dual Wield ability to equip the kali as a sub-weapon.
Arayala Fowl Aubade → {6}: Arayala, Pyrokar, Reraprika, Convex, Darthkujah, and Sirel (Aubade)
You need the Dual Wield ability to equip the blurred knife +1 as a sub-weapon.
[Reraprika] Afflatus Solace → Reraprika
[Arayala] Shining Fantasia → Arayala
You need the Dual Wield ability to equip the kali as a sub-weapon.
Arayala Shining Fantasia → {6}: Arayala, Reraprika, Pyrokar, Convex, Darthkujah, and Sirel (Fantasia)
[Reraprika] Barwatera → Reraprika
[Convex] Crusade → Convex
Reraprika Barwatera → {6}: Reraprika, Pyrokar, Convex, Arayala, Darthkujah, and Sirel (Barwater)
You need the Dual Wield ability to equip the blurred knife +1 as a sub-weapon.
You need the Dual Wield ability to equip the blurred knife +1 as a sub-weapon.
Convex Crusade → Convex (Enmity Boost)
[Arayala] Valor Minuet V → Arayala
You need the Dual Wield ability to equip the kali as a sub-weapon.
Arayala Valor Minuet V → {6}: Arayala, Reraprika, Pyrokar, Convex, Darthkujah, and Sirel (Minuet)
You need the Dual Wield ability to equip the blurred knife +1 as a sub-weapon.
[Reraprika] Stoneskin → Reraprika
Reraprika Stoneskin → Reraprika (Stoneskin)
You need the Dual Wield ability to equip the blurred knife +1 as a sub-weapon.
[Arayala] Valor Minuet IV → Arayala
You need the Dual Wield ability to equip the kali as a sub-weapon.
Arayala Valor Minuet IV → {6}: Arayala, Pyrokar, Convex, Reraprika, Darthkujah, and Sirel (Minuet)
You need the Dual Wield ability to equip the blurred knife +1 as a sub-weapon.
[Pyrokar] Indi-Barrier → Pyrokar
[Arayala] Pianissimo → Arayala
You need the Dual Wield ability to equip the blurred knife +1 as a sub-weapon.
[Arayala] Mage's Ballad III → Reraprika
You need the Dual Wield ability to equip the kali as a sub-weapon.
Arayala Mage's Ballad III → Reraprika (Ballad)
You need the Dual Wield ability to equip the blurred knife +1 as a sub-weapon.
(Sirel) k go ahead

You need the Dual Wield ability to equip the blurred knife +1 as a sub-weapon.
[Pyrokar] Entrust → Pyrokar
[Pyrokar] Indi-STR → Sirel
[Arayala] Pianissimo → Arayala
[Arayala] Goddess's Hymnus → Arayala
You need the Dual Wield ability to equip the kali as a sub-weapon.
Arayala Goddess's Hymnus → Arayala (Hymnus)
You need the Dual Wield ability to equip the blurred knife +1 as a sub-weapon.
[Pyrokar] Blaze of Glory → Pyrokar
You need the Dual Wield ability to equip the blurred knife +1 as a sub-weapon.
[Arayala] Pianissimo → Arayala
[Arayala] Goddess's Hymnus → Pyrokar
You need the Dual Wield ability to equip the kali as a sub-weapon.
Arayala Goddess's Hymnus → Pyrokar (Hymnus)
You need the Dual Wield ability to equip the blurred knife +1 as a sub-weapon.
[Darthkujah] Innin → Darthkujah
You need the Dual Wield ability to equip the blurred knife +1 as a sub-weapon.
[Convex] Fealty → Convex
[Sirel] Tachi: Fudo → Mboze
Arayala's Nightingale effect wears off.
Arayala's Troubadour effect wears off.
[Convex] Cover → Sirel
[Reraprika] Erase → Convex
Reraprika Erase → Sirel (No effect)
[Mboze] 19 hit → Convex
(Pyrokar) geo Attack Bonus

[Pyrokar] Geo-Fury → Convex
[Sirel] Tachi: Fudo → Mboze
[Convex] Holy Circle → {3}: Convex, Darthkujah, and Sirel
[Mboze] 4 hit → Convex
[Sirel] Tachi: Fudo → Mboze
Convex Rampart → {4}: Convex, Darthkujah, Pyrokar, and Sirel (Rampart)
[Mboze] Firefly Fandango → Mboze
[Mboze] 278 Firefly Fandango → Darthkujah
AOE 72 → Convex
AOE 230 → Pyrokar
AOE 508 → Sirel
[Reraprika] Erase → Convex
[Reraprika] 2 status ailments disappear Erase → Convex
2 status ailments disappear → {3}: Darthkujah, Pyrokar, and Sirel
(Sirel) no darth

(Sirel) stay back

[Mboze] 0 hit → Convex
[Reraprika] Cure V → Sirel
[Convex] Majesty → Convex
[Sirel] Tachi: Fudo → Mboze
[Mboze] Root of the Problem → Convex
[Mboze] 386 TP Root of the Problem → Convex
[Reraprika] Curaga III → Darthkujah
[Sirel] is paralyzed → Mboze
[Sirel] Tachi: Fudo → Mboze
[Mboze] Stonega IV → Convex
[Mboze] 32 Stonega IV → Convex
AOE 309 → Darthkujah
AOE 95 → Sirel
AOE 250 → Pyrokar
[Convex] Cure III → Convex
[Reraprika] Erase → Convex
[Mboze] 0 hit → Convex
Reraprika Erase → {2}: Pyrokar and Sirel (No effect)
Pyrokar Dematerialize → Luopan (Dematerialize)
[Convex] Palisade → Convex
[Reraprika] Erase → Convex
Reraprika Erase → {3}: Convex, Sirel, and Pyrokar (No effect)
[Mboze] missed → Convex
[Sirel] Tachi: Fudo → Mboze
[Convex] Sentinel → Convex
[Pyrokar] Ecliptic Attrition → Luopan
[Sirel] Tachi: Fudo → Mboze
[Mboze] Potted Plant → Mboze
[Mboze] 228 Potted Plant → Convex
AOE 1076 → Sirel
AOE 182 → Pyrokar
[Reraprika] Curaga V → Sirel
[Mboze] missed → Convex
[Mboze] 115 hit → Sirel
[Mboze] 151 hit → Pyrokar
[Convex] Phalanx → Convex
Convex Phalanx → Convex (Phalanx)
[Reraprika] Erase → Reraprika
[Mboze] 0 hit → Convex
[Sirel] Tachi: Fudo → Mboze
Reraprika Erase → Arayala (No effect)
[Convex] Crusade → Convex
Convex Crusade → Convex (Enmity Boost)
[Reraprika] Erase → Convex
Reraprika Erase → Pyrokar (slow)
2 status ailments disappear → Sirel
[Mboze] 134 hit → Sirel
[Mboze] 134 HP AE → Sirel
[Convex] Flash → Mboze
Convex Flash → Mboze (Resists)
[Convex] Cure III → Sirel
[Sirel] Tachi: Fudo → Mboze
[Reraprika] Curaga III → Sirel
Reraprika's casting is interrupted.
[Mboze] 0 hit → Convex
[Sirel] Tachi: Fudo → Mboze
[Mboze] 134 hit → Sirel
[Mboze] 134 HP AE → Sirel
[Mboze] Stone VI → Convex
[Mboze] 90 Stone VI → Convex
[Convex] Cure III → Sirel
[Mboze] Canopierce → Mboze
[Mboze] 276 Canopierce → Convex
AOE 2120 → Pyrokar
AOE 1500 → Sirel
Pyrokar was defeated by the Mboze.
[Reraprika] Erase → Convex
Reraprika Erase → Sirel (Rasp)
[Mboze] 0 hit → Convex
[Convex] Majesty → Convex
[Convex] Cure III → Convex
[Reraprika] Cure V → Sirel
[Mboze] 0 hit → Convex
[Sirel] Tachi: Fudo → Mboze
[Darthkujah] Utsusemi: San → Darthkujah
Darthkujah Utsusemi: San → Darthkujah (Copy Image)
[Convex] Cure IV → Pyrokar
[Mboze] 36 hit → Convex
[Sirel] Tachi: Fudo → Mboze
Convex's casting is interrupted.
[Reraprika] Cure V → Pyrokar
[Sirel] Tachi: Fudo → Mboze
[Mboze] Uproot → Mboze
[Mboze] 558 Uproot → Convex
AOE 968 → Pyrokar
AOE 1859 → Sirel
Pyrokar was defeated by the Mboze.
[Convex] Phalanx → Convex
[Reraprika] Erase → Convex
Reraprika Erase → Sirel (No effect)
Convex Phalanx → Convex (Phalanx)
[Reraprika] Cure V → Sirel
[Convex] Cure IV → Sirel
[Mboze] 0 hit → Sirel
[Mboze] Tiiimbeeer → Mboze
[Mboze] 4977 Tiiimbeeer → Convex
AOE 3258 → Sirel
Convex was defeated by the Mboze.
Sirel was defeated by the Mboze.
(Sirel) bah

[Mboze] Firefly Fandango → Mboze
[Zisurru] 0 hit → Reraprika
[Zisurru] 612 hit → Darthkujah
[Zisurru] 28 hit → Arayala
(Sirel) go in

(Sirel) darth

(Sirel) go

[Mboze] 277 hit → Darthkujah
[Reraprika] Arise → Sirel
[Reraprika] Arise → Sirel
The Mboze is out of range.
[Arayala] 156 hit → Mboze
[Mboze] 212 hit → Reraprika
[Darthkujah] Blade: Shun → Mboze
[Arayala] missed → Mboze
Unable to see the Mboze.
[Reraprika] Cure V → Darthkujah
[3] [Arayala] missed → Mboze
[Arayala] 177 hit → Mboze
(Convex) shadows 

[Mboze] 164 hit → Reraprika
[Mboze] 164 HP AE → Reraprika
[Arayala] missed → Mboze
[Arayala] missed → Mboze
[Arayala] 300 critical hit → Mboze
[Arayala] 150 hit → Mboze
[Reraprika] Cure IV → Arayala
[Mboze] 184 hit → Reraprika
[Mboze] 184 HP AE → Reraprika
Not enough TP.
[Arayala] missed → Mboze
(Convex) put up your shadows lol

Not enough TP.
[Arayala] missed → Mboze
[Darthkujah] Utsusemi: San → Darthkujah
Arayala's Stoneskin effect wears off.
Darthkujah Utsusemi: San → Darthkujah (Copy Image)
[Reraprika] Cure V → Reraprika
[Arayala] 150 hit → Mboze
[Mboze] Blindga → Reraprika
Mboze Blindga → {3}: Reraprika, Arayala, and Darthkujah (blinded)
[Arayala] missed → Mboze
[Mboze] 0 hit → Reraprika
[Arayala] 153 hit → Mboze
[Mboze] Canopierce → Mboze
[Mboze] 2110 Canopierce → Arayala
AOE 2640 → Darthkujah
AOE 2452 → Reraprika
Arayala was defeated by the Mboze.
Darthkujah was defeated by the Mboze.
Reraprika was defeated by the Mboze.
(Darthkujah) he just wipes them

[Mboze] Stonega V → Sirel
[Mboze] 956 Stonega V → Sirel
Sirel was defeated by the Mboze.
All party members have been knocked out. Leaving the instance in 3 minutes.
[Reraprika] Arise → Pyrokar
[Reraprika] Arise → Pyrokar
[Arayala] Mage's Ballad III → Arayala
You need the Dual Wield ability to equip the kali as a sub-weapon.
(Sirel) well everyone on him this time

[Reraprika] Raise III → Convex
Arayala Mage's Ballad III → {3}: Arayala, Reraprika, and Sirel (Ballad)
You need the Dual Wield ability to equip the blurred knife +1 as a sub-weapon.
(Sirel) except whm

[Arayala] Mage's Ballad II → Arayala
You need the Dual Wield ability to equip the kali as a sub-weapon.
[Reraprika] Raise III → Convex
Arayala Mage's Ballad II → {3}: Arayala, Reraprika, and Sirel (Ballad)
You need the Dual Wield ability to equip the blurred knife +1 as a sub-weapon.
[Reraprika] Raise II → Darthkujah
(Sirel) something is amiss

(Sirel) full heal

[Reraprika] Raise II → Darthkujah
[Pyrokar] Indi-Refresh → Pyrokar
You need the Dual Wield ability to equip the blurred knife +1 as a sub-weapon.
(Sirel) spread the aoe

[Reraprika] Curaga III → Reraprika
[Convex] Majesty → Convex
[Convex] Protect V → Convex
[Reraprika] Protectra V → Reraprika
Reraprika Protectra V → {6}: Reraprika, Convex, Pyrokar, Darthkujah, Arayala, and Sirel (Protect)
Convex Protect V → {6}: Convex, Reraprika, Pyrokar, Darthkujah, Arayala, and Sirel (Protect)
[Reraprika] Shellra V → Reraprika
[Darthkujah] Utsusemi: San → Darthkujah
Reraprika Shellra V → {6}: Reraprika, Convex, Pyrokar, Darthkujah, Arayala, and Sirel (Shell)
Darthkujah Utsusemi: San → Darthkujah (Copy Image)
[Pyrokar] Geo-Regen → Pyrokar
(Sirel) everyone on him excpet whm

[Reraprika] Reraise IV → Reraprika
Reraprika Reraise IV → Reraprika (Reraise)
(Sirel) don't think he used his one hour yet

(Sirel) which is unfortunate

[Darthkujah] Gekka: Ichi → Darthkujah
Darthkujah Gekka: Ichi → Darthkujah (Enmity Boost)
(Convex) he didnt

[Darthkujah] Kakka: Ichi → Darthkujah
(Sirel) doing ngai next if we fail

Darthkujah Kakka: Ichi → Darthkujah (Store TP)
[Arayala] Honor March → Arayala
You need the Dual Wield ability to equip the kali as a sub-weapon.
Arayala Honor March → {6}: Arayala, Darthkujah, Sirel, Convex, Reraprika, and Pyrokar (March)
You need the Dual Wield ability to equip the blurred knife +1 as a sub-weapon.
[Arayala] Victory March → Arayala
You need the Dual Wield ability to equip the kali as a sub-weapon.
Arayala Victory March → {6}: Arayala, Darthkujah, Sirel, Convex, Reraprika, and Pyrokar (March)
You need the Dual Wield ability to equip the blurred knife +1 as a sub-weapon.
[Darthkujah] Myoshu: Ichi → Darthkujah
[Arayala] Fowl Aubade → Arayala
You need the Dual Wield ability to equip the kali as a sub-weapon.
Darthkujah Myoshu: Ichi → Darthkujah (Subtle Blow Plus)
Arayala Fowl Aubade → {6}: Arayala, Darthkujah, Sirel, Reraprika, Convex, and Pyrokar (Aubade)
You need the Dual Wield ability to equip the blurred knife +1 as a sub-weapon.
[Arayala] Shining Fantasia → Arayala
You need the Dual Wield ability to equip the kali as a sub-weapon.
Arayala Shining Fantasia → {6}: Arayala, Darthkujah, Sirel, Convex, Reraprika, and Pyrokar (Fantasia)
You need the Dual Wield ability to equip the blurred knife +1 as a sub-weapon.
[Arayala] Valor Minuet V → Arayala
You need the Dual Wield ability to equip the kali as a sub-weapon.
Arayala Valor Minuet V → {6}: Arayala, Darthkujah, Sirel, Reraprika, Convex, and Pyrokar (Minuet)
You need the Dual Wield ability to equip the blurred knife +1 as a sub-weapon.
You need the Dual Wield ability to equip the blurred knife +1 as a sub-weapon.
[Arayala] Valor Minuet IV → Arayala
You need the Dual Wield ability to equip the kali as a sub-weapon.
Arayala Valor Minuet IV → {6}: Arayala, Darthkujah, Sirel, Reraprika, Convex, and Pyrokar (Minuet)
You need the Dual Wield ability to equip the blurred knife +1 as a sub-weapon.
[Arayala] Pianissimo → Arayala
Unable to use job ability.
Time left: (0:00:04)
You need the Dual Wield ability to equip the blurred knife +1 as a sub-weapon.
[Arayala] Mage's Ballad III → Reraprika
You need the Dual Wield ability to equip the kali as a sub-weapon.
Arayala Mage's Ballad III → Reraprika (Ballad)
You need the Dual Wield ability to equip the blurred knife +1 as a sub-weapon.
[Pyrokar] Indi-Refresh → Pyrokar
You need the Dual Wield ability to equip the blurred knife +1 as a sub-weapon.
Convex Reraise hairpin → Convex (Reraise)
[Pyrokar] Indi-Regen → Pyrokar
[Convex] Phalanx → Convex
Convex Phalanx → Convex (Phalanx)
[Reraprika] Curaga V → Reraprika
Reraprika's casting is interrupted.
[Pyrokar] Geo-Refresh → Pyrokar
[Convex] Majesty → Convex
[Convex] Cure III → Convex
(Sirel) 40 seconds on weak

(Sirel) convex u?

(Convex) 45

(Sirel) k when you are unweak will pull

Arayala is no longer weakened.
[Arayala] Nightingale → Arayala
[Arayala] Troubadour → Arayala
[Reraprika] Curaga III → Sirel
[Arayala] Marcato → Arayala
[Arayala] Honor March → Arayala
You need the Dual Wield ability to equip the kali as a sub-weapon.
Arayala Honor March → {6}: Arayala, Sirel, Convex, Reraprika, Darthkujah, and Pyrokar (March)
You need the Dual Wield ability to equip the blurred knife +1 as a sub-weapon.
[Arayala] Victory March → Arayala
You need the Dual Wield ability to equip the kali as a sub-weapon.
Arayala Victory March → {6}: Arayala, Sirel, Reraprika, Convex, Darthkujah, and Pyrokar (March)
You need the Dual Wield ability to equip the blurred knife +1 as a sub-weapon.
[Arayala] Valor Minuet V → Arayala
You need the Dual Wield ability to equip the kali as a sub-weapon.
Arayala Valor Minuet V → {6}: Arayala, Sirel, Convex, Reraprika, Darthkujah, and Pyrokar (Minuet)
[Reraprika] Afflatus Solace → Reraprika
You need the Dual Wield ability to equip the blurred knife +1 as a sub-weapon.
[Arayala] Valor Minuet IV → Arayala
You need the Dual Wield ability to equip the kali as a sub-weapon.
Arayala Valor Minuet IV → {6}: Arayala, Sirel, Reraprika, Convex, Darthkujah, and Pyrokar (Minuet)
You need the Dual Wield ability to equip the blurred knife +1 as a sub-weapon.
[Arayala] Pianissimo → Arayala
[Convex] Cure III → Convex
Unable to use job ability.
Time left: (0:00:04)
You need the Dual Wield ability to equip the blurred knife +1 as a sub-weapon.
[Arayala] Mage's Ballad III → Reraprika
You need the Dual Wield ability to equip the kali as a sub-weapon.
You need the Dual Wield ability to equip the blurred knife +1 as a sub-weapon.
Arayala Mage's Ballad III → Reraprika (Ballad)
(Sirel) k go for it

[Reraprika] Cure IV → Convex
You need the Dual Wield ability to equip the blurred knife +1 as a sub-weapon.
You need the Dual Wield ability to equip the blurred knife +1 as a sub-weapon.
(Sirel) fight up top

(Sirel) no need to fight down here

[Reraprika] Cure IV → Darthkujah
[Convex] Phalanx → Convex
Convex Phalanx → Convex (No effect)
[Sirel] Hasso → Sirel
[Sirel] Third Eye → Sirel
(Sirel) gogo

[Pyrokar] Blaze of Glory → Pyrokar
[Darthkujah] Innin → Darthkujah
[Convex] Divine Emblem → Convex
[Arayala] grape daifuku → Arayala
[Mboze] Stonega IV → Convex
[Mboze] 53 Stonega IV → Convex
AOE 175 → Reraprika
AOE 292 → Pyrokar
AOE 360 → Sirel
AOE 120 → Darthkujah
[Convex] Flash → Mboze
Convex Flash → Mboze (Flash)
The Mboze is out of range.
[Convex] Crusade → Convex
[Arayala] 151 hit → Mboze
[Sirel] Tachi: Fudo → Mboze
(Pyrokar) geo Attack Bonus

[Pyrokar] Geo-Fury → Pyrokar
[Arayala] 148 hit → Mboze
[Mboze] Potted Plant → Mboze
Convex's casting is interrupted.
[Mboze] 372 Potted Plant → Darthkujah
AOE 146 → Convex
AOE 776 → Arayala
AOE 134 → Pyrokar
AOE 798 → Sirel
[Arayala] 155 hit → Mboze
[Reraprika] Curaga III → Sirel
[Darthkujah] Yurin: Ichi → Mboze
[Mboze] missed → Convex
[Mboze] 180 hit → Darthkujah
[Mboze] 199 hit → Pyrokar
[Mboze] 89 hit → Sirel
[Mboze] 130 hit → Arayala
Convex Rampart → {5}: Convex, Darthkujah, Pyrokar, Sirel, and Arayala (Rampart)
[Arayala] 411 critical hit → Mboze
[Zisurru] 407 hit → Reraprika
[Zisurru] 190 hit → Convex
[Zisurru] 100 hit → Darthkujah
[Zisurru] 46 hit → Pyrokar
[Zisurru] 273 hit → Sirel
[Zisurru] 252 hit → Arayala
Unable to see the Mboze.
Darthkujah's casting is interrupted.
[Mboze] Firefly Fandango → Mboze
[Mboze] 181 Firefly Fandango → Pyrokar
AOE 287 → Sirel
AOE 280 → Arayala
AOE 170 → Reraprika
AOE 30 → Convex
AOE 97 → Darthkujah
[Zisurru] 315 hit → Convex
[Zisurru] 102 hit → Darthkujah
[Zisurru] 47 hit → Pyrokar
[Zisurru] 276 hit → Sirel
[Zisurru] 256 hit → Arayala
[Pyrokar] Indi-Barrier → Pyrokar
[Zisurru] 315 hit → Convex
[Zisurru] 102 hit → Darthkujah
[Zisurru] 276 hit → Sirel
[Zisurru] 47 hit → Pyrokar
[Zisurru] 256 hit → Arayala
[Convex] Majesty → Convex
[Zisurru] 315 hit → Convex
[Zisurru] 209 hit → Darthkujah
[Zisurru] 283 hit → Sirel
[Zisurru] 49 hit → Pyrokar
[Zisurru] 264 hit → Arayala
[Zisurru] 315 hit → Convex
[Zisurru] 418 hit → Darthkujah
[Zisurru] 283 hit → Sirel
[Zisurru] 49 hit → Pyrokar
[Zisurru] 264 hit → Arayala
Sirel was defeated by the Zisurru.
Arayala was defeated by the Zisurru.
[Zisurru] 315 hit → Convex
[Zisurru] 227 hit → Darthkujah
[Zisurru] 57 hit → Pyrokar
[Convex] Palisade → Convex
[Mboze] 0 hit → Convex
[Zisurru] 315 hit → Convex
[Zisurru] 227 hit → Darthkujah
[Zisurru] 57 hit → Pyrokar
[Zisurru] 315 hit → Convex
[Zisurru] 112 hit → Darthkujah
[Zisurru] 57 hit → Pyrokar
[Zisurru] 315 hit → Convex
[Zisurru] 227 hit → Darthkujah
[Zisurru] 57 hit → Pyrokar
Darthkujah was defeated by the Zisurru.
[Zisurru] 315 hit → Convex
[Zisurru] 61 hit → Pyrokar
[Convex] Sentinel → Convex
Convex falls to the ground.
[Zisurru] 180 hit → Pyrokar
(Sirel) that was its 2 hour

[Mboze] 234 hit → Reraprika
[Zisurru] 407 hit → Reraprika
Reraprika was defeated by the Zisurru.
(Sirel) so freaking stupd

(Sirel) that should've popped earlier

(Sirel) so damn stupid

Pyrokar falls to the ground.
[Mboze] Stone V → Reraprika
[Mboze] 449 Stone V → Reraprika
[Mboze] 217 hit → Reraprika
Reraprika was defeated by the Mboze.
All party members have been knocked out. Leaving the instance in 3 minutes.
(Sirel) exit

(Sirel) gonna do ngai

=== Area: Mhaura ===
The maximum number of people are already participating in Unity chat. Please try again later.
Wakakatt[BastokMine]: Outer Ra'Kaznar CP 500p/3m Tachi: Jinpu geo*2 Very Fast All Time Party /tell

>>Sirel : I dont need ngai, so trade me my money back please
superwarp: Warping via Home Point #1 to Rabao - 2.
=== Area: Rabao ===
The maximum number of people are already participating in Unity chat. Please try again later.
[Arayala] Army's Paeon V → Arayala
Arayala Army's Paeon V → Arayala (Paeon)
[Arayala] Army's Paeon VI → Arayala
Arayala Army's Paeon VI → Arayala (Paeon)
Kaiido[Rabao]: Sheol C Segment Farm Do you need it? Rema Tank, SAM r15 /tell @4

(Sirel) trade me if you are outta segs

You offer to trade with Sirel.
Wakakatt[BastokMine]: Outer Ra'Kaznar CP 500p/3m Tachi: Jinpu geo*2 Very Fast All Time Party /tell

Sirel>> how much did you pay a gain?

>>Sirel : 15
Zombae[Mhaura]: Corsair, Black Mage, Thief, Summoner Do you need it? Looking for Party Ambuscade Can I have it? Thank you.

Kameon[PortJeuno]: Returning player looking for social linkshell. Please invite me. ^^

Kaiido[Rabao]: Sheol C Segment Farm Do you need it? Rema Tank, SAM r15 /tell @4

(Sirel) trade me ara

You offer to trade with Sirel.
(Sirel) who going for ngai?

(Convex) /

Trade complete.
Dhocp[PortBastok]: CP Dho Gates 500/2.5m 0-2100/10m Igeo*2 very fast Tachi: Jinpu 99999 /tell

Arayala examines you.
Arayala begins to browse the merchandise in your bazaar.
Arayala leaves your bazaar.
Kaiido[Rabao]: Sheol C Segment Farm Do you need it? Rema Tank,  /tell @5

Wakakatt[BastokMine]: Outer Ra'Kaznar CP 500p/3m Tachi: Jinpu geo*2 Very Fast All Time Party /tell

Kaiido[Rabao]: Sheol C Segment Farm Do you need it? Rema Tank,  /tell @5

Sirel[Rabao]: ngai Clear Mind Do you need it? /tell price

Wakakatt[BastokMine]: Outer Ra'Kaznar CP 500p/3m Tachi: Jinpu geo*2 Very Fast All Time Party /tell

Foum's title: Zerde Zapper
Arayala examines you.
Arayala begins to browse the merchandise in your bazaar.
Arayala leaves your bazaar.
Kentax's title: Kei Combuster
Sirel[Rabao]: Ngai Clear Mind Do you need it? /tell price 1 spot left

Synaida's title: U Bnai Underminer
Wakakatt[BastokMine]: Outer Ra'Kaznar CP 500p/3m Tachi: Jinpu geo*2 Very Fast All Time Party /tell

Kaiido[Rabao]: Sheol C Segment Farm Do you need it? Rema Tank,  /tell @5

Sirel[Rabao]: Ngai Clear Mind Do you need it? /tell price 1 spot left

Guuki's title: Procne Punisher
Arayala's Paeon effect wears off.
Arayala's Paeon effect wears off.
Kaiido[Rabao]: Sheol C Segment Farm Do you need it? Rema Tank,  /tell @5

Sirel[Rabao]: Ngai Clear Mind Do you need it? /tell price 1 spot left

Kaiido[Rabao]: Sheol C Segment Farm Do you need it? Rema Tank,  /tell @5

Rebllion[Whitegate]: Omen Fu x3 Do you need it? RNG GEO Tank WHM BRD /tell body X, /seacom 1 Item

Sirel[Rabao]: Ngai Clear Mind Do you need it? /tell price 1 spot left

Rebllion[Whitegate]: Omen Fu x3 Do you need it? RNG GEO Tank WHM BRD /tell body X, /seacom 1 Item

Wakakatt[BastokMine]: Outer Ra'Kaznar CP 500p/3m Tachi: Jinpu geo*2 Very Fast All Time Party /tell

Executing shutdown in 30 seconds.Cancel healing to remain logged in.
Zombae[Mhaura]: Corsair, Black Mage, Thief, Summoner Do you need it? Looking for Party Ambuscade Can I have it? Thank you.

Executing shutdown in 25 seconds.Cancel healing to remain logged in.
Executing shutdown in 20 seconds.Cancel healing to remain logged in.
Executing shutdown in 15 seconds.Cancel healing to remain logged in.
Executing shutdown in 10 seconds.Cancel healing to remain logged in.
Sirel[Rabao]: Ngai Clear Mind Do you need it? /tell price 1 spot left

Executing shutdown in 5 seconds.Cancel healing to remain logged in.
Rebllion[Whitegate]: Omen Fu x3 Do you need it? RNG GEO Tank WHM /tell body X, /seacom 1 Item

