Sidur[PortJeuno]: Omen Kyou Mercenary Can I have it? Target Item neck & Earring Reward:

Nnmm[SSandOria]: CP Dho Gates Apex Clear Mind 3m/500p autosc Buy? /tell

Djjjdmm[PSandOria]: Aeonic Weaponsイオニックウェポン3zone full clearBuy?25m 3/5 start

Suiyoubinoneko[PortJeuno]: did you hear, they added REMAs, Crafting shields & Odyssey gear to AMAN Trove! 

Roofermanjr[Mhaura]: Ambuscade Can I have it?

Knobkierrie[LowJeuno]: Selling Empy weapons Abyssea Item 50 50 75 Buy? /tell

Nohonh[PortBastok]: Outer Ra'Kaznar CP 3Mil/500point Tachi: Jinpu+Idris Do you need it? Buy? /tell

Djjjdmm[PSandOria]: Aeonic Weaponsイオニックウェポン3zone full clearBuy?25m 3/5 start

Nnmm[SSandOria]: CP Dho Gates Apex Clear Mind 3m/500p autosc Buy? /tell

Suiyoubinoneko[PortJeuno]: who is this?

Maximulian[PortJeuno]: Tinnin Sarameya Tyger item win Do you need it? Buy? tell

Djjjdmm[PSandOria]: Aeonic Weaponsイオニックウェポン3zone full clearBuy?25m 3/5 start

Knobkierrie[LowJeuno]: Selling Empy weapons Abyssea Item 50 50 75 Buy? /tell

Nohonh[PortBastok]: Outer Ra'Kaznar CP 3Mil/500point Tachi: Jinpu+Idris Do you need it? Buy? /tell

Kegfreak[WestAdoulin]: did you hear, new drops in Trove! REMAS!

Caiusx[WestAdoulin]: Odyssey Seg farm Do you need it? /tell Impossible to gauge Veteran DD 5/6 discord required

Nnmm[SSandOria]: CP Dho Gates Apex Clear Mind 3m/500p autosc Buy? /tell

Djjjdmm[PSandOria]: Aeonic Weaponsイオニックウェポン3zone full clearBuy?25m 3/5 start

Yojimmbo[WindWalls]: FREEDynamis - WindurstRPW12Looking for members.(WHM SCH) BRD COR GEO PLD RUN @8/?? /t

Azolia[PortJeuno]: Shamash Robe Buy? /tell offer Giddeus

Nnmm[SSandOria]: CP Dho Gates Apex Clear Mind 3m/500p autosc Buy? /tell

Djjjdmm[PSandOria]: Aeonic Weaponsイオニックウェポン3zone full clearBuy?25m 3/5 start

Nohonh[PortBastok]: Outer Ra'Kaznar CP 3Mil/500point Tachi: Jinpu+Idris Do you need it? Buy? /tell

Knobkierrie[LowJeuno]: Selling Empy weapons Abyssea Item 50 50 75 Buy? /tell

Yojimmbo[WindWalls]: FREEDynamis - WindurstRPW12Looking for members.(WHM SCH) BRD COR GEO PLD RUN @8/?? /t

Djjjdmm[PSandOria]: Aeonic Weaponsイオニックウェポン3zone full clearBuy?25m 3/5 start

Chyula[WestAdoulin]: Yorcia Weald Delve Do you need it? 2/3 

Azolia[PortJeuno]: Shamash Robe Buy? /tell offer Giddeus

Nnmm[SSandOria]: CP Dho Gates Apex Clear Mind 3m/500p autosc Buy? /tell

Switfafu[Norg]: Selling Empy weapons Abyssea Item 50 50 75 Buy? /tell

Kaithegenie[Mhaura]: Alexandrite Do you need it? Buy? 2.7k each

Evan[PortJeuno]: Clr. Torque +2 30m Futhark Torque +2 Dls. Torque +2 31m Do you need it? Buy? Bazaar @ guide Stone Cheaper than AH

Djjjdmm[PSandOria]: Aeonic Weaponsイオニックウェポン3zone full clearBuy?25m 3/5 start

Kuumihumi[PortJeuno]: 8x S. Astral Detritus Can I have it? /tell Thank you.

Azolia[PortJeuno]: Shamash Robe Buy? /tell offer Giddeus 58m atm

Nohonh[PortBastok]: Outer Ra'Kaznar CP 3Mil/500point Tachi: Jinpu+Idris Do you need it? Buy? /tell

Yojimmbo[WindWalls]: FREEDynamis - WindurstRPW12Looking for members.(WHM SCH) BRD COR GEO PLD RUN BLM TH @8/?? /t

Nnmm[SSandOria]: CP Dho Gates Apex Clear Mind 3m/500p autosc Buy? /tell

Switfafu[Norg]: Selling Empy weapons Abyssea Item 50 50 75 Buy? /tell

Djjjdmm[PSandOria]: Aeonic Weaponsイオニックウェポン3zone full clearBuy?25m 3/5 start

Azolia[PortJeuno]: Shamash Robe Buy? /tell offer Giddeus 70m atm

Yojimmbo[WindWalls]: FREEDynamis - WindurstRPW12Looking for members.(WHM SCH) BRD COR GEO PLD RUN BLM TH @9/?? /t

Nnmm[SSandOria]: CP Dho Gates Apex Clear Mind 3m/500p autosc Buy? /tell

Djjjdmm[PSandOria]: Aeonic Weaponsイオニックウェポン3zone full clearBuy?25m 3/5 start

Nohonh[PortBastok]: Outer Ra'Kaznar CP 3Mil/500point Tachi: Jinpu+Idris Do you need it? Buy? /tell

Switfafu[Norg]: Selling Empy weapons Abyssea Item 50 50 75 Buy? /tell

Djjjdmm[PSandOria]: Aeonic Weaponsイオニックウェポン3zone full clearBuy?25m 3/5 start

Nnmm[SSandOria]: CP Dho Gates Apex Clear Mind 3m/500p autosc Buy? /tell

Djjjdmm[PSandOria]: Aeonic Weaponsイオニックウェポン3zone full clearBuy?25m 3/5 start

Switfafu[Norg]: Selling Empy weapons Abyssea Item 50 50 75 Buy? /tell

Azolia[PortJeuno]: sold

Nohonh[PortBastok]: Outer Ra'Kaznar CP 3Mil/500point Tachi: Jinpu+Idris Do you need it? Buy? /tell

Nnmm[SSandOria]: CP Dho Gates Apex Clear Mind 3m/500p autosc Buy? /tell

Sidur[PortJeuno]: Omen Kyou Mercenary Can I have it? Target Item neck & Earring Reward:

Djjjdmm[PSandOria]: Aeonic Weaponsイオニックウェポン3zone full clearBuy?25m 3/5 start

Fseal[PortJeuno]: Sparkling StoneX12 450K Dynamis[D]item Cheap Bazaar Moonbow Belt +131.9M Odyssey Item and more ! Home Point (F-8)

Yojimmbo[WindWalls]: FREEDynamis - WindurstRPW12Looking for members.(WHM SCH) BRD COR GEO PLD RUN BLM TH @10/?? /t

Switfafu[Norg]: Selling Empy weapons Abyssea Item 50 50 75 Buy? /tell

Nnmm[SSandOria]: CP Dho Gates Apex Clear Mind 3m/500p autosc Buy? /tell

Djjjdmm[PSandOria]: Aeonic Weaponsイオニックウェポン3zone full clearBuy?25m 3/5 start

Nohonh[PortBastok]: Outer Ra'Kaznar CP 3Mil/500point Tachi: Jinpu+Idris Do you need it? Buy? /tell

Djjjdmm[PSandOria]: Aeonic Weaponsイオニックウェポン3zone full clearBuy?25m 3/5 start

Nnmm[SSandOria]: CP Dho Gates Apex Clear Mind 3m/500p autosc Buy? /tell

Switfafu[Norg]: Selling Empy weapons Abyssea Item 50 50 75 Buy? /tell

Yojimmbo[WindWalls]: FREEDynamis - WindurstRPW12Looking for members.(WHM SCH) BRD COR GEO BLM TH @11/?? /t

Chyula[WestAdoulin]: Yorcia Weald Delve Do you need it? 3/x last call

Djjjdmm[PSandOria]: Aeonic Weaponsイオニックウェポン3zone full clearBuy?25m 3/5 start

Nohonh[PortBastok]: Outer Ra'Kaznar CP 3Mil/500point Tachi: Jinpu+Idris Do you need it? Buy? /tell

Maximulian[PortJeuno]: Tinnin Sarameya Tyger item win Do you need it? Buy? tell

Nnmm[SSandOria]: CP Dho Gates Apex Clear Mind 3m/500p autosc Buy? /tell

Switfafu[Norg]: Selling Empy weapons Abyssea Item 50 50 75 Buy? /tell

Djjjdmm[PSandOria]: Aeonic Weaponsイオニックウェポン3zone full clearBuy?25m 3/5 start

Chyula[WestAdoulin]: Yorcia Weald Delve Do you need it? 3/x last call

Yojimmbo[WindWalls]: FREEDynamis - WindurstRPW12Looking for members.(WHM SCH) BRD COR GEO BLM TH @11/?? /t

Nnmm[SSandOria]: CP Dho Gates Apex Clear Mind 3m/500p autosc Buy? /tell

Nohonh[PortBastok]: Outer Ra'Kaznar CP 3Mil/500point Tachi: Jinpu+Idris Do you need it? Buy? /tell

Djjjdmm[PSandOria]: Aeonic Weaponsイオニックウェポン3zone full clearBuy?25m 3/5 start

Wakakaz[PortWind]: Outer Ra'Kaznar Apex Bat 500./3mil Tachi: Jinpu geo x2 Very Fast All Time Party /tell

Peoplefood[Rabao]: yojimmbo cor /

Switfafu[Norg]: Selling Empy weapons Abyssea Item 50 50 75 Buy? /tell

Chyula[WestAdoulin]: Yorcia Weald Delve Do you need it? 3/x last call

Djjjdmm[PSandOria]: Aeonic Weaponsイオニックウェポン3zone full clearBuy?25m 3/5 start

Nnmm[SSandOria]: CP Dho Gates Apex Clear Mind 3m/500p autosc Buy? /tell

Nohonh[PortBastok]: Outer Ra'Kaznar CP 3Mil/500point Tachi: Jinpu+Idris Do you need it? Buy? /tell

Djjjdmm[PSandOria]: Aeonic Weaponsイオニックウェポン3zone full clearBuy?25m 3/5 start

Switfafu[Norg]: Selling Empy weapons Abyssea Item 50 50 75 Buy? /tell

Fseal[PortJeuno]: Sparkling StoneX12 450K Dynamis[D]item Cheap Bazaar Moonbow Belt +131.9M Odyssey Item and more ! Home Point (F-8)

Nnmm[SSandOria]: CP Dho Gates Apex Clear Mind 3m/500p autosc Buy? /tell

Djjjdmm[PSandOria]: Aeonic Weaponsイオニックウェポン3zone full clearBuy?25m 3/5 start

Switfafu[Norg]: Selling Empy weapons Abyssea Item 50 50 75 Buy? /tell

Nohonh[PortBastok]: Outer Ra'Kaznar CP 3Mil/500point Tachi: Jinpu+Idris Do you need it? Buy? /tell

Maximulian[PortJeuno]: Tinnin Sarameya Tyger item win Do you need it? Buy? tell

Nnmm[SSandOria]: CP Dho Gates Apex Clear Mind 3m/500p autosc Buy? /tell

Djjjdmm[PSandOria]: Aeonic Weaponsイオニックウェポン3zone full clearBuy?25m 3/5 start

Alkander[NSandOria]: anyone selling Lilith VD? need 2 pieces 80m You can have this. 

Feeooo[PSandOria]: Dho Gates Crab 500/2.5m master/10m Fast Cast

Djjjdmm[PSandOria]: Aeonic Weaponsイオニックウェポン3zone full clearBuy?25m 3/5 start

Nnmm[SSandOria]: CP Dho Gates Apex Clear Mind 3m/500p autosc Buy? /tell

Switfafu[Norg]: Selling Empy weapons Abyssea Item 50 50 75 Buy? /tell

Fseal[PortJeuno]: Sparkling StoneX12 450K Dynamis[D]item Cheap Bazaar Moonbow Belt +131.9M Odyssey Item and more ! Home Point (F-8)

Nohonh[PortBastok]: Outer Ra'Kaznar CP 3Mil/500point Tachi: Jinpu+Idris Do you need it? Buy? /tell

Djjjdmm[PSandOria]: Aeonic Weaponsイオニックウェポン3zone full clearBuy?25m 3/5 start

Wakakaz[PortWind]: Outer Ra'Kaznar Apex Bat 500./3mil Tachi: Jinpu geo x2 Very Fast All Time Party /tell

Nnmm[SSandOria]: CP Dho Gates Apex Clear Mind 3m/500p autosc Buy? /tell

Creampi[PortJeuno]: Nisroch Jerkin Do yo

Feeooo[PSandOria]: Dho Gates Crab 500/2.5m master/10m Fast Cast

Djjjdmm[PSandOria]: Aeonic Weaponsイオニックウェポン3zone full clearBuy?25m 3/5 start

Switfafu[Norg]: Selling Empy weapons Abyssea Item 50 50 75 Buy? /tell

Sidur[RuLudeGard]: Omen Kyou Mercenary Can I have it? Target Item neck & Earring Reward:

Aphocalypse[PSandOria]: Odyssey T4 Boss Bumba Clear Mind Do you need it? interest Buy? /tell Thank you.

Nohonh[PortBastok]: Outer Ra'Kaznar CP 3Mil/500point Tachi: Jinpu+Idris Do you need it? Buy? /tell

Nnmm[SSandOria]: CP Dho Gates Apex Clear Mind 3m/500p autosc Buy? /tell

Djjjdmm[PSandOria]: Aeonic Weaponsイオニックウェポン3zone full clearBuy?25m 3/5 start

Cessa[PortJeuno]: Nisroch Jerkin Do you need it? Buy? 40m Buy? /tell

Switfafu[Norg]: Selling Empy weapons Abyssea Item 50 50 75 Buy? /tell

Wooslei[PortJeuno]: Life-form Study Blue magic+ book Do you need it? Cheaper than AH! (F-8)

Feeooo[PSandOria]: Dho Gates Crab 500/2.5m master/10m Fast Cast

Djjjdmm[PSandOria]: Aeonic Weaponsイオニックウェポン3zone full clearBuy?25m 3/5 start

Nnmm[SSandOria]: CP Dho Gates Apex Clear Mind 3m/500p autosc Buy? /tell

Aphocalypse[PSandOria]: Odyssey T4 Boss Bumba Clear Mind Do you need it? interest Buy? /tell Thank you.

Nohonh[PortBastok]: Outer Ra'Kaznar CP 3Mil/500point Tachi: Jinpu+Idris Do you need it? Buy? /tell

Cessa[PortJeuno]: Nisroch Jerkin Buy? /tell offer Giddeus

Djjjdmm[PSandOria]: Aeonic Weaponsイオニックウェポン3zone full clearBuy?25m 3/5 start

Switfafu[Norg]: Selling Empy weapons Abyssea Item 50 50 75 Buy? /tell

Nnmm[SSandOria]: CP Dho Gates Apex Clear Mind 3m/500p autosc Buy? /tell

Yojimmbo[WindWalls]: FREEDynamis - WindurstRPW12Looking for members.WHM SCH GEO BRD TH @11/18 /t

Cessa[PortJeuno]: Nisroch Jerkin Buy? /tell offer Giddeus 10m atm

Kooro[SSandOria]: Experience points PL 1-50/0.5m 50-99/1.5m Merit points 1m Reisenjima Fast Cast

Djjjdmm[PSandOria]: Aeonic Weaponsイオニックウェポン3zone full clearBuy?25m 3/5 start

Feeooo[PSandOria]: Dho Gates Crab 500/2.5m master/10m Fast Cast

Aphocalypse[PSandOria]: Odyssey T4 Boss Bumba Clear Mind Do you need it? interest Buy? /tell Thank you.

Nohonh[PortBastok]: Outer Ra'Kaznar CP 3Mil/500point Tachi: Jinpu+Idris Do you need it? Buy? /tell

Switfafu[Norg]: Selling Empy weapons Abyssea Item 50 50 75 Buy? /tell

Nnmm[SSandOria]: CP Dho Gates Apex Clear Mind 3m/500p autosc Buy? /tell

Djjjdmm[PSandOria]: Aeonic Weaponsイオニックウェポン3zone full clearBuy?25m 3/5 start

Cessa[PortJeuno]: Nisroch Jerkin Buy? /tell offer Giddeus 20m atm

Alkander[NSandOria]: anyone selling Lilith VD? need 2 pieces 80m You can have this. 

Clintbeastwood[Mhaura]: anyone doin' hoodrat shit with their friends?

Yojimmbo[WindWalls]: FREEDynamis - WindurstRPW12Looking for members.WHM SCH GEO BRD TH @11/18 /t

Djjjdmm[PSandOria]: Aeonic Weaponsイオニックウェポン3zone full clearBuy?25m 3/5 start

Kooro[SSandOria]: Experience points PL 1-50/0.5m 50-99/1.5m Merit points 1m Reisenjima Fast Cast

Feeooo[PSandOria]: Dho Gates Crab 500/2.5m master/10m Fast Cast

Nnmm[SSandOria]: CP Dho Gates Apex Clear Mind 3m/500p autosc Buy? /tell

Aphocalypse[PSandOria]: Odyssey T4 Boss Bumba Clear Mind Do you need it? interest Buy? /tell Thank you.

Switfafu[Norg]: Selling Empy weapons Abyssea Item 50 50 75 Buy? /tell

Voltaren[BastokMark]: its fun to do bad things!

Nohonh[PortBastok]: Outer Ra'Kaznar CP 3Mil/500point Tachi: Jinpu+Idris Do you need it? Buy? /tell

Yojimmbo[WindWalls]: FREEDynamis - WindurstRPW12Looking for members.WHM SCH GEO BRD TH @11/18 /t

Maximulian[PortJeuno]: Tinnin Sarameya Tyger item win Do you need it? Buy? tell

Djjjdmm[PSandOria]: Aeonic Weaponsイオニックウェポン3zone full clearBuy?25m 3/5 start

Nnmm[SSandOria]: CP Dho Gates Apex Clear Mind 3m/500p autosc Buy? /tell

Djjjdmm[PSandOria]: Aeonic Weaponsイオニックウェポン3zone full clearBuy?25m 3/5 start

Yojimmbo[WindWalls]: FREEDynamis - WindurstRPW12Looking for members.WHM SCH GEO BRD TH @11/18 /t

Switfafu[Norg]: Selling Empy weapons Abyssea Item 50 50 75 Buy? /tell

Kooro[SSandOria]: Experience points PL 1-50/0.5m 50-99/1.5m Merit points 1m Reisenjima Fast Cast

Feeooo[PSandOria]: Dho Gates Crab 500/2.5m master/10m Fast Cast

Nohonh[PortBastok]: Outer Ra'Kaznar CP 3Mil/500point Tachi: Jinpu+Idris Do you need it? Buy? /tell

Luciera[Nashmau]: Alexandrite 2.9k each Buy? Bazaar @ paparoon /bow

Minzy[EastAdoulin]: Kraken Club I'm interested. 300m You can have this. please /tell Thank you.

Cessa[PortJeuno]: Nisroch Jerkin sold

Nnmm[SSandOria]: CP Dho Gates Apex Clear Mind 3m/500p autosc Buy? /tell

Djjjdmm[PSandOria]: Aeonic Weaponsイオニックウェポン3zone full clearBuy?25m 3/5 start

Aphocalypse[PSandOria]: Odyssey T4 Boss Bumba Clear Mind Do you need it? interest Buy? /tell Thank you.

Switfafu[Norg]: Selling Empy weapons Abyssea Item 50 50 75 Buy? /tell

Djjjdmm[PSandOria]: Aeonic Weaponsイオニックウェポン3zone full clearBuy?25m 3/5 start

Fseal[PortJeuno]: Sparkling StoneX12 450K Dynamis[D]item Cheap Bazaar Moonbow Belt +131.9M Odyssey Item and more ! Home Point (F-8)

Yojimmbo[WindWalls]: FREEDynamis - WindurstRPW12Looking for members.WHM SCH GEO BRD TH @12/18 /t

Nnmm[SSandOria]: CP Dho Gates Apex Clear Mind 3m/500p autosc Buy? /tell

Kooro[SSandOria]: Experience points PL 1-50/0.5m 50-99/1.5m Merit points 1m Reisenjima Fast Cast

Nohonh[PortBastok]: Outer Ra'Kaznar CP 3Mil/500point Tachi: Jinpu+Idris Do you need it? Buy? /tell

Feeooo[PSandOria]: Dho Gates Crab 500/2.5m master/10m Fast Cast

Aphocalypse[PSandOria]: Odyssey T4 Boss Bumba Clear Mind Do you need it? interest Buy? /tell Thank you.

Djjjdmm[PSandOria]: Aeonic Weaponsイオニックウェポン3zone full clearBuy?25m 3/5 start

Switfafu[Norg]: Selling Empy weapons Abyssea Item 50 50 75 Buy? /tell

Nnmm[SSandOria]: CP Dho Gates Apex Clear Mind 3m/500p autosc Buy? /tell

Yojimmbo[WindWalls]: FREEDynamis - WindurstRPW12Looking for members.WHM SCH GEO BRD TH @13/18 /t

Djjjdmm[PSandOria]: Aeonic Weaponsイオニックウェポン3zone full clearBuy?25m 3/5 start

Nohonh[PortBastok]: Outer Ra'Kaznar CP 3Mil/500point Tachi: Jinpu+Idris Do you need it? Buy? /tell

Kooro[SSandOria]: Experience points PL 1-50/0.5m 50-99/1.5m Merit points 1m Reisenjima Fast Cast

Maximulian[PortJeuno]: Tinnin Sarameya Tyger item win Do you need it? Buy? tell

Feeooo[PSandOria]: Dho Gates Crab 500/2.5m master/10m Fast Cast

Switfafu[Norg]: Selling Empy weapons Abyssea Item 50 50 75 Buy? /tell

Djjjdmm[PSandOria]: Aeonic Weaponsイオニックウェポン3zone full clearBuy?25m 3/5 start

Nnmm[SSandOria]: CP Dho Gates Apex Clear Mind 3m/500p autosc Buy? /tell

Aphocalypse[PSandOria]: Odyssey T4 Boss Bumba Clear Mind Do you need it? interest Buy? /tell Thank you.

Yojimmbo[WindWalls]: FREEDynamis - WindurstRPW12Looking for members.WHM SCH GEO BRD TH @13/18 /t

Sekiryo[PortJeuno]: just logged in after 17 years. Hello Vanadiel

Masakh[Rabao]: welcome back

Djjjdmm[PSandOria]: Aeonic Weaponsイオニックウェポン3zone full clearBuy?25m 3/5 start

Spicykenny[Selbina]: stop lyin.

Yojimmbo[WindWalls]: FREEDynamis - WindurstRPW12Looking for members.WHM SCH GEO BRD TH @13/18 /t

Nohonh[PortBastok]: Outer Ra'Kaznar CP 3Mil/500point Tachi: Jinpu+Idris Do you need it? Buy? /tell

Nnmm[SSandOria]: CP Dho Gates Apex Clear Mind 3m/500p autosc Buy? /tell

Aphocalypse[PSandOria]: Odyssey T4 Boss Bumba Clear Mind Do you need it? interest Buy? /tell Thank you.

Switfafu[Norg]: Selling Empy weapons Abyssea Item 50 50 75 Buy? /tell

Kooro[SSandOria]: Experience points PL 1-50/0.5m 50-99/1.5m Merit points 1m Reisenjima Fast Cast

Feeooo[PSandOria]: Dho Gates Crab 500/2.5m master/10m Fast Cast

Deamonknight[LowJeuno]: your making me feel old

Djjjdmm[PSandOria]: Aeonic Weaponsイオニックウェポン3zone full clearBuy?25m 3/5 start

Yojimmbo[WindWalls]: FREEDynamis - WindurstRPW12Looking for members.WHM SCH GEO BRD TH @13/18 /t

Nnmm[SSandOria]: CP Dho Gates Apex Clear Mind 3m/500p autosc Buy? /tell

Thornhill[PortJeuno]: OU pop Do you need it? /tell

Sekiryo[PortJeuno]: haha. right? im 40 and a dad now. last i was playing i was in college ruining my life

Djjjdmm[PSandOria]: Aeonic Weaponsイオニックウェポン3zone full clearBuy?25m 3/5 start

Aphocalypse[PSandOria]: Odyssey T4 Boss Bumba Clear Mind Do you need it? interest Buy? /tell Thank you.

Switfafu[Norg]: Selling Empy weapons Abyssea Item 50 50 75 Buy? /tell

Nohonh[PortBastok]: Outer Ra'Kaznar CP 3Mil/500point Tachi: Jinpu+Idris Do you need it? Buy? /tell

Yojimmbo[WindWalls]: FREEDynamis - WindurstRPW12Looking for members.(RDM WHM SCH) GEO BRD TH @13/18 /t

Kaithegenie[Rabao]: 12 wave dyna sounds awesome

Kooro[SSandOria]: Experience points PL 1-50/0.5m 50-99/1.5m Merit points 1m Reisenjima Fast Cast

Feeooo[PSandOria]: Dho Gates Crab 500/2.5m master/10m Fast Cast

Djjjdmm[PSandOria]: Aeonic Weaponsイオニックウェポン3zone full clearBuy?25m 3/5 start

Nnmm[SSandOria]: CP Dho Gates Apex Clear Mind 3m/500p autosc Buy? /tell

Maximulian[PortJeuno]: Tinnin Sarameya Tyger item win Do you need it? Buy? tell

Lanoob[WindWalls]: ooooooooh someone made a funny 

Switfafu[Norg]: Selling Empy weapons Abyssea Item 50 50 75 Buy? /tell

Kaithegenie[Rabao]: i was being serious sounds fun

Djjjdmm[PSandOria]: Aeonic Weaponsイオニックウェポン3zone full clearBuy?25m 3/5 start

Nohonh[PortBastok]: Outer Ra'Kaznar CP 3Mil/500point Tachi: Jinpu+Idris Do you need it? Buy? /tell

Alkander[NSandOria]: anyone selling Lilith VD? need 2 pieces 80m You can have this. 

Nnmm[SSandOria]: CP Dho Gates Apex Clear Mind 3m/500p autosc Buy? /tell

Aphocalypse[PSandOria]: Odyssey T4 Boss Bumba Clear Mind Do you need it? interest Buy? /tell Thank you.

Kooro[SSandOria]: Experience points PL 1-50/0.5m 50-99/1.5m Merit points 1m Reisenjima Fast Cast

Feeooo[PSandOria]: Dho Gates Crab 500/2.5m master/10m Fast Cast

Djjjdmm[PSandOria]: Aeonic Weaponsイオニックウェポン3zone full clearBuy?25m 3/5 start

Yojimmbo[WindWalls]: FREEDynamis - WindurstRPW12Looking for members.(RDM WHM SCH) GEO BRD @14/18 /t

Neraclo[PSandOria]: Escha - Ru'Aun merc. /tell me

Switfafu[Norg]: Selling Empy weapons Abyssea Item 50 50 75 Buy? /tell

Maximulian[PortJeuno]: Tinnin Sarameya Tyger item win Do you need it? Buy? tell

Nnmm[SSandOria]: CP Dho Gates Apex Clear Mind 3m/500p autosc Buy? /tell

Djjjdmm[PSandOria]: Aeonic Weaponsイオニックウェポン3zone full clearBuy?25m 3/5 start

Nohonh[PortBastok]: Outer Ra'Kaznar CP 3Mil/500point Tachi: Jinpu+Idris Do you need it? Buy? /tell

Evan[PortJeuno]: Clr. Torque +2 30m Futhark Torque +2 Dls. Torque +2 31m Do you need it? Buy? Bazaar @ guide Stone Cheaper than AH

Sidur[SSandOria]: Omen Kyou Mercenary Can I have it? Target Item neck & Earring Reward:

Maianeko[PortJeuno]: would anyone like a void hand: DRG for 2.5m? (500k less than AH)

Switfafu[Norg]: Selling Empy weapons Abyssea Item 50 50 75 Buy? /tell

Kooro[SSandOria]: Experience points PL 1-50/0.5m 50-99/1.5m Merit points 1m Reisenjima Fast Cast

Djjjdmm[PSandOria]: Aeonic Weaponsイオニックウェポン3zone full clearBuy?25m 3/5 start

Nnmm[SSandOria]: CP Dho Gates Apex Clear Mind 3m/500p autosc Buy? /tell

Feeooo[PSandOria]: Dho Gates Crab 500/2.5m master/10m Fast Cast

Yojimmbo[WindWalls]: FREEDynamis - WindurstRPW12Looking for members.(RDM WHM SCH) GEO BRD @14/18 /t

Arayala's Sanction effect wears off.
Nohonh[PortBastok]: Outer Ra'Kaznar CP 3Mil/500point Tachi: Jinpu+Idris Do you need it? Buy? /tell

Djjjdmm[PSandOria]: Aeonic Weaponsイオニックウェポン3zone full clearBuy?25m 3/5 start

Nnmm[SSandOria]: CP Dho Gates Apex Clear Mind 3m/500p autosc Buy? /tell

Switfafu[Norg]: Selling Empy weapons Abyssea Item 50 50 75 Buy? /tell

Djjjdmm[PSandOria]: Aeonic Weaponsイオニックウェポン3zone full clearBuy?25m 3/5 start

Kooro[SSandOria]: Experience points PL 1-50/0.5m 50-99/1.5m Merit points 1m Reisenjima Fast Cast

Feeooo[PSandOria]: Dho Gates Crab 500/2.5m master/10m Fast Cast

Yojimmbo[WindWalls]: FREEDynamis - WindurstRPW12Looking for members.(RDM WHM SCH) GEO BRD @14/18 /t

Nnmm[SSandOria]: CP Dho Gates Apex Clear Mind 3m/500p autosc Buy? /tell

Nohonh[PortBastok]: Outer Ra'Kaznar CP 3Mil/500point Tachi: Jinpu+Idris Do you need it? Buy? /tell

Djjjdmm[PSandOria]: Aeonic Weaponsイオニックウェポン3zone full clearBuy?25m 3/5 start

Zealhell[LowJeuno]: Ambuscade V1 VD Clear Mind Buy? 3M /tell

Switfafu[Norg]: Selling Empy weapons Abyssea Item 50 50 75 Buy? /tell

Aphocalypse[PSandOria]: Odyssey T4 Boss Bumba Clear Mind Do you need it? interest Buy? /tell Thank you.

Sickened examines you.
Sickened begins to browse the merchandise in your bazaar.
Sickened leaves your bazaar.
Yojimmbo[WindWalls]: FREEDynamis - WindurstRPW12Looking for members.(RDM WHM SCH) GEO BRD @14/18 /t

Djjjdmm[PSandOria]: Aeonic Weaponsイオニックウェポン3zone full clearBuy?25m 3/5 start

Nnmm[SSandOria]: CP Dho Gates Apex Clear Mind 3m/500p autosc Buy? /tell

Kooro[SSandOria]: Experience points PL 1-50/0.5m 50-99/1.5m Merit points 1m Reisenjima Fast Cast

Feeooo[PSandOria]: Dho Gates Crab 500/2.5m master/10m Fast Cast

Kingdank[PortBastok]: Dealer Moogle wont sell the crack wtf

Switfafu[Norg]: Selling Empy weapons Abyssea Item 50 50 75 Buy? /tell

Nohonh[PortBastok]: Outer Ra'Kaznar CP 3Mil/500point Tachi: Jinpu+Idris Do you need it? Buy? /tell

Djjjdmm[PSandOria]: Aeonic Weaponsイオニックウェポン3zone full clearBuy?25m 3/5 start

Ramsy[Selbina]: Lilith D(KIlling Wardens) Looking for members. Brd/Drk Geo/Drk /tell @4/6 /seacom 1

Nnmm[SSandOria]: CP Dho Gates Apex Clear Mind 3m/500p autosc Buy? /tell

Kwazi[WindWalls]: he sold me a .9

Yanhoo[PortBastok]: Selling Aeonic/イオニックウェポン 3zones Full clear Buy? 30M /tell

Yojimmbo[WindWalls]: FREEDynamis - WindurstRPW12Looking for members.(RDM WHM SCH) GEO BRD @14/18 /t

Djjjdmm[PSandOria]: Aeonic Weaponsイオニックウェポン3zone full clearBuy?25m 3/5 start

Kimerzz[UpJeuno]: Ambuscade 1VD Clear Mind 3M Do you need it? Buy? /tell

Kooro[SSandOria]: Experience points PL 1-50/0.5m 50-99/1.5m Merit points 1m Reisenjima Fast Cast

Ozrid[Norg]: Is the only movement speed + for SAM, the abyssea feet?

Switfafu[Norg]: Selling Empy weapons Abyssea Item 50 50 75 Buy? /tell

Feeooo[PSandOria]: Dho Gates Crab 500/2.5m master/10m Fast Cast

Nnmm[SSandOria]: CP Dho Gates Apex Clear Mind 3m/500p autosc Buy? /tell

Yojimmbo[WindWalls]: FREEDynamis - WindurstRPW12Looking for members.(RDM WHM SCH) GEO BRD @14/18 /t

Nohonh[PortBastok]: Outer Ra'Kaznar CP 3Mil/500point Tachi: Jinpu+Idris Do you need it? Buy? /tell

Aphocalypse[PSandOria]: Odyssey T4 Boss Bumba Clear Mind Do you need it? interest Buy? /tell Thank you.

Djjjdmm[PSandOria]: Aeonic Weaponsイオニックウェポン3zone full clearBuy?25m 3/5 start

Buukki[Rabao]: The SoA ring is +18% all jobs

Yanhoo[PortBastok]: Selling Aeonic/イオニックウェポン 3zones Full clear Buy? 30M /tell

Ancientdragon[LowJeuno]: danzo sune-ate

Lanoob[WindWalls]: please dont get that ring. there's better alternatives

Ramsy[Selbina]: Lilith D(KIlling Wardens) Looking for members. Brd/Drk Geo/Drk /tell @4/6 /seacom 1

Yojimmbo[WindWalls]: FREEDynamis - WindurstRPW12Looking for members.(RDM WHM SCH) HEAL! @15/18 /t

Djjjdmm[PSandOria]: Aeonic Weaponsイオニックウェポン3zone full clearBuy?25m 3/5 start

Switfafu[Norg]: Selling Empy weapons Abyssea Item 50 50 75 Buy? /tell

Nnmm[SSandOria]: CP Dho Gates Apex Clear Mind 3m/500p autosc Buy? /tell

Kimerzz[UpJeuno]: Ambuscade 1VD Clear Mind 3M Do you need it? Buy? /tell

Trinety[BastokMine]: Any EST LS for end game content?

Yourfinished[Mhaura]: Dynamis - San d'Oria [D] Wave 3 Boss (Empyrean Augmented Item) Do you need it? 25M @ 1 Hour /tell

Kooro[SSandOria]: Experience points PL 1-50/0.5m 50-99/1.5m Merit points 1m Reisenjima Fast Cast

Feeooo[PSandOria]: Dho Gates Crab 500/2.5m master/10m Fast Cast

Nohonh[PortBastok]: Outer Ra'Kaznar CP 3Mil/500point Tachi: Jinpu+Idris Do you need it? Buy? /tell

Ramsy[Selbina]: Lilith D(KIlling Wardens) Looking for members. Brd/Drk Geo/Drk /tell @4/6 /seacom 1

Yanhoo[PortBastok]: Selling Aeonic/イオニックウェポン 3zones Full clear Buy? 30M /tell

Zealhell[LowJeuno]: Ambuscade V1 VD Clear Mind Buy? 3M /tell

Djjjdmm[PSandOria]: Aeonic Weaponsイオニックウェポン3zone full clearBuy?25m 3/5 start

Aphocalypse[PSandOria]: Odyssey T4 Boss Bumba Clear Mind Do you need it? interest Buy? /tell Thank you.

Nnmm[SSandOria]: CP Dho Gates Apex Clear Mind 3m/500p autosc Buy? /tell

Yojimmbo[WindWalls]: FREEDynamis - WindurstRPW12Looking for members. Healing MagicWHM RDM SCH @ 15/18 /t

Switfafu[Norg]: Selling Empy weapons Abyssea Item 50 50 75 Buy? /tell

Evan[PortJeuno]: Clr. Torque +2 30m Futhark Torque +2 Dls. Torque +2 31m Do you need it? Buy? Bazaar @ guide Stone Cheaper than AH

Djjjdmm[PSandOria]: Aeonic Weaponsイオニックウェポン3zone full clearBuy?25m 3/5 start

Kimerzz[UpJeuno]: Ambuscade 1VD Clear Mind 3M Do you need it? Buy? /tell

Yojimmbo[WindWalls]: FREEDynamis - WindurstRPW12Looking for members. Healing MagicWHM RDM SCH @ 15/18 /t

Yanhoo[PortBastok]: Selling Aeonic/イオニックウェポン 3zones Full clear Buy? 30M /tell

Ramsy[Selbina]: Lilith D(KIlling Wardens) Looking for members. Tank/drk Brd/Drk Geo/Drk /tell @3/6 /seacom 1

Kooro[SSandOria]: Experience points PL 1-50/0.5m 50-99/1.5m Merit points 1m Reisenjima Fast Cast

Nohonh[PortBastok]: Outer Ra'Kaznar CP 3Mil/500point Tachi: Jinpu+Idris Do you need it? Buy? /tell

Nnmm[SSandOria]: CP Dho Gates Apex Clear Mind 3m/500p autosc Buy? /tell

Feeooo[PSandOria]: Dho Gates Crab 500/2.5m master/10m Fast Cast

Aphocalypse[PSandOria]: Odyssey T4 Boss Bumba Clear Mind Do you need it? interest Buy? /tell Thank you.

Zealhell[Mhaura]: Ambuscade V1 VD Clear Mind Buy? 3M /tell

Djjjdmm[PSandOria]: Aeonic Weaponsイオニックウェポン3zone full clearBuy?25m 3/5 start

Switfafu[Norg]: Selling Empy weapons Abyssea Item 50 50 75 Buy? /tell

Yojimmbo[WindWalls]: FREEDynamis - WindurstRPW12Looking for members. Healing MagicWHM RDM SCH @ 15/18 /t

Kimerzz[UpJeuno]: Ambuscade 1VD Clear Mind 3M Do you need it? Buy? /tell

Djjjdmm[PSandOria]: Aeonic Weaponsイオニックウェポン3zone full clearBuy?25m 3/5 start

Nnmm[SSandOria]: CP Dho Gates Apex Clear Mind 3m/500p autosc Buy? /tell

Yanhoo[PortBastok]: Selling Aeonic/イオニックウェポン 3zones Full clear Buy? 30M /tell

Ramsy[Selbina]: Lilith D(KIlling Wardens) Looking for members. Brd/Drk Geo/Drk /tell @4/6 /seacom 1

Yojimmbo[WindWalls]: FREEDynamis - WindurstRPW12Looking for members. Healing MagicWHM RDM SCH @ 15/18 /t

Nohonh[PortBastok]: Outer Ra'Kaznar CP 3Mil/500point Tachi: Jinpu+Idris Do you need it? Buy? /tell

Kenzero[WestAdoulin]: how much is a merc Kalunga Kill?

Kooro[SSandOria]: Experience points PL 1-50/0.5m 50-99/1.5m Merit points 1m Reisenjima Fast Cast

Switfafu[Norg]: Selling Empy weapons Abyssea Item 50 50 75 Buy? /tell

Feeooo[PSandOria]: Dho Gates Crab 500/2.5m master/10m Fast Cast

Maximulian[PortJeuno]: Tinnin Sarameya Tyger item win Do you need it? Buy? tell

Djjjdmm[PSandOria]: Aeonic Weaponsイオニックウェポン3zone full clearBuy?25m 3/5 start

Zealhell[Mhaura]: Ambuscade V1 VD Clear Mind Buy? 3M /tell

Nnmm[SSandOria]: CP Dho Gates Apex Clear Mind 3m/500p autosc Buy? /tell

Yojimmbo[WindWalls]: FREEDynamis - WindurstRPW12Looking for members. Healing MagicWHM RDM SCH @ 15/18 /t

Yanhoo[PortBastok]: Selling Aeonic/イオニックウェポン 3zones Full clear Buy? 30M /tell

Kimerzz[UpJeuno]: Ambuscade 1VD Clear Mind 3M Do you need it? Buy? /tell

Taberif[Rabao]: Mboze Odyssey Looking for members. RUN or PLD /tell@5/6 

Djjjdmm[PSandOria]: Aeonic Weaponsイオニックウェポン3zone full clearBuy?25m 3/5 start

Bayonette[PortJeuno]: Golden Kist Do you need it? Valourus Greaves farm Team up? 2/6

Yojimmbo[WindWalls]: FREEDynamis - WindurstRPW12Looking for members. Healing MagicWHM RDM SCH @ 15/18 /t

Switfafu[Norg]: Selling Empy weapons Abyssea Item 50 50 75 Buy? /tell

Nohonh[PortBastok]: Outer Ra'Kaznar CP 3Mil/500point Tachi: Jinpu+Idris Do you need it? Buy? /tell

Nnmm[SSandOria]: CP Dho Gates Apex Clear Mind 3m/500p autosc Buy? /tell

Kooro[SSandOria]: Experience points PL 1-50/0.5m 50-99/1.5m Merit points 1m Reisenjima Fast Cast

Djjjdmm[PSandOria]: Aeonic Weaponsイオニックウェポン3zone full clearBuy?25m 3/5 start

Feeooo[PSandOria]: Dho Gates Crab 500/2.5m master/10m Fast Cast

Thornhill[PortJeuno]: OU pop Do you need it? /tell

Zealhell[Mhaura]: Ambuscade V1 VD Clear Mind Buy? 3M /tell

Yanhoo[PortBastok]: Selling Aeonic/イオニックウェポン 3zones Full clear Buy? 30M /tell

Yojimmbo[WindWalls]: FREEDynamis - WindurstRPW12Looking for members. Healing MagicWHM RDM SCH @ 15/18 /t

Ramsy[Selbina]: Lilith D(KIlling Wardens) Looking for members. Brd/Drk Geo/Drk /tell @4/6 /seacom 1

Djjjdmm[PSandOria]: Aeonic Weaponsイオニックウェポン3zone full clearBuy?25m 3/5 start

Switfafu[Norg]: Selling Empy weapons Abyssea Item 50 50 75 Buy? /tell

Nnmm[SSandOria]: CP Dho Gates Apex Clear Mind 3m/500p autosc Buy? /tell

Nohonh[PortBastok]: Outer Ra'Kaznar CP 3Mil/500point Tachi: Jinpu+Idris Do you need it? Buy? /tell

Yojimmbo[WindWalls]: FREEDynamis - WindurstRPW12Looking for members. Healing MagicWHM RDM SCH @ 15/18 /t

Aphocalypse[PSandOria]: Odyssey T4 Boss Bumba Clear Mind Do you need it? interest Buy? /tell Thank you.

Yanhoo[PortBastok]: Selling Aeonic/イオニックウェポン 3zones Full clear Buy? 30M /tell

Djjjdmm[PSandOria]: Aeonic Weaponsイオニックウェポン3zone full clearBuy?25m 3/5 start

Kooro[SSandOria]: Experience points PL 1-50/0.5m 50-99/1.5m Merit points 1m Reisenjima Fast Cast

Feeooo[PSandOria]: Dho Gates Crab 500/2.5m master/10m Fast Cast

Nnmm[SSandOria]: CP Dho Gates Apex Clear Mind 3m/500p autosc Buy? /tell

Switfafu[Norg]: Selling Empy weapons Abyssea Item 50 50 75 Buy? /tell

Djjjdmm[PSandOria]: Aeonic Weaponsイオニックウェポン3zone full clearBuy?25m 3/5 start

Yojimmbo[WindWalls]: FREEDynamis - WindurstRPW12Looking for members. Healing MagicWHM RDM SCH @ 15/18 /t

Ramsy[Selbina]: Lilith D(KIlling Wardens) Looking for members. Brd/Drk Geo/Drk /tell @4/6 /seacom 1

Nohonh[PortBastok]: Outer Ra'Kaznar CP 3Mil/500point Tachi: Jinpu+Idris Do you need it? Buy? /tell

Yanhoo[PortBastok]: Selling Aeonic/イオニックウェポン 3zones Full clear Buy? 30M /tell

Aphocalypse[PSandOria]: Odyssey T4 Boss Bumba Clear Mind Do you need it? interest Buy? /tell Thank you.

Nnmm[SSandOria]: CP Dho Gates Apex Clear Mind 3m/500p autosc Buy? /tell

Djjjdmm[PSandOria]: Aeonic Weaponsイオニックウェポン3zone full clearBuy?25m 3/5 start

Yojimmbo[WindWalls]: FREEDynamis - WindurstRPW12Looking for members. Healing MagicWHM RDM SCH @ 15/18 /t

Kooro[SSandOria]: Experience points PL 1-50/0.5m 50-99/1.5m Merit points 1m Reisenjima Fast Cast

Feeooo[PSandOria]: Dho Gates Crab 500/2.5m master/10m Fast Cast

Switfafu[Norg]: Selling Empy weapons Abyssea Item 50 50 75 Buy? /tell

Ramsy[Selbina]: Lilith D(KIlling Wardens) Looking for members. Brd/Drk Geo/Drk /tell @4/6 /seacom 1

Djjjdmm[PSandOria]: Aeonic Weaponsイオニックウェポン3zone full clearBuy?25m 3/5 start

Thornhill[PortJeuno]: OU pop Do you need it? /tell

Nnmm[SSandOria]: CP Dho Gates Apex Clear Mind 3m/500p autosc Buy? /tell

Yanhoo[PortBastok]: Selling Aeonic/イオニックウェポン 3zones Full clear Buy? 30M /tell

Bayonette[PortJeuno]: Golden Kist Do you need it? Valourus Greaves farm Team up? 2/6

Nohonh[PortBastok]: Outer Ra'Kaznar CP 3Mil/500point Tachi: Jinpu+Idris Do you need it? Buy? /tell

Maximulian[PortJeuno]: Tinnin Sarameya Tyger item win Do you need it? Buy? tell

Aphocalypse[PSandOria]: Odyssey T4 Boss Bumba Clear Mind Do you need it? interest Buy? /tell Thank you.

Yojimmbo[WindWalls]: FREEDynamis - WindurstRPW12Looking for members. Healing MagicWHM RDM SCH @ 15/18 /t

Switfafu[Norg]: Selling Empy weapons Abyssea Item 50 50 75 Buy? /tell

Djjjdmm[PSandOria]: Aeonic Weaponsイオニックウェポン3zone full clearBuy?25m 3/5 start

Kooro[SSandOria]: Experience points PL 1-50/0.5m 50-99/1.5m Merit points 1m Reisenjima Fast Cast

Feeooo[PSandOria]: Dho Gates Crab 500/2.5m master/10m Fast Cast

Nnmm[SSandOria]: CP Dho Gates Apex Clear Mind 3m/500p autosc Buy? /tell

Ramsy[Selbina]: Lilith D(KIlling Wardens) Looking for members. Brd/Drk Geo/Drk /tell @4/6 /seacom 1

Yanhoo[PortBastok]: Selling Aeonic/イオニックウェポン 3zones Full clear Buy? 30M /tell

Aphocalypse[PSandOria]: Odyssey T4 Boss Bumba Clear Mind Do you need it? interest Buy? /tell Thank you.

Djjjdmm[PSandOria]: Aeonic Weaponsイオニックウェポン3zone full clearBuy?25m 3/5 start

Nohonh[PortBastok]: Outer Ra'Kaznar CP 3Mil/500point Tachi: Jinpu+Idris Do you need it? Buy? /tell

Switfafu[Norg]: Selling Empy weapons Abyssea Item 50 50 75 Buy? /tell

Nnmm[SSandOria]: CP Dho Gates Apex Clear Mind 3m/500p autosc Buy? /tell

Sidur[SSandOria]: Omen Kyou Mercenary Can I have it? Target Item neck & Earring Reward:

Ramsy[Selbina]: Lilith D(KIlling Wardens) Looking for members. Brd/Drk Geo/Drk /tell @4/6 /seacom 1

Djjjdmm[PSandOria]: Aeonic Weaponsイオニックウェポン3zone full clearBuy?25m 3/5 start

Yanhoo[PortBastok]: Selling Aeonic/イオニックウェポン 3zones Full clear Buy? 30M /tell

Kooro[SSandOria]: Experience points PL 1-50/0.5m 50-99/1.5m Merit points 1m Reisenjima Fast Cast

Feeooo[PSandOria]: Dho Gates Crab 500/2.5m master/10m Fast Cast

Yojimmbo[WindWalls]: FREEDynamis - WindurstRPW12Looking for members. Healing MagicWHM RDM SCH @ 15/18 /t

Djjjdmm[PSandOria]: Aeonic Weaponsイオニックウェポン3zone full clearBuy?25m 3/5 start

Nnmm[SSandOria]: CP Dho Gates Apex Clear Mind 3m/500p autosc Buy? /tell

Switfafu[Norg]: Selling Empy weapons Abyssea Item 50 50 75 Buy? /tell

Nohonh[PortBastok]: Outer Ra'Kaznar CP 3Mil/500point Tachi: Jinpu+Idris Do you need it? Buy? /tell

Maximulian[PortJeuno]: Tinnin Sarameya Tyger item win Do you need it? Buy? tell

Aphocalypse[PSandOria]: Odyssey T4 Boss Bumba Clear Mind Do you need it? interest Buy? /tell Thank you.

Ramsy[Selbina]: Lilith D(KIlling Wardens) Looking for members. Brd/Drk Geo/Drk /tell @4/6 /seacom 1

Djjjdmm[PSandOria]: Aeonic Weaponsイオニックウェポン3zone full clearBuy?25m 3/5 start

Yanhoo[PortBastok]: Selling Aeonic/イオニックウェポン 3zones Full clear Buy? 30M /tell

Wakakaz[PortWind]: Outer Ra'Kaznar Apex Bat 500./3mil Tachi: Jinpu geo x2 Very Fast All Time Party /tell

Nnmm[SSandOria]: CP Dho Gates Apex Clear Mind 3m/500p autosc Buy? /tell

Drega[TavSafehld]: Teleport-Vahzl Can I have it? 2k Help me out!

Kooro[SSandOria]: Experience points PL 1-50/0.5m 50-99/1.5m Merit points 1m Reisenjima Fast Cast

Yojimmbo[WindWalls]: FREEDynamis - WindurstRPW12Looking for members. Healing MagicWHM RDM SCH @ 15/18 /t

Feeooo[PSandOria]: Dho Gates Crab 500/2.5m master/10m Fast Cast

Switfafu[Norg]: Selling Empy weapons Abyssea Item 50 50 75 Buy? /tell

Djjjdmm[PSandOria]: Aeonic Weaponsイオニックウェポン3zone full clearBuy?25m 3/5 start

Nohonh[PortBastok]: Outer Ra'Kaznar CP 3Mil/500point Tachi: Jinpu+Idris Do you need it? Buy? /tell

Ramsy[Selbina]: Lilith D(KIlling Wardens) Looking for members. Brd/Drk Geo/Drk /tell @4/6 /seacom 1

Yanhoo[PortBastok]: Selling Aeonic/イオニックウェポン 3zones Full clear Buy? 30M /tell

Yojimmbo[WindWalls]: FREEDynamis - WindurstRPW12Looking for members. Healing MagicWHM RDM SCH @ 15/18 /t

Nnmm[SSandOria]: CP Dho Gates Apex Clear Mind 3m/500p autosc Buy? /tell

Yourfinished[SSandOria]: Dynamis - San d'Oria [D] Wave 3 Boss (Empyrean Augmented Item) Do you need it? 25M @ 1 Hour /tell

Djjjdmm[PSandOria]: Aeonic Weaponsイオニックウェポン3zone full clearBuy?25m 3/5 start

Evan[PortJeuno]: Clr. Torque +2 30m Futhark Torque +2 Dls. Torque +2 31m Do you need it? Buy? Bazaar @ guide Stone Cheaper than AH

Switfafu[Norg]: Selling Empy weapons Abyssea Item 50 50 75 Buy? /tell

Kooro[SSandOria]: Experience points PL 1-50/0.5m 50-99/1.5m Merit points 1m Reisenjima Fast Cast

Yojimmbo[WindWalls]: FREEDynamis - WindurstRPW12Looking for members. Healing MagicWHM RDM SCH @ 15/18 /t

Feeooo[PSandOria]: Dho Gates Crab 500/2.5m master/10m Fast Cast

Drega[TavSafehld]: Teleport-Vahzl Can I have it? 2k Help me out!

Ramsy[Selbina]: Lilith D(KIlling Wardens) Looking for members. Brd/Drk Geo/Drk /tell @4/6 /seacom 1

Djjjdmm[PSandOria]: Aeonic Weaponsイオニックウェポン3zone full clearBuy?25m 3/5 start

Nohonh[PortBastok]: Outer Ra'Kaznar CP 3Mil/500point Tachi: Jinpu+Idris Do you need it? Buy? /tell

Nnmm[SSandOria]: CP Dho Gates Apex Clear Mind 3m/500p autosc Buy? /tell

Yanhoo[PortBastok]: Selling Aeonic/イオニックウェポン 3zones Full clear Buy? 30M /tell

Aphocalypse[PSandOria]: Odyssey T4 Boss Bumba Clear Mind Do you need it? interest Buy? /tell Thank you.

Frod[LowJeuno]: SMN BURN ALL THE THINGS.

Yojimmbo[WindWalls]: FREEDynamis - WindurstRPW12Looking for members. Healing MagicWHM RDM SCH @ 15/18 /t

Switfafu[Norg]: Selling Empy weapons Abyssea Item 50 50 75 Buy? /tell

Djjjdmm[PSandOria]: Aeonic Weaponsイオニックウェポン3zone full clearBuy?25m 3/5 start

Nnmm[SSandOria]: CP Dho Gates Apex Clear Mind 3m/500p autosc Buy? /tell

Ramsy[Selbina]: Lilith D(KIlling Wardens) Looking for members. Brd/Drk Geo/Drk /tell @4/6 /seacom 1

Kooro[SSandOria]: Experience points PL 1-50/0.5m 50-99/1.5m Merit points 1m Reisenjima Fast Cast

Yanhoo[PortBastok]: Selling Aeonic/イオニックウェポン 3zones Full clear Buy? 30M /tell

Feeooo[PSandOria]: Dho Gates Crab 500/2.5m master/10m Fast Cast

Djjjdmm[PSandOria]: Aeonic Weaponsイオニックウェポン3zone full clearBuy?25m 3/5 start

Nohonh[PortBastok]: Outer Ra'Kaznar CP 3Mil/500point Tachi: Jinpu+Idris Do you need it? Buy? /tell

Maximulian[PortJeuno]: Tinnin Sarameya Tyger item win Do you need it? Buy? tell

Aphocalypse[PSandOria]: Odyssey T4 Boss Bumba Clear Mind Do you need it? interest Buy? /tell Thank you.

Switfafu[Norg]: Selling Empy weapons Abyssea Item 50 50 75 Buy? /tell

Nnmm[SSandOria]: CP Dho Gates Apex Clear Mind 3m/500p autosc Buy? /tell

Idki[RuLudeGard]: Teleport-Holla Can I have it? please 30k

Yojimmbo[WindWalls]: FREEDynamis - WindurstRPW12Looking for members. Healing MagicWHM RDM SCH @ 15/18 /t

Djjjdmm[PSandOria]: Aeonic Weaponsイオニックウェポン3zone full clearBuy?25m 3/5 start

Wakakaz[PortWind]: Outer Ra'Kaznar Apex Bat 500./3mil Tachi: Jinpu geo x2 Very Fast All Time Party /tell

Luciera[Nashmau]: Alexandrite 2.9k each Buy? Bazaar @ paparoon /bow

Drega[TavSafehld]: Teleport-Vahzl Can I have it? 2k Help me out! im not joking

Yanhoo[PortBastok]: Selling Aeonic/イオニックウェポン 3zones Full clear Buy? 30M /tell

Ramsy[Selbina]: Lilith D(KIlling Wardens) Looking for members. Brd/Drk Geo/Drk /tell @4/6 /seacom 1

Kooro[SSandOria]: Experience points PL 1-50/0.5m 50-99/1.5m Merit points 1m Reisenjima Fast Cast

Nohonh[PortBastok]: Outer Ra'Kaznar CP 3Mil/500point Tachi: Jinpu+Idris Do you need it? Buy? /tell

Djjjdmm[PSandOria]: Aeonic Weaponsイオニックウェポン3zone full clearBuy?25m 3/5 start

Feeooo[PSandOria]: Dho Gates Crab 500/2.5m master/10m Fast Cast

Nnmm[SSandOria]: CP Dho Gates Apex Clear Mind 3m/500p autosc Buy? /tell

Switfafu[Norg]: Selling Empy weapons Abyssea Item 50 50 75 Buy? /tell

Thornhill[PortJeuno]: OU pop Do you need it? /tell

Aphocalypse[PSandOria]: Odyssey T4 Boss Bumba Clear Mind Do you need it? interest Buy? /tell Thank you.

Maximulian[PortJeuno]: Tinnin Sarameya Tyger item win Do you need it? Buy? tell

Yojimmbo[WindWalls]: FREEDynamis - WindurstRPW12Looking for members. Healing MagicWHM RDM SCH @ 15/18 /t

Djjjdmm[PSandOria]: Aeonic Weaponsイオニックウェポン3zone full clearBuy?25m 3/5 start

Idki[RuLudeGard]: Teleport-Holla Can I have it? please 50k

Yanhoo[PortBastok]: Selling Aeonic/イオニックウェポン 3zones Full clear Buy? 30M /tell

Nnmm[SSandOria]: CP Dho Gates Apex Clear Mind 3m/500p autosc Buy? /tell

Switfafu[Norg]: Selling Empy weapons Abyssea Item 50 50 75 Buy? /tell

Nohonh[PortBastok]: Outer Ra'Kaznar CP 3Mil/500point Tachi: Jinpu+Idris Do you need it? Buy? /tell

Djjjdmm[PSandOria]: Aeonic Weaponsイオニックウェポン3zone full clearBuy?25m 3/5 start

Kooro[SSandOria]: Experience points PL 1-50/0.5m 50-99/1.5m Merit points 1m Reisenjima Fast Cast

Yojimmbo[WindWalls]: FREEDynamis - WindurstRPW12Looking for members. Healing MagicWHM RDM SCH @ 15/18 /t

Feeooo[PSandOria]: Dho Gates Crab 500/2.5m master/10m Fast Cast

Yanhoo[PortBastok]: Selling Aeonic/イオニックウェポン 3zones Full clear Buy? 30M /tell

Thornhill[PortJeuno]: OU pop Do you need it? /tell

Aphocalypse[PSandOria]: Odyssey T4 Boss Bumba Clear Mind Do you need it? interest Buy? /tell Thank you.

Nnmm[SSandOria]: CP Dho Gates Apex Clear Mind 3m/500p autosc Buy? /tell

Wakakaz[PortWind]: Outer Ra'Kaznar Apex Bat 500./3mil Tachi: Jinpu geo x2 Very Fast All Time Party /tell

Djjjdmm[PSandOria]: Aeonic Weaponsイオニックウェポン3zone full clearBuy?25m 3/5 start

Ramsy[Selbina]: Lilith D(KIlling Wardens) Looking for members. Brd/Drk Geo/Drk /tell @4/6 /seacom 1

Yojimmbo[WindWalls]: FREEDynamis - WindurstRPW12Looking for members. Healing MagicWHM RDM SCH @ 15/18 /t

Switfafu[Norg]: Selling Empy weapons Abyssea Item 50 50 75 Buy? /tell

Nohonh[PortBastok]: Outer Ra'Kaznar CP 3Mil/500point Tachi: Jinpu+Idris Do you need it? Buy? /tell

Djjjdmm[PSandOria]: Aeonic Weaponsイオニックウェポン3zone full clearBuy?25m 3/5 start

Aphocalypse[PSandOria]: Odyssey T4 Boss Bumba Clear Mind Do you need it? interest Buy? /tell Thank you.

Nnmm[SSandOria]: CP Dho Gates Apex Clear Mind 3m/500p autosc Buy? /tell

Kooro[SSandOria]: Experience points PL 1-50/0.5m 50-99/1.5m Merit points 1m Reisenjima Fast Cast

Yanhoo[PortBastok]: Selling Aeonic/イオニックウェポン 3zones Full clear Buy? 30M /tell

Feeooo[PSandOria]: Dho Gates Crab 500/2.5m master/10m Fast Cast

Yojimmbo[WindWalls]: FREEDynamis - WindurstRPW12Looking for members. Healing MagicWHM RDM SCH SMN @ 15/18 /t

Djjjdmm[PSandOria]: Aeonic Weaponsイオニックウェポン3zone full clearBuy?25m 3/5 start

Switfafu[Norg]: Selling Empy weapons Abyssea Item 50 50 75 Buy? /tell

Yourfinished[SSandOria]: Dynamis - San d'Oria [D] Wave 3 Boss (Empyrean Augmented Item) Do you need it? 25M @ 45 Minutes /tell

Ramsy[Selbina]: Lilith D(KIlling Wardens) Looking for members. Brd/Drk Geo/Drk Rng /tell @4/6 /seacom 1

Nnmm[SSandOria]: CP Dho Gates Apex Clear Mind 3m/500p autosc Buy? /tell

Yojimmbo[WindWalls]: FREEDynamis - WindurstRPW12Looking for members. Healing MagicWHM RDM SCH @ 15/18 /t

Aphocalypse[PSandOria]: Odyssey T4 Boss Bumba Clear Mind Do you need it? interest Buy? /tell Thank you.

Nohonh[PortBastok]: Outer Ra'Kaznar CP 3Mil/500point Tachi: Jinpu+Idris Do you need it? Buy? /tell

Yanhoo[PortBastok]: Selling Aeonic/イオニックウェポン 3zones Full clear Buy? 30M /tell

Djjjdmm[PSandOria]: Aeonic Weaponsイオニックウェポン3zone full clearBuy?25m 3/5 start

Maximulian[PortJeuno]: Tinnin Sarameya Tyger item win Do you need it? Buy? tell

Kooro[SSandOria]: Experience points PL 1-50/0.5m 50-99/1.5m Merit points 1m Reisenjima Fast Cast

Feeooo[PSandOria]: Dho Gates Crab 500/2.5m master/10m Fast Cast

Switfafu[Norg]: Selling Empy weapons Abyssea Item 50 50 75 Buy? /tell

Nnmm[SSandOria]: CP Dho Gates Apex Clear Mind 3m/500p autosc Buy? /tell

Yojimmbo[WindWalls]: FREEDynamis - WindurstRPW12Looking for members. Healing MagicWHM RDM SCH @ 15/18 /t

Ramsy[Selbina]: Lilith D(KIlling Wardens) Looking for members. Brd/Drk Geo/Drk Rng /tell @4/6 /seacom 1

Djjjdmm[PSandOria]: Aeonic Weaponsイオニックウェポン3zone full clearBuy?25m 3/5 start

Kuumihumi[PortJeuno]: Ambuscade V1 VD Do you need it? Tank COR RdmDD BRD WHM /tell 1/6

Yanhoo[PortBastok]: Selling Aeonic/イオニックウェポン 3zones Full clear Buy? 30M /tell

Nohonh[PortBastok]: Outer Ra'Kaznar CP 3Mil/500point Tachi: Jinpu+Idris Do you need it? Buy? /tell

Djjjdmm[PSandOria]: Aeonic Weaponsイオニックウェポン3zone full clearBuy?25m 3/5 start

Nnmm[SSandOria]: CP Dho Gates Apex Clear Mind 3m/500p autosc Buy? /tell

Yojimmbo[WindWalls]: FREEDynamis - WindurstRPW12Looking for members. Healing MagicWHM RDM SCH @ 16/18 /t

Switfafu[Norg]: Selling Empy weapons Abyssea Item 50 50 75 Buy? /tell

Kooro[SSandOria]: Experience points PL 1-50/0.5m 50-99/1.5m Merit points 1m Reisenjima Fast Cast

Feeooo[PSandOria]: Dho Gates Crab 500/2.5m master/10m Fast Cast

Ramsy[Selbina]: Lilith D(KIlling Wardens) Looking for members. Brd/Drk Geo/Drk Rng /tell @4/6 /seacom 1

Kuumihumi[PortJeuno]: Ambuscade V1 VD Do you need it? Tank BRD WHM /tell 3/6

Djjjdmm[PSandOria]: Aeonic Weaponsイオニックウェポン3zone full clearBuy?25m 3/5 start

Yanhoo[PortBastok]: Selling Aeonic/イオニックウェポン 3zones Full clear Buy? 30M /tell

Yojimmbo[WindWalls]: FREEDynamis - WindurstRPW12Looking for members. Healing MagicWHM RDM SCH @ 16/18 /t

Nnmm[SSandOria]: CP Dho Gates Apex Clear Mind 3m/500p autosc Buy? /tell

Nohonh[PortBastok]: Outer Ra'Kaznar CP 3Mil/500point Tachi: Jinpu+Idris Do you need it? Buy? /tell

Switfafu[Norg]: Selling Empy weapons Abyssea Item 50 50 75 Buy? /tell

Aphocalypse[PSandOria]: Odyssey T4 Boss Bumba Clear Mind Do you need it? interest Buy? /tell Thank you.

Djjjdmm[PSandOria]: Aeonic Weaponsイオニックウェポン3zone full clearBuy?25m 3/5 start

Yojimmbo[WindWalls]: FREEDynamis - WindurstRPW12Looking for members. Healing MagicWHM RDM SCH @ 16/18 /t

Bayonette[Mhaura]: Golden Kist Do you need it? Valourus Greaves farm Team up? 2/6

Kooro[SSandOria]: Experience points PL 1-50/0.5m 50-99/1.5m Merit points 1m Reisenjima Fast Cast

Kuumihumi[PortJeuno]: Ambuscade V1 VD Do you need it? BRD WHM /tell 3/6

Feeooo[PSandOria]: Dho Gates Crab 500/2.5m master/10m Fast Cast

Yanhoo[PortBastok]: Selling Aeonic/イオニックウェポン 3zones Full clear Buy? 30M /tell

Nnmm[SSandOria]: CP Dho Gates Apex Clear Mind 3m/500p autosc Buy? /tell

Djjjdmm[PSandOria]: Aeonic Weaponsイオニックウェポン3zone full clearBuy?25m 3/5 start

Yojimmbo[WindWalls]: FREEDynamis - WindurstRPW12Looking for members. Healing MagicWHM RDM SCH @ 16/18 /t

Switfafu[Norg]: Selling Empy weapons Abyssea Item 50 50 75 Buy? /tell

Nohonh[PortBastok]: Outer Ra'Kaznar CP 3Mil/500point Tachi: Jinpu+Idris Do you need it? Buy? /tell

Yourfinished[SSandOria]: Dynamis - San d'Oria [D] Wave 3 Boss (Empyrean Augmented Item) Do you need it? 25M @ 45 Minutes /tell

Djjjdmm[PSandOria]: Aeonic Weaponsイオニックウェポン3zone full clearBuy?25m 3/5 start

Kuumihumi[PortJeuno]: Ambuscade V1 VD Do you need it? BRD WHM /tell 4/6

Nnmm[SSandOria]: CP Dho Gates Apex Clear Mind 3m/500p autosc Buy? /tell

Yojimmbo[WindWalls]: FREEDynamis - WindurstRPW12Looking for members. Healing MagicWHM RDM SCH @ 16/18 /t

Yanhoo[PortBastok]: Selling Aeonic/イオニックウェポン 3zones Full clear Buy? 30M /tell

Aphocalypse[PSandOria]: Odyssey T4 Boss Bumba Clear Mind Do you need it? interest Buy? /tell Thank you.

Kooro[SSandOria]: Experience points PL 1-50/0.5m 50-99/1.5m Merit points 1m Reisenjima Fast Cast

Feeooo[PSandOria]: Dho Gates Crab 500/2.5m master/10m Fast Cast

Minzy[EastAdoulin]: Kraken Club I'm interested. 300m You can have this. please /tell Thank you.

Djjjdmm[PSandOria]: Aeonic Weaponsイオニックウェポン3zone full clearBuy?25m 3/5 start

Switfafu[Norg]: Selling Empy weapons Abyssea Item 50 50 75 Buy? /tell

Yojimmbo[WindWalls]: FREEDynamis - WindurstRPW12Looking for members. Healing MagicWHM RDM SCH @ 16/18 /t

Nohonh[PortBastok]: Outer Ra'Kaznar CP 3Mil/500point Tachi: Jinpu+Idris Do you need it? Buy? /tell

Nnmm[SSandOria]: CP Dho Gates Apex Clear Mind 3m/500p autosc Buy? /tell

Aphocalypse[PSandOria]: Odyssey T4 Boss Bumba Clear Mind Do you need it? interest Buy? /tell Thank you.

Yanhoo[PortBastok]: Selling Aeonic/イオニックウェポン 3zones Full clear Buy? 30M /tell

Evan[PortJeuno]: Clr. Torque +2 30m Futhark Torque +2 Dls. Torque +2 31m Do you need it? Buy? Bazaar @ guide Stone Cheaper than AH

Djjjdmm[PSandOria]: Aeonic Weaponsイオニックウェポン3zone full clearBuy?25m 3/5 start

Kuumihumi[PortJeuno]: Ambuscade V1 VD Do you need it? WHM /tell 5/6

Switfafu[Norg]: Selling Empy weapons Abyssea Item 50 50 75 Buy? /tell

Kooro[SSandOria]: Experience points PL 1-50/0.5m 50-99/1.5m Merit points 1m Reisenjima Fast Cast

Wakakaz[PortWind]: Outer Ra'Kaznar Apex Bat 500./3mil Tachi: Jinpu geo x2 Very Fast All Time Party /tell

Nnmm[SSandOria]: CP Dho Gates Apex Clear Mind 3m/500p autosc Buy? /tell

Yojimmbo[WindWalls]: FREEDynamis - WindurstRPW12Looking for members. Healing MagicWHM RDM SCH @ 17/18 /t

Feeooo[PSandOria]: Dho Gates Crab 500/2.5m master/10m Fast Cast

Djjjdmm[PSandOria]: Aeonic Weaponsイオニックウェポン3zone full clearBuy?25m 3/5 start

Nohonh[PortBastok]: Outer Ra'Kaznar CP 3Mil/500point Tachi: Jinpu+Idris Do you need it? Buy? /tell

Aphocalypse[PSandOria]: Odyssey T4 Boss Bumba Clear Mind Do you need it? interest Buy? /tell Thank you.

Yanhoo[PortBastok]: Selling Aeonic/イオニックウェポン 3zones Full clear Buy? 30M /tell

Djjjdmm[PSandOria]: Aeonic Weaponsイオニックウェポン3zone full clearBuy?25m 3/5 start

Nnmm[SSandOria]: CP Dho Gates Apex Clear Mind 3m/500p autosc Buy? /tell

Switfafu[Norg]: Selling Empy weapons Abyssea Item 50 50 75 Buy? /tell

Braktx[WestAdoulin]: Dynamis - Jeuno D WAVE 1 unlock +3 leg  Do you need it? White Mage Bard Corsair DD Geomancer Braktx 6/18

Kooro[SSandOria]: Experience points PL 1-50/0.5m 50-99/1.5m Merit points 1m Reisenjima Fast Cast

Djjjdmm[PSandOria]: Aeonic Weaponsイオニックウェポン3zone full clearBuy?25m 3/5 start

Feeooo[PSandOria]: Dho Gates Crab 500/2.5m master/10m Fast Cast

Aphocalypse[PSandOria]: Odyssey T4 Boss Bumba Clear Mind Do you need it? interest Buy? /tell Thank you.

Yanhoo[PortBastok]: Selling Aeonic/イオニックウェポン 3zones Full clear Buy? 30M /tell

Nohonh[PortBastok]: Outer Ra'Kaznar CP 3Mil/500point Tachi: Jinpu+Idris Do you need it? Buy? /tell

Nnmm[SSandOria]: CP Dho Gates Apex Clear Mind 3m/500p autosc Buy? /tell

Executing shutdown in 30 seconds.Cancel healing to remain logged in.
Executing shutdown in 25 seconds.Cancel healing to remain logged in.
Switfafu[Norg]: Selling Empy weapons Abyssea Item 50 50 75 Buy? /tell

Djjjdmm[PSandOria]: Aeonic Weaponsイオニックウェポン3zone full clearBuy?25m 3/5 start

Executing shutdown in 20 seconds.Cancel healing to remain logged in.
Executing shutdown in 15 seconds.Cancel healing to remain logged in.
Executing shutdown in 10 seconds.Cancel healing to remain logged in.
Braktx[WestAdoulin]: Dynamis - Jeuno D WAVE 1 unlock +3 leg  Do you need it? White Mage Bard Corsair DD Geomancer Braktx 6/18

Executing shutdown in 5 seconds.Cancel healing to remain logged in.
Maximulian[PortJeuno]: Tinnin Sarameya Tyger item win Do you need it? Buy? tell

=== Area: Bastok Markets ===
*****DP Job Selection:BRD*****
Mode: Magic.
 White = Can not cast.
 Green = Casting Range
Pracan[EastAdoulin]: Ambuscade v1 vd win Do you need it? /tell Buy? 3m each 2mins fight 5/6

<<< Welcome to Asura! >>>
Announcing the winning numbers for the Early Spring Mog Bonanza 2021!


 


Rank 3 prize: "0" (last digit)-- 6413 winners.


Rank 2 prize: "37" (last two digits)-- 928 winners.


Rank 1 prize: "196" (all three digits)-- 88 winners.


*The number of winners for each prize is a combined total from all worlds.


 


Collection period: On April 12, 2021 at 1:00 (PDT) / 8:00 (GMT) to April 30, at 7:59 (PDT) / 14:59 (GMT)


Details on the prize can be confirmed by speaking to a Bonanza Moogle at one of the following locations:


Port San d'Oria (I-9) / Port Bastok (L-8) / Port Windurst (F-6) / Chocobo Circuit (H-8)
This area is currently affected by the Super Kupower: ｲThrifty Transitｳ!This area is currently affected by the Super Kupower: ｲArtisan's Advantageｳ!This area is currently affected by the Super Kupower: ｲDilatory Digestionｳ!
The maximum number of people are already participating in Unity chat. Please try again later.
[1]< LateNightLosers: Ladyofhonor >
Fuck the police. Hell yeah. (Aug. 9, 2020 1:13:31pm)
Yanhoo[PortBastok]: Selling Aeonic/イオニックウェポン 3zones Full clear Buy? 30M /tell

Nnmm[SSandOria]: CP Dho Gates Apex Clear Mind 3m/500p autosc Buy? /tell

The "Call for Help" command is currently being blocked.
Djjjdmm[PSandOria]: Aeonic Weaponsイオニックウェポン3zone full clearBuy?25m 4/5 start

Switfafu[Norg]: Selling Empy weapons Abyssea Item 50 50 75 Buy? /tell

Kooro[SSandOria]: Experience points PL 1-50/0.5m 50-99/1.5m Merit points 1m Reisenjima Fast Cast

Nohonh[PortBastok]: Outer Ra'Kaznar CP 3Mil/500point Tachi: Jinpu+Idris Do you need it? Buy? /tell

Nnmm[SSandOria]: CP Dho Gates Apex Clear Mind 3m/500p autosc Buy? /tell

Maximulian[PortJeuno]: Tinnin Sarameya Tyger item win Do you need it? Buy? tell

Djjjdmm[PSandOria]: Aeonic Weaponsイオニックウェポン3zone full clearBuy?25m 4/5 start

Yanhoo[PortBastok]: Selling Aeonic/イオニックウェポン 3zones Full clear Buy? 30M /tell

Aphocalypse[Rabao]: Odyssey T4 Boss Bumba Clear Mind Do you need it? interest Buy? /tell Thank you.

Blkuyfvb[BastokMine]: Sell all abyssea empy Weapon Shop Item (LV80 85 90) Do you need it? /tell

Switfafu[Norg]: Selling Empy weapons Abyssea Item 50 50 75 Buy? /tell

Djjjdmm[PSandOria]: Aeonic Weaponsイオニックウェポン3zone full clearBuy?25m 4/5 start

Meavel[Norg]: Dynamis - San d'Oria D Middle Can I have it? 

Zirow[NSandOria]: Odin VD / Alexander VD / Cait Sith VD Mercenary Do you need it? Buy? /tell please

Nnmm[SSandOria]: CP Dho Gates Apex Clear Mind 3m/500p autosc Buy? /tell

Kooro[SSandOria]: Experience points PL 1-50/0.5m 50-99/1.5m Merit points 1m Reisenjima Fast Cast

Yanhoo[PortBastok]: Selling Aeonic/イオニックウェポン 3zones Full clear Buy? 30M /tell

Feeooo[PSandOria]: Dho Gates Crab 500/2.5m master/10m Fast Cast

Nohonh[PortBastok]: Outer Ra'Kaznar CP 3Mil/500point Tachi: Jinpu+Idris Do you need it? Buy? /tell

Djjjdmm[PSandOria]: Aeonic Weaponsイオニックウェポン3zone full clearBuy?25m 4/5 start

Aphocalypse[Rabao]: Odyssey T4 Boss Bumba Clear Mind Do you need it? interest Buy? /tell Thank you.

Meavel[Norg]: Dynamis - San d'Oria D Middle Boss Can I have it? 

Switfafu[Norg]: Selling Empy weapons Abyssea Item 50 50 75 Buy? /tell

Pracan[EastAdoulin]: Ambuscade v1 vd win Do you need it? /tell Buy? 3m each 2mins fight 5/6

Nnmm[SSandOria]: CP Dho Gates Apex Clear Mind 3m/500p autosc Buy? /tell

Djjjdmm[PSandOria]: Aeonic Weaponsイオニックウェポン3zone full clearBuy?25m 4/5 start

Yanhoo[PortBastok]: Selling Aeonic/イオニックウェポン 3zones Full clear Buy? 30M /tell

Kooro[SSandOria]: Experience points PL 1-50/0.5m 50-99/1.5m Merit points 1m Reisenjima Fast Cast

Nohonh[PortBastok]: Outer Ra'Kaznar CP 3Mil/500point Tachi: Jinpu+Idris Do you need it? Buy? /tell

Feeooo[PSandOria]: Dho Gates Crab 500/2.5m master/10m Fast Cast

Blkuyfvb[BastokMine]: Sell all abyssea empy Weapon Shop Item (LV80 85 90) Do you need it? /tell

Nnmm[SSandOria]: CP Dho Gates Apex Clear Mind 3m/500p autosc Buy? /tell

Djjjdmm[PSandOria]: Aeonic Weaponsイオニックウェポン3zone full clearBuy?25m 4/5 start

Switfafu[Norg]: Selling Empy weapons Abyssea Item 50 50 75 Buy? /tell

Yanhoo[PortBastok]: Selling Aeonic/イオニックウェポン 3zones Full clear Buy? 30M /tell

Konstantinos[Mhaura]: Chloris Notorious Monster Trigger Do you need it? 2M

Djjjdmm[PSandOria]: Aeonic Weaponsイオニックウェポン3zone full clearBuy?25m 4/5 start

Nnmm[SSandOria]: CP Dho Gates Apex Clear Mind 3m/500p autosc Buy? /tell

Meavel[Norg]: Dynamis - San d'Oria D Middle Boss Can I have it? 

Maximulian[PortJeuno]: Abdhaljs's Honor Do you need it? Buy? (H-8)

Switfafu[Norg]: Selling Empy weapons Abyssea Item 50 50 75 Buy? /tell

Kooro[SSandOria]: Experience points PL 1-50/0.5m 50-99/1.5m Merit points 1m Reisenjima Fast Cast

Nohonh[PortBastok]: Outer Ra'Kaznar CP 3Mil/500point Tachi: Jinpu+Idris Do you need it? Buy? /tell

Djjjdmm[PSandOria]: Aeonic Weaponsイオニックウェポン3zone full clearBuy?25m 4/5 start

Feeooo[PSandOria]: Dho Gates Crab 500/2.5m master/10m Fast Cast

Pracan[EastAdoulin]: Ambuscade v1 vd win Do you need it? /tell Buy? 3m each 2mins fight 5/6

Yanhoo[PortBastok]: Selling Aeonic/イオニックウェポン 3zones Full clear Buy? 30M /tell

Nnmm[SSandOria]: CP Dho Gates Apex Clear Mind 3m/500p autosc Buy? /tell

Aphocalypse[Rabao]: Odyssey T4 Boss Bumba Clear Mind Do you need it? interest Buy? /tell Thank you.

Konstantinos[Mhaura]: Chloris Notorious Monster Trigger Do you need it? 2M

Djjjdmm[PSandOria]: Aeonic Weaponsイオニックウェポン3zone full clearBuy?25m 4/5 start

Davinn[LowJeuno]: tinnin Item Do you need it? Buy? /tell

Blkuyfvb[BastokMine]: Sell all abyssea empy Weapon Shop Item (LV80 85 90) Do you need it? /tell

Switfafu[Norg]: Selling Empy weapons Abyssea Item 50 50 75 Buy? /tell

Nohonh[PortBastok]: Outer Ra'Kaznar CP 3Mil/500point Tachi: Jinpu+Idris Do you need it? Buy? /tell

Kooro[SSandOria]: Experience points PL 1-50/0.5m 50-99/1.5m Merit points 1m Reisenjima Fast Cast

Nnmm[SSandOria]: CP Dho Gates Apex Clear Mind 3m/500p autosc Buy? /tell

Djjjdmm[PSandOria]: Aeonic Weaponsイオニックウェポン3zone full clearBuy?25m 4/5 start

Yanhoo[PortBastok]: Selling Aeonic/イオニックウェポン 3zones Full clear Buy? 30M /tell

Feeooo[PSandOria]: Dho Gates Crab 500/2.5m master/10m Fast Cast

Switfafu[Norg]: Selling Empy weapons Abyssea Item 50 50 75 Buy? /tell

Konstantinos[Mhaura]: Chloris Notorious Monster Trigger Do you need it? 2M

Djjjdmm[PSandOria]: Aeonic Weaponsイオニックウェポン3zone full clearBuy?25m 4/5 start

Nnmm[SSandOria]: CP Dho Gates Apex Clear Mind 3m/500p autosc Buy? /tell

Nohonh[PortBastok]: Outer Ra'Kaznar CP 3Mil/500point Tachi: Jinpu+Idris Do you need it? Buy? /tell

Yanhoo[PortBastok]: Selling Aeonic/イオニックウェポン 3zones Full clear Buy? 30M /tell

Kooro[SSandOria]: Experience points PL 1-50/0.5m 50-99/1.5m Merit points 1m Reisenjima Fast Cast

Djjjdmm[PSandOria]: Aeonic Weaponsイオニックウェポン3zone full clearBuy?25m 4/5 start

Feeooo[PSandOria]: Dho Gates Crab 500/2.5m master/10m Fast Cast

Switfafu[Norg]: Selling Empy weapons Abyssea Item 50 50 75 Buy? /tell

Blkuyfvb[BastokMine]: Sell all abyssea empy Weapon Shop Item (LV80 85 90) Do you need it? /tell

Nnmm[SSandOria]: CP Dho Gates Apex Clear Mind 3m/500p autosc Buy? /tell

Apebasher[Mhaura]: OdyssHelm/Legs/Feet,HerculeanHelm/Feet/Gloves/Legs,ValorHead/Hose/Hand,MerlinicHandsHead 2m each Do you need it?

Djjjdmm[PSandOria]: Aeonic Weaponsイオニックウェポン3zone full clearBuy?25m 4/5 start

Davinn[LowJeuno]: tinnin Item Do you need it? Buy? /tell

Konstantinos[Mhaura]: Chloris Notorious Monster Trigger Do you need it? 2M

Yanhoo[PortBastok]: Selling Aeonic/イオニックウェポン 3zones Full clear Buy? 30M /tell

Nohonh[PortBastok]: Outer Ra'Kaznar CP 3Mil/500point Tachi: Jinpu+Idris Do you need it? Buy? /tell

Maaaat[SSandOria]: CP 3m/500p 12m/2100p Dho Gates faster autoinvite

Nnmm[SSandOria]: CP Dho Gates Apex Clear Mind 3m/500p autosc Buy? /tell

Djjjdmm[PSandOria]: Aeonic Weaponsイオニックウェポン3zone full clearBuy?25m 4/5 start

Kooro[SSandOria]: Experience points PL 1-50/0.5m 50-99/1.5m Merit points 1m Reisenjima Fast Cast

Switfafu[Norg]: Selling Empy weapons Abyssea Item 50 50 75 Buy? /tell

Wakakaz[PortWind]: Outer Ra'Kaznar Apex Bat 500./3mil Tachi: Jinpu geo x2 Very Fast All Time Party /tell

Feeooo[PSandOria]: Dho Gates Crab 500/2.5m master/10m Fast Cast

Konstantinos[Mhaura]: Odyssey Segment farming Tank/blue Bard Corsair 2 DDs @ 1/6

Yanhoo[PortBastok]: Selling Aeonic/イオニックウェポン 3zones Full clear Buy? 30M /tell

Djjjdmm[PSandOria]: Aeonic Weaponsイオニックウェポン3zone full clearBuy?25m 4/5 start

Nnmm[SSandOria]: CP Dho Gates Apex Clear Mind 3m/500p autosc Buy? /tell

Nohonh[PortBastok]: Outer Ra'Kaznar CP 3Mil/500point Tachi: Jinpu+Idris Do you need it? Buy? /tell

Maaaat[SSandOria]: CP 3m/500p 12m/2100p Dho Gates faster autoinvite

Switfafu[Norg]: Selling Empy weapons Abyssea Item 50 50 75 Buy? /tell

Zirow[NSandOria]: Odin VD / Alexander VD / Cait Sith VD Mercenary Do you need it? Buy? /tell please

Blkuyfvb[BastokMine]: Sell all abyssea empy Weapon Shop Item (LV80 85 90) Do you need it? /tell

Djjjdmm[PSandOria]: Aeonic Weaponsイオニックウェポン3zone full clearBuy?25m 4/5 start

Kooro[SSandOria]: Experience points PL 1-50/0.5m 50-99/1.5m Merit points 1m Reisenjima Fast Cast

Yanhoo[PortBastok]: Selling Aeonic/イオニックウェポン 3zones Full clear Buy? 30M /tell

Feeooo[PSandOria]: Dho Gates Crab 500/2.5m master/10m Fast Cast

Nnmm[SSandOria]: CP Dho Gates Apex Clear Mind 3m/500p autosc Buy? /tell

Djjjdmm[PSandOria]: Aeonic Weaponsイオニックウェポン3zone full clearBuy?25m 4/5 start

Switfafu[Norg]: Selling Empy weapons Abyssea Item 50 50 75 Buy? /tell

Nohonh[PortBastok]: Outer Ra'Kaznar CP 3Mil/500point Tachi: Jinpu+Idris Do you need it? Buy? /tell

Maaaat[SSandOria]: CP 3m/500p 12m/2100p Dho Gates faster autoinvite

Nnmm[SSandOria]: CP Dho Gates Apex Clear Mind 3m/500p autosc Buy? /tell

Djjjdmm[PSandOria]: Aeonic Weaponsイオニックウェポン3zone full clearBuy?25m 4/5 start

Yanhoo[PortBastok]: Selling Aeonic/イオニックウェポン 3zones Full clear Buy? 30M /tell

Apebasher[Mhaura]: OdyssHelm/Legs/Feet,HerculeanHelm/Feet/Gloves/Legs,ValorHead/Hose/Hand,MerlinicHandsHead 2m each Do you need it?

Kooro[SSandOria]: Experience points PL 1-50/0.5m 50-99/1.5m Merit points 1m Reisenjima Fast Cast

Feeooo[PSandOria]: Dho Gates Crab 500/2.5m master/10m Fast Cast

Switfafu[Norg]: Selling Empy weapons Abyssea Item 50 50 75 Buy? /tell

Djjjdmm[PSandOria]: Aeonic Weaponsイオニックウェポン3zone full clearBuy?25m 4/5 start

Blkuyfvb[BastokMine]: Sell all abyssea empy Weapon Shop Item (LV80 85 90) Do you need it? /tell

Nohonh[PortBastok]: Outer Ra'Kaznar CP 3Mil/500point Tachi: Jinpu+Idris Do you need it? Buy? /tell

Nnmm[SSandOria]: CP Dho Gates Apex Clear Mind 3m/500p autosc Buy? /tell

Davinn[LowJeuno]: tinnin Item Do you need it? Buy? 2m /tell

Maaaat[SSandOria]: CP 3m/500p 12m/2100p Dho Gates faster autoinvite

Yanhoo[PortBastok]: Selling Aeonic/イオニックウェポン 3zones Full clear Buy? 30M /tell

Wakakaz[PortWind]: Outer Ra'Kaznar Apex Bat 500./3mil Tachi: Jinpu geo x2 Very Fast All Time Party /tell 

Djjjdmm[PSandOria]: Aeonic Weaponsイオニックウェポン3zone full clearBuy?25m 4/5 start

Kooro[SSandOria]: Experience points PL 1-50/0.5m 50-99/1.5m Merit points 1m Reisenjima Fast Cast

Switfafu[Norg]: Selling Empy weapons Abyssea Item 50 50 75 Buy? /tell

Nnmm[SSandOria]: CP Dho Gates Apex Clear Mind 3m/500p autosc Buy? /tell

Feeooo[PSandOria]: Dho Gates Crab 500/2.5m master/10m Fast Cast

Djjjdmm[PSandOria]: Aeonic Weaponsイオニックウェポン3zone full clearBuy?25m 4/5 start

Nohonh[PortBastok]: Outer Ra'Kaznar CP 3Mil/500point Tachi: Jinpu+Idris Do you need it? Buy? /tell

Yanhoo[PortBastok]: Selling Aeonic/イオニックウェポン 3zones Full clear Buy? 30M /tell

Maaaat[SSandOria]: CP 3m/500p 12m/2100p Dho Gates faster autoinvite

Davinn[LowJeuno]: tinnin Item Do you need it? Buy? 2m /tell

Nnmm[SSandOria]: CP Dho Gates Apex Clear Mind 3m/500p autosc Buy? /tell

Djjjdmm[PSandOria]: Aeonic Weaponsイオニックウェポン3zone full clearBuy?25m 4/5 start

Switfafu[Norg]: Selling Empy weapons Abyssea Item 50 50 75 Buy? /tell

Kooro[SSandOria]: Experience points PL 1-50/0.5m 50-99/1.5m Merit points 1m Reisenjima Fast Cast

Feeooo[PSandOria]: Dho Gates Crab 500/2.5m master/10m Fast Cast

Konstantinos[Mhaura]: Odyssey farming segments @ 5/6 Bard  Do you have it?

Yanhoo[PortBastok]: Selling Aeonic/イオニックウェポン 3zones Full clear Buy? 30M /tell

Djjjdmm[PSandOria]: Aeonic Weaponsイオニックウェポン3zone full clearBuy?25m 4/5 start

Nohonh[PortBastok]: Outer Ra'Kaznar CP 3Mil/500point Tachi: Jinpu+Idris Do you need it? Buy? /tell

Pracan[EastAdoulin]: Ambuscade v1 vd win Do you need it? /tell Buy? 3m each 2mins fight 5/6

Preepuce[Mhaura]: V1VD Very tough COR Can I have it? /tell Preepuce 5/6

Nnmm[SSandOria]: CP Dho Gates Apex Clear Mind 3m/500p autosc Buy? /tell

Zirow[NSandOria]: Odin VD / Alexander VD / Cait Sith VD Mercenary Do you need it? Buy? /tell please

Maaaat[SSandOria]: CP 3m/500p 12m/2100p Dho Gates faster autoinvite

Apebasher[PortJeuno]: OdyssHelm/Legs/Feet,HerculeanHelm/Feet/Gloves/Legs,ValorHead/Hose/Hand,MerlinicHandsHead 2m each Do you need it?

Switfafu[Norg]: Selling Empy weapons Abyssea Item 50 50 75 Buy? /tell

Djjjdmm[PSandOria]: Aeonic Weaponsイオニックウェポン3zone full clearBuy?25m 4/5 start

Preepuce[Mhaura]: full ty

Davinn[LowJeuno]: tinnin Item Do you need it? Buy? 2m /tell

Yanhoo[PortBastok]: Selling Aeonic/イオニックウェポン 3zones Full clear Buy? 30M /tell

Nnmm[SSandOria]: CP Dho Gates Apex Clear Mind 3m/500p autosc Buy? /tell

Kooro[SSandOria]: Experience points PL 1-50/0.5m 50-99/1.5m Merit points 1m Reisenjima Fast Cast

Djjjdmm[PSandOria]: Aeonic Weaponsイオニックウェポン3zone full clearBuy?25m 4/5 start

Feeooo[PSandOria]: Dho Gates Crab 500/2.5m master/10m Fast Cast

Nohonh[PortBastok]: Outer Ra'Kaznar CP 3Mil/500point Tachi: Jinpu+Idris Do you need it? Buy? /tell

Switfafu[Norg]: Selling Empy weapons Abyssea Item 50 50 75 Buy? /tell

Maaaat[SSandOria]: CP 3m/500p 12m/2100p Dho Gates faster autoinvite

Konstantinos[Mhaura]: Odyssey farming segments @ 5/6 Bard  Do you have it?

Wakakaz[PortWind]: Outer Ra'Kaznar Apex Bat 500./3mil Tachi: Jinpu geo x2 Very Fast All Time Party /tell 

Nnmm[SSandOria]: CP Dho Gates Apex Clear Mind 3m/500p autosc Buy? /tell

Djjjdmm[PSandOria]: Aeonic Weaponsイオニックウェポン3zone full clearBuy?25m 4/5 start

Davinn[LowJeuno]: tinnin Item Do you need it? Buy? 2m /tell

Yanhoo[PortBastok]: Selling Aeonic/イオニックウェポン 3zones Full clear Buy? 30M /tell

Kooro[SSandOria]: Experience points PL 1-50/0.5m 50-99/1.5m Merit points 1m Reisenjima Fast Cast

Spicyryan[Rabao]: anyone have any questions?

Switfafu[Norg]: Selling Empy weapons Abyssea Item 50 50 75 Buy? /tell

Djjjdmm[PSandOria]: Aeonic Weaponsイオニックウェポン3zone full clearBuy?25m 4/5 start

Nohonh[PortBastok]: Outer Ra'Kaznar CP 3Mil/500point Tachi: Jinpu+Idris Do you need it? Buy? /tell

Feeooo[PSandOria]: Dho Gates Crab 500/2.5m master/10m Fast Cast

Nnmm[SSandOria]: CP Dho Gates Apex Clear Mind 3m/500p autosc Buy? /tell

Friederich[BastokMark]: what is the meaning of life

Maaaat[SSandOria]: CP 3m/500p 12m/2100p Dho Gates faster autoinvite

Justmuffin[WestAdoulin]: how spicy is spicyryan

Yanhoo[PortBastok]: Selling Aeonic/イオニックウェポン 3zones Full clear Buy? 30M /tell

Sinnister[NSandOria]: a monty python movie

Djjjdmm[PSandOria]: Aeonic Weaponsイオニックウェポン3zone full clearBuy?25m 4/5 start

Utron[SSandOria]: when will these mfs learn

Switfafu[Norg]: Selling Empy weapons Abyssea Item 50 50 75 Buy? /tell

Nnmm[SSandOria]: CP Dho Gates Apex Clear Mind 3m/500p autosc Buy? /tell

Swordchucks[WindWoods]: when is the next ban wave?

Kooro[SSandOria]: Experience points PL 1-50/0.5m 50-99/1.5m Merit points 1m Reisenjima Fast Cast

Nohonh[PortBastok]: Outer Ra'Kaznar CP 3Mil/500point Tachi: Jinpu+Idris Do you need it? Buy? /tell

Djjjdmm[PSandOria]: Aeonic Weaponsイオニックウェポン3zone full clearBuy?25m 4/5 start

Feeooo[PSandOria]: Dho Gates Crab 500/2.5m master/10m Fast Cast

Yanhoo[PortBastok]: Selling Aeonic/イオニックウェポン 3zones Full clear Buy? 30M /tell

Maaaat[SSandOria]: CP 3m/500p 12m/2100p Dho Gates faster autoinvite

Djjjdmm[PSandOria]: Aeonic Weaponsイオニックウェポン3zone full clearBuy?25m 4/5 start

Nnmm[SSandOria]: CP Dho Gates Apex Clear Mind 3m/500p autosc Buy? /tell

Switfafu[Norg]: Selling Empy weapons Abyssea Item 50 50 75 Buy? /tell

Davinn[LowJeuno]: tinnin Item Do you need it? Buy? 2m /tell

Nohonh[PortBastok]: Outer Ra'Kaznar CP 3Mil/500point Tachi: Jinpu+Idris Do you need it? Buy? /tell

Djjjdmm[PSandOria]: Aeonic Weaponsイオニックウェポン3zone full clearBuy?25m 4/5 start

Yanhoo[PortBastok]: Selling Aeonic/イオニックウェポン 3zones Full clear Buy? 30M /tell

Kooro[SSandOria]: Experience points PL 1-50/0.5m 50-99/1.5m Merit points 1m Reisenjima Fast Cast

Nnmm[SSandOria]: CP Dho Gates Apex Clear Mind 3m/500p autosc Buy? /tell

Feeooo[PSandOria]: Dho Gates Crab 500/2.5m master/10m Fast Cast

Apebasher[PortJeuno]: OdyssHelm/Legs/Feet,HerculeanHelm/Feet/Gloves/Legs,ValorHead/Hose/Hand,MerlinicHandsHead 2m each Do you need it?

Maaaat[SSandOria]: CP 3m/500p 12m/2100p Dho Gates faster autoinvite

Switfafu[Norg]: Selling Empy weapons Abyssea Item 50 50 75 Buy? /tell

Djjjdmm[PSandOria]: Aeonic Weaponsイオニックウェポン3zone full clearBuy?25m 4/5 start

Irohani[PSandOria]: OmenJobCardsDo you need it?1m/run(3-4card/run 15min)

Yanhoo[PortBastok]: Selling Aeonic/イオニックウェポン 3zones Full clear Buy? 30M /tell

Nnmm[SSandOria]: CP Dho Gates Apex Clear Mind 3m/500p autosc Buy? /tell

Nohonh[PortBastok]: Outer Ra'Kaznar CP 3Mil/500point Tachi: Jinpu+Idris Do you need it? Buy? /tell

Djjjdmm[PSandOria]: Aeonic Weaponsイオニックウェポン3zone full clearBuy?25m 4/5 start

Davinn[LowJeuno]: tinnin Item Do you need it? Buy? 2m /tell

Kooro[SSandOria]: Experience points PL 1-50/0.5m 50-99/1.5m Merit points 1m Reisenjima Fast Cast

Brandys[SSandOria]: Ambuscade V1 VD Clear Mind Buy? 3m/spot 2mins to kill 

Switfafu[Norg]: Selling Empy weapons Abyssea Item 50 50 75 Buy? /tell

Maaaat[SSandOria]: CP 3m/500p 12m/2100p Dho Gates faster autoinvite

Feeooo[PSandOria]: Dho Gates Crab 500/2.5m master/10m Fast Cast

Irohani[PSandOria]: OmenJobCardsDo you need it?1m/run(3-4card/run 15min)

Djjjdmm[PSandOria]: Aeonic Weaponsイオニックウェポン3zone full clearBuy?25m 4/5 start

Nnmm[SSandOria]: CP Dho Gates Apex Clear Mind 3m/500p autosc Buy? /tell

Yanhoo[PortBastok]: Selling Aeonic/イオニックウェポン 3zones Full clear Buy? 30M /tell

Brandys[SSandOria]: Ambuscade V1 VD Clear Mind Buy? 3m/spot 2mins to kill 

Nohonh[PortBastok]: Outer Ra'Kaznar CP 3Mil/500point Tachi: Jinpu+Idris Do you need it? Buy? /tell

Hiyohiya[Mhaura]: Ambuscade v1 vd win 3m /tell

Gokin[Rabao]: Odyssey C Farm Looking for members. PLD RUN WHM COR BRD DD /tell

Djjjdmm[PSandOria]: Aeonic Weaponsイオニックウェポン3zone full clearBuy?25m 4/5 start

Switfafu[Norg]: Selling Empy weapons Abyssea Item 50 50 75 Buy? /tell

Irohani[PSandOria]: OmenJobCardsDo you need it?1m/run(3-4card/run 15min)

Kooro[SSandOria]: Experience points PL 1-50/0.5m 50-99/1.5m Merit points 1m Reisenjima Fast Cast

Nnmm[SSandOria]: CP Dho Gates Apex Clear Mind 3m/500p autosc Buy? /tell

Maaaat[SSandOria]: CP 3m/500p 12m/2100p Dho Gates faster autoinvite

Feeooo[PSandOria]: Dho Gates Crab 500/2.5m master/10m Fast Cast

Brandys[SSandOria]: Ambuscade V1 VD Clear Mind Buy? 3m/spot 2mins to kill 

Yanhoo[PortBastok]: Selling Aeonic/イオニックウェポン 3zones Full clear Buy? 30M /tell

Gokin[Rabao]: Odyssey C Farm Looking for members. PLD RUN WHM COR BRD 2/6 /tell

Djjjdmm[PSandOria]: Aeonic Weaponsイオニックウェポン3zone full clearBuy?25m 4/5 start

Apebasher[PortJeuno]: OdyssHelm/Legs/Feet,HerculeanHelm/Feet/Gloves/Legs,ValorHead/Hose/Hand,MerlinicHandsHead 2m each Do you need it?

Hiyohiya[Mhaura]: Ambuscade v1 vd win 3m /tell

Switfafu[Norg]: Selling Empy weapons Abyssea Item 50 50 75 Buy? /tell

Nohonh[PortBastok]: Outer Ra'Kaznar CP 3Mil/500point Tachi: Jinpu+Idris Do you need it? Buy? /tell

Nnmm[SSandOria]: CP Dho Gates Apex Clear Mind 3m/500p autosc Buy? /tell

Irohani[PSandOria]: OmenJobCardsDo you need it?1m/run(3card~/run 15min)

Djjjdmm[PSandOria]: Aeonic Weaponsイオニックウェポン3zone full clearBuy?25m 4/5 start

Brandys[SSandOria]: Ambuscade V1 VD Clear Mind Buy? 3m/spot 2mins to kill 

Maaaat[SSandOria]: CP 3m/500p 12m/2100p Dho Gates faster autoinvite

Kooro[SSandOria]: Experience points PL 1-50/0.5m 50-99/1.5m Merit points 1m Reisenjima Fast Cast

Yanhoo[PortBastok]: Selling Aeonic/イオニックウェポン 3zones Full clear Buy? 30M /tell

Zirow[NSandOria]: Odin VD / Alexander VD / Cait Sith VD Mercenary Do you need it? Buy? /tell please

Feeooo[PSandOria]: Dho Gates Crab 500/2.5m master/10m Fast Cast

Djjjdmm[PSandOria]: Aeonic Weaponsイオニックウェポン3zone full clearBuy?25m 4/5 start

Nnmm[SSandOria]: CP Dho Gates Apex Clear Mind 3m/500p autosc Buy? /tell

Wakakaz[PortWind]: Outer Ra'Kaznar Apex Bat 500./3mil Tachi: Jinpu geo x2 Very Fast All Time Party /tell 

Switfafu[Norg]: Selling Empy weapons Abyssea Item 50 50 75 Buy? /tell

Irohani[PSandOria]: OmenJobCardsDo you need it?1m/run(3card~/run 15min)

Brandys[SSandOria]: Ambuscade V1 VD Clear Mind Buy? 3m/spot 2mins to kill 

Nohonh[PortBastok]: Outer Ra'Kaznar CP 3Mil/500point Tachi: Jinpu+Idris Do you need it? Buy? /tell

Turntablst[PSandOria]: Mars Orbx8 PLEASE BUY! Do you need it? Buy? /tell Thank you.

Gokin[Rabao]: Odyssey C Farm Looking for members. PLD or RUN 5/6 /tell

Davinn[LowJeuno]: tinnin Item Do you need it? Buy? 2m /tell

Djjjdmm[PSandOria]: Aeonic Weaponsイオニックウェポン3zone full clearBuy?25m 4/5 start

Yanhoo[PortBastok]: Selling Aeonic/イオニックウェポン 3zones Full clear Buy? 30M /tell

Wooslei[PortJeuno]: Life-form Study Blue magic+ book Do you need it? Cheaper than AH! (F-8)

Nnmm[SSandOria]: CP Dho Gates Apex Clear Mind 3m/500p autosc Buy? /tell

Maaaat[SSandOria]: CP 3m/500p 12m/2100p Dho Gates faster autoinvite

Kooro[SSandOria]: Experience points PL 1-50/0.5m 50-99/1.5m Merit points 1m Reisenjima Fast Cast

Brandys[SSandOria]: Ambuscade V1 VD Clear Mind Buy? 3m/spot 2mins to kill 

Switfafu[Norg]: Selling Empy weapons Abyssea Item 50 50 75 Buy? /tell

Feeooo[PSandOria]: Dho Gates Crab 500/2.5m master/10m Fast Cast

Djjjdmm[PSandOria]: Aeonic Weaponsイオニックウェポン3zone full clearBuy?25m 4/5 start

Khameleon[PSandOria]: A fuckin Bonanza Buiscuit... SE your full of shit!!!!!!!

Nohonh[PortBastok]: Outer Ra'Kaznar CP 3Mil/500point Tachi: Jinpu+Idris Do you need it? Buy? /tell

Takomunch[RuLudeGard]: o.o * quietly monches on cookie in a corner *

Irohani[PSandOria]: OmenJobCardsDo you need it?1m/run(3card~/run 15min)

Nnmm[SSandOria]: CP Dho Gates Apex Clear Mind 3m/500p autosc Buy? /tell

Yanhoo[PortBastok]: Selling Aeonic/イオニックウェポン 3zones Full clear Buy? 30M /tell

Djjjdmm[PSandOria]: Aeonic Weaponsイオニックウェポン3zone full clearBuy?25m 4/5 start

Splendid[Rabao]: it's you're* full of shit

Brandys[SSandOria]: Ambuscade V1 VD Clear Mind Buy? 3m/spot 2mins to kill 

Timander[Mhaura]: Apademak pop x1 Buy?

Shuyan[RuLudeGard]: Omen Kei Kyou Kin Gin Fu Mercenary Do you need it? Buy? /tell

Aurgemir[Mhaura]: u can munch on the biscuit XD

Maaaat[SSandOria]: CP 3m/500p 12m/2100p Dho Gates faster autoinvite

Switfafu[Norg]: Selling Empy weapons Abyssea Item 50 50 75 Buy? /tell

Khameleon[PSandOria]: I meant that typo...

Davinn[LowJeuno]: tinnin Item Do you need it? Buy? 2m /tell

Kooro[SSandOria]: Experience points PL 1-50/0.5m 50-99/1.5m Merit points 1m Reisenjima Fast Cast

Gokin[Rabao]: Odyssey C Farm Looking for members. PLD or RUN 5/6 /tell

Djjjdmm[PSandOria]: Aeonic Weaponsイオニックウェポン3zone full clearBuy?25m 5min start

Nnmm[SSandOria]: CP Dho Gates Apex Clear Mind 3m/500p autosc Buy? /tell

Irohani[PSandOria]: OmenJobCardsDo you need it?1m/run(3card~/run 15min)

Feeooo[PSandOria]: Dho Gates Crab 500/2.5m master/10m Fast Cast

Bactia[Whitegate]: Tinnin Item Do you need it? Buy? 2M /tell me

Yanhoo[PortBastok]: Selling Aeonic/イオニックウェポン 3zones Full clear Buy? 30M /tell

Brandys[SSandOria]: Ambuscade V1 VD Clear Mind Buy? 3m/spot 2mins to kill 

Wakakaz[PortWind]: Outer Ra'Kaznar Apex Bat 500./3mil Tachi: Jinpu geo x2 Very Fast All Time Party /tell 

Nohonh[PortBastok]: Outer Ra'Kaznar CP 3Mil/500point Tachi: Jinpu+Idris Do you need it? Buy? /tell

Spicyryan[Rabao]: sounds like you earned that bonanza biscuit that that attitude, its certainly your BIScuit

Djjjdmm[PSandOria]: Aeonic Weaponsイオニックウェポン3zone full clearBuy?25m 5min start

Switfafu[Norg]: Selling Empy weapons Abyssea Item 50 50 75 Buy? /tell

Gokin[Rabao]: Odyssey C Farm Looking for members. PLD or RUN 5/6 /tell

Maaaat[SSandOria]: CP 3m/500p 12m/2100p Dho Gates faster autoinvite

Nnmm[SSandOria]: CP Dho Gates Apex Clear Mind 3m/500p autosc Buy? /tell

Irohani[PSandOria]: OmenJobCardsDo you need it?1m/run(3card~/run 15min)

Brandys[SSandOria]: Ambuscade V1 VD Clear Mind Buy? 3m/spot 2mins to kill 

Kooro[SSandOria]: Experience points PL 1-50/0.5m 50-99/1.5m Merit points 1m Reisenjima Fast Cast

Yanhoo[PortBastok]: Selling Aeonic/イオニックウェポン 3zones Full clear Buy? 30M /tell

Djjjdmm[PSandOria]: Aeonic Weaponsイオニックウェポン3zone full clearBuy?25m 5min start

Spicyryan[Rabao]: my pun was ruined by a typo. how sad.

Feeooo[PSandOria]: Dho Gates Crab 500/2.5m master/10m Fast Cast

Bactia[Whitegate]: Tinnin Item Do you need it? Buy? 2M /tell me

Shuyan[RuLudeGard]: Omen Kyou neck 12M Earring 8M Buy? /tell

Nohonh[PortBastok]: Outer Ra'Kaznar CP 3Mil/500point Tachi: Jinpu+Idris Do you need it? Buy? /tell

Nnmm[SSandOria]: CP Dho Gates Apex Clear Mind 3m/500p autosc Buy? /tell

Switfafu[Norg]: Selling Empy weapons Abyssea Item 50 50 75 Buy? /tell

Djjjdmm[PSandOria]: Aeonic Weaponsイオニックウェポン3zone full clearBuy?25m 5min start

Brandys[SSandOria]: Ambuscade V1 VD Clear Mind Buy? 3m/spot 2mins to kill 

Irohani[PSandOria]: OmenJobCardsDo you need it?1m/run(3card~/run 15min)

Evilmisono[SSandOria]: Ou Looking for members. Geo   available: Cuffs, Regal Gloves&Captain, Gauntlet, Earring and ammo. /tell

Maaaat[SSandOria]: CP 3m/500p 12m/2100p Dho Gates faster autoinvite

Shuyan[RuLudeGard]: Omen Kyou neck 12M Earring 8M Buy? /tell

Yanhoo[PortBastok]: Selling Aeonic/イオニックウェポン 3zones Full clear Buy? 30M /tell

Kooro[SSandOria]: Experience points PL 1-50/0.5m 50-99/1.5m Merit points 1m Reisenjima Fast Cast

Djjjdmm[PSandOria]: Aeonic Weaponsイオニックウェポン3zone full clearBuy?25m 5min start

Nnmm[SSandOria]: CP Dho Gates Apex Clear Mind 3m/500p autosc Buy? /tell

Gokin[Rabao]: Odyssey C Farm Looking for members. PLD or RUN 5/6 /tell

Bactia[Whitegate]: Tinnin Item Do you need it? Buy? 2M /tell me

Switfafu[Norg]: Selling Empy weapons Abyssea Item 50 50 75 Buy? /tell

Feeooo[PSandOria]: Dho Gates Crab 500/2.5m master/10m Fast Cast

Nohonh[PortBastok]: Outer Ra'Kaznar CP 3Mil/500point Tachi: Jinpu+Idris Do you need it? Buy? /tell

Irohani[PSandOria]: OmenJobCardsDo you need it?1m/run(3card~/run 15min)

Evilmisono[SSandOria]: Ou Looking for members. Geo   available: Cuffs, Regal Gloves&Captain, Gauntlet, Earring and ammo. /tell

Djjjdmm[PSandOria]: Aeonic Weaponsイオニックウェポン3zone full clearBuy?25m 5min start

Shuyan[RuLudeGard]: Omen Kyou neck 12M Earring 8M Buy? /tell

Yanhoo[PortBastok]: Selling Aeonic/イオニックウェポン 3zones Full clear Buy? 30M /tell

Maaaat[SSandOria]: CP 3m/500p 12m/2100p Dho Gates faster autoinvite

Nnmm[SSandOria]: CP Dho Gates Apex Clear Mind 3m/500p autosc Buy? /tell

Timander[Mhaura]: Itzpapalotl pop x1 Buy?

Gokin[Rabao]: Odyssey C Farm Looking for members. PLD or RUN 5/6 /tell

Bactia[Whitegate]: Tinnin Item Do you need it? Buy? 2M /tell me

Evilmisono[SSandOria]: Ou Looking for members. Geo   available: Cuffs, Regal Gloves&Captain , Earring and ammo. /tell

Switfafu[Norg]: Selling Empy weapons Abyssea Item 50 50 75 Buy? /tell

Djjjdmm[PSandOria]: Aeonic Weaponsイオニックウェポン3zone full clearBuy?25m 5min start

Kooro[SSandOria]: Experience points PL 1-50/0.5m 50-99/1.5m Merit points 1m Reisenjima Fast Cast

Wakakaz[PortWind]: Outer Ra'Kaznar Apex Bat 500./3mil Tachi: Jinpu geo x2 Very Fast All Time Party /tell 

Shuyan[RuLudeGard]: Omen Kyou neck 10M Earring 6M Buy? /tell

Nohonh[PortBastok]: Outer Ra'Kaznar CP 3Mil/500point Tachi: Jinpu+Idris Do you need it? Buy? /tell

Feeooo[PSandOria]: Dho Gates Crab 500/2.5m master/10m Fast Cast

Irohani[PSandOria]: OmenJobCardsDo you need it?1m/run(3card~/run 15min)

Nnmm[SSandOria]: CP Dho Gates Apex Clear Mind 3m/500p autosc Buy? /tell

Yanhoo[PortBastok]: Selling Aeonic/イオニックウェポン 3zones Full clear Buy? 30M /tell

Shroomie[PortWind]: Ambuscade V1D+ Do you need it? cor brd whm DD Can I have it?

Djjjdmm[PSandOria]: Aeonic Weaponsイオニックウェポン3zone full clearBuy?25m 5min start

Gokin[Rabao]: Odyssey C Farm Looking for members. PLD or RUN 5/6 /tell

Evilmisono[SSandOria]: Ou Looking for members. Geo   available: Cuffs, Regal Gloves&Captain , Earring and ammo. /tell

Bactia[Whitegate]: Tinnin Item Do you need it? Buy? 2M /tell me

Maaaat[SSandOria]: CP 3m/500p 12m/2100p Dho Gates faster autoinvite

Switfafu[Norg]: Selling Empy weapons Abyssea Item 50 50 75 Buy? /tell

Djjjdmm[PSandOria]: Aeonic Weaponsイオニックウェポン3zone full clearBuy?25m 5min start

Nnmm[SSandOria]: CP Dho Gates Apex Clear Mind 3m/500p autosc Buy? /tell

Irohani[PSandOria]: OmenJobCardsDo you need it?1m/run(3card~/run 15min)

Kooro[SSandOria]: Experience points PL 1-50/0.5m 50-99/1.5m Merit points 1m Reisenjima Fast Cast

Nohonh[PortBastok]: Outer Ra'Kaznar CP 3Mil/500point Tachi: Jinpu+Idris Do you need it? Buy? /tell

Bactia[Whitegate]: Tinnin Item Do you need it? Buy? 2M /tell me

Tations[Rabao]: Kalunga V15 Looking for members. REMA BRD, IGEO, yWHM PST

Shroomie[PortWind]: Ambuscade V1D+ Do you need it? cor brd whm DD Can I have it?

Yanhoo[PortBastok]: Selling Aeonic/イオニックウェポン 3zones Full clear Buy? 30M /tell

Apebasher[PortJeuno]: OdyssHelm/Legs/Feet,HerculeanHelm/Feet/Gloves/Legs,ValorHead/Hose/Hand,MerlinicHandsHead 2m each Do you need it?

Djjjdmm[PSandOria]: Aeonic Weaponsイオニックウェポン3zone full clearBuy?25m 5min start

Switfafu[Norg]: Selling Empy weapons Abyssea Item 50 50 75 Buy? /tell

Irohani[PSandOria]: OmenJobCardsDo you need it?1m/run(3card~/run 15min)

Maaaat[SSandOria]: CP 3m/500p 12m/2100p Dho Gates faster autoinvite

Timander[Mhaura]: Orthrus pop x1 Buy?

Nnmm[SSandOria]: CP Dho Gates Apex Clear Mind 3m/500p autosc Buy? /tell

Djjjdmm[PSandOria]: Aeonic Weaponsイオニックウェポン3zone full clearBuy?25m 5min start

Yanhoo[PortBastok]: Selling Aeonic/イオニックウェポン 3zones Full clear Buy? 30M /tell

Nohonh[PortBastok]: Outer Ra'Kaznar CP 3Mil/500point Tachi: Jinpu+Idris Do you need it? Buy? /tell

Shuyan[Mhaura]: Kyou body 30M Buy? /tell

Bactia[Whitegate]: Tinnin Item Do you need it? Buy? 2M /tell me

Kooro[SSandOria]: Experience points PL 1-50/0.5m 50-99/1.5m Merit points 1m Reisenjima Fast Cast

Nnmm[SSandOria]: CP Dho Gates Apex Clear Mind 3m/500p autosc Buy? /tell

Shroomie[PortWind]: Ambuscade V1D+ Do you need it? brd whm  Can I have it?

Switfafu[Norg]: Selling Empy weapons Abyssea Item 50 50 75 Buy? /tell

Irohani[PSandOria]: OmenJobCardsDo you need it?1m/run(3card~/run 15min)

Djjjdmm[PSandOria]: Aeonic Weaponsイオニックウェポン3zone full clearBuy?25m 5min start

Timander[Mhaura]: Itzpapalotl pop x1 Buy?

Wakakaz[PortWind]: Outer Ra'Kaznar Apex Bat 500./3mil Tachi: Jinpu geo x2 Very Fast All Time Party /tell 

Maaaat[SSandOria]: CP 3m/500p 12m/2100p Dho Gates faster autoinvite

Alkander[NSandOria]: anyone selling Lilith VD? need 2 pieces

Yanhoo[PortBastok]: Selling Aeonic/イオニックウェポン 3zones Full clear Buy? 30M /tell

Irohani[PSandOria]: OmenJobCardsDo you need it?1m/run(3card~/run 15min)

Tations[Rabao]: Kalunga V15 Looking for members. IGEO, yWHM PST

Djjjdmm[PSandOria]: Aeonic Weaponsイオニックウェポン3zone full clearBuy?25m 5min start

Nnmm[SSandOria]: CP Dho Gates Apex Clear Mind 3m/500p autosc Buy? /tell

Timander[Mhaura]: Apademak pop x1 Buy?

Nohonh[PortBastok]: Outer Ra'Kaznar CP 3Mil/500point Tachi: Jinpu+Idris Do you need it? Buy? /tell

Shroomie[PortWind]: Ambuscade V1D+ Do you need it? brd   Can I have it?

Bactia[Whitegate]: Tinnin Item Do you need it? Buy? 2M /tell me

Davinn[LowJeuno]: tinnin Item Do you need it? Buy? 2m /tell

Switfafu[Norg]: Selling Empy weapons Abyssea Item 50 50 75 Buy? /tell

Kooro[SSandOria]: Experience points PL 1-50/0.5m 50-99/1.5m Merit points 1m Reisenjima Fast Cast

Irohani[PSandOria]: OmenJobCardsDo you need it?1m/run(3card~/run 15min)

Djjjdmm[PSandOria]: Aeonic Weaponsイオニックウェポン3zone full clearBuy?25m 5min start

Waryd[BastokMark]: CP Dho Gates 500/3m  Idris x2 Tachi: Jinpu very fast 

Shroomie[PortWind]: Ambuscade V1D+ Do you need it? brd   Can I have it?

Bactia[Whitegate]: Tinnin Item Do you need it? Buy? 2M /tell me

Yanhoo[PortBastok]: Selling Aeonic/イオニックウェポン 3zones Full clear Buy? 30M /tell

Maaaat[SSandOria]: CP 3m/500p 12m/2100p Dho Gates faster autoinvite

Nnmm[SSandOria]: CP Dho Gates Apex Clear Mind 3m/500p autosc Buy? /tell

Timander[Mhaura]: Orthrus pop x1 Buy?

Shuyan[Mhaura]: Kyou body 30M Buy? /tell

Djjjdmm[PSandOria]: Aeonic Weaponsイオニックウェポン3zone full clearBuy?25m 5min start

Kimmumu examines you.
Switfafu[Norg]: Selling Empy weapons Abyssea Item 50 50 75 Buy? /tell

Nohonh[PortBastok]: Outer Ra'Kaznar CP 3Mil/500point Tachi: Jinpu+Idris Do you need it? Buy? /tell

Bactia[Whitegate]: Tinnin Item Do you need it? Buy? 2M /tell me

Alkander[NSandOria]: anyone selling Lilith VD? need 2 pieces

Kooro[SSandOria]: Experience points PL 1-50/0.5m 50-99/1.5m Merit points 1m Reisenjima Fast Cast

Irohani[PSandOria]: OmenJobCardsDo you need it?1m/run(3card~/run 15min)

Nnmm[SSandOria]: CP Dho Gates Apex Clear Mind 3m/500p autosc Buy? /tell

Yanhoo[PortBastok]: Selling Aeonic/イオニックウェポン 3zones Full clear Buy? 30M /tell

Djjjdmm[PSandOria]: Aeonic Weaponsイオニックウェポン3zone full clearBuy?25m 5min start

Shuyan[Mhaura]: Kyou body 30M Buy? /tell

Maaaat[SSandOria]: CP 3m/500p 12m/2100p Dho Gates faster autoinvite

Timander[Mhaura]: Itzpapalotl pop x1 Buy?

Shroomie[PortWind]: Ambuscade V1D+ Do you need it? brd   Can I have it?

Switfafu[Norg]: Selling Empy weapons Abyssea Item 50 50 75 Buy? /tell

Bactia[Whitegate]: Tinnin Item Do you need it? Buy? 2M /tell me

Tations[Rabao]: Kalunga V15 Looking for members. yWHM PST

Irohani[PSandOria]: OmenJobCardsDo you need it?1m/run(3card~/run 15min)

Nohonh[PortBastok]: Outer Ra'Kaznar CP 3Mil/500point Tachi: Jinpu+Idris Do you need it? Buy? /tell

Djjjdmm[PSandOria]: Aeonic Weaponsイオニックウェポン3zone full clearBuy?25m 5min start

Nnmm[SSandOria]: CP Dho Gates Apex Clear Mind 3m/500p autosc Buy? /tell

Yanhoo[PortBastok]: Selling Aeonic/イオニックウェポン 3zones Full clear Buy? 30M /tell

Kooro[SSandOria]: Experience points PL 1-50/0.5m 50-99/1.5m Merit points 1m Reisenjima Fast Cast

Shroomie[PortWind]: Ambuscade V1D+ Do you need it? brd   Can I have it?

Djjjdmm[PSandOria]: Aeonic Weaponsイオニックウェポン3zone full clearBuy?25m 5min start

Irohani[PSandOria]: OmenJobCardsDo you need it?1m/run(3card~/run 15min)

Timander[Mhaura]: Orthrus pop x1 Buy?

Maaaat[SSandOria]: CP 3m/500p 12m/2100p Dho Gates faster autoinvite

Switfafu[Norg]: Selling Empy weapons Abyssea Item 50 50 75 Buy? /tell

Nnmm[SSandOria]: CP Dho Gates Apex Clear Mind 3m/500p autosc Buy? /tell

Executing shutdown in 30 seconds.Cancel healing to remain logged in.
Nohonh[PortBastok]: Outer Ra'Kaznar CP 3Mil/500point Tachi: Jinpu+Idris Do you need it? Buy? /tell

Djjjdmm[PSandOria]: Aeonic Weaponsイオニックウェポン3zone full clearBuy?25m 5min start

Executing shutdown in 25 seconds.Cancel healing to remain logged in.
Yanhoo[PortBastok]: Selling Aeonic/イオニックウェポン 3zones Full clear Buy? 30M /tell

Tations[Rabao]: Kalunga V15 Looking for members. yWHM PST

Executing shutdown in 20 seconds.Cancel healing to remain logged in.
Bactia[Whitegate]: Tinnin Item Do you need it? Buy? 2M /tell me

Shroomie[PortWind]: Ambuscade V1D+ Do you need it? brd DD  Can I have it?

Evilmisono[SSandOria]: Regal Earring, Ammo buy

Executing shutdown in 15 seconds.Cancel healing to remain logged in.
Irohani[PSandOria]: OmenJobCardsDo you need it?1m/run(3card~/run 15min)

Executing shutdown in 10 seconds.Cancel healing to remain logged in.
Executing shutdown in 5 seconds.Cancel healing to remain logged in.
Nnmm[SSandOria]: CP Dho Gates Apex Clear Mind 3m/500p autosc Buy? /tell

