=== Area: Lower Jeuno ===
Welcome, Memento Mori!
Did you know if you subscribe to Guildwork Premium (guildwork.com/premium) you can get cross-zone shouts, AH notifications, Bazaar notifications, Remote chat and more?
Add this character to Guildwork by typing /gw flush --add
*****DP Job Selection:SAM*****
Mode: Default.
You have undertaken the limited-time Records of Eminence challenge ‡²Magic Damage Kills.‡³
This area is currently affected by the Super Kupower: ‡²Thrifty Transit‡³!This area is currently affected by the Super Kupower: ‡²Treasure Hound‡³!This area is currently affected by the Super Kupower: ‡²Artisan's Advantage‡³!
The maximum number of people are already participating in Unity chat. Please try again later.
<<< Welcome to Asura! >>>
On May 9, 2021 22:00 to 23:30 (PDT) / May 10, 2021 from 5:00 to 6:30 (GMT) / May 10, 2021 from 6:00 to 7:30 (BST), we will be performing maintenance on all Worlds. During the maintenance, FINAL FANTASY XI will be unavailable. Please be aware that once maintenance begins, you will be automatically logged out of the server. See the Information section for more details.
Ereagon's title: Fu Fighter
The maximum number of people are already participating in Unity chat. Please try again later.
This area is currently affected by the Super Kupower: ‡²Thrifty Transit‡³!This area is currently affected by the Super Kupower: ‡²Treasure Hound‡³!This area is currently affected by the Super Kupower: ‡²Artisan's Advantage‡³!
findAll Notice: findAll has not detected a fully loaded inventory yet.
findAll: Searching: :Emsix bullwh
findAll: You have no items that match 'bullwh' on the specified characters.
findAll Notice: findAll has not detected a fully loaded inventory yet.
findAll: Searching: :Emsix bullwh
findAll: You have no items that match 'bullwh' on the specified characters.
findAll Notice: findAll has not detected a fully loaded inventory yet.
findAll: Searching: :Emsix bullwh
findAll: You have no items that match 'bullwh' on the specified characters.
Moogle : I'll look after your items, kupo!
findAll: Searching: :Emsix bullwh
findAll: Emsix/safe: Bullwhip Belt
findAll: Total: 1
Moogle : I'll look after your items, kupo!
Moogle : Is my assistance reaching you, Master? Your Mog House is currently aglow with faint fire energy, kupo!
Your Mog Locker lease is valid until 2026/10/28 16:09:08, kupo.
