[2]<Uvyu> Waste of gilz

{Sylvie} Oh wow, good job, everyone! That Quetzalcoatl guy in Reisenjima is all beaten up. I think we won! Yay!
{Sylvie} Currently, we have taken down 11395 monsters in a row, which gives us a not-so-shabby total of 119014 monsters defeated.
[2]<Warmoose> not as bad as dropping them into +1 necks

{Sylvie} Okay, everyone! I just had the weirdest vision. In the next 10 minutes, somebody called á≤Azi Dahakaá≥ will be showing up in Escha - Zi'Tah, somewhere around H-8! Is that good?
[2]<Warmoose> alright check it out

[2]<Uvyu> Check what out

[2]<Warmoose> mule army

[2]<Warmoose> we qeue up, they qeue up

[2]<Warmoose> 45 minutes later

[2]<Warmoose> we sell their qeue spot

[2]<Warmoose> to 5 people

[2]<Uvvu> Daaaang

[2]<Uvvu> Lol what a great idea

[2]<Warmoose> lol now we're just coming up with stupid way sto make gil

[2]<Uvyu> Idk I like it

[2]<Uvyu> I'd do it on my elf.

[2]<Uvyu> They'd have a tank at least

[2]<Warmoose> V20 bumba shout Ironbars 3/6

[2]<Sensarity> "RP run" though

[2]<Sensarity> Like...

[2]<Sensarity> gives me the impression they aren't even gonna try and kill

[2]<Yuceda> back

[2]<Uvyu> Baby got

[2]<Warmoose> my anaconda dont

{Sylvie} There appears to be a unit separate from Azi Dahaka out there. Please head to Escha - Zi'Tah (H-8) and investigate.
{Theseuss} getting lil better each day and u?

{Theseuss} mt

{Sylvie} Uh-oh! He's here! That Azi Dahaka guy's showed up in Escha - Zi'Tah around H-8, and he seems super duper mad.
{Eightytwo} .

{Sabuchinn} .

{Sylvie} Oh wow, good job, everyone! That Azi Dahaka guy in Escha - Zi'Tah is all beaten up. I think we won! Yay!
{Sylvie} Currently, we have taken down 11396 monsters in a row, which gives us a not-so-shabby total of 119015 monsters defeated.
{Sylvie} Okay, everyone! I just had the weirdest vision. In the next 10 minutes, somebody called á≤Naga Rajaá≥ will be showing up in Escha - Ru'Aun, somewhere around H-9! Is that good?
Ruspix : Care to browse my special list?
Ruspix : Care to browse my special list?
Ruspix : Care to browse my special list?
Ruspix : You can't use the Ruspix's plate for another 62497 seconds (Earth time).
Ruspix : You can't use the Ruspix's plate for another 62497 seconds (Earth time).
Ruspix : You can't use the Ruspix's plate for another 62497 seconds (Earth time).
Ruspix : Your shiny Ra'Kaznarian plate will regenerate in 18 hours.
Ruspix : Your shiny Ra'Kaznarian plate will regenerate in 18 hours.
Ruspix : Your shiny Ra'Kaznarian plate will regenerate in 18 hours.
Ruspix : To reforge empyrean armor to 119+2, I'll need the 119+1 version of the empyrean armor piece, a Ra'Kaznar sapphire, and 10000 gallimaufry. Would you like to see what the end result will look like?
Ruspix : To reforge empyrean armor to 119+2, I'll need the 119+1 version of the empyrean armor piece, a Ra'Kaznar sapphire, and 10000 gallimaufry. Would you like to see what the end result will look like?
Ruspix : To reforge empyrean armor to 119+2, I'll need the 119+1 version of the empyrean armor piece, a Ra'Kaznar sapphire, and 10000 gallimaufry. Would you like to see what the end result will look like?
[2]<Yuceda> :v

Sensarity invites you to her party.
[2]<Warmoose> yay or nay?

{Sylvie} There appears to be a unit separate from Naga Raja out there. Please head to Escha - Ru'Aun (H-9) and investigate.
[2]<Yuceda> lol nah

[2]<Uvvu> Come do Einherjar my frands

[2]<Yuceda> He says 200m is to much

[2]<Yuceda> k

[2]<Yuceda> inv

superwarp: Warping via Home Point #1 to Caedarva Mire.
=== Area: Caedarva Mire ===
{Sylvie} Uh-oh! He's here! That Naga Raja guy's showed up in Escha - Ru'Aun around H-9, and he seems super duper mad.
[2]<Uvvu> Lol ask him how long he's willing to be at V20

=== Area: Hazhalm Testing Grounds ===
The maximum number of people are already participating in Unity chat. Please try again later.
[2]<Yuceda> moose not doing ein?

Yuceda : T47 Can I have it?

Sensarity : 300m

[2]<Uvvu> I can't invite for some reason

Yuceda : Pffft Too weak

Uvvu invites you to join a party.
Yuceda : inv now

[2]<Warmoose> 4 page card line

[2]<Warmoose> yuc you coming here after?

[2]<Yuceda> dynamis time foo

[2]<Warmoose> oh crap. i thought it was 30 minutes earlier than it was

[2]<Uvvu> You still carrying pplz?

[2]<Uvvu> Like an alliance of pplz?

[2]<Warmoose> gimme one sec and i brt

[2]<Warmoose> carry is a nice way of putting it

[2]<Yuceda> This negro...We alrdy killed odin 3 times

(Sensarity) you guys doing dyna soon?

(Yuceda) yea

[2]<Uvvu> Yo that's my NeBro

(Sensarity) queue is gonna be interesting for Sortie

[2]<Yuceda> lol

(Sensarity) Might be worth trying to pre-que before segs somehow

(Yuceda) Have Gnar sit out there with us 6 in pt then go do segs

(Sensarity) yea

(Yuceda) Worst come to worst we reque

Uvvu : Lol that is the worst

(Uvvu) Lol that is the worst

(Sensarity) If we have to requeue because we missed, it'll mean the queue is short anyway

(Yuceda) lol w/e works 

[2]<Warmoose> zoning sooon

Koatsa : it dont even be nobody in there

Dwellingg : true, shits whack.

Sensarity wishes to trade with you.
Trade complete.
Koatsa : t3 Can I have it?

(Warmoose) its a par tea

Warmoose : 25M

(Uvyu) I got you in Bazaar moose

(Yuceda) Parley?

(Warmoose) lmao

(Warmoose) im too pour

The group leader has not yet entered the chamber. Entry denied.
(Uvvu) Buy it bich

Preparing teleport to Hazhalm Testing Grounds - Gerhilde's Chamber.
Preparing teleport to Hazhalm Testing Grounds - Gerhilde's Chamber.
Preparing teleport to Hazhalm Testing Grounds - Gerhilde's Chamber.
Balberry : lamp please

Abort: You don't have access to [Protectra V].
[Arayala] Nightingale Å® Arayala
(Uvvu) Take my lamp, I dare ya

[Arayala] Troubadour Å® Arayala
[Sensarity] Aquaveil Å® Sensarity
[Arayala] Marcato Å® Arayala
Abort: You don't have access to [Shellra V].
Sensarity Aquaveil Å® Sensarity (Aquaveil)
[Arayala] Honor March Å® Arayala
Arayala Honor March Å® {4}: Arayala, Sensarity, Yuceda, and Kateye (March)
[Sensarity] Erratic Flutter Å® Sensarity
Sensarity Erratic Flutter Å® Sensarity (Haste)
Abort: You don't have access to [Boost-STR].
[Arayala] Valor Minuet IV Å® Arayala
Arayala Valor Minuet IV Å® {5}: Arayala, Yuceda, Uvvu, Sensarity, and Kateye (Minuet)
[Sensarity] Occultation Å® Sensarity
Sensarity Occultation Å® Sensarity (Blink)
(Uvvu) I had to rub it 3 times on my genny

Abort: You don't have access to [Auspice].
[Arayala] Fowl Aubade Å® Arayala
Arayala Fowl Aubade Å® {5}: Arayala, Yuceda, Uvvu, Sensarity, and Kateye (Aubade)
[Sensarity] Reactor Cool Å® Sensarity
(Uvvu) To get my wish

[Arayala] Shining Fantasia Å® Arayala
Arayala Shining Fantasia Å® {5}: Arayala, Yuceda, Uvvu, Sensarity, and Kateye (Fantasia)
Sensarity Reactor Cool Å® Sensarity (Defense Boost)
(Yuceda) :o Can I have it?

[Sensarity] Battery Charge Å® Sensarity
[Arayala] Valor Minuet V Å® Arayala
Arayala Valor Minuet V Å® {5}: Arayala, Yuceda, Uvvu, Sensarity, and Kateye (Minuet)
Sensarity Battery Charge Å® Sensarity (Refresh)
(Uvyu) :O

[Uvyu] Battery Charge Å® Uvyu
Uvyu Battery Charge Å® Uvyu (Refresh)
[Sensarity] Phalanx Å® Sensarity
[Arayala] Victory March Å® Arayala
Arayala Victory March Å® {5}: Arayala, Yuceda, Uvvu, Sensarity, and Kateye (March)
Sensarity Phalanx Å® Sensarity (Phalanx)
[Arayala] Pianissimo Å® Arayala
(Uvyu) Keep  an eye on Moose

[Arayala] Mage's Ballad III Å® Kateye
Arayala Mage's Ballad III Å® Kateye (Ballad)
(Yuceda) With pubs and everything

[Yuceda] Hasso Å® Yuceda
[Yuceda] Meditate Å® Yuceda
(Warmoose) lmaop

[Warmoose] Army's Paeon IV Å® Warmoose
Warmoose Army's Paeon IV Å® Warmoose (Paeon)
[Warmoose] Army's Paeon V Å® Warmoose
Warmoose Army's Paeon V Å® Warmoose (Paeon)
You find a page from Balrahn's Reflections on the Odin's Jester.
[Warmoose] Herb Pastoral Å® Warmoose
You find a page from Balrahn's Reflections on the Odin's Jester.
[2]<Uvyu> Don't you do it Moose!

Warmoose Herb Pastoral Å® Warmoose (Pastoral)
(Warmoose) got dynamis, cant do it

(Warmoose) otherwise, normally.. yes

[Warmoose] Valor Minuet V Å® Warmoose
Uvvu grins roguishly at Warmoose.
Warmoose Valor Minuet V Å® Warmoose (Minuet)
(Uvyu) XD

[Warmoose] Valor Minuet IV Å® Warmoose
Warmoose Valor Minuet IV Å® Warmoose (Minuet)
(Warmoose) its funner in PUGs tbh

[2]<Agrestic> do it moose

[Kateye] Dark Arts Å® Kateye
[Warmoose] Victory March Å® Warmoose
Warmoose Victory March Å® Warmoose (March)
(Sensarity) lmao

(Uvyu) lmao ya it is

[Warmoose] Honor March Å® Warmoose
Warmoose Honor March Å® Warmoose (March)
[2]<Warmoose> dont tell me how to run my life

(Uvyu) Or confusing Tunic

[2]<Gnar> sup guys

[UtgarthÅ?Bat] missed Å® Sensarity
[UtgarthÅ?Bat] missed Å® Sensarity
[UtgarthÅ?Bat] missed Å® Sensarity
(Warmoose) hahahah oh tunic

[UtgarthÅ?Bat] missed Å® Sensarity
[2]<Uvyu> Sup G

[UtgarthÅ?Bat] missed Å® Sensarity
[UtgarthÅ?Bat] missed Å® Sensarity
[UtgarthÅ?Bat] missed Å® Sensarity
[2] [UtgarthÅ?Bat] missed Å® Sensarity
[2]<Yuceda> /

[ManticoreÅ|X] missed Å® Sensarity
[UtgarthÅ?Bat] missed Å® Sensarity
[ManticoreÅ|X] missed Å® Sensarity
[UtgarthÅ?Bat] 0 hit Å® Sensarity
[UtgarthÅ?Bat] missed Å® Sensarity
[UtgarthÅ?Bat] missed Å® Sensarity
[2] [UtgarthÅ?Bat] missed Å® Sensarity
[UtgarthÅ?Bat] missed Å® Sensarity
[UtgarthÅ?Bat] missed Å® Sensarity
[ManticoreÅ|X] 0 hit Å® Sensarity
[Sensarity] Tenebral Crush Å® UtgarthÅ?Bat
[ManticoreÅ|X] missed Å® Yuceda
[ManticoreÅ|X] missed Å® Sensarity
[ManticoreÅ|X] missed Å® Yuceda
[ManticoreÅ|X] missed Å® Yuceda
[Warmoose] Horde Lullaby II Å® ManticoreÅ|X
Warmoose Horde Lullaby II Å® {5}: ManticoreÅ|X, ManticoreÅ|X, ManticoreÅ|X, ManticoreÅ|X, and UtgarthÅ?Bat (asleep)
[UtgarthÅ?Bat] missed Å® Sensarity
Sensarity defeats the Manticore-X.
Sensarity defeats the Utgarth Bat.
Sensarity defeats the Manticore-X.
Sensarity defeats the Manticore-X.
Sensarity defeats the Manticore-X.
Sensarity defeats the Manticore-X.
Sensarity defeats the Manticore-X.
[UtgarthÅ?Bat] missed Å® Sensarity
[UtgarthÅ?Bat] missed Å® Sensarity
[UtgarthÅ?Bat] missed Å® Sensarity
[UtgarthÅ?Bat] missed Å® Sensarity
[UtgarthÅ?Bat] missed Å® Sensarity
[UtgarthÅ?Bat] missed Å® Sensarity
[2] [UtgarthÅ?Bat] missed Å® Sensarity
[UtgarthÅ?Bat] 0 hit Å® Sensarity
[UtgarthÅ?Bat] missed Å® Sensarity
[UtgarthÅ?Bat] is paralyzed Å® Sensarity
[UtgarthÅ?Bat] 0 hit Å® Sensarity
[UtgarthÅ?Bat] 0 hit Å® Sensarity
Yuceda defeats the Utgarth Bat.
[Sensarity] Spectral Floe Å® UtgarthÅ?Bat
Sensarity defeats the Utgarth Bat.
Sensarity defeats the Utgarth Bat.
Sensarity defeats the Utgarth Bat.
Sensarity defeats the Utgarth Bat.
Sensarity defeats the Utgarth Bat.
Sensarity defeats the Utgarth Bat.
Sensarity defeats the Utgarth Bat.
Sensarity defeats the Utgarth Bat.
Sensarity defeats the Utgarth Bat.
Sensarity defeats the Utgarth Bat.
You find a page from Balrahn's Reflections on the Utgarth Bat.
You find a page from Balrahn's Reflections on the Utgarth Bat.
You find a page from Balrahn's Reflections on the Utgarth Bat.
You find a page from Balrahn's Reflections on the Utgarth Bat.
You find a page from Balrahn's Reflections on the Utgarth Bat.
You find a page from Balrahn's Reflections on the Utgarth Bat.
Gerhilde's Chamber has been cleared. Commencing teleportation in 5 minutes.
Uvyu claps her hands.
You find a vial of dragon blood in the Armoury Crate.
You find a chunk of khroma ore in the Armoury Crate.
Arayala obtains a vial of dragon blood.
You find a chunk of khroma ore in the Armoury Crate.
Follow canceled.
You throw away a glowing lamp.
The power of the glowing lamp has faded. You may no longer occupy this chamber.
You obtain 1920 ampoules of viscous therion ichor.
Using Warp Ring, /heal to cancel.
[Kateye] warp ring Å® Kateye
=== Area: Nashmau ===
Aylaina[LowJeuno]: The real domestic violence was the friends we made along the way

The maximum number of people are already participating in Unity chat. Please try again later.
[2]<Uvyu> Back up to 283k Ichor

Frod[WestAdoulin]: SMN BURN ALL THE THINGS.

[2]<Yuceda> -.-

[2]<Uvyu> Only. . .

[2]<Warmoose> oh lawd

Raipei[LowJeuno]: AmbuscadeVDLooking for members.ML40+ REMA15+ R25+ DD/tell5/6

Rumblepakk[SSandOria]: Summoner Looking for Party Sortie Can I have it?

[2]<Uvyu> 1.2mil to go

[2]<Uvyu> Ugh

Khahara[PortJeuno]: Wait, is DV a VD now?

Saiytanic[Norg]: ML Party Do you need it? Looking for members. BRD GEO COR RDM Healing Can I have it?

(Yuceda) ty broskis

[2]<Warmoose> 20k ichor

[2]<Warmoose> gross

[2]<Warmoose> its 150k?

[2]<Sensarity> 82k 

[2]<Uvvu> Gnar you aren't buying Heroism anymore are ya?

[2]<Sensarity> No its 100k for Einherjar

[2]<Sensarity> 150k for Nyzul

Raipei[LowJeuno]: AmbuscadeVDLooking for members.ML40+ REMA15+ R25+ DD/tell5/6

Eramumu[LowJeuno]: Mars Orbs Do you need it? /tell Eramumu

[2]<Yuceda> Job?

[2]<Warmoose> 50k tokens

[2]<Yuceda> mt

[Kateye] Cure III Å® Sensarity
[Kateye] 480 HP Cure III Å® Sensarity
Saiytanic[Norg]: ML Party Do you need it? Looking for members. BRD GEO COR RDM Healing Can I have it?

Nomad Moogle : I'm a traveling moogle, kupo. I help adventurers in the Outlands access items they have stored in a Mog House elsewhere, kupo.
JobChange: Changing main job to: WHM
JobChange: Changing sub job to: SCH
Kateye's Sublimation: Complete effect wears off.
*****DP Job Selection:WHM*****
Mode: Magic.
 White = Can not cast.
 Green = Casting Range
*****DP Job Selection:WHM*****
Mode: Magic.
 White = Can not cast.
 Green = Casting Range
Appearance locked to equipment set 4.
Raipei[LowJeuno]: AmbuscadeVDLooking for members.ML40+ REMA15+ R25+ DD/tell5/6

Youngblood's title: Palloritus Punisher
superwarp: Warping via Home Point #1 to Leafallia.
Tentai[Rabao]: WTB Lustreless Hide x396/9k EA. PST

=== Area: Leafallia ===
The maximum number of people are already participating in Unity chat. Please try again later.
Ruspix : The equipment you ordered is ready! Here you are!
Ruspix : The equipment you ordered is ready! Here you are!
Ruspix : The equipment you ordered is ready! Here you are!
Obtained: Ebers pantaloons +2.
[Kateye] Cure III Å® Kateye
[Kateye] 0 HP Cure III Å® Kateye
[2]<Arayala> Fili Cothurnes +2 god bless

[2]<Warmoose> gj

[2]<Uvyu> Woot!

[2]<Yuceda> nice

[2]<Agrestic> grats

[2]<Yuceda> For me it was Ebers Pant. +2 :) +2 body later tonight god willing.

[2]<Arayala> Yeah I had kat upgrade legs 

[2]<Agrestic> hopefully not too much later tonight :V

[2]<Arayala> shame we dont have another sapphire cos we have 10k muffins sat waiting

[2]<Gnar> we should go now

[2]<Yuceda> Heard ppl not able to que since it was 50 pages+

[2]<Arayala> I'm down to go now

[2]<Agrestic> 70 pages this morning for japanese/eu players

[2]<Yuceda> dang

[2]<Arayala> yeah it was a 2 hour queue for me

[2]<Arayala> but I prequeued while I did dynamis on Sens

[2]<Agrestic> and you're gonna want those muffins later for +3 upgrades. I bet they cost 25k + 5 sapphires each

[2]<Arayala> nah, +3 will require rubies or some shit

[2]<Agrestic> rubies only drop from boss D

[2]<Agrestic> or something. must proc blue, then white, on a new moon while emoting

[2]<Yuceda> and chocking a kitten with your left hand

[2]<Warmoose> chocking?

[2]<Warmoose> like putting up woodblocks on either side so it doesnt move? lol

[2]<Warmoose> STAY kitten

[2]<Warmoose> a invisible barrier holds you

[2]<Yuceda> yep, exactly like that

[2]<Warmoose> good ol chock blocks

Using Warp Ring, /heal to cancel.
[Kateye] warp ring Å® Kateye
=== Area: Nashmau ===
The maximum number of people are already participating in Unity chat. Please try again later.
Ninjadawg[LowJeuno]: Mars Orbx3 Do you need it? 3M each /tell please

[2]<Sensarity> I just realised we legit can't go in atm

[2]<Sensarity> Because our plate isnt up

[2]<Warmoose> ?

[2]<Uvyu> Gotta keep those 1975 hummers from rolling away

Divimize[LowJeuno]: Anyone forming an Ambuscade party? BRD/RDM Do you need it?

Affiliated[WindWoods]: Oshosi Vest +1 Do you have it? Sell? /tell

Alteis[RuLudeGard]:  Mars Orb2.5m Buy?

[2]<Yuceda> Moose wake up

[2]<Warmoose> ?

Lilbones[LowJeuno]: Mars Orb x2 2.5M each /tell

[2]<Gnar> ahhh now i remember why i stop working on this smithing shield

[2]<Yuceda> lol

[2]<Gnar> becuase it sucks ass

[2]<Yuceda> I don't even dare fuck with the goldsmithing shield...yet

[2]<Uvyu> Night guys

[2]<Yuceda> nite

[2]<Uvyu> I might be able to stay up this weekend

[2]<Uvvu> To do segs

[2]<Yuceda> nice

[2]<Uvvu> But we shall see lol.

Finanx[Mhaura]: Seg C farm Do you need it? /tell healer brd cor DD (Multi-weapon) /tell @2/6

Finanx[Mhaura]: Seg C farm Do you need it? /tell healer /tell @5/6

Affiliated[WindWoods]: Oshosi Vest +1 Do you have it? Sell? /tell

Machwind[BastokMark]: anyone selling bumba rp?

[2]<Warmoose> night uvyu

[2]<Gnar> later

[2]<Warmoose> we'll say a prayer in honor of your empty sortie spot again

[2]<Warmoose> cheating whore

Finanx[Rabao]: Seg C farm Do you need it? /tell healer /tell @5/6

Eramumu[LowJeuno]: Mars Orbs Do you need it? /tell Eramumu

Finanx[Rabao]: Seg C farm Do you need it? /tell healer /tell @5/6

[2]<Gnar> lol this tekken anime on netflex not bad

[2]<Gnar> lol this tekken anime on netflex not bad

[2]<Gnar> mt

[2]<Warmoose> gnar didnt wanna dyna?

[2]<Gnar> no 

[2]<Gnar> proly only gonna do events on weekends

[2]<Gnar> get off work right into events.. then right into ody...then right into sortie..

[2]<Gnar> got other shit im working on

[2]<Arayala> yeah gotta say the new daily list of chores is pretty draining

[2]<Arayala> esp with how long queues are

[2]<Gnar> exactly.. usually i could do somthing after ody 

[2]<Warmoose> TP mob? im not on voice

[2]<Gnar> but now its sortie untill past my bed time

[2]<Warmoose> figure a new schedule?

[2]<Gnar> ya somthhing

[2]<Warmoose> double segs, one night

[2]<Warmoose> well you cant double sortie

[2]<Arayala> can't double sortie if thats what you're gonna suggest

[2]<Warmoose> was thinking an every other night thing but

[2]<Gnar> sortie is the priority for now

Xcross[WestAdoulin]: sortie Do you need it? tank brd cor geo whm sch Looking for members.

Zackius[WestAdoulin]: 3 hour wait on sortie btw

Xcross[WestAdoulin]: sortie Do you need it? tank dd brd cor geo whm sch Looking for members.3/6

Fullmagwada[Rabao]: lol wtf line jump?

Ellwoodofcerb[PortJeuno]: ya they have multiple accounts and keep pumping ppl thru

Xcross[WestAdoulin]: sortie Do you need it? tank dd brd cor geo whm sch Looking for members.4/6

Yikes[Mhaura]: Ambuscade V1 N Looking for members. brd/blm, blu/blm, cor whm dpsx2 /tell @1

Runite[SSandOria]: that should 100% be a bannable offense

Odysseuss[Rabao]: Don't they take up one spot though ? So forget that lol pay to go short handed No thanks.

Xcross[WestAdoulin]: Our party's full.Thank you.

[2]<Warmoose> W1 stats

[2]<Warmoose> Dmg: Agrestic 672327(23.0%), Warmoose 602764(20.6%), Yuceda 469614(16.1%), Sensarity 287303(9.8%)

Nekosuraisu[Rabao]: report them

[2]<Warmoose> Nailbomb 261432(8.9%), Antivirus 201278(6.9%), Lugado 166875(5.7%), Niskam 89625(3.1%)

Runite[SSandOria]: reporting them now

[2]<Arayala> Shit dude I'm doing good damage

Aerisius[Norg]: someone add this prick to fuckoff lua

Donkeypox[NSandOria]: Sortie Line Quee Jump Do you need it? ? ALL SOLD OUT  16/16 slots Thank you. everyone See you again! Soon ~ 

[2]<Yuceda> Sensarity does so good dps that even when he not here, still registers dmg

Yikes[Mhaura]: Ambuscade V1 N Looking for members. brd/blm, blu/blm, cor whm dpsx2 /tell @2

[2]<Warmoose> im not sure what thats from

[2]<Arayala> Einherjar

Carnivorall[Mhaura]: you people really brought on all of this sucks to urselves

[2]<Warmoose> ah

Geppoh[PortJeuno]: I mean... what are you complaining about? "HES TAKING ADVANTAGE OF A SYSTEM YOU DESIGNED That... is working... 

Geppoh[PortJeuno]: ...as designed...

Aerisius[Norg]: well i dont buy shit, so i didnt design it, lazy people did

Carnivorall[Mhaura]: uh huh stand up for the puke, right on, and good for you too there bud.  enjoy the dogshit is all u can do amirite

Carnivorall[Mhaura]: $%^&ing poopdicks

Yikes[Mhaura]: Ambuscade V1 N Looking for members. brd/blm, blu/blm, cor whm dpsx2 /tell @2

Janelie[PortJeuno]: Alexandrite each 3.4k Buy?

Yikes[Mhaura]: Ambuscade V1 N Looking for members. brd/blm, blu/blm, cor whm /tell @2

Janelie[PortJeuno]: Alexandrite each 3.4k Do you need it?Buy?

Yikes[Mhaura]: Ambuscade V1 N Looking for members. brd/blm, blu/blm, cor /tell @3

Yikes[Mhaura]: Ambuscade V1 N Looking for members. brd/blm, blu/blm, cor /tell @3

Janelie[PortJeuno]: Alexandrite each 3.4k Do you need it?Buy?

Yikes[Mhaura]: Ambuscade V1 N Looking for members. brd/blm, blu/blm, cor /tell @3

Yikes[Mhaura]: Ambuscade V1 N Looking for members. brd/blm, blu/blm, cor /tell @3

Yikes[Mhaura]: Ambuscade V1 N Looking for members. brd/blm, blu/blm, cor /tell @3

Yikes[Mhaura]: Ambuscade V1 N Looking for members. brd/blm, blu/blm, cor /tell @3

Naiss[LowJeuno]: OU neck earring  belt gem Do you need it? /tell 

Naiss[LowJeuno]: OU neck earring  belt gem Do you need it? /tell 

Pepstar[WestAdoulin]: Sortie fun excitement Do you need it? 2xDD, COR, BRD, TANK pst

Pepstar[WestAdoulin]: Sortie fun excitement Do you need it? DD, COR, BRD, TANK pst 2/6

Indrium[SSandOria]: 2+ hour wait for Sortie, just a fyi

Naiss[LowJeuno]: OU neck  belt gem Do you need it? /tell 

Pepstar[WestAdoulin]: Sortie fun excitement Do you need it? COR, BRD, TANK pst 3/6

Pepstar[WestAdoulin]: Sortie fun excitement Do you need it? COR, BRD, TANK pst 3/6

[2]<Agrestic> moose...

Pepstar[WestAdoulin]: Sortie fun excitement Do you need it? COR, BRD, TANK pst 3/6

[2]<Warmoose> i know sad right

[2]<Warmoose> i wanted to get charmed and wreck dudes

Naiss[LowJeuno]: OU neck  belt gem Do you need it? /tell 

[2]<Agrestic> are you in voice I need these mobs for tp

[2]<Warmoose> i said at the very start im not on voice

[2]<Yuceda> wouda rudras your ass to next zone

Pepstar[WestAdoulin]: Sortie fun excitement Do you need it? BRD, TANK pst 4/6

Pepstar[WestAdoulin]: Sortie fun excitement Do you need it? BRD, TANK pst 4/6

Naiss[LowJeuno]: OU neck  belt gem Do you need it? /tell 

Pepstar[WestAdoulin]: Sortie fun excitement Do you need it? BRD, TANK pst 4/6

Pepstar[WestAdoulin]: Sortie fun excitement Do you need it? BRD, TANK pst 4/6

Pepstar[WestAdoulin]: Sortie fun excitement Do you need it? BRD, TANK pst 4/6

Hastytape[RuLudeGard]: Looking for members. Capacity Points Merit points Party Moh Gates /tell

Taskmaster[EastAdoulin]: there was a 3 hour wait, 30 mins ago... so Good luck! and have fun with Sortie?

[2]<Warmoose> there needs to be way more debuffs on this

[2]<Warmoose> who tf is the rdm

Pepstar[WestAdoulin]: Sortie fun excitement Do you need it? BRD, TANK pst 4/6

[2]<Warmoose> ugh

[2]<Warmoose> pains my rdm soul

[2]<Yuceda> Tell me about it

Pepstar[WestAdoulin]: Sortie fun excitement Do you need it? BRD,RDM,SMN TANK pst 4/6

Hastytape[RuLudeGard]: Looking for members. Capacity Points Merit points Party Moh Gates /tell 2/6

[2]<Agrestic> oh a whm died

Truepepe[PortJeuno]: Pulse Weapon Sell? 15mil /tell

Pepstar[WestAdoulin]: Sortie fun excitement Do you need it? TANK pst 5/6

Hastytape[RuLudeGard]: Looking for members. Capacity Points Merit points Party Moh Gates /tell 2/6

Hastytape[RuLudeGard]: Looking for members. Capacity Points Merit points Party Moh Gates Do you need it? /tell 2/6

Pepstar[WestAdoulin]: Sortie fun excitement Do you need it? TANK pst 5/6

Hastytape[RuLudeGard]: Looking for members. Capacity Points Merit points Party Moh Gates Do you need it? /tell 2/6

Pepstar[WestAdoulin]: Sortie fun excitement Do you need it? TANK pst 5/6

Horsemeat[WestAdoulin]: Geas Fete Albumen win Sell? or Team up?  /tell!

Hastytape[RuLudeGard]: Looking for members. Capacity Points Merit points Party Moh Gates Do you need it? /tell 2/6

Horsemeat[WestAdoulin]: Geas Fete Albumen win Sell? or Team up?  /tell!

Secare[Rabao]: Odyssey sheol A money farm Looking for members. Veteran dd (or other role) 5/6

Hastytape[RuLudeGard]: Looking for members. Capacity Points Merit points Party Moh Gates Do you need it? /tell 3/6

Horsemeat[WestAdoulin]: Geas Fete Albumen win Sell? or Team up?  /tell!

Hastytape[RuLudeGard]: Looking for members. Capacity Points Merit points Party Moh Gates Do you need it? /tell 3/6

Hastytape[RuLudeGard]: Looking for members. Capacity Points Merit points Party Moh Gates Do you need it? /tell 3/6

Saiytanic[NSandOria]: ML Party Do you need it? Looking for members. COR BRD 4/6

Saiytanic[NSandOria]: ML Party Do you need it? Looking for members. COR BRD 5/6

Horsemeat[Rabao]: Geas Fete Albumen win Sell? or Team up?  /tell!

Saiytanic[NSandOria]: ML Party Do you need it? Looking for members. 2ndCOR BRD 5/6

Kontents : is there auction house here?

Hastytape[RuLudeGard]: Looking for members. Capacity Points Merit points Party Moh Gates Do you need it? /tell 3/6

Hastytape[RuLudeGard]: Looking for members. Capacity Points Merit points Party Moh Gates Do you need it? /tell 3/6

Hastytape[RuLudeGard]: Looking for members. Capacity Points Merit points Party Moh Gates Do you need it? /tell 3/6

Shinobisama[Mhaura]: Shell C Seg. Do you need it? DD Mult Weapon, Brd 3/6 Looking for members.

Hastytape[RuLudeGard]: Looking for members. Capacity Points Merit points Party Moh Gates Do you need it? /tell 3/6

Hastytape[RuLudeGard]: Looking for members. Capacity Points Merit points Party Moh Gates Do you need it? /tell 3/6

Shinobisama[Mhaura]: Shell C Seg. Casual Farm Do you need it? War Mult Weapon, Brd 4/6 Looking for members.

[2]<Warmoose> dude vics priority list for enfeebs is so wack

[2]<Warmoose> lol

Azgeda slaps Jenevan.
Bloodcross[NSandOria]: Mar's Orb 2.5m Can I have it? Sell? PL90-99 Can I have it? please

Hastytape[RuLudeGard]: Looking for members. Capacity Points Merit points Party Moh Gates Do you need it? /tell 3/6

Hastytape[RuLudeGard]: Looking for members. Capacity Points Merit points Party Moh Gates Do you need it? /tell 3/6

Finanx[Rabao]: Seg C farm Do you need it? brd cor DD (Multi-Weapon) Can I have it? @3/6

Saiytanic[NSandOria]: PLD Can I have it? ML Party Crawlers' Nest [S] 5/6

Hastytape[RuLudeGard]: Looking for members. Capacity Points Merit points Party Moh Gates Do you need it? /tell 3/6

Finanx[Rabao]: Seg C farm Do you need it? brd cor Can I have it? @4/6

Heavenlytea[RuLudeGard]: praise your cookie cutter jobs

Saiytanic[NSandOria]: PLD Can I have it? ML Party Crawlers' Nest [S] 5/6

Shinobisama[Rabao]: Shell C Seg. Casual Farm Do you need it? Brd 5/6 Looking for members.

Finanx[Rabao]: Seg C farm Do you need it? brd cor Can I have it? @4/6

Rihnmolkoht[WestAdoulin]: lfp kalunga v0 clear

Shinobisama[Rabao]: Shell C Seg. Casual Farm Do you need it? Brd 5/6 Looking for members.

Shinobisama[Rabao]: Shell C Seg. Casual Farm Do you need it? Brd 5/6 Looking for members.

Horsemeat[PortJeuno]: Geas Fete Albumen win Sell? or Team up?  /tell!

Saiytanic[NSandOria]: AOE Aeolian Edge Party Do you need it? Looking for members. TANK 5/6

Hastytape[RuLudeGard]: Looking for members. Capacity Points Merit points Party Moh Gates Do you need it? /tell BRD/COR 5/6 

Finanx[Rabao]: Seg C farm Do you need it? brd cor Can I have it? @4/6

Shinobisama[Rabao]: Shell C Seg. Casual Farm Do you need it? Brd 5/6 Looking for members.

Rihnmolkoht[WestAdoulin]: lfp kalunga v0 clear

Foeteni[Rabao]: OdysseyC Looking for members. RUN PLD COR BRD 4/6

Saiytanic[NSandOria]: AOE Aeolian Edge Party Do you need it? Looking for members. TANK 5/6

Truepepe[PortJeuno]: Pulse Weapon Sell? 15mil /tell

Shinobisama[Rabao]: Shell C Seg. Casual Farm Doing Angon + Some NMs Do you need it? Brd 5/6 Looking for members.

Hastytape[RuLudeGard]: Looking for members. Capacity Points Merit points Party Moh Gates Do you need it? /tell BRD/COR 5/6 

Finanx[Rabao]: Seg C farm Do you need it? brd cor Can I have it? @4/6

Saiytanic[NSandOria]: AOE Aeolian Edge Party Do you need it? Looking for members. TANK 5/6

Finanx[Rabao]: Seg C farm Do you need it? brd Can I have it? @5/6

Saiytanic[NSandOria]: AOE Aeolian Edge Party Do you need it? Looking for members. TANK 5/6

Saiytanic[NSandOria]: AOE Aeolian Edge Party Do you need it? Looking for members. TANK 5/6

Saiytanic[NSandOria]: AOE Aeolian Edge Party Do you need it? Looking for members. TANK 5/6

Finanx[Rabao]: Seg C farm Do you need it? brd Can I have it? @5/6

Saiytanic[NSandOria]: AOE Aeolian Edge Party Do you need it? Looking for members. TANK 5/6

Saiytanic[NSandOria]: AOE Aeolian Edge Party Do you need it? Looking for members. TANK 5/6

Foeteni[Rabao]: OdysseyC Looking for members. RUN PLD COR BRD 4/6

Finanx[Rabao]: Seg C farm Do you need it? brd Can I have it? @5/6

Saiytanic[NSandOria]: AOE Aeolian Edge Party Do you need it? Looking for members. TANK 5/6

Spicyryan[Mhaura]: Sheol A Do you need it? DD Can I have it? @5/6

Saiytanic[NSandOria]: AOE Aeolian Edge Party Do you need it? Looking for members. TANK or RDM 5/6

Finanx[Rabao]: Seg C farm Do you need it? brd Can I have it? @5/6

Saiytanic[NSandOria]: AOE Aeolian Edge Party Do you need it? Looking for members. TANK or RDM 5/6

Finanx[Rabao]: Seg C farm Do you need it? tank or brd Can I have it? @5/6

Spicyryan[Mhaura]: Sheol A Do you need it? DD Can I have it? @5/6

Saiytanic[NSandOria]: AOE Aeolian Edge Party Do you need it? Looking for members. TANK or RDM 5/6

Saiytanic[NSandOria]: AOE Aeolian Edge Party Do you need it? Looking for members. TANK or RDM 5/6

Saiytanic[NSandOria]: ML AOE Aeolian Edge Party Do you need it? Looking for members. TANK or RDM 5/6

Pridecat[PortJeuno]: Spheres cheap price Bazaar (G-8)

[2]<Agrestic> fifth song wearing

[2]<Agrestic> it's a placeholde

Finanx[Rabao]: Seg C farm Do you need it? tank or brd Can I have it? @5/6

Saiytanic[NSandOria]: ML AOE Aeolian Edge Party Do you need it? Looking for members. TANK or RDM 5/6

[2]<Warmoose> damit

[2]<Warmoose> sorry i was in a rush to put songs on lugato with nitro up

[2]<Agrestic> it's fine

Pridecat[PortJeuno]: Spheres cheap price Bazaar (G-8)

Disclai[Rabao]: Odyssey C segment farm Do you need it? PLD RUN COR BRD Can I have it? 4/6 /tell

Finanx[Rabao]: Seg C farm Do you need it? tank or brd Can I have it? @5/6

superwarp: Warping via Home Point #1 to Rabao - 1.
Pridecat[PortJeuno]: Spheres cheap price Bazaar (G-8)

=== Area: Rabao ===
This area is currently affected by the Super Kupower: á≤Thrifty Transitá≥!This area is currently affected by the Super Kupower: á≤Martial Masterá≥!This area is currently affected by the Super Kupower: á≤Dilatory Digestioná≥!
The maximum number of people are already participating in Unity chat. Please try again later.
Disclai[Rabao]: Odyssey C segment farm ~11-12k run Do you need it? PLD RUN COR BRD Can I have it? 4/6 /tell

[Kateye] Cure VI Å® Kateye
[Kateye] 0 HP Cure VI Å® Kateye
[Kateye] Cure V Å® Kateye
[Kateye] 0 HP Cure V Å® Kateye
[Kateye] Cure IV Å® Kateye
[Kateye] 0 HP Cure IV Å® Kateye
Areaden[NSandOria]: Omen card Can I have it? who wants to go :D i dont know what to do, but ill try :D

Disclai[Rabao]: Odyssey C segment farm ~11-12k run Do you need it? PLD RUN COR BRD Can I have it? 4/6 /tell

Teborick plants some seeds on Rafike.
Disclai[Rabao]: Odyssey C segment farm ~11-12k run Do you need it? PLD RUN BRD Can I have it? 5/6 /tell

Kupoluver[BastokMark]: Sortie Do you need it? Looking for members. /tell

Disclai[Rabao]: Odyssey C segment farm ~11-12k run Do you need it? PLD RUN BRD Can I have it? 5/6 /tell

Areaden[PSandOria]: OmenOmenOmenOmenOmenOmenOmenOmenOmenOmenOmenOmenOmenOmenOmenOmenOmen 

Disclai[Rabao]: Odyssey C segment farm ~11-12k run Do you need it? PLD RUN Can I have it? 5/6 /tell

Geppoh[PortJeuno]: WTB Riftcinder x 45 @450k/ea - PST!

Scorchyworchy : Sheol C Segment Run Can I have it? rema Drg You can have this.

Slycooper[LowJeuno]: Master Level/Capacity Points Party Do you need it? Healing Magic,Tank,COR/BRD/GEO Can I have it? /tell

Spicyryan[Rabao]: Hey.    Hey--hey--hey.      Get spiced, idiots.

Disclai[Rabao]: Odyssey C segment farm ~11-12k run Do you need it? PLD RUN Can I have it? 5/6 /tell

Finklee[EastAdoulin]: got'em

Geppoh[PortJeuno]: WTB Riftcinder x 45 @450k/ea - PST!

Slycooper[LowJeuno]: Master Level/Capacity Points Party Do you need it? Healing Magic,Tank,COR/BRD/GEO Can I have it? /tell

Kupoluver[WestAdoulin]: Sortie Do you need it? Looking for members. /tell

Areaden[PSandOria]: OmenOmenOmenOmenOmenOmenOmenOmenOmenOmenOmenOmenOmenOmenOmenOmenOmen 

Megid[RuLudeGard]: anyone doing Omen?!

Parasitic[LowJeuno]: Megid, great name

Megid[RuLudeGard]: thanks! 

Scorchyworchy : Sheol C Segment Run Can I have it? rema Drg You can have this.

Carrotchan[Rabao]: spicy sucks

Spicyken[SSandOria]: I swore aeonic clears were 25-30m

Spicyryan[Rabao]: Yes. I. Am.

Tablesmasher[Rabao]: get carrot'd idiot

Roque[LowJeuno]: anyone wanna sell me a mars orb??

Carrotchan[Rabao]: no

Kirehreh[RuLudeGard]: is that the "other" spicy?

Geppoh[PortJeuno]: WTB Riftcinder x 45 @450k/ea - PST!

Carrotchan[Rabao]: yes

Seigfriedfinal pokes Blksnshn.
Truepepe[LowJeuno]: Pulse Weapon Sell? 15mil /tell

Phillie[LowJeuno]: Help me out! i need an adult!!

Scorchyworchy : Sheol C Segment Run Can I have it? rema Drg You can have this.

Spicyken[SSandOria]: Seriously, what the f is Namek

Soulbladez[WestAdoulin]: Ceizak Battlegrounds Delve Do you need it? @2

Ahrfry[Rabao]: Segment C farm Do you need it? Veteran Cor or DD Can I have it? 

[2]<Agrestic> trying to get you some rolls yuceda

[2]<Yuceda> Don't worry about it

[2]<Yuceda> But ty

Soulbladez[WestAdoulin]: Ceizak Battlegrounds Delve Do you need it? @2

Scorchyworchy : Sheol C Segment Run Can I have it? rema Drg You can have this.

Soulbladez[WestAdoulin]: Ceizak Battlegrounds Delve Do you need it? @2

Ahrfry[Rabao]: Segment C farm Do you need it? Veteran Cor or DD Can I have it? 

Geppoh[PortJeuno]: WTB Riftcinder x 45 @450k/ea - PST!

Xerg[EastAdoulin]: Those that were with me for Vagary 2 nights ago please Gather together. now.

Soulbladez[WestAdoulin]: Ceizak Battlegrounds Delve Do you need it? @4

Geppoh[PortJeuno]: WTB Riftcinder x 45 @450k/ea - PST!

Acestalker[LowJeuno]: WTB Ea Hat +1 body + legs /tell price Thank you. /bow

Soulbladez[WestAdoulin]: Ceizak Battlegrounds Delve Do you need it? @5

Scorchyworchy : Sheol C Segment Run Can I have it? rema Drg You can have this.

Aylaina[SSandOria]: synergy Do you have it? 100k You can have this.

Acestalker[LowJeuno]: WTB Ea Hat +1 body + legs /tell price Thank you. /bow

Xerg[EastAdoulin]: Vagary 5/5 PLD/WAR x1 Healing x3 BLM x3 BLU x3 GEO x1 COR x1 Can I have it? PT@4/18

[2]<Sensarity> full sortie map is out now

Aylaina[SSandOria]: synergy Do you have it? 100k You can have this.

Xerg[EastAdoulin]: Vagary 5/5 PLD/WAR x1 Healing x1 BLM x3 BLU x3 GEO x1 COR x1 Can I have it? PT@6/18

Creamypoodle[Mhaura]: Ambuscade V1VD Tank, BLU, BRD Can I have it? 1/6

Xerg[EastAdoulin]: Vagary 5/5 PLD/WAR x1 Healing x1 BLM x3 BLU x3 GEO x1 COR x1 Can I have it? PT@6/18

Xerg[EastAdoulin]: Vagary 5/5 PLD/WAR x1 Healing x1 BLM x3 BLU x3 GEO x1 COR x1 Can I have it? PT@6/18

Gottlieb[RuLudeGard]: NA Rising!

Xerg[EastAdoulin]: Vagary 5/5 PLD/WAR x1 Healing x1 BLM x3 BLU x3 GEO x1 COR x1 Can I have it? PT@6/18

Scorchyworchy : Sheol C Segment Run Can I have it? rema Drg You can have this.

Aylaina[SSandOria]: Synergy Do you have it? 100k You can have this.

Creamypoodle[Mhaura]: Ambuscade V1VD  BRD Can I have it? 4/6

Creamypoodle[Mhaura]: Ambuscade V1VD Healing Magic Can I have it? 5/6

Arcaine : Sheol C Segment Run Do you need it? Looking for members. 3/6 Need Cor War DDD 

Xerg[EastAdoulin]: Vagary 5/5 PLD/WAR x1 Healing x1 BLM x3 BLU x3 GEO x1 COR x1 Can I have it? PT@6/18

Aylaina[SSandOria]: Synergy Do you have it? 100k You can have this. fotia belt Please assist.

Geppoh[PortJeuno]: WTB Riftcinder x 45 @450k/ea - PST!

Arcaine : Sheol C Segment Run Do you need it? Looking for members. 3/6 Need Cor War DD

Creamypoodle[PSandOria]: Ambuscade V1VD Healing Magic Can I have it? 5/6

Wakkaflakka[Norg]: Smithing 104+ Can I have it? Reward You can have this. Thank you.

Scorchyworchy : Sheol C Segment Run Can I have it? rema Drg You can have this.

Xerg[EastAdoulin]: Vagary 5/5 PLD/WAR x1 Healing x1 BLM x3 BLU x3 GEO x1 COR x1 Can I have it? PT@6/18

Aylaina[SSandOria]: Synergy Do you have it? 100k You can have this. fotia belt Please assist.

Wakkaflakka[Norg]: Smithing 104+ Can I have it? Reward You can have this. Thank you.

Xerg[EastAdoulin]: Vagary 5/5 PLD/WAR x1 Healing x1 BLM x3 BLU x3 GEO x1 COR x1 Can I have it? PT@6/18

[2]<Lugado> my bad yuceda should have let you close that

[2]<Yuceda> Np

Creamypoodle[SSandOria]: Ambuscade V1VD Healing Magic Can I have it? 5/6

Aylaina[SSandOria]: Synergy Do you have it? 100k You can have this. fotia belt Please assist.

Xerg[EastAdoulin]: Vagary 5/5 PLD/WAR x1 Healing x1 BLM x3 BLU x3 GEO x1 Can I have it? PT@7/18

Conquest update:This region is currently under beastman control.You cannot obtain crystals in this region.
The beastmen are on the rise.
[2]<Yuceda> acc set comming in clutch

[2]<Lugado> yeah it is

Xerg[EastAdoulin]: Vagary 5/5 PLD/WAR x1 Healing x1 BLM x3 BLU x3 GEO x1 Can I have it? PT@7/18

Scorchyworchy : Sheol C Segment Run Can I have it? rema Drg You can have this.

Aylaina[SSandOria]: Synergy Do you have it? 100k You can have this. fotia belt Please assist.

Xerg[EastAdoulin]: Vagary 5/5 PLD/WAR x1 BLM x3 BLU x3 GEO x1 Can I have it? PT@8/18

Battles[PortJeuno]: BeitetsuDo you have it?Sell?3,500GeachI'm interested./tellThank you.

Bazing[Rabao]: Master Level AoE Party @4/6 Tank COR GEO /tell

Geppoh[PortJeuno]: WTB Riftcinder x 45 @450k/ea - PST!

Aylaina[SSandOria]: Synergy Do you have it? 100k You can have this. fotia belt Please assist.

Maphsmuletwo[LowJeuno]: Mars Orb x6 Do you need it? 3m each /tell

Xerg[EastAdoulin]: Vagary 5/5 PLD/WAR x1 BLM x3 BLU x3 GEO x1 Can I have it? PT@8/18

Arcaine : Sheol C Segment Farm Looking for members. 5/6  Need WAR DRK or COR 

Secare[Rabao]: Odyssey sheol A money farm Looking for members. Veteran dd (or other role) 5/6

Bazing[Norg]: Master Level AoE Party @5/6 Tank COR GEO /tell

Maphsmuletwo[LowJeuno]: Mars Orb x6 Do you need it? 3m each /tell

Secare[Rabao]: Odyssey sheol A money farm Looking for members. Veteran dd (or other role) 5/6

Bazing[Norg]: Master Level AoE Party @5/6 Tank COR GEO /tell

Aylaina[SSandOria]: Synergy Do you have it? 100k You can have this. fotia belt Please assist.

Bazing[Norg]: Master Level AoE Party @5/6 GEO /tell

Arcaine : Sheol C Segment Farm Looking for members. 5/6 Need WAR DRK or COR 

Scorchyworchy : Sheol C Segment Run Can I have it? rema Drg You can have this.

[2]<Warmoose> back

Yanran[WestAdoulin]: Sortie Static Looking for Veteran PLD COR+8(Leaden).. /tell Yanran 4/6 members

Aylaina[SSandOria]: Synergy Do you have it? 200k You can have this. fotia belt Please assist.

Maphsmuletwo[LowJeuno]: Mars Orb x6 Do you need it? 3m each /tell

Scorchyworchy : Sheol C Segment Run Can I have it? rema Drg You can have this.

Yanran[WestAdoulin]: Sortie Static Looking for Veteran PLD COR+8(Leaden).. /tell Yanran 4/6 members

Xerg[EastAdoulin]: Vagary 5/5 PLD/WAR x1 BLM x3 BLU x3 GEO x1 Can I have it? PT@8/18

Yanran[WestAdoulin]: Sortie Static Looking for Veteran COR+8(Leaden).. /tell Yanran 5/6 members

[2]<Agrestic> afk rq

Maphsmuletwo[LowJeuno]: Mars Orb x6 Do you need it? 3m each /tell

Xerg[EastAdoulin]: Vagary 5/5 PLD/WAR x1 BLM x3 BLU x3 GEO x1 Can I have it? PT@8/18

[2]<Warmoose> gonna move upstairs then ill be good

Yanran[WestAdoulin]: Sortie Static Looking for Veteran COR+8(Leaden).. /tell Yanran 5/6 members

Battles[PortJeuno]: BeitetsuDo you have it?Sell?I'm interested.3,500Geach/tellThank you.

Xerg[EastAdoulin]: Vagary 5/5 PLD/WAR x1 BLM x3 BLU x3 GEO x1 Can I have it? PT@8/18

Yanran[WestAdoulin]: Sortie Static Looking for Veteran COR+8(Leaden).. /tell Yanran 5/6 members

Xerg[EastAdoulin]:   Vagary    5/5    PLD/WAR x1     BLM x3     BLU x3     GEO x1    Can I have it?     PT@8/18

Yanran[WestAdoulin]: Sortie Static Looking for Veteran COR+8(Leaden).. /tell Yanran 5/6 members

Battles[PortJeuno]: BeitetsuDo you have it?Sell?I'm interested.3,500Geach/tellThank you.

Yanran[WestAdoulin]: Sortie Static Looking for Veteran COR+8(Leaden).. /tell Yanran 5/6 Earring+Sapphires 7/7 Objectives...

Xerg[EastAdoulin]:   Vagary    5/5    PLD/WAR x1     BLM x3     BLU x3     GEO x1    Can I have it?     PT@8/18

Chorles[PortJeuno]: anybody doing segment runs?

Xerg[EastAdoulin]:   Vagary    5/5    PLD/WAR x1     BLM x3     BLU x3     GEO x1    Can I have it?     PT@8/18

Finklee[WestAdoulin]: Ambuscade V1 N or D Do you need it? PST

Maphsmuletwo[LowJeuno]: Mars Orb x6 Do you need it? 3m each /tell

Chorles[PortJeuno]: anybody doing segment runs?

Bainbridge[RuLudeGard]: dope, zero ppl in rabao

[2]<Warmoose> back

Xerg[EastAdoulin]:   Vagary    5/5    PLD/WAR x1     BLM x3     BLU x3     GEO x1    Can I have it?     PT@8/18

Chorles[PortJeuno]: Anyone doing Odyssey seg run

Maphsmuletwo[LowJeuno]: Mars Orb x6 Do you need it? 3m each /tell

Finklee[WestAdoulin]: Ambuscade V1 N or D Do you need it? PST

Thawne[PortWind]: REMA COR +8 LF Segment Runs Please invite me.

Redwoods[Norg]: WTB * Mars/Venus orb 2.5M * Do you have it? Sell?

Battles[PortJeuno]: BeitetsuDo you have it?Sell?I'm interested.3,500Geach/tellThank you.

Finklee[WestAdoulin]: Ambuscade V1 N or D Do you need it? /pst 2/6

Illuminate[LowJeuno]: if you accidentally drop a rare/ex item from a quest do you call GM in game or on website? 

Hya[Rabao]: you pull it out of your Recycle Bin

Berm[Norg]: have you zoned?

Finklee[WestAdoulin]: Ambuscade V1 N or D Do you need it? /pst 2/6

Ramsy[Mhaura]: event Linkshell Can I have it? You can have this. Bard Thank you.

Illuminate[LowJeuno]: asking for a friend (for real) it's not in his bin anymore - can't get another 

Aylaina[SSandOria]: What item/quest is it?

Illuminate[LowJeuno]: Gelos earring (adoulin questline) 

Foeteni[Rabao]: Arebati V20 Looking for members. remaBRD (hold add?) 5/6

Redwoods[Norg]: WTB * Mars/Venus orb 2.5M * Do you have it? Sell?

Battles[PortJeuno]: There is a One-time item restoration per account.

Illuminate[LowJeuno]: yea I heard about that 

Foeteni[Rabao]: Arebati V20 win/RP farm Looking for members. remaBRD (hold add? no biggie) 5/6

Aylaina[SSandOria]: Umm, I'm checking the quest and don't see any rare/ex items as part of the quest, do you remember the item's name?

Battles[PortJeuno]: Call a GM. In-game.

Geppoh[RuLudeGard]: there's a hotline you can call too

Finklee[WestAdoulin]: Ambuscade V1 N or D Looking for members. 2/6 /pst

Geppoh[RuLudeGard]: area code 010 867-5309

Foeteni[Rabao]: Arebati V20 win/RP farm Looking for members. remaBRD (hold add? no biggie) 5/6

Battles[PortJeuno]: In-game GM can complete the restore.

Berm[Norg]: what item?

Finklee[WestAdoulin]: Ambuscade V1 N or D Looking for members. 2/6 /pst

Aylaina[SSandOria]: If it's the Gelos earring itself, you can get it once a conquest period for 10k bayld

Aylaina[SSandOria]: Otherwise there's no rare/ex item associated with the quest that I can see

Finklee[WestAdoulin]: Ambuscade V1 N or D Looking for members. 2/6 /pst

Foeteni[Rabao]: Arebati V20 win/RP farm Looking for members. remaBRD (hold add? no biggie) 5/6

Battles[PortJeuno]: BeitetsuDo you have it?Sell?Help me out! 4,000G Eachq

Ramorakomoo[Rabao]: C Sheol Seg Run WHM DD BRD Can I have it?

Battles[PortJeuno]: BeitetsuDo you have it?Sell?Help me out!4,000Geach/tellThank you.

[2]<Bigdaddyrick> yoo

Foeteni[Rabao]: Arebati V20 win/RP farm Looking for members. remaBRD (hold add? no biggie) 5/6

[2]<Yuceda> /

[2]<Romb> yo

[2]<Bigdaddyrick> have fun with seggies

Ramorakomoo[Rabao]: C Sheol Seg Run WHM BRD Can I have it?

Scorchyworchy : Sheol C Segment Run Can I have it? rema Drg You can have this.

[2]<Yuceda> tyty

Foeteni[Rabao]: Arebati V20 win/RP farm Looking for members. remaBRD (hold add? no biggie) 5/6

Twisterx waves to Odysseuss.
Odysseuss waves to Twisterx.
Ramorakomoo[Rabao]: C Sheol Seg Run yWHM RemaBRD Can I have it?

Foeteni[Rabao]: Arebati V20 win farm Looking for members. remaBRD (hold add? no biggie) 5/6

Finklee[WestAdoulin]: Ambuscade V1 N or D Looking for members. 4/6 Healing Magic BLM /pst

Ramorakomoo[Rabao]: C Sheol Seg Run yWHM RemaBRD Can I have it?

Finklee[WestAdoulin]: Ambuscade V1 N or D Looking for members. 4/6 Healing Magic BLM /pst

Foeteni[Rabao]: Arebati V20 Looking for members. remaBRD (hold add? no biggie) 5/6

Ramorakomoo[Rabao]: C Sheol Seg Run yWHM RemaBRD Can I have it?

Brandi[Rabao]: Arebati v20 clear/ going for win Looking for members. cBRD @5/6

Redwoods[Norg]: WTB * Mars/Venus orb 2.5M * Do you have it? Sell?

Sabishii[Rabao]: UN-NERF GEO, MAKE GEO GREAT AGAIN

Foeteni[Rabao]: Arebati V20 Looking for members. remaBRD (hold add? no biggie) 5/6

Ramorakomoo[Rabao]: C Sheol Seg Run yWHM RemaBRD Can I have it?

Ticien[BastokMark]: New Class Cloudstrife please

Sabishii[Rabao]: that'd be SOLDIER, thank you very much

Battles[PortJeuno]: BeitetsuDo you have it?Sell?Help me out!4,000Geach/tellThank you.

Brandi[Rabao]: Arebati v20 clear/ going for win Looking for members. cBRD @5/6

Ramorakomoo[Rabao]: C Sheol Seg Run yWHM RemaBRD Can I have it?

Redwoods[Norg]: WTB * Mars/Venus orb 2.5M * Do you have it? Sell?

Foeteni[Rabao]: Arebati V20 Looking for members. remaBRD (hold add? no biggie) 5/6

Ramorakomoo[Rabao]: C Sheol Seg Run yWHM RemaBRD Can I have it?

Bigdaddyrick pokes Warmoose.
Ramorakomoo[Rabao]: C Sheol Seg Run yWHM RemaBRD Can I have it? Price: 0 20k segs or your money back

Maphsmuletwo[LowJeuno]: Mars Orb x6 Do you need it? 3m each /tell

Finklee[WestAdoulin]: Ambuscade V1 N or D Do you need it? DD 5/6 /pst

Ramorakomoo[Rabao]: C Sheol Seg Run yWHM RemaBRD Can I have it?

Ramorakomoo[Rabao]: C Sheol Seg Run yWHM RemaBRD Can I have it?

Ramorakomoo[Rabao]: C Sheol Seg Run yWHM RemaBRD Can I have it?

Ramorakomoo[Rabao]: C Sheol Seg Run yWHM RemaBRD Can I have it?  4/6

Chorles : whatre the fireworks for

Ramorakomoo[Rabao]: C Sheol Seg Run yWHM RemaBRD Can I have it?  4/6

Ramorakomoo[Rabao]: C Sheol Seg Run yWHM RemaBRD Can I have it?  4/6

Ramorakomoo[Rabao]: C Sheol Seg Run yWHM RemaBRD Can I have it?  4/6

Buffywhm[WindWalls]: Fistule Discharge x50 Can I have it? /tell

Slycooper[LowJeuno]: Master Level/Capacity Points Party Do you need it? Healing Magic,Tank,COR/BRD/GEO Can I have it? /tell

Efx[EastAdoulin]: Sortie Do you need it? TANK, COR, DD, BLU/GEO Can I have it? /tell

Zanbuza[Mhaura]: Sortie is out?

Battles[PortJeuno]: BeitetsuDo you have it?Sell?Help me out!4,000Geach/tellThank you.

Buffywhm[WindWalls]: Fistule Discharge x50 Can I have it? /tell

Buffywhm[WindWalls]: Fistule Discharge x50 Can I have it? /tell

Maphsmuletwo[LowJeuno]: Mars Orb x6 Do you need it? 3m each /tell

Efx[EastAdoulin]: Sortie Do you need it? TANK, COR, DD Can I have it? /tell

Cassou[Norg]: Hello any help for chrom dub t4 at reisenjima please? need odyssean glove  /t please :)

Redwoods[Norg]: WTB * Mars/Venus orb 2.5M * Do you have it? Sell?

Ripffxi[WestAdoulin]: Ambuscade VD Do you need it? BLU WHM BRDorRDM DD Can I have it? /tell Easy prey

Buffywhm[WindWalls]: Fistule Discharge x50 Can I have it? /tell

Efx[EastAdoulin]: Sortie Do you need it? TANK, COR, Heavy DD Can I have it? /tell

Cassou[Norg]: Hello any help for chrom dub t1 at reisenjima please? need odyssean glove  /t please :)

Redwoods[Norg]: WTB * Mars/Venus orb 2.5M * Do you have it? Sell?

Efx[EastAdoulin]: Sortie Do you need it? TANK, COR, Heavy DD Can I have it? /tell

Hastytape[RuLudeGard]: Looking for members. Capacity Points Merit points Party | Moh Gates | Do you need it? /tell 4/6

Ripffxi[WestAdoulin]: AmbuscadeVD Do you need it? BLU RDM/BLU DD Tank Can I have it? /tell 

Efx[EastAdoulin]: Sortie Do you need it? TANK, COR, Heavy DD Can I have it? /tell @4

Cassou[Norg]: Hello any help for chrom dub t1 at reisenjima please? need odyssean glove  /t please :)

Redwoods[Norg]: WTB * Mars/Venus orb 2.5M * Do you have it? Sell?

Buffywhm[WindWalls]: Fistule Discharge x50 Can I have it? /tell

Ripffxi[WestAdoulin]: AmbuscadeVD Do you need it? DDr15 Tank Can I have it? 4/6

Ramorakomoo[Rabao]: C Seg Farm 5/6 WAR Can I have it? /tell

Ripffxi[WestAdoulin]: AmbuscadeVD Do you need it? DDr15 BRD Tank Can I have it? 4/6

Ripffxi[WestAdoulin]: AmbuscadeVD Do you need it? DDr15 BRD Tank Can I have it? 4/6

Redwoods[Norg]: WTB * Mars/Venus orb 2.5M * Do you have it? Sell?

Hastytape[RuLudeGard]: Looking for members. Capacity Points Merit points Party | Moh Gates | Do you need it? /tell 4/64

Ripffxi[WestAdoulin]: AmbuscadeVD Do you need it? DDr15 BRD Tank Can I have it? 4/6

Ripffxi[WestAdoulin]: AmbuscadeVD Do you need it? DDr15 BRD Tank Can I have it? 4/6

Redwoods[Norg]: WTB * Mars/Venus orb 2.5M * Do you have it? Sell?

Ripffxi[WestAdoulin]: AmbuscadeVD Do you need it? DDr15 BRD Tank Can I have it? 4/6

Garthpsi[Norg]: Assault Lebros Supplies Do you need it? Team up?  2/3

Ripffxi[WestAdoulin]: AmbuscadeVD Do you need it? DDr15 COR Tank Can I have it? 4/6

Conquest update:This region is currently under beastman control.You cannot obtain crystals in this region.
The beastmen are on the rise.
You have undertaken the limited-time Records of Eminence challenge á≤Vanquish Plantoids.á≥
Efx[EastAdoulin]: Sortie Do you need it? Tank, Cor, Heavy DD Can I have it? /tell @4

Ripffxi[WestAdoulin]: AmbuscadeVD Do you need it? DDr15 COR BRD Tank Can I have it? 4/6

Thekai[Whitegate]: Assault Lebros Supplies Do you need it? /tell Thekai

Chorles[Rabao]: anyone doing segment runs

Renew[LowJeuno]: Hail

Efx[EastAdoulin]: Sortie Do you need it? Tank, Cor, Heavy DD Can I have it? /tell @4

Ticien[Norg]: buying BRD skill up books

Ripffxi[WestAdoulin]: AmbuscadeVD Do you need it? Tank Can I have it? 5/6

Chorles[Rabao]: Drk looking for seg party /tell

Efx[EastAdoulin]: Sortie Do you need it? Tank or Cor Can I have it? /tell @5

Efx[EastAdoulin]: Sortie Do you need it? Tank or Cor Can I have it? /tell @5

Ripffxi[WestAdoulin]: AmbuscadeVD Do you need it? Tank Can I have it? 5/6

Chorles[Rabao]: Drk looking for seg party /tell

Garthpsi[Norg]: Assault Lebros Supplies Do you need it? Team up?  2/3

Chorles[Rabao]: Drk Looking for Party Odyssey segment run /tell

Ripffxi[WestAdoulin]: AmbuscadeVD Do you need it? Tank Can I have it? 5/6

Ironbars[Rabao]: Bumba V20 RP - Veteran +8 SB COR, REMA SB BRD, iGEO (Black Halo), SB DRG 2/6

Ticien[Norg]: buying BRD skill up books

Efx[EastAdoulin]: Sortie Do you need it? Tank or Cor Can I have it? /tell @5

Chorles[Rabao]: Drk Looking for Party Odyssey segment run /tell

Ironbars[Rabao]: Bumba V20 RP - Veteran +8 SB COR, REMA SB BRD, iGEO (Black Halo), SB DRG 2/6

Ripffxi[WestAdoulin]: AmbuscadeVD Do you need it? Tank Can I have it? 5/6

Efx[EastAdoulin]: Sortie Do you need it? Tank or Cor Can I have it? /tell @5

Efx[EastAdoulin]: Sortie Do you need it? Tank or Cor Can I have it? /tell @5

Ripffxi[WestAdoulin]: AmbuscadeVD Do you need it? COR Tank Can I have it? 5/6

Ironbars[Rabao]: Bumba V20 RP - Veteran +8 SB COR, REMA SB BRD, iGEO (Black Halo), SB DRG 2/6

Ironbars[Rabao]: Bumba V20 RP - Veteran REMA SB BRD, iGEO (Black Halo), SB DRG 3/6

Ripffxi[WestAdoulin]: AmbuscadeVD Do you need it? COR Tank Can I have it? 5/6

Ironbars[Rabao]: Bumba V20 RP - Veteran REMA SB BRD, SB DRG 4/6

Efx[EastAdoulin]: Sortie Do you need it? Tank, Cor Can I have it? /tell @4

Ironbars[Rabao]: Bumba V20 RP - Veteran REMA SB BRD, SB DRG 4/6

Cassou[Mhaura]: Ambuscade N farm LF DD/TANK/HEAL  /t  1/6 

Efx[EastAdoulin]: Sortie Do you need it? Tank, Cor Can I have it? /tell @4

Ironbars[Rabao]: Bumba V20 RP - Veteran REMA SB BRD, SB DRG 4/6

Efx[EastAdoulin]: Sortie Do you need it? Tank, Cor Can I have it? /tell @4

Efx[EastAdoulin]: Sortie Do you need it? Tank Can I have it? /tell @5

Katnipper[LowJeuno]: anyone buying Mars Orbs?

Ironbars[Rabao]: Bumba V20 RP - Veteran SB DRG 5/6

Efx[EastAdoulin]: Sortie Do you need it? Tank Can I have it? /tell @5

Ironbars[Rabao]: Bumba V20 RP Our party's full.

Efx[WestAdoulin]: Sortie Do you need it? BLU/GEO Can I have it? /tell @5

Efx[WestAdoulin]: Sortie Do you need it? BLU/GEO Can I have it? /tell @5

Efx[WestAdoulin]: Sortie Do you need it? BLU/GEO Can I have it? /tell @5

Efx[WestAdoulin]: Sortie Do you need it? BLU/GEO Can I have it? /tell @5

Efx[WestAdoulin]: Sortie Do you need it? BLU/GEO Can I have it? /tell @5

Efx[WestAdoulin]: Sortie Do you need it? BLU/GEO Can I have it? /tell @5

Redwoods[Norg]: WTB * Mars/Venus orb 2.5M * Do you have it? Sell?

Efx[PortJeuno]: Sortie Do you need it? BLU/GEO Can I have it? /tell @5

Redwoods[Norg]: WTB * Mars/Venus orb 2.5M * Do you have it? Sell?

[2]<Sensarity> we just dinged lol

Efx[PortJeuno]: Sortie Do you need it? BLU/GEO Can I have it? /tell @5

Efx[PortJeuno]: Sortie Do you need it? BLU/GEO Can I have it? /tell @5

[2]<Sakutaru> Congratulations! .. how long ?

Redwoods[Norg]: WTB * Mars/Venus orb 2.5M * Do you have it? Sell?

[2]<Sakutaru> i mean since u start queued 

Redwoods[Norg]: WTB * Mars/Venus orb 2.5M * Do you have it? Sell?

Ripffxi[Mhaura]: AmbuscadeVD Tank please just beat it without one... 5/6

Ticien[Norg]: buying BRD skill up books

Sesshmaru[Rabao]: Good morning! Asura <3  :Da

Redwoods[Norg]: WTB * Mars/Venus orb 2.5M * Do you have it? Sell?

Ripffxi[Mhaura]: AmbuscadeVD Tank or BLU please just beat it without one... 5/6

[2]<Sensarity> we queued about an hour and did segs in etween

Redwoods[Norg]: WTB * Mars/Venus orb 2.5M * Do you have it? Sell?

Redwoods[Norg]: WTB * Mars/Venus orb 2.5M * Do you have it? Sell?

Truepepe[LowJeuno]: Pulse Weapon Sell? 15mil /tell

Truepepe[LowJeuno]: Dynamis - Windurst D Can I have it? /tell

Yamilla examines you.
Bloodcross[NSandOria]: Mar's Orb 2.5mil Can I have it? Sell?

Garthpsi[Whitegate]: Assault Lebros Supplies Do you need it? Team up?  2/3

Bloodcross[NSandOria]: Mar's Orb 2.5mil Can I have it? Sell?

Redwoods[Norg]: WTB * Mars/Venus orb 2.5M * Do you have it? Sell?

Bloodcross[NSandOria]: Mar's Orb 2.5mil Can I have it? Sell?

Bloodcross[NSandOria]: Mar's Orb 2.5mil Can I have it? Sell?

Sesshmaru[Rabao]: Odyssey C Looking for members. REMA BRD(Nyame 20 + Tp Bonus Dagger  Cor Phantom Roll 7 / 8 yWHM Veteran TANK 1/6

Bloodcross[NSandOria]: Mar's Orb 2.5mil Can I have it? Sell?

Sesshmaru[Rabao]: Odyssey C Looking for members. REMA BRD(Nyame 20 + Tp Bonus Dagger ) yWHM Veteran TANK 3/6

Redwoods[Norg]: WTB * Mars/Venus orb 2.5M * Do you have it? Sell?

Sesshmaru[Rabao]: Odyssey C Looking for members. REMA BRD(Nyame 20 + Tp Bonus Dagger ) yWHM Veteran TANK 3/6

Sesshmaru[Rabao]: Odyssey C Looking for members. REMA BRD(Nyame 20 + Tp Bonus Dagger ) yWHM Veteran TANK 3/6

Sesshmaru : Aux :D

Murke[Norg]: ppl shouting for nyame R20 now?

Sesshmaru[Rabao]: I can shout for nyame 25 stop putting ur nose in other bussiness

Valkariesigrun[WindWoods]: go ahead you will be shouting for 3 hours like you do every night.

Redwoods[Norg]: WTB * Mars/Venus orb 2.5M * Do you have it? Sell?

Sesshmaru[Rabao]: Idc if i shout 7h striaght :D 

Crooner[Norg]: life goals

Veroxia[WestAdoulin]: Cor lf sortie~

Sesshmaru[Rabao]: Odyssey C Looking for members. REMA BRD(Nyame R20 + Tp Bonus) Veteran Tank 4/6

Sesshmaru[Rabao]: All of you Black List :D

Slycooper[LowJeuno]: too many dirty tells Sess?

Redwoods[Norg]: WTB * Mars/Venus orb 2.5M * Do you have it? Sell?

Sesshmaru[Rabao]: I don't waste my time on gutless troll lol Black List

Slycooper[LowJeuno]: tight o homes

Sesshmaru cheers Rafike on!
Sesshmaru[Rabao]: Odyssey C Looking for members. REMA BRD(Nyame R20 + Tp Bonus) Veteran Tank 4/6

Catttie[Mhaura]: Delve Do you need it? Help me out! 2/3 

Sesshmaru[Rabao]: Odyssey C Looking for members. REMA BRD(Nyame R20 + Tp Bonus) Veteran Tank 4/6

Veroxia[WestAdoulin]: cor, drg, smn lf sortie Please assist.

Sesshmaru[Rabao]: Odyssey C Looking for members. REMA BRD(Nyame R20 + Tp Bonus Dagger) Veteran Tank 4/6

Sesshmaru[Rabao]: Odyssey C Looking for members. REMA BRD(Nyame R20 + Tp Bonus Dagger) Veteran Tank 4/6

Ironbars[Rabao]: Bumba V20 RP Looking for members. REMA SB BRD 5/6

Sesshmaru[Rabao]: Odyssey C Looking for members. REMA BRD(Nyame R20 + Tp Bonus Dagger) Veteran Tank 4/6

Ironbars[Rabao]: Bumba V20 RP Looking for members. REMA SB BRD 5/6

Ironbars[Rabao]: Bumba V20 RP Our party's full.

Sesshmaru[Rabao]: Odyssey C Looking for members. REMA BRD(Nyame R20 + Tp Bonus Dagger) Veteran Tank 4/6

Conquest update:This region is currently under beastman control.You cannot obtain crystals in this region.
The beastmen are on the rise.
Amnoth[LowJeuno]: Mars Orb Do you need it? 2.5m

Sesshmaru[Rabao]: Odyssey C Looking for members. REMA BRD(Nyame R20 + Tp Bonus Dagger) Veteran Tank 4/6

Amnoth[LowJeuno]: Mars Orb Do you need it? 2.5m

Sesshmaru[Rabao]: Odyssey C Looking for members. REMA BRD(Nyame R20 + Tp Bonus Dagger) Veteran Tank 4/6

Sesshmaru[Rabao]: Odyssey C Looking for members. REMA BRD(Nyame R20 + Tp Bonus Dagger) Veteran Tank 4/6

Sesshmaru[Rabao]: Odyssey C Looking for members. REMA BRD(Nyame R20 + Tp Bonus Dagger) Veteran Tank 4/6

Sesshmaru[Rabao]: Odyssey C Looking for members. REMA BRD(Nyame R20 + Tp Bonus Dagger) Veteran Tank 4/6

Sesshmaru[Rabao]: Odyssey C Looking for members. REMA BRD(Nyame R20 + Tp Bonus Dagger) Veteran Tank 4/6

Redwoods[Norg]: WTB * Mars/Venus orb 2.5M * Do you have it? Sell?

Sesshmaru[Rabao]: Odyssey C Looking for members. REMA BRD(Nyame R20 + Tp Bonus Dagger) Veteran Tank 4/6

Sesshmaru[Rabao]: Odyssey C Looking for members. REMA BRD(Nyame R20 + Tp Bonus Dagger) Veteran Tank 4/6

Redwoods[Norg]: WTB * Mars/Venus orb 2.5M * Do you have it? Sell?

Sesshmaru[Rabao]: Odyssey C Looking for members. REMA BRD(Nyame R20 + Tp Bonus Dagger) Veteran Tank 4/6

Sesshmaru[Rabao]: Odyssey C Looking for members. REMA BRD(Nyame R20 + Tp Bonus Dagger) Veteran Tank 4/6

Sesshmaru[Rabao]: Odyssey C Looking for members. REMA BRD(Nyame R20 + Tp Bonus Dagger) Veteran Tank 4/6

Sesshmaru[Rabao]: Odyssey C Looking for members. REMA BRD(Nyame R20 + Tp Bonus Dagger) Veteran Tank 4/6

Sesshmaru[Rabao]: Odyssey C Looking for members. REMA BRD(Nyame R20 + Tp Bonus Dagger) Veteran Tank 4/6

Sesshmaru[Rabao]: Odyssey C Looking for members. REMA BRD(Nyame R20 + Tp Bonus Dagger) Veteran Tank 4/6

Redwoods[Norg]: WTB * Mars/Venus orb 2.5M * Do you have it? Sell?

Sesshmaru[Rabao]: Odyssey C Looking for members. REMA BRD(Nyame R20 + Tp Bonus Dagger) Veteran Tank 4/6

Sesshmaru[Rabao]: Odyssey C Looking for members. REMA BRD(Nyame R20 + Tp Bonus Dagger) Veteran Tank 4/6

Pugilnado : Casual sheol c segment run, 3/6, need Tank, Cor, DD

Pugilnado[Rabao]: Casual Sheol C Segments 3/6, need Tank/Cor/DD

Sesshmaru[Rabao]: Odyssey C Looking for members. REMA BRD(Nyame R20 + Tp Bonus Dagger) Veteran Tank 4/6

Vhaeraun[BastokMark]: Jadeite Do you have it? Sell? /tell

Sesshmaru[Rabao]: Odyssey C Looking for members. REMA BRD(Nyame R20 + Tp Bonus Dagger) Veteran Tank 4/6

Pugilnado[Rabao]: LF2M Casual Sheol C, 4/6, need Tank + Cor

Sesshmaru[Rabao]: Odyssey C Looking for members. REMA BRD(Nyame R20 + Tp Bonus Dagger) Veteran Tank 4/6

Vhaeraun[BastokMark]: Jadeite Do you have it? Sell? /tell

Sesshmaru[Rabao]: Odyssey C Looking for members. REMA BRD(Nyame R20 + Tp Bonus Dagger) Veteran Tank 4/6

Pugilnado[Rabao]: LF2M Casual Sheol C, 4/6, need Tank + Cor

Sesshmaru[Rabao]: Odyssey C Looking for members. REMA BRD(Nyame R20 + Tp Bonus Dagger) Veteran Tank 4/6

Sesshmaru[Rabao]: Odyssey C Looking for members. REMA BRD(Nyame R20 + Tp Bonus Dagger) Veteran Tank 4/6

Pugilnado[Rabao]: LF2M Casual Sheol C, 4/6, need Tank + Cor

Sesshmaru[Rabao]: Odyssey C Looking for members. REMA BRD(Nyame R20 + Tp Bonus Dagger) Veteran Tank 4/6

Pugilnado[Rabao]: LF2M Casual Sheol C, 4/6, need Tank + Cor

Sesshmaru[Rabao]: Odyssey C Looking for members. REMA BRD(Nyame R20 + Tp Bonus Dagger) Veteran Tank 4/6

Sesshmaru[Rabao]: Odyssey C Looking for members. REMA BRD(Nyame R20 + Tp Bonus Dagger) Veteran Tank 4/6

Pugilnado[Rabao]: LF2M Casual Sheol C, 4/6, need Tank + Cor

Sesshmaru[Rabao]: Odyssey C Looking for members. REMA BRD(Nyame R20 + Tp Bonus Dagger) Veteran Tank 4/6

Pugilnado[Rabao]: LF2M Casual Sheol C, 4/6, need Tank + Cor

Sesshmaru[Rabao]: Our party's full. :D 

Thawne[Rabao]: Bumba V20 RP Can I have it? You can have this. 3M

Pugilnado[Rabao]: LF2M Casual Sheol C, 4/6, need Tank + Cor

Pugilnado[Rabao]: LF2M Casual Sheol C, 4/6, need Tank + Cor

Thawne[Rabao]: Bumba V20 RP Can I have it? You can have this. 3M

Machair[BastokMark]: is anyone selling bumba rp?

Diyide[Rabao]: Odyssey C farm Do you need it? DD ywhm +8cor /tell please 

Diyide[Rabao]: Odyssey C farm Do you need it? R15 DD ywhm  /tell please 3/6

Diyide[Rabao]: Odyssey C farm Do you need it? R15 DD ywhm  /tell please 4/6

[2]<Warmoose> Leth. Houseaux +2

Machair[BastokMark]: is anyone selling bumba rp?

[2]<Warmoose> anyone for a low man card farm?

[2]<Sakuheal> sorry moose afk work atm :(

[2]<Warmoose> i forgive you saku

[2]<Sakuheal> how bad is the line up ?

Executing shutdown in 30 seconds.Cancel healing to remain logged in.
Executing shutdown in 25 seconds.Cancel healing to remain logged in.
Executing shutdown in 20 seconds.Cancel healing to remain logged in.
[2]<Sakuheal> need to somehow make it to omen once this month :(

[2]<Warmoose> idk. at this hour people are probably doing sortie

Executing shutdown in 15 seconds.Cancel healing to remain logged in.
Executing shutdown in 10 seconds.Cancel healing to remain logged in.
Executing shutdown in 5 seconds.Cancel healing to remain logged in.
=== Area: Rabao ===
*****DP Job Selection:WHM*****
Mode: Magic.
 White = Can not cast.
 Green = Casting Range
<<< Welcome to Asura! >>>
Å°Assist Channel added for New Players and Returnees! https://sqex.to/yLvfp


Å°Vana'diel Doused with the August Version Update!


Å°Sunbreeze Festival & Green Festival [until August 31 at 7:59 (PDT) / 14:59 (GMT) / 15:59 (BST)]


Å°August 2022 Login Campaign [until September 2 at 7:00 (PDT) / 14:00 (GMT) / 15:00 (BST)]


Å°Fun in the Sun Campaign [until August 22 at 0:59 (PDT) / 7:59 (GMT) / 8:59(BST)]


Å°Return Home to Vana'diel Campaign [until August 22 at 1:00 (PDT) / 8:00 (GMT) / 9:00 (BST)]


Å°Discount Campaign [until August 31 at 1:00 (PDT) / 8:00 (GMT) / 9:00 (BST)]


Å°The Summer Alter Ego Extravaganza [until August 31 at 7:59 (PDT) / 14:59 (GMT) / 15:59 (BST)]


* Please refer to the official website for more details.
You have undertaken the limited-time Records of Eminence challenge á≤Physical Damage Kills.á≥
This area is currently affected by the Super Kupower: á≤Thrifty Transitá≥!This area is currently affected by the Super Kupower: á≤Martial Masterá≥!This area is currently affected by the Super Kupower: á≤Dilatory Digestioná≥!
The August 2022 Login Campaign is currently underway!
In celebration of your most recent login (login no. 10), we have provided you with 100 points!You currently have a total of 1500 points.
[2]< LateNiteCrew: Uvvu >
The best friends a man could have. And Tunic. (Aug. 13, 2022 8:09:13pm)
[1]< Surreal: Diluted >
Live. Laugh. Love. (Jul. 10, 2022 6:10:02pm)
Khris[Rabao]: Arebati v20 rp/clear Do you need it? 5/6 run pst

The "Call for Help" command is currently being blocked.
FastFollow: Pausing on Spell: false, Item: false
Initializing Guildwork
Welcome, Memento Mori!
Did you know if you subscribe to Guildwork Premium (guildwork.com/premium) you can get cross-zone shouts, AH notifications, Bazaar notifications, Remote chat and more?
Add this character to Guildwork by typing /gw flush --add
Akaykmj[PortJeuno]: Etched Memory 8k each Sell? tell Thank you.

Kimastar[NSandOria]: AOE Crawlers' Nest [S] Do you need it? Can I have it? COR GEO? 4/6

Delvea[WindWaters]: Yorcia Weald,(Delve) Do you need it? Campaign 1m/1run. 5m/6run 210k Mweya plasm/run . tell

Kimastar[NSandOria]: AOE Crawlers' Nest [S] Do you need it? Can I have it? COR GEO? 4/6

Akaykmj[PortJeuno]: Etched Memory 8k each Sell? tell Thank you.

Delvea[WindWaters]: Yorcia Weald,(Delve) Do you need it? Campaign 1m/1run. 5m/6run 210k Mweya plasm/run . tell

Kimastar[NSandOria]: AOE Crawlers' Nest [S] Do you need it? Can I have it? GEO? 5/6

{Sylvie} Okay, everyone! I just had the weirdest vision. In the next 10 minutes, somebody called á≤Quetzalcoatlá≥ will be showing up in Reisenjima, somewhere around ?-?! Is that good?
Delvea[WindWaters]: Yorcia Weald,(Delve) Do you need it? Campaign 1m/1run. 5m/6run 210k Mweya plasm/run . tell

Using Warp Ring, /heal to cancel.
Delvea[WindWaters]: Yorcia Weald,(Delve) Do you need it? Campaign 1m/1run. 5m/6run 210k Mweya plasm/run . tell

[Kateye] warp ring Å® Kateye
=== Area: Nashmau ===
The maximum number of people are already participating in Unity chat. Please try again later.
Delvea[WindWaters]: Yorcia Weald,(Delve) Do you need it? Campaign 1m/1run. 5m/6run 210k Mweya plasm/run . tell

Delvea[WindWaters]: Yorcia Weald,(Delve) Do you need it? Campaign 1m/1run. 5m/6run 210k Mweya plasm/run . tell

Delvea[WindWaters]: Yorcia Weald,(Delve) Do you need it? Campaign 1m/1run. 5m/6run 210k Mweya plasm/run . tell

Delvea[WindWaters]: Yorcia Weald,(Delve) Do you need it? Campaign 1m/1run. 5m/6run 210k Mweya plasm/run . tell

Akaykmj[PortJeuno]: Etched Memory 8k each Sell? tell Thank you.

Delvea[WindWaters]: Yorcia Weald,(Delve) Do you need it? Campaign 1m/1run. 5m/6run 210k Mweya plasm/run . tell

Delvea[WindWaters]: Yorcia Weald,(Delve) Do you need it? Campaign 1m/1run. 5m/6run 210k Mweya plasm/run . tell

Akaykmj[PortJeuno]: Etched Memory 8k each Sell? tell Thank you.

Delvea[WindWaters]: Yorcia Weald,(Delve) Do you need it? Campaign 1m/1run. 5m/6run 210k Mweya plasm/run . tell

Akaykmj[PortJeuno]: Etched Memory 8k each Sell? tell Thank you.

Peoplefood[WestAdoulin]: sortie Looking for members. tank brd whm dd 1/6

Delvea[WindWaters]: Yorcia Weald,(Delve) Do you need it? Campaign 1m/1run. 5m/6run 210k Mweya plasm/run . tell

Peoplefood[WestAdoulin]: sortie Looking for members. tank  whm  3/6

Lynel[LowJeuno]: Mars orb Do you need it? Buy? /tell Thank you. 

Peoplefood[WestAdoulin]: sortie Looking for members. tank  whm  3/6

Delvea[WindWaters]: Yorcia Weald,(Delve) Do you need it? Campaign 1m/1run. 5m/6run 210k Mweya plasm/run . tell

Peoplefood[WestAdoulin]: sortie Looking for members. tank  whm  3/6

Peoplefood[WestAdoulin]: sortie Looking for members. tank  whm  3/6

Peoplefood[WestAdoulin]: sortie Looking for members. tank  whm  3/6

Akaykmj[PortJeuno]: Etched Memory 8k each Sell? tell Thank you.

Peoplefood[WestAdoulin]: sortie Looking for members. tank  whm  3/6

Bsymea[WindWaters]: Empyrean Weapon Shop Item 50 50 75 Do you need it? /tell Thank you.

Peoplefood[WestAdoulin]: sortie Looking for members. tank blu blm 4/6

Peoplefood[WestAdoulin]: sortie Looking for members. tank blu blm 4/6

Peoplefood[WestAdoulin]: sortie Looking for members.  blu blm 5/6

Bsymea[WindWaters]: Empyrean Weapon Shop Item 50 50 75 Do you need it? /tell Thank you.

Bsymea[WindWaters]: Empyrean Weapon Shop Item 50 50 75 Do you need it? /tell Thank you.

Akaykmj[PortJeuno]: Etched Memory 8k each Sell? tell Thank you.

Akaykmj[PortJeuno]: Etched Memory 8k each Sell? tell Thank you.

Bsymea[WindWaters]: Empyrean Weapon Shop Item 50 50 75 Do you need it? /tell Thank you.

Umbralord[RuLudeGard]: Kalunga V0 Do you need it? Slashing dd whm and cor Thank you. 2/6  /tell

Cassou[PortJeuno]: Aello farm LF DD/HEAL/TANK  1/6  /t for inv :)

Umbralord[RuLudeGard]: Kalunga V0 Do you need it? dd whm and cor Thank you. 3/6  /tell

Cassou[PortJeuno]: Aello farm LF DD/HEAL/TANK  1/6  /t for inv :)

Umbralord[RuLudeGard]: Kalunga V0 Do you need it? dd cor Thank you. 4/6  /tell

Umbralord[RuLudeGard]: Kalunga V0 Do you need it? dd cor Thank you. 4/6  /tell

Akaykmj[PortJeuno]: Etched Memory 8k each Sell? tell Thank you.

Umbralord[Rabao]: Kalunga V0 Do you need it? dd cor Thank you. 4/6  /tell Last Call

Mypotato[LowJeuno]: [Mars orb] Do you need it? 2.5m each /tell

Umbralord[Rabao]: Kalunga V0 Do you need it? dd cor Thank you. 4/6  /tell Last Call

Akaykmj[PortJeuno]: Etched Memory 8k each Sell? tell Thank you.

Akaykmj[PortJeuno]: Etched Memory 8k each Sell? tell Thank you.

Quendi(quendi210) is now online on Guildwork.
Akaykmj[PortJeuno]: Etched Memory 8k each Sell? tell Thank you.

Akaykmj[PortJeuno]: Etched Memory 8k each Sell? tell Thank you.

Akaykmj[PortJeuno]: Etched Memory 8k each Sell? tell Thank you.

Akaykmj[PortJeuno]: Etched Memory 8k each Sell? tell Thank you.

Bsymea[WindWaters]: Empyrean Weapon Shop Item 50 50 75 Do you need it? /tell Thank you.

Arayala invites you to her party.
superwarp: Warping via Home Point #1 to Western Adoulin - 1.
Akaykmj[PortJeuno]: Etched Memory 8k each Sell? tell Thank you.

=== Area: Western Adoulin ===
The maximum number of people are already participating in Unity chat. Please try again later.
superwarp: Warping via Waypoint to Kamihr Drifts - 4.
You have expended 50 kinetic units and will be transported to another locale.
=== Area: Kamihr Drifts ===
The maximum number of people are already participating in Unity chat. Please try again later.
Using Warp Ring, /heal to cancel.
[Kateye] warp ring Å® Kateye
=== Area: Nashmau ===
The maximum number of people are already participating in Unity chat. Please try again later.
superwarp: Warping via Home Point #1 to Norg - 1.
Akaykmj[PortJeuno]: Etched Memory 8k each Sell? tell Thank you.

=== Area: Norg ===
The maximum number of people are already participating in Unity chat. Please try again later.
This area is currently affected by the Super Kupower: á≤Thrifty Transitá≥!This area is currently affected by the Super Kupower: á≤Martial Masterá≥!This area is currently affected by the Super Kupower: á≤Dilatory Digestioná≥!
Bsymea[WindWaters]: Empyrean Weapon Shop Item 50 50 75 Do you need it? /tell Thank you.

Akaykmj[PortJeuno]: Etched Memory 8k each Sell? tell Thank you.

Oseem : Okie-dokie, friend! I'll take your chironic doublet and engrave it right away!
Oseem : Okie-dokie, friend! I'll take your chironic doublet and engrave it right away!
Oseem : Okie-dokie, friend! I'll take your chironic doublet and engrave it right away!
Oseem : Then let me imbue your chironic doublet with some special techniques.
Oseem : Then let me imbue your chironic doublet with some special techniques.
Oseem : Then let me imbue your chironic doublet with some special techniques.
Oseem : Are you sure you want to keep this chironic doublet's original glyptic?
Oseem : Are you sure you want to keep this chironic doublet's original glyptic?
Oseem : Are you sure you want to keep this chironic doublet's original glyptic?
Oseem : Then let me imbue your chironic doublet with some special techniques.
Oseem : Then let me imbue your chironic doublet with some special techniques.
Oseem : Then let me imbue your chironic doublet with some special techniques.
Oseem : Are you sure you want to keep this chironic doublet's original glyptic?
Oseem : Are you sure you want to keep this chironic doublet's original glyptic?
Oseem : Are you sure you want to keep this chironic doublet's original glyptic?
Oseem : Then let me imbue your chironic doublet with some special techniques.
Oseem : Then let me imbue your chironic doublet with some special techniques.
Oseem : Then let me imbue your chironic doublet with some special techniques.
Oseem : Are you sure you want to keep this chironic doublet's original glyptic?
Oseem : Are you sure you want to keep this chironic doublet's original glyptic?
Oseem : Are you sure you want to keep this chironic doublet's original glyptic?
Oseem : Then let me imbue your chironic doublet with some special techniques.
Oseem : Then let me imbue your chironic doublet with some special techniques.
Oseem : Then let me imbue your chironic doublet with some special techniques.
Oseem : Are you sure you want to keep this chironic doublet's original glyptic?
Oseem : Are you sure you want to keep this chironic doublet's original glyptic?
Oseem : Are you sure you want to keep this chironic doublet's original glyptic?
Oseem : Then let me imbue your chironic doublet with some special techniques.
Oseem : Then let me imbue your chironic doublet with some special techniques.
Oseem : Then let me imbue your chironic doublet with some special techniques.
Oseem : Are you sure you want to keep this chironic doublet's original glyptic?
Oseem : Are you sure you want to keep this chironic doublet's original glyptic?
Oseem : Are you sure you want to keep this chironic doublet's original glyptic?
Oseem : Then let me imbue your chironic doublet with some special techniques.
Oseem : Then let me imbue your chironic doublet with some special techniques.
Oseem : Then let me imbue your chironic doublet with some special techniques.
Oseem : Are you sure you want to keep this chironic doublet's original glyptic?
Oseem : Are you sure you want to keep this chironic doublet's original glyptic?
Oseem : Are you sure you want to keep this chironic doublet's original glyptic?
Akaykmj[PortJeuno]: Etched Memory 8k each Sell? tell Thank you.

Akaykmj[PortJeuno]: Etched Memory 8k each Sell? tell Thank you.

Bsymea[WindWaters]: Empyrean Weapon Shop Item 50 50 75 Do you need it? /tell Thank you.

Akaykmj[PortJeuno]: Etched Memory 8k each Sell? tell Thank you.

Conquest update:This region is currently under Bastokan control.
The beastmen are on the rise.
Akaykmj[PortJeuno]: Etched Memory 8k each Sell? tell Thank you.

Bsymea[WindWaters]: Empyrean Weapon Shop Item 50 50 75 Do you need it? /tell Thank you.

Diatone[Rabao]: OdysseyCTeam up?WarriorClubPolearmDagger8CorsairLooking for members.Tell

Diatone[Rabao]: OdysseyCTeam up?WarriorClubPolearmDagger8CorsairLooking for members.Tell

Diatone[Rabao]: OdysseyCTeam up?WarriorClubPolearmDagger8CorsairLooking for members.Tell 4/6

Akaykmj[PortJeuno]: Etched Memory 8k each Sell? tell Thank you.

Bsymea[WindWaters]: Empyrean Weapon Shop Item 50 50 75 Do you need it? /tell Thank you.

Diatone[Rabao]: OdysseyCTeam up?WarriorClubPolearmDagger8CorsairSupport JobDancerLooking for members.Tell 4/6

Akaykmj[PortJeuno]: Etched Memory 8k each Sell? tell Thank you.

Diatone[Rabao]: OdysseyCTeam up?WarriorClubPolearmDagger8CorsairSupport JobDancerLooking for members.Tell 4/6

Akaykmj[PortJeuno]: Etched Memory 8k each Sell? tell Thank you.

Diatone[Rabao]: OdysseyCTeam up?WarriorClubPolearmDagger8CorsairSupport JobDancerLooking for members.Tell 4/6

Diatone[Rabao]: OdysseyCTeam up?Dagger8CorsairSupport JobDancerLooking for members.Tell 5/6

Akaykmj[PortJeuno]: Etched Memory 8k each Sell? tell Thank you.

Bsymea[WindWaters]: Empyrean Weapon Shop Item 50 50 75 Do you need it? /tell Thank you.

Akaykmj[PortJeuno]: Etched Memory 8k each Sell? tell Thank you.

Leptwo[RuLudeGard]: ANy cards run going on?

Sunstars[Rabao]: Odyssey C Looking for members. REMA BRD 5/6

Khris[Rabao]: Areabti v20 rp/clear Do you need it? 4/6 pld cor pst

Akaykmj[PortJeuno]: Etched Memory 8k each Sell? tell Thank you.

Bsymea[WindWaters]: Empyrean Weapon Shop Item 50 50 75 Do you need it? /tell Thank you.

Sunstars[Rabao]: Odyssey C Looking for members. REMA BRD 5/6

Akaykmj[PortJeuno]: Etched Memory 8k each Sell? tell Thank you.

Khris[Rabao]: Areabti v20 rp/clear Do you need it? 5/6 pld rdm pst

Sunstars[Rabao]: Odyssey C Looking for members. REMA BRD 5/6

Akaykmj[PortJeuno]: Etched Memory 8k each Sell? tell Thank you.

Bsymea[WindWaters]: Empyrean Weapon Shop Item 50 50 75 Do you need it? /tell Thank you.

Sunstars[Rabao]: Odyssey C Looking for members. REMA BRD 5/6

Akaykmj[PortJeuno]: Etched Memory 8k each Sell? tell Thank you.

Sunstars[Rabao]: Odyssey C Looking for members. REMA BRD 5/6

Akaykmj[PortJeuno]: Etched Memory 8k each Sell? tell Thank you.

Sunstars[Rabao]: Odyssey C Looking for members. REMA BRD 5/6

Akaykmj[PortJeuno]: Etched Memory 8k each Sell? tell Thank you.

Bsymea[WindWaters]: Empyrean Weapon Shop Item 50 50 75 Do you need it? /tell Thank you.

Peoplefood[WestAdoulin]: sortie Looking for members. tank 5/6

Sunstars[Rabao]: Odyssey C Looking for members. REMA BRD 5/6

Akaykmj[PortJeuno]: Etched Memory 8k each Sell? tell Thank you.

Sunstars[Rabao]: Odyssey C Looking for members. REMA BRD 5/6

Aud(krumpet) is now online on Guildwork.
Peoplefood[WestAdoulin]: sortie Looking for members. tank 5/6

Sunstars[Rabao]: Odyssey C Looking for members. REMA BRD 5/6

Sunstars[Rabao]: Odyssey C Looking for members. REMA BRD 5/6

Peoplefood[WestAdoulin]: sortie Looking for members. tank 5/6

Sunstars[Rabao]: Odyssey C Looking for members. REMA BRD 5/6

Ouzo[Rabao]: Odyssey T3 BOSS Xevioso V0, Do you need it? REMA BRD, Can I have it? 4/5

Akaykmj[PortJeuno]: Etched Memory 8k each Sell? tell Thank you.

Peoplefood[WestAdoulin]: sortie Looking for members. tank 5/6

Sunstars[Rabao]: Odyssey C Looking for members. REMA BRD 5/6

Peoplefood[WestAdoulin]: Our party's full. Thank you.

Gerbs[BastokMark]: Anyone know why i'm not getting my agent armor as an award for this sunbreeze festival? done the dance thing 10x

Ouzo[Rabao]: Odyssey T3 BOSS Xevioso V0, Do you need it? REMA BRD, Can I have it? 4/5

Stubbz[LowJeuno]: Take your clothes off

Viceland[Nashmau]: just keep dancing

Appleshampoo[WindWoods]: some people just weren't meant to be agents

Sunstars[Rabao]: Odyssey C Looking for members. REMA BRD 5/6

Akaykmj[PortJeuno]: Etched Memory 8k each Sell? tell Thank you.

Sunstars[Rabao]: Odyssey C Looking for members. REMA BRD 5/6

Akaykmj[PortJeuno]: Etched Memory 8k each Sell? tell Thank you.

Ouzo[Rabao]: Odyssey T3 BOSS Xevioso V0, Do you need it? REMA BRD, Can I have it? 4/5

Linaelle slaps Oseem.
Ouzo[Rabao]: Odyssey T3 BOSS Xevioso V0, Do you need it? REMA BRD, Can I have it? 4/5

Akaykmj[PortJeuno]: Etched Memory 8k each Sell? tell Thank you.

Akaykmj[PortJeuno]: Etched Memory 8k each Sell? tell Thank you.

Kinas[Norg]: Bumba V1 Do you need it? BRD COR WAR WHM PLD Do you have it?

Akaykmj[PortJeuno]: Etched Memory 8k each Sell? tell Thank you.

Akaykmj[PortJeuno]: Etched Memory 8k each Sell? tell Thank you.

Akaykmj[PortJeuno]: Etched Memory 8k each Sell? tell Thank you.

Akaykmj[PortJeuno]: Etched Memory 8k each Sell? tell Thank you.

Akaykmj[PortJeuno]: Etched Memory 8k each Sell? tell Thank you.

Mypotato[Rabao]: do trial weapons have to be on main hand to unlock? or is offhand ok?

Stubbz[RuLudeGard]: main

Vibes[EastAdoulin]: Wildskeeper Reive Can I have it? Gather together. Foret de Hennetiel 

Kimastar[PSandOria]: AOE Crawlers' Nest [S] Do you need it? Can I have it? COR? 5/6

Hastytape[RuLudeGard]: Dynamis - Jeuno Divergence - Looking for members. /tell

Kimastar[PSandOria]: AOE Crawlers' Nest [S] Do you need it? Can I have it? COR? 5/6

Katebi[PortWind]: free merits Do you need it? Gather together. Reisenjima 3 /tell

Kimastar[PSandOria]: AOE Crawlers' Nest [S] Do you need it? Can I have it? COR? 5/6

Hastytape[RuLudeGard]: Dynamis - Jeuno Divergence - Looking for members. 1/3 /tell

Kimastar[PSandOria]: AOE Crawlers' Nest [S] Do you need it? Can I have it? COR? 5/6

Kimastar[PSandOria]: AOE Crawlers' Nest [S] Do you need it? Can I have it? COR? 5/6

Kimastar[PSandOria]: AOE Crawlers' Nest [S] Do you need it? Can I have it? COR? 5/6

Hastytape[RuLudeGard]: Dynamis - Jeuno Divergence - Looking for members. 1/3 /tell

Kimastar[PSandOria]: AOE Crawlers' Nest [S] Do you need it? Can I have it? COR? 5/6

Hastytape[RuLudeGard]: Dynamis - Jeuno Divergence - Looking for members. 1/3 /tell

Kimastar[PSandOria]: AOE Crawlers' Nest [S] Do you need it? Can I have it? COR? 5/6

Hastytape[RuLudeGard]: Dynamis - Jeuno Divergence - Looking for members. 1/3 /tell

Hastytape[RuLudeGard]: Dynamis - Jeuno Divergence - Looking for members. 1/3 /tell

Vibes[EastAdoulin]: Wildskeeper Reive @ Morimar Basalt Fields Can I have it? please? Gather together. Thank you.

Hastytape[RuLudeGard]: Dynamis - Jeuno Divergence - Looking for members. 2/3 /tell

Hastytape[RuLudeGard]: Dynamis - Jeuno Divergence - Looking for members. 2/3 /tell

Hastytape[RuLudeGard]: Dynamis - Jeuno Divergence - Looking for members. 2/3 /tell

Corriri[LowJeuno]: anyone know where DI is?

Gottlieb[Norg]: how does this work? on sortie earring says right ear, the aug says L.Ear 8 acc + 8 macc... how does that work?

Pookibear[Rabao]: translation error

Winningvict[RuLudeGard]: wheres donaldjtrump :(

Hyrue[WestAdoulin]: one does not simply enter Sortie

Hastytape[RuLudeGard]: Dynamis - Jeuno Divergence - Looking for members. 2/3 /tell

Gottlieb[Norg]: pooki so its still right ear?

Racingjaw[BastokMine]: EIther it's two earrings in one, or it's a mistranslation. I suppose it's the latter. 

Lliltaru[WestAdoulin]: it should still be right ear yes

Hastytape[RuLudeGard]: Dynamis - Jeuno Divergence - Looking for members. 2/3 COR 

Hastytape[RuLudeGard]: Dynamis - Jeuno Divergence - Looking for members. 2/3 COR 

Hastytape[RuLudeGard]: Dynamis - Jeuno Divergence - Looking for members. 2/3 COR 

Hastytape[RuLudeGard]: Dynamis - Jeuno Divergence - Looking for members. 2/3 COR 

Hastytape[RuLudeGard]: Dynamis - Jeuno Divergence - Looking for members. 2/3 COR 

Hastytape[RuLudeGard]: Dynamis - Jeuno Divergence - Looking for members. 2/3 COR 

Hastytape[RuLudeGard]: Dynamis - Jeuno Divergence - Looking for members. 2/3 COR 

Hastytape[RuLudeGard]: Dynamis - Jeuno Divergence - Looking for members. 2/3 COR 

Hastytape[RuLudeGard]: Dynamis - Jeuno Divergence - Looking for members. 2/3 COR 

Ouzo[Rabao]: Odyssey T3 BOSS Xevioso V0, Do you need it? REMA BRD, Can I have it? 3/4

[2]<Warmoose> uv

Conquest update:This region is currently under Bastokan control.
The beastmen are on the rise.
[2]<Uvyu> Yar

[2]<Warmoose> im quiting

[2]<Uvyu> Nicotine?

[2]<Warmoose> being soo jacked. too much protein needed

[2]<Akiraba> quit what ?

[2]<Uvyu> You are a big boi

[2]<Uvyu> And Protien is expensive

[2]<Uvyu> So much Chicken

Hastytape[RuLudeGard]: Dynamis - Jeuno Divergence - RP Farm - Clear Mind 2/3 

[2]<Warmoose> chickens so cheap 

[2]<Warmoose> its all the gd snacks i get between meals

[2]<Uvyu> lol

[2]<Uvyu> protien shake snacks?

Hastytape[RuLudeGard]: Dynamis - Jeuno Divergence - RP Farm w1 Boss - Clear Mind 2/3 

[2]<Uvyu> I need to afk for about 15 minutes still I think Moose, I can talk then

[2]<Uvyu> zzon

[2]<Uvyu> Saku

[2]<Uvyu> You wanna take Uwu?

[2]<Warmoose> we need to get the gang together

[2]<Warmoose> saku says he's disappearing into the jungle for 20 days

[2]<Warmoose> some tiger hunt, rights of passage shyt

[2]<Uvyu> Take my second cat saku.

[2]<Warmoose> offering his child to the frost king

[2]<Uvyu> I'll send you info

[2]<Uvyu> She needs segs, any segs would be good

[2]<Akiraba> ya wanna borrow elf for a run or 2 in ody, he gonna COR roll my 3 BST

[2]<Uvyu> Ya can take my second cat on Cor?

[2]<Akiraba> if u need that ok

[2]<Akiraba> she might die

[2]<Akiraba> and i just need her 119 and have some rolls, likely Companion and beast

[2]<Uvvu> Which 119?

[2]<Akiraba> but that will yield like 1-2k

[2]<Uvvu> Actually can take Elf

[2]<Uvvu> and I can just bring her?

[2]<Uvvu> Will do bard songs for you on her

[2]<Akiraba> i have 3BST + COR then 2 trust WHM PLD

[2]<Uvyu> Hum

[2]<Uvyu> Understood.

[2]<Akiraba> so i think i need to figure out how to 1 macro make every target same thing

[2]<Warmoose> got the send comand?

[2]<Akiraba> should be something like //send @all /targetpc ?

[2]<Warmoose> can make the macro /assist <name> <wait.3>

[2]<Warmoose> then /attack <bt>

[2]<Sensarity> attackwithme addon

[2]<Sensarity> You set a character to be the "master", then all the other boxes attack what that char attacks

[2]<Warmoose> i dont dual box so im the worst to ask

[2]<Warmoose> never dual boxed a day in my life

[2]<Warmoose> my brain would expode

[2]<Uvyu> Moose

[2]<Warmoose> ya

[2]<Uvyu> ush me up against the wall and log me in

[2]<Uvyu> Push

[2]<Warmoose> what

[2]<Uvyu> Blow that big brain up

Hastytape[RuLudeGard]: Looking for members. Dynamis - Jeuno Divergence - Clear Mind RP Farm Party NEED ALL!

[2]<Warmoose> what a strange request

[2]<Warmoose> no

[2]<Uvyu> /sigh

[2]<Uvyu> I gotsta up my scammer game

[2]<Uvyu> Ok afk a few minutes

[2]<Akiraba> also there is something that need install so windower dont eat my log

[2]<Akiraba> now everything in log is lost

[2]<Akiraba> i am using google drive to syn windower folder to use in Laptop and PC and that thing crfash a  lot on PC idk why :(

Hastytape[RuLudeGard]: Looking for members. Dynamis - Jeuno Divergence - Clear Mind RP Farm Party NEED ALL!

Bostonvict[Whitegate]: <3333333

Lothloran[WestAdoulin]: Sortie Do you need it? Looking for members. brd, blu, sch, DD, 2/6 /tell Lothloran

Hastytape[RuLudeGard]: Looking for members. Dynamis - Jeuno Divergence - Clear Mind RP Farm Party NEED ALL!

Lothloran[WestAdoulin]: Sortie Do you need it? Looking for members. brd, blu, sch, 3/6 /tell Lothloran

Hastytape[RuLudeGard]: Looking for members. Dynamis - Jeuno Divergence - Clear Mind RP Farm Party NEED ALL Alliance Party!

Hastytape[RuLudeGard]: Looking for members. Dynamis - Jeuno Divergence - Clear Mind RP Farm Party NEED ALL Alliance Party!

Lothloran[WestAdoulin]: Sortie Do you need it? Looking for members. brd,sch, 4/6 /tell Lothloran

Lothloran[WestAdoulin]: Sortie Do you need it? Looking for members. brd, 5/6 /tell Lothloran

Lothloran[WestAdoulin]: Sortie Do you need it? Looking for members. brd, 5/6 /tell Lothloran

Pillbottle[Rabao]: Mboze v20 Clear Mind Do you need it? Very tough bst Can I have it? please

Lothloran[WestAdoulin]: Sortie Do you need it? Looking for members. brd, 5/6 /tell Lothloran

Pillbottle[Rabao]: Mboze v20 Clear Mind Do you need it? Very tough bst Can I have it? please

Hastytape[RuLudeGard]: Looking for members. Dynamis - Jeuno Divergence - Clear Mind RP Farm Party NEED ALL Alliance Party!

Lothloran[WestAdoulin]: Our party's full. 

Riirin lost a beehive chip.
Riirin lost a beehive chip.
Riirin lost a beehive chip.
Riirin lost a flask of distilled water.
Hastytape[RuLudeGard]: Looking for members. Dynamis - Jeuno Divergence - Clear Mind RP Farm Party NEED ALL Alliance Party!

Khris[LowJeuno]: arebati v20 rp/clear Do you need it? 3/6 run brd pld igeo pst

Riirin synthesized 2 lumps of beeswax.
Riirin synthesized 2 lumps of beeswax.
Khris[LowJeuno]: Areabti v20 rp/clear Do you need it? Team up? 3/6 brd pld run geo pst

Hastytape[RuLudeGard]: Looking for members. Dynamis - Jeuno Divergence - Clear Mind RP Farm Party NEED ALL Alliance Party!

Khris[Rabao]: Arebati v20 rp/clear Do you need it? 3/6 brd pld run geo pst

Pillbottle[Rabao]: Mboze v20 Clear Mind Do you need it? brd whm blu Can I have it? please 5/6

Khris[Rabao]: Areabti v20 rp/clear Do you need it? 3/6 brd run geo pst

Pillbottle[Rabao]: Mboze v20 Clear Mind Do you need it? brd whm blu Can I have it? please 5/6

 waves to Rayza.
Khris[Rabao]: Arebati v20 rp/clear Do you need it? 3/6 brd geo run pst

Rayza shakes his head at .
Hastytape[RuLudeGard]: Looking for members. Dynamis - Jeuno Divergence - RP Farm Party - Need All! Alliance Run Clear Mind - 8/12

Pillbottle[Rabao]: Mboze v20 Clear Mind Do you need it? brd  Can I have it? please 5/6

Khris[Rabao]: Areabti v20 rp/clear Do you need it? 3/6 erng brd run geo pst

Hastytape[RuLudeGard]: Looking for members. Dynamis - Jeuno Divergence - RP Farm Party - Need All! Alliance Run Clear Mind - 8/12

Pillbottle[Rabao]: Mboze v20 Clear Mind Do you need it? brd  Can I have it? please 5/6

Pillbottle[Rabao]: Our party's full. Thank you. :)

Khris[Rabao]: Areabti v20 rp/clear Do you need it? 3/6 rng brd run geo pst

Khris[Rabao]: Areabti v20 rp/clear Do you need it? 4/6 brd run rng pst

Khris[Rabao]: areabati v20 rp/clear Do you need it? 4/6 rdm run brd rng pst

Hastytape[RuLudeGard]: Looking for members. Dynamis - Jeuno Divergence - RP Farm - Clear Mind - NEED ALL - 8/18 /tell

[2]<Sakutaru> wish i can give seg to those alt :(

Khris[Rabao]: Arebati v20 rp/clear Do you need it? 4/6 brd rdm rng pst

Snezhnaya[BastokMine]: Ambuscade V1D interest? Looking for members. (HYBRID) DD WHM Support Job /tell (a few runs)

Khris[Rabao]: Areabti v20 rp/clear Do you need it? 4/6 brd rng run pst

Snezhnaya[BastokMine]: Ambuscade V1D interest? Looking for members. (HYBRID) DD WHM Support Job /tell (a few runs) 2/6

Hastytape[RuLudeGard]: Looking for members. Dynamis - Jeuno Divergence - RP Farm - Clear Mind - NEED ALL - 8/18 /tell

Snezhnaya[BastokMine]: Ambuscade V1D interest? Looking for members. (HYBRID) DD WHM Support Job /tell (a few runs) 2/6

Snezhnaya[BastokMine]: Ambuscade V1D interest? Looking for members. (HYBRID) DD WHM Support Job /tell (a few runs) 2/6

Hastytape[RuLudeGard]: Looking for members. Dynamis - Jeuno Divergence - RP Farm - Clear Mind - NEED ALL - 9/18 /tell

Khris[Rabao]: Areabti v20 rp/clear Do you need it? 4/6 brd run pst

Snezhnaya[BastokMine]: Ambuscade V1D interest? Looking for members. (HYBRID) DD WHM Support Job /tell (a few runs) 3/6

Khris[Rabao]: Areabti v20 rp/clear Do you need it? 4/6 brd run pst

Snezhnaya[BastokMine]: Ambuscade V1D interest? Looking for members. WHM (a few runs) 5/6

Khris[Rabao]: Areabti v20 rp/clear Do you need it? 4/6 brd run rng pst

Snezhnaya[BastokMine]: Ambuscade V1D interest? Looking for members. WHM (a few runs) 5/6

Ouzo[Rabao]: Odyssey T3 BOSS Xevioso V0, Do you need it? REMA BRD, Can I have it? 3/4

Snezhnaya[Mhaura]: Ambuscade V1D interest? Looking for members. WHM (a few runs) 5/6

Khris[Rabao]: Areabti v20 rp/clear Do you need it? 4/6 brd run rng pst

Ouzo[Rabao]: Odyssey T3 BOSS Xevioso V0, Do you need it? REMA BRD, Can I have it? 3/4

Snezhnaya[Mhaura]: Ambuscade V1D interest? Looking for members. WHM (a few runs) 5/6

Quendi(quendi210) is now online on Guildwork.
Hastytape[RuLudeGard]: Looking for members. Dynamis - Jeuno Divergence - RP Farm - Clear Mind - Need All - 11/18

Khris[Rabao]: Arebati v20 rp/clear Do you need it? 4/6 brd run rng pst

Hastytape[RuLudeGard]: Looking for members. Dynamis - Jeuno Divergence - RP Farm - Clear Mind - Need All - 11/18

Hastytape[RuLudeGard]: Looking for members. Dynamis - Jeuno Divergence - RP Farm - Clear Mind - Need All - 11/18

Khris[Rabao]: Areabti v20 rp/clear Do you need it? 4/6 run brd rng pst

Ouzo[Rabao]: Odyssey T3 BOSS Xevioso V0, Do you need it? REMA BRD, Can I have it? 3/4

Hastytape[RuLudeGard]: Looking for members. Dynamis - Jeuno Divergence - RP Farm - Clear Mind - Need All - 11/18

Hastytape[RuLudeGard]: Looking for members. Dynamis - Jeuno Divergence - RP Farm - Clear Mind - Need All - 11/18

Khris[Rabao]: Arebati v20 rp/clear Do you need it? 5/6 run rng pst

Hastytape[RuLudeGard]: Looking for members. Dynamis - Jeuno Divergence - RP Farm - Clear Mind - Need All - 12/18

Hastytape[RuLudeGard]: Looking for members. Dynamis - Jeuno Divergence - RP Farm - Clear Mind - Need All - 13/18

Scratfromiceage[Norg]: Riftdrossx26 (450k/1) Do you need it? Bazaar @ Norg #2

Vibes[WestAdoulin]: WKR Yumcax Do you need it? Can I have it? Fighting right now! Gather together. Thank you. :)

Hastytape[RuLudeGard]: Looking for members. Dynamis - Jeuno Divergence - RP Farm - Clear Mind - Need All - 13/18

Khris[Rabao]: Areabti v20 rp/clear Do you need it? 5/6 rng run pst

Hastytape[RuLudeGard]: Looking for members. Dynamis - Jeuno Divergence - RP Farm - Clear Mind - Need All - 14/18

Hastytape[RuLudeGard]: Looking for members. Dynamis - Jeuno Divergence - RP Farm - Clear Mind - Need All - 15/18

Using Nexus Cape, /heal to cancel.
Khris[Rabao]: Areabti v20 rp/clear Do you need it? 5/6 run rng pst

[Kateye] nexus cape Å® Kateye
Hastytape[RuLudeGard]: Looking for members. Dynamis - Jeuno Divergence - RP Farm - Clear Mind - Need All - 15/18

=== Area: Kamihr Drifts ===
The maximum number of people are already participating in Unity chat. Please try again later.
[2]<Sakutaru> sensa

[2]<Sakutaru> u there ?

[2]<Sensarity> sup

Your party leader is currently inspecting the entrance.
The area's colonization rate has increased to 80%.
A Lair Reive has started at (I-8).
Your party leader is currently inspecting the entrance.
A Lair Reive has started at (H-9).
Your party leader is currently inspecting the entrance.
Your party leader is currently inspecting the entrance.
[2]<Uyvu> My elf :(

[2]<Warmoose> ?

[2]<Warmoose> banhammered?

[2]<Uyvu> no way i get my elf ban

[2]<Uyvu> <== saku btw

findAll: Searching: :Kateye homil
findAll: You have no items that match 'homil' on the specified characters.
A Wildskeeper Reive has started at (J-7).
A Lair Reive has started at (H-9).
[2]<Uvyu> Sens I'll be down for Segs tonight

A Lair Reive has started at (H-7).
Your party leader is currently inspecting the entrance.
A Lair Reive has started at (H-9).
You have undertaken the limited-time Records of Eminence challenge á≤Vanquish Beasts.á≥
Your party leader is currently inspecting the entrance.
A Lair Reive has started at (H-7).
A Colonization Reive has started at (H-8).
=== Area: Leafallia ===
*****DP Job Selection:WHM*****
Mode: Magic.
 White = Can not cast.
 Green = Casting Range
<<< Welcome to Asura! >>>
Å°Assist Channel added for New Players and Returnees! https://sqex.to/yLvfp


Å°Vana'diel Doused with the August Version Update!


Å°Sunbreeze Festival & Green Festival [until August 31 at 7:59 (PDT) / 14:59 (GMT) / 15:59 (BST)]


Å°August 2022 Login Campaign [until September 2 at 7:00 (PDT) / 14:00 (GMT) / 15:00 (BST)]


Å°Fun in the Sun Campaign [until August 22 at 0:59 (PDT) / 7:59 (GMT) / 8:59(BST)]


Å°Return Home to Vana'diel Campaign [until August 22 at 1:00 (PDT) / 8:00 (GMT) / 9:00 (BST)]


Å°Discount Campaign [until August 31 at 1:00 (PDT) / 8:00 (GMT) / 9:00 (BST)]


Å°The Summer Alter Ego Extravaganza [until August 31 at 7:59 (PDT) / 14:59 (GMT) / 15:59 (BST)]


* Please refer to the official website for more details.
[1]< Surreal: Diluted >
Live. Laugh. Love. (Jul. 10, 2022 6:10:02pm)
[2]< LateNiteCrew: Uvvu >
The best friends a man could have. And Tunic. (Aug. 13, 2022 8:09:13pm)
Ruspix : The equipment you ordered is ready! Here you are!
Ruspix : The equipment you ordered is ready! Here you are!
Ruspix : The equipment you ordered is ready! Here you are!
Obtained: Ebers bliaut +2.
The "Call for Help" command is currently being blocked.
FastFollow: Pausing on Spell: false, Item: false
Initializing Guildwork
Welcome, Memento Mori!
Did you know if you subscribe to Guildwork Premium (guildwork.com/premium) you can get cross-zone shouts, AH notifications, Bazaar notifications, Remote chat and more?
Add this character to Guildwork by typing /gw flush --add
findAll: Searching: :Kateye arb
findAll: Kateye/wardrobe: Acad. Mortar. +2 [academic's mortarboard +2]
findAll: Kateye/satchel: G. Gel's Mucus [jar of Garbage Gel's mucus] (22)
findAll: Kateye/case: Carbuncle's Ruby
findAll: Kateye/wardrobe2: Councilor's Garb
findAll: Kateye/wardrobe3: Arbatel Bonnet +1
findAll: Kateye/wardrobe3: Arbatel Bracers +1
findAll: Kateye/wardrobe3: Peda. M.Board +3 [pedagogy mortarboard +3]
findAll: Total: 28
Ruspix : It'll take a little while to reforge your arbatel bonnet +1. Jeuno wasn't built in a day...but this armor will be, so come back tomorrow.
Ruspix : It'll take a little while to reforge your arbatel bonnet +1. Jeuno wasn't built in a day...but this armor will be, so come back tomorrow.
Ruspix : It'll take a little while to reforge your arbatel bonnet +1. Jeuno wasn't built in a day...but this armor will be, so come back tomorrow.
You throw away 3 cans of automaton oil +2.
{Dhanjo} Hello!

You have undertaken the limited-time Records of Eminence challenge á≤Vanquish Birds.á≥
