=== Area: Rabao ===
*****DP Job Selection:WHM*****
Mode: Magic.
 White = Can not cast.
 Green = Casting Range
<<< Welcome to Asura! >>>
Å°Assist Channel added for New Players and Returnees! https://sqex.to/yLvfp


Å°Vana'diel Doused with the August Version Update!


Å°Day of the Shadow Lord [until September 30 at 7:59 (PDT) / 14:59 (GMT) / 15:59 (BST)]


Å°Sunbreeze Festival & Green Festival [until August 31 at 7:59 (PDT) / 14:59 (GMT) / 15:59 (BST)]


Å°August 2022 Login Campaign [until September 2 at 7:00 (PDT) / 14:00 (GMT) / 15:00 (BST)]


Å°Fun in the Sun Campaign [until August 31 at 7:59 (PDT) / 14:59 (GMT) / 15:59 (BST)]


Å°Discount Campaign [until August 31 at 1:00 (PDT) / 8:00 (GMT) / 9:00 (BST)]


Å°The Summer Alter Ego Extravaganza [until August 31 at 7:59 (PDT) / 14:59 (GMT) / 15:59 (BST)]


* Please refer to the official website for more details.
You have undertaken the limited-time Records of Eminence challenge á≤Spoils (Seals).á≥
The August 2022 Login Campaign is currently underway!
The maximum number of people are already participating in Unity chat. Please try again later.
In celebration of your most recent login (login no. 18), we have provided you with 100 points!You currently have a total of 2300 points.
[2]< LateNiteCrew: Uvyu >
Night you beautiful Bastards~ (Aug. 30, 2022 12:07:19am)
[1]< Surreal: Diluted >
Live. Laugh. Love. (Jul. 10, 2022 6:10:02pm)
Sensarity invites you to her party.
Leapstep[Rabao]: Sheol C Do you need it? WAR Can I have it?

Minimetal caught a giant donko!
The "Call for Help" command is currently being blocked.
FastFollow: Pausing on Spell: false, Item: false
Initializing Guildwork
Welcome, Memento Mori!
Did you know if you subscribe to Guildwork Premium (guildwork.com/premium) you can get cross-zone shouts, AH notifications, Bazaar notifications, Remote chat and more?
Add this character to Guildwork by typing /gw flush --add
Minimetal caught a giant donko!
Wisperr[PortJeuno]: Anyone doing sortie and need magic kills /tell :)

Leapstep[Rabao]: Sheol C Do you need it? WAR Can I have it?

Minimetal caught a giant donko!
Using Warp Ring, /heal to cancel.
[Kateye] warp ring Å® Kateye
=== Area: Nashmau ===
The maximum number of people are already participating in Unity chat. Please try again later.
Shikima[PortJeuno]: Azure Cermet x3 Can I have it? You can have this. 1.1M eac

