=== Area: Rabao ===
*****DP Job Selection:WAR*****
Mode: Default.
<<< Welcome to Asura! >>>
Å°Assist Channel added for New Players and Returnees! https://sqex.to/yLvfp


Å°Vana'diel Doused with the August Version Update!


Å°Day of the Shadow Lord [until September 30 at 7:59 (PDT) / 14:59 (GMT) / 15:59 (BST)]


Å°Sunbreeze Festival & Green Festival [until August 31 at 7:59 (PDT) / 14:59 (GMT) / 15:59 (BST)]


Å°August 2022 Login Campaign [until September 2 at 7:00 (PDT) / 14:00 (GMT) / 15:00 (BST)]


Å°Fun in the Sun Campaign [until August 31 at 7:59 (PDT) / 14:59 (GMT) / 15:59 (BST)]


Å°Discount Campaign [until August 31 at 1:00 (PDT) / 8:00 (GMT) / 9:00 (BST)]


Å°The Summer Alter Ego Extravaganza [until August 31 at 7:59 (PDT) / 14:59 (GMT) / 15:59 (BST)]


* Please refer to the official website for more details.
You have undertaken the limited-time Records of Eminence challenge á≤Spoils (Seals).á≥
The August 2022 Login Campaign is currently underway!
The maximum number of people are already participating in Unity chat. Please try again later.
In celebration of your most recent login (login no. 18), we have provided you with 100 points!You currently have a total of 2000 points.
[2]< LateNiteCrew: Uvyu >
Night you beautiful Bastards~ (Aug. 30, 2022 12:07:19am)
[1]< GoestoEleven: Wotasu >
Monday Odyssey: C - Tuesday - ??? - Wednesday Dynamis-D - Friday Odyssey: C - Sunday Dynamis-D - https://discord.gg/u9hxxhBbGE (Nov. 7, 2021 6:58:14pm)
Leapstep[Rabao]: Sheol C Do you need it? WAR Can I have it?

You cannot invite that person at this time.
The "Call for Help" command is currently being blocked.
FastFollow: Pausing on Spell: false, Item: false
Initializing Guildwork
Wisperr[PortJeuno]: Anyone doing sortie and need magic kills /tell :)

Leapstep[Rabao]: Sheol C Do you need it? WAR Can I have it?

Welcome, Memento Mori!
Did you know if you subscribe to Guildwork Premium (guildwork.com/premium) you can get cross-zone shouts, AH notifications, Bazaar notifications, Remote chat and more?
Khimeria's title: Servant to the Servant
Using Warp Ring, /heal to cancel.
[Sensarity] warp ring Å® Sensarity
=== Area: Nashmau ===
The maximum number of people are already participating in Unity chat. Please try again later.
Shikima[PortJeuno]: Azure Cermet x3 Can I have it? You can have this. 1.1M eac

