You have undertaken the limited-time Records of Eminence challenge ｲVanquish Arcana.ｳ
Vipskyo[WindWoods]: Experience points PL Do you need it? 1-99 3m 50-99 2m 1-50 1m Escha - Zi'Tah #2 BST Party Very Fast /tell me

Trickdaddyy[Rabao]: Odyssey T4 Bumba Clear Mind Do you need it? Buy? /tell 1 spot left

Eunji[RuLudeGard]: Dynamis - Jeuno D Midboss  RP5000~6000 Do you need it? 3M Buy? /tell 15/18

Vipskyo[WindWoods]: Experience points PL Do you need it? 1-99 3m 50-99 2m 1-50 1m Escha - Zi'Tah #2 BST Party Very Fast /tell me

Wakakatt[BastokMine]: Outer Ra'Kaznar CP 500p/3m Tachi: Jinpu geo*2 Very Fast All Time Party /tell 

Galkaholic bows courteously to Eunji.
Kamehamehaa[EastAdoulin]: Delve Plasm farming Do you need it? Team up? /tell 2/??

Eunji[RuLudeGard]: Dynamis - Jeuno D Midboss  RP5000~6000 Do you need it? 3M Buy? /tell 15/18

Trickdaddyy[Rabao]: Odyssey T4 Bumba Clear Mind Do you need it? Buy? /tell 1 spot left

Bixbite[Rabao]: Odyssey C segment / money farm Pet Party Looking for members. Puppetmaster 2/6

Wakakatt[BastokMine]: Outer Ra'Kaznar CP 500p/3m Tachi: Jinpu geo*2 Very Fast All Time Party /tell 

Vipskyo[WindWoods]: Experience points PL Do you need it? 1-99 3m 50-99 2m 1-50 1m Escha - Zi'Tah #2 BST Party Very Fast /tell me

Elzicho examines you.
Wakakatt[BastokMine]: Outer Ra'Kaznar CP 500p/3m Tachi: Jinpu geo*2 Very Fast All Time Party /tell 

Elzicho begins to browse the merchandise in your bazaar.
Elzicho leaves your bazaar.
Pepstar bows courteously to Eunji.
Trickdaddyy[Rabao]: Odyssey T4 Bumba Clear Mind Do you need it? Buy? /tell 1 spot left

Vipskyo[WindWoods]: Experience points PL Do you need it? 1-99 3m 50-99 2m 1-50 1m Escha - Zi'Tah #2 BST Party Very Fast /tell me

Koliz examines you.
Melyodas[Mhaura]: aeonic clear Reisenjima plz invite me

Koliz begins to browse the merchandise in your bazaar.
Eunji[RuLudeGard]: Dynamis - Jeuno D Midboss  RP5000~6000 Do you need it? 3M Buy? /tell 15/18 

Koliz leaves your bazaar.
Kamehamehaa[EastAdoulin]: Delve Plasm farming Do you need it? /tell 2/??

Trickdaddyy[Rabao]: Odyssey T4 Bumba Clear Mind Do you need it? Buy? /tell 1 spot left

Vipskyo[WindWoods]: Experience points PL Do you need it? 1-99 3m 50-99 2m 1-50 1m Escha - Zi'Tah #2 BST Party Very Fast /tell me

Medley[Whitegate]: Znm Tinnin/Tyger/Sarameya Do you need it? Buy? /tell

Bixbite[Rabao]: Odyssey C segment / money farm Pet Party Looking for members. Puppetmaster 2/6

Vipskyo[WindWoods]: Experience points PL Do you need it? 1-99 3m 50-99 2m 1-50 1m Escha - Zi'Tah #2 BST Party Very Fast /tell me

Vipskyo[WindWoods]: Experience points PL Do you need it? 1-99 3m 50-99 2m 1-50 1m Escha - Zi'Tah #2 BST Party Very Fast /tell me

Eunji[RuLudeGard]: Dynamis - Jeuno D Midboss  RP5000~6000 Do you need it? 3M Buy? /tell 15/18 

Trickdaddyy[Rabao]: Odyssey T4 Bumba Clear Mind Do you need it? Buy? /tell 1 spot left

Vipskyo[WindWoods]: Experience points PL Do you need it? 1-99 3m 50-99 2m 1-50 1m Escha - Zi'Tah #2 BST Party Very Fast /tell me

Melyodas[Mhaura]: aeonic clear Reisenjima plz invite me

Alhawe[PortJeuno]: riftsand, umbral marrow, mulcibar's scoria, Pluton...... Do you need it? Check Bazaar Thank you.

Kamehamehaa[EastAdoulin]: Delve plasm farming Do you need it? /tell 3/??

Trickdaddyy[Rabao]: Odyssey T4 Bumba Clear Mind Do you need it? Buy? /tell 1 spot left

Vipskyo[WindWoods]: Experience points PL Do you need it? 1-99 3m 50-99 2m 1-50 1m Escha - Zi'Tah #2 BST Party Very Fast /tell me

Psycosocial[Rabao]: Mbozev15 Looking for members. BST 5/6 PST Thanks

Eunji[RuLudeGard]: Dynamis - Jeuno D Midboss  RP5000~6000 Do you need it? 3M Buy? /tell 15/18 

Bixbite[Rabao]: Odyssey C segment / money farm Pet Party Looking for members. Puppetmaster 2/6

Vipskyo[WindWoods]: Experience points PL Do you need it? 1-99 3m 50-99 2m 1-50 1m Escha - Zi'Tah #2 BST Party Very Fast /tell me

Trickdaddyy[Rabao]: Odyssey T4 Bumba Clear Mind Do you need it? Buy? /tell 1 spot left

Melinoe[Mhaura]: UNM Ilvl 135 Sarama Do you need it? Tank DDx2 GEO Can I have it? /tell 2/6

Vipskyo[WindWoods]: Experience points PL Do you need it? 1-99 3m 50-99 2m 1-50 1m Escha - Zi'Tah #2 BST Party Very Fast /tell me

Vipskyo[WindWoods]: Experience points PL Do you need it? 1-99 3m 50-99 2m 1-50 1m Escha - Zi'Tah #2 BST Party Very Fast /tell me

Eunji[RuLudeGard]: Dynamis - Jeuno D Midboss  RP5000~6000 Do you need it? 3M Buy? /tell 16/18 

Elzicho[RuLudeGard]: Mercenary w/ sky access Can I have it? /tell Reward

Psycosocial[Rabao]: Mbozev15 Looking for members. BST 5/6 PST Thanks

Melyodas[Mhaura]: aeonic clear Reisenjima plz invite me

Vipskyo[WindWoods]: Experience points PL Do you need it? 1-99 3m 50-99 2m 1-50 1m Escha - Zi'Tah #2 BST Party Very Fast /tell me

Zixxer[Mhaura]: Ambuscade V1VD Looking for members. rema brd(sb) /tell Thank you.

Elysians[Norg]: Odyssean Greaves Mercenary Do you have it? Sell? /tell Thank you.

Vipskyo[WindWoods]: Experience points PL Do you need it? 1-99 3m 50-99 2m 1-50 1m Escha - Zi'Tah #2 BST Party Very Fast /tell me

Melinoe[Mhaura]: UNM Ilvl 135 Sarama Do you need it? GEO Can I have it? /tell 5/6

Eunji[RuLudeGard]: Dynamis - Jeuno D Midboss  RP5000~6000 Do you need it? 3M Buy? /tell 16/18 15min

Bixbite[Rabao]: Odyssey C segment / money farm Pet Party Looking for members. Puppetmaster 2/6

Trickdaddyy[Rabao]: Odyssey T4 Bumba Clear Mind Do you need it? Buy? /tell 1 spot left

Kamehamehaa[EastAdoulin]: Delve plasm farming Do you need it? /tell 3/??

Psycosocial[Rabao]: Mbozev15 Looking for members. BST 5/6 PST Thanks

Wakakatt[BastokMine]: Outer Ra'Kaznar CP 500p/3m Tachi: Jinpu geo*2 Very Fast All Time Party /tell 

Vipskyo[WindWoods]: Experience points PL Do you need it? 1-99 3m 50-99 2m 1-50 1m Escha - Zi'Tah #2 BST Party Very Fast /tell me

Elysians[Norg]: Odyssean Greaves Mercenary Do you have it? Sell? /tell Thank you.

Einx bows courteously to Eunji.
Melinoe[Mhaura]: UNM Ilvl 135 Sarama Do you need it? GEO Can I have it? /tell 5/6

Vipskyo[WindWoods]: Experience points PL Do you need it? 1-99 3m 50-99 2m 1-50 1m Escha - Zi'Tah #2 BST Party Very Fast /tell me

Melyodas[Mhaura]: aeonic clear Reisenjima plz invite me

Kimexxaa[PortBastok]: Ambuscade V1VD Clear Mind Do you need it? Buy? 4M

Vipskyo[WindWoods]: Experience points PL Do you need it? 1-99 3m 50-99 2m 1-50 1m Escha - Zi'Tah #2 BST Party Very Fast /tell me

Eunji[RuLudeGard]: Dynamis - Jeuno D Midboss  RP5000~6000 Do you need it? 3M Buy? /tell 16/18 10min

Elysians[Norg]: Odyssean Greaves Mercenary Do you have it? Sell? /tell Thank you.

Bixbite[Rabao]: Odyssey C segment / money farm Pet Party Looking for members. Puppetmaster 2/6

Botosi[PortJeuno]: Be a G! Buy my stuff. HQ Gear. DPS +9000. Equip HQ sale ALL DISCOUNTED. (H-8) 

Vipskyo[WindWoods]: Experience points PL Do you need it? 1-99 3m 50-99 2m 1-50 1m Escha - Zi'Tah #2 BST Party Very Fast /tell me

Psycosocial[Rabao]: Mbozev15 Looking for members. BST 5/6 PST Thanks

Melinoe[Mhaura]: UNM Ilvl 135 Sarama Do you need it? Tank Can I have it? /tell 5/6

Shidifu[SSandOria]: sorry d/c

Kimexxaa[PortBastok]: Ambuscade V1VD Clear Mind Do you need it? Buy? 4M

Vipskyo[WindWoods]: Experience points PL Do you need it? 1-99 3m 50-99 2m 1-50 1m Escha - Zi'Tah #2 BST Party Very Fast /tell me

Konstantinos[PortJeuno]: BST the future ^^

Elysians[Norg]: Odyssean Greaves Mercenary Do you have it? Sell? /tell Thank you.

Vipskyo[WindWoods]: Experience points PL Do you need it? 1-99 3m 50-99 2m 1-50 1m Escha - Zi'Tah #2 BST Party Very Fast /tell me

Wakakatt[BastokMine]: Outer Ra'Kaznar CP 500p/3m Tachi: Jinpu geo*2 Very Fast All Time Party /tell 

Kamehamehaa[EastAdoulin]: Delve Plasm farming Do you need it? /tell

Kimexxaa[PortBastok]: Ambuscade V1VD Clear Mind Do you need it? Buy? 4M

Vipskyo[WindWoods]: Experience points PL Do you need it? 1-99 3m 50-99 2m 1-50 1m Escha - Zi'Tah #2 BST Party Very Fast /tell me

Psycosocial[Rabao]: Mbozev15 Looking for members. BST 5/6 PST Thanks

Eunji[RuLudeGard]: Dynamis - Jeuno D Midboss  RP5000~6000 Do you need it? 3M Buy? /tell 16/18 10min

Melyodas[Mhaura]: aeonic clear Reisenjima plz invite me

Wakakatt[BastokMine]: Outer Ra'Kaznar CP 500p/3m Tachi: Jinpu geo*2 Very Fast All Time Party /tell 

Vipskyo[WindWoods]: Experience points PL Do you need it? 1-99 3m 50-99 2m 1-50 1m Escha - Zi'Tah #2 BST Party Very Fast /tell me

Vipskyo[WindWoods]: Experience points PL Do you need it? 1-99 3m 50-99 2m 1-50 1m Escha - Zi'Tah #2 BST Party Very Fast /tell me

Psycosocial[Rabao]: Mbozev15 Looking for members. BST 5/6 PST Thanks

Vipskyo[WindWoods]: Experience points PL Do you need it? 1-99 3m 50-99 2m 1-50 1m Escha - Zi'Tah #2 BST Party Very Fast /tell me

Wakakatt[BastokMine]: Outer Ra'Kaznar CP 500p/3m Tachi: Jinpu geo*2 Very Fast All Time Party /tell 

Eunji[RuLudeGard]: Dynamis - Jeuno D Midboss  RP5000~6000 Do you need it? 3M Buy? /tell 16/18 10min

Vipskyo[WindWoods]: Experience points PL Do you need it? 1-99 3m 50-99 2m 1-50 1m Escha - Zi'Tah #2 BST Party Very Fast /tell me

Melyodas[Mhaura]: aeonic clear Reisenjima plz invite me

Eunji[RuLudeGard]: Dynamis - Jeuno D Midboss  RP5000~6000 Do you need it? 3M Buy? /tell 16/18 5min

Dominos[PortJeuno]: Tinnin Sarameya Tyger item kill Buy? 

Vipskyo[WindWoods]: Experience points PL Do you need it? 1-99 3m 50-99 2m 1-50 1m Escha - Zi'Tah #2 BST Party Very Fast /tell me

Wakakatt[BastokMine]: Outer Ra'Kaznar CP 500p/3m Tachi: Jinpu geo*2 Very Fast All Time Party /tell 

Trickdaddyy[Rabao]: Odyssey T4 Bumba Clear Mind Do you need it? Buy? /tell

Psycosocial[Rabao]: Mboze v15 Looking for members. BST 5/6 PST Thanks

Elysians[Norg]: Odyssean Greaves Mercenary Do you have it? Sell? /tell price Thank you.

Indianajonnes[Whitegate]: Looking for Party Nyzul Isle Gilfinder

Vipskyo[WindWoods]: Experience points PL Do you need it? 1-99 3m 50-99 2m 1-50 1m Escha - Zi'Tah #2 BST Party Very Fast /tell me

Eunji[RuLudeGard]: Dynamis - Jeuno D Midboss  RP5000~6000 Do you need it? 3M Buy? /tell 16/18 5min

Vipskyo[WindWoods]: Experience points PL Do you need it? 1-99 3m 50-99 2m 1-50 1m Escha - Zi'Tah #2 BST Party Very Fast /tell me

Trickdaddyy[Rabao]: Odyssey T4 Bumba Clear Mind Do you need it? Buy? /tell 1 spot left

Melyodas[Mhaura]: aeonic clear Reisenjima plz invite me

Vipskyo[WindWoods]: Experience points PL Do you need it? 1-99 3m 50-99 2m 1-50 1m Escha - Zi'Tah #2 BST Party Very Fast /tell me

Arcangels[PortJeuno]: Epona's Ring Do you need it? 

Vipskyo[WindWoods]: Experience points PL Do you need it? 1-99 3m 50-99 2m 1-50 1m Escha - Zi'Tah #2 BST Party Very Fast /tell me

Eunji[RuLudeGard]: Dynamis - Jeuno D Midboss  RP5000~6000 Do you need it? 3M Buy? /tell 16/18 5min

Wakakatt[BastokMine]: Outer Ra'Kaznar CP 500p/3m Tachi: Jinpu geo*2 Very Fast All Time Party /tell 

Psycosocial[Rabao]: Mboze v15 Looking for members. BST 5/6 PST Thanks

Knobkierrie[RuLudeGard]: Empy weaponsエンピリアンウェポン Abyssea Item 50 50 75 Do you need it? /tell

Vipskyo[WindWoods]: Experience points PL Do you need it? 1-99 3m 50-99 2m 1-50 1m Escha - Zi'Tah #2 BST Party Very Fast /tell me

Melyodas[Mhaura]: aeonic clear Reisenjima Mercenary invite me plz

Arcangels[PortJeuno]: Epona's Ring Do you need it? 

Wakakatt[BastokMine]: Outer Ra'Kaznar CP 500p/3m Tachi: Jinpu geo*2 Very Fast All Time Party /tell 

Vipskyo[WindWoods]: Experience points PL Do you need it? 1-99 3m 50-99 2m 1-50 1m Escha - Zi'Tah #2 BST Party Very Fast /tell me

Psycosocial[Rabao]: Mboze v15 Looking for members. BST 5/6 PST Thanks

Wakakatt[BastokMine]: Outer Ra'Kaznar CP 500p/3m Tachi: Jinpu geo*2 Very Fast All Time Party /tell 

Vipskyo[WindWoods]: Experience points PL Do you need it? 1-99 3m 50-99 2m 1-50 1m Escha - Zi'Tah #2 BST Party Very Fast /tell me

Eunji[RuLudeGard]: Dynamis - Jeuno D Midboss  RP5000~6000 Do you need it? 3M Buy? /tell 16/18 

Vipskyo[WindWoods]: Experience points PL Do you need it? 1-99 3m 50-99 2m 1-50 1m Escha - Zi'Tah #2 BST Party Very Fast /tell me

Psycosocial[Rabao]: Mboze v15 Looking for members. BST 5/6 PST Thanks

Melyodas[Mhaura]: aeonic clear Reisenjima Mercenary invite me plz

Vipskyo[WindWoods]: Experience points PL Do you need it? 1-99 3m 50-99 2m 1-50 1m Escha - Zi'Tah #2 BST Party Very Fast /tell me

Wakakatt[BastokMine]: Outer Ra'Kaznar CP 500p/3m Tachi: Jinpu geo*2 Very Fast All Time Party /tell 

Eunji[RuLudeGard]: Dynamis - Jeuno D Midboss  RP5000~6000 Do you need it? 3M Buy? /tell 16/18 

Vipskyo[WindWoods]: Experience points PL Do you need it? 1-99 3m 50-99 2m 1-50 1m Escha - Zi'Tah #2 BST Party Very Fast /tell me

Psycosocial[Rabao]: Mboze v15 Looking for members. BST 5/6 PST Thanks

Wakakatt[BastokMine]: Outer Ra'Kaznar CP 500p/3m Tachi: Jinpu geo*2 Very Fast All Time Party /tell 

Vipskyo[WindWoods]: Experience points PL Do you need it? 1-99 3m 50-99 2m 1-50 1m Escha - Zi'Tah #2 BST Party Very Fast /tell me

Akaashotto[PortJeuno]: Heavy Metal 1100+ Bazaar (F-8) Port Jeuno

Wakakatt[BastokMine]: Outer Ra'Kaznar CP 500p/3m Tachi: Jinpu geo*2 Very Fast All Time Party /tell 

Vipskyo[WindWoods]: Experience points PL Do you need it? 1-99 3m 50-99 2m 1-50 1m Escha - Zi'Tah #2 BST Party Very Fast /tell me

Melyodas[Mhaura]: aeonic clear Reisenjima plz invite me

Vipskyo[WindWoods]: Experience points PL Do you need it? 1-99 3m 50-99 2m 1-50 1m Escha - Zi'Tah #2 BST Party Very Fast /tell me

Eunji[RuLudeGard]: Dynamis - Jeuno D Midboss  RP5000~6000 Do you need it? 3M Buy? /tell 17/18  

Wakakatt[BastokMine]: Outer Ra'Kaznar CP 500p/3m Tachi: Jinpu geo*2 Very Fast All Time Party /tell 

Vipskyo[WindWoods]: Experience points PL Do you need it? 1-99 3m 50-99 2m 1-50 1m Escha - Zi'Tah #2 BST Party Very Fast /tell me

Crylea waves.
Vankathka waves to Crylea.
Vipskyo[WindWoods]: Experience points PL Do you need it? 1-99 3m 50-99 2m 1-50 1m Escha - Zi'Tah #2 BST Party Very Fast /tell me

Kimexxaa[PortBastok]: Ambuscade V1VD Clear Mind Do you need it? Buy? 4M

Wakakatt[BastokMine]: Outer Ra'Kaznar CP 500p/3m Tachi: Jinpu geo*2 Very Fast All Time Party /tell 

Vipskyo[WindWoods]: Experience points PL Do you need it? 1-99 3m 50-99 2m 1-50 1m Escha - Zi'Tah #2 BST Party Very Fast /tell me

Vipskyo[WindWoods]: Experience points PL Do you need it? 1-99 3m 50-99 2m 1-50 1m Escha - Zi'Tah #2 BST Party Very Fast /tell me

Eunji[RuLudeGard]: Dynamis - Jeuno D Midboss  RP5000~6000 Do you need it? 3M Buy? /tell 17/18  5min

Braaska[Rabao]: Odyssey sheol c segment farm  RUN COR BRD DD Can I have it?

Melyodas[Mhaura]: aeonic clear Reisenjima plz invite me

Mayuny[PortJeuno]: Heroism Crystal Do you need it? Buy? Please check it. (F-8)

Kimexxaa[PortBastok]: Ambuscade V1VD Clear Mind Do you need it? Buy? 4M

Vipskyo[WindWoods]: Experience points PL Do you need it? 1-99 3m 50-99 2m 1-50 1m Escha - Zi'Tah #2 BST Party Very Fast /tell me

Wakakatt[BastokMine]: Outer Ra'Kaznar CP 500p/3m Tachi: Jinpu geo*2 Very Fast All Time Party /tell 

Braaska[Rabao]: Odyssey sheol c segment farm  RUN COR  Can I have it?

Psycosocial[Rabao]: Mboze v15 Looking for members. BST 5/6 PST Thanks

Vipskyo[WindWoods]: Experience points PL Do you need it? 1-99 3m 50-99 2m 1-50 1m Escha - Zi'Tah #2 BST Party Very Fast /tell me

Eunji[RuLudeGard]: Dynamis - Jeuno D Midboss  RP5000~6000 Do you need it? 3M Buy? /tell 17/18  4min

Kimexxaa[PortBastok]: Ambuscade V1VD Clear Mind Do you need it? Buy? 4M

Vipskyo[WindWoods]: Experience points PL Do you need it? 1-99 3m 50-99 2m 1-50 1m Escha - Zi'Tah #2 BST Party Very Fast /tell me

Braaska[Rabao]: Odyssey sheol c segment farm COR  Can I have it?

Knobkierrie[RuLudeGard]: Empy weaponsエンピリアンウェポン Abyssea Item 50 50 75 Do you need it? /tell

Melyodas[Mhaura]: aeonic clear Reisenjima Mercenary invite me plz

Vipskyo[WindWoods]: Experience points PL Do you need it? 1-99 3m 50-99 2m 1-50 1m Escha - Zi'Tah #2 BST Party Very Fast /tell me

Dhooopp[SSandOria]: "CP"Apex <500p/2.5mil/ 2100p/10mil> Dho Gates Fast Cast All Time Party /tell

Wakakatt[BastokMine]: Outer Ra'Kaznar CP 500p/3m Tachi: Jinpu geo*2 Very Fast All Time Party /tell 

Psycosocial[Rabao]: Mboze v15 Looking for members. BST 5/6 PST Thanks

Kimexxaa[PortBastok]: Ambuscade V1VD Clear Mind Do you need it? Buy? 4M

Vipskyo[WindWoods]: Experience points PL Do you need it? 1-99 3m 50-99 2m 1-50 1m Escha - Zi'Tah #2 BST Party Very Fast /tell me

Eunji[RuLudeGard]: Dynamis - Jeuno D Midboss  RP5000~6000 Do you need it? 3M Buy? /tell 17/18  3min

Vipskyo[WindWoods]: Experience points PL Do you need it? 1-99 3m 50-99 2m 1-50 1m Escha - Zi'Tah #2 BST Party Very Fast /tell me

Osofly[LowJeuno]: Seekers of Adoulin Final Mission The Light Within Help me out!

Kimexxaa[PortBastok]: Ambuscade V1VD Clear Mind Do you need it? Buy? 4M

Eunji[RuLudeGard]: Dynamis - Jeuno D Midboss  RP5000~6000 Do you need it? 3M Buy? /tell 17/18  2min

Vipskyo[WindWoods]: Experience points PL Do you need it? 1-99 3m 50-99 2m 1-50 1m Escha - Zi'Tah #2 BST Party Very Fast /tell me

Braaska[Rabao]: Our party's full.

Vipskyo[WindWoods]: Experience points PL Do you need it? 1-99 3m 50-99 2m 1-50 1m Escha - Zi'Tah #2 BST Party Very Fast /tell me

Melyodas[Mhaura]: aeonic clear Reisenjima plz invite me

Kimexxaa[PortBastok]: Ambuscade V1VD Clear Mind Do you need it? Buy? 4M

Eunji[RuLudeGard]: Dynamis - Jeuno D Midboss  RP5000~6000 Do you need it? 3M Buy? /tell 17/18  1min

Vipskyo[WindWoods]: Experience points PL Do you need it? 1-99 3m 50-99 2m 1-50 1m Escha - Zi'Tah #2 BST Party Very Fast /tell me

Wakakatt[BastokMine]: Outer Ra'Kaznar CP 500p/3m Tachi: Jinpu geo*2 Very Fast All Time Party /tell 

Vipskyo[WindWoods]: Experience points PL Do you need it? 1-99 3m 50-99 2m 1-50 1m Escha - Zi'Tah #2 BST Party Very Fast /tell me

Kimexxaa[PortBastok]: Ambuscade V1VD Clear Mind Do you need it? Buy? 4M

Crylea starts humming Wizard of Oz "If i only had a brain."

Vipskyo[WindWoods]: Experience points PL Do you need it? 1-99 3m 50-99 2m 1-50 1m Escha - Zi'Tah #2 BST Party Very Fast /tell me

Eunji[RuLudeGard]: Dynamis - Jeuno D Midboss  RP5000~6000 Do you need it? 3M Buy? /tell 17/18  1min

Trickdaddyy[Rabao]: Odyssey T4 Bumba Clear Mind Do you need it? Buy? /tell

Vipskyo[WindWoods]: Experience points PL Do you need it? 1-99 3m 50-99 2m 1-50 1m Escha - Zi'Tah #2 BST Party Very Fast /tell me

Melyodas[Mhaura]: aeonic clear Reisenjima plz invite me

Kimexxaa[PortBastok]: Ambuscade V1VD Clear Mind Do you need it? Buy? 4M

Wakakatt[BastokMine]: Outer Ra'Kaznar CP 500p/3m Tachi: Jinpu geo*2 Very Fast All Time Party /tell 

Riptus[Mhaura]: R15 DRK LFG Odyssey C

Kkdi[RuLudeGard]: Dynamis - Jeuno D Midboss Do you need it? 3M Buy? /tell

Vipskyo[WindWoods]: Experience points PL Do you need it? 1-99 3m 50-99 2m 1-50 1m Escha - Zi'Tah #2 BST Party Very Fast /tell me

Knobkierrie[RuLudeGard]: Empy weaponsエンピリアンウェポン Abyssea Item 50 50 75 Do you need it? /tell

Vipskyo[WindWoods]: Experience points PL Do you need it? 1-99 3m 50-99 2m 1-50 1m Escha - Zi'Tah #2 BST Party Very Fast /tell me

Kkdi[RuLudeGard]: Dynamis - Jeuno D Midboss rp5000~6000 Do you need it? 3M Buy? /tell

Kimexxaa[PortBastok]: Ambuscade V1VD Clear Mind Do you need it? Buy? 4M

Vipskyo[WindWoods]: Experience points PL Do you need it? 1-99 3m 50-99 2m 1-50 1m Escha - Zi'Tah #2 BST Party Very Fast /tell me

Eunji[RuLudeGard]: Dynamis - Jeuno D Midboss  RP5000~6000 Do you need it? 3M Buy? /tell   

Wakakatt[BastokMine]: Outer Ra'Kaznar CP 500p/3m Tachi: Jinpu geo*2 Very Fast All Time Party /tell 

Trickdaddyy[Rabao]: Odyssey T4 Bumba Clear Mind Do you need it? Buy? /tell

Vipskyo[WindWoods]: Experience points PL Do you need it? 1-99 3m 50-99 2m 1-50 1m Escha - Zi'Tah #2 BST Party Very Fast /tell me

Melyodas[Mhaura]: aeonic clear Reisenjima plz invite me

Kimexxaa[PortBastok]: Ambuscade V1VD Clear Mind Do you need it? Buy? 4M

Vipskyo[WindWoods]: Experience points PL Do you need it? 1-99 3m 50-99 2m 1-50 1m Escha - Zi'Tah #2 BST Party Very Fast /tell me

Vipskyo[WindWoods]: Experience points PL Do you need it? 1-99 3m 50-99 2m 1-50 1m Escha - Zi'Tah #2 BST Party Very Fast /tell me

Kimexxaa[PortBastok]: Ambuscade V1VD Clear Mind Do you need it? Buy? 4M

Akaashotto[PortJeuno]: Heavy Metal 1100+ Bazaar (F-8) Port Jeuno

Vipskyo[WindWoods]: Experience points PL Do you need it? 1-99 3m 50-99 2m 1-50 1m Escha - Zi'Tah #2 BST Party Very Fast /tell me

Eunji[RuLudeGard]: Dynamis - Jeuno D Midboss  RP5000~6000 Do you need it? 3M Buy? /tell   

Vipskyo[WindWoods]: Experience points PL Do you need it? 1-99 3m 50-99 2m 1-50 1m Escha - Zi'Tah #2 BST Party Very Fast /tell me

Konstantinos[PortJeuno]: O. Bronzepiece1.4k T. Whiteshell1.3k Pluton1.3k Riftborn Boulder1.3k Abdhaljs's Honor99k L. Jadeshell120k (G-8)

Vipskyo[WindWoods]: Experience points PL Do you need it? 1-99 3m 50-99 2m 1-50 1m Escha - Zi'Tah #2 BST Party Very Fast /tell me

Sedative[Rabao]: what is pet dt cap?

Vankathka points at Meiyia.
Lauriers[Whitegate]: 87.5%

Rayavelt[PSandOria]: Emporer Anthro UNM Do you need it? Looking for members.

Vipskyo[WindWoods]: Experience points PL Do you need it? 1-99 3m 50-99 2m 1-50 1m Escha - Zi'Tah #2 BST Party Very Fast /tell me

Caiusx[Rabao]: Ongo v15 Do you need it? /tell Impossible to gauge Veteran MAX RUN GEO 5/6

Melyodas[Mhaura]: aeonic clear Reisenjima plz invite me

Knobkierrie[RuLudeGard]: Empy weaponsエンピリアンウェポン Abyssea Item 50 50 75 Do you need it? /tell

Rayavelt[PSandOria]: Emporer Anthro UNM Do you need it? Looking for members. 2/6

Eunji[RuLudeGard]: Dynamis - Jeuno D Midboss  RP5000~6000 Do you need it? 3M Buy? /tell   

Vipskyo[WindWoods]: Experience points PL Do you need it? 1-99 3m 50-99 2m 1-50 1m Escha - Zi'Tah #2 BST Party Very Fast /tell me

Vipskyo[WindWoods]: Experience points PL Do you need it? 1-99 3m 50-99 2m 1-50 1m Escha - Zi'Tah #2 BST Party Very Fast /tell me

Trickdaddyy[Rabao]: Odyssey T4 Bumba Clear Mind Do you need it? Buy? /tell

Rayavelt[PSandOria]: Emporer Anthro UNM Do you need it? Looking for members. 3/6

Vipskyo[WindWoods]: Experience points PL Do you need it? 1-99 3m 50-99 2m 1-50 1m Escha - Zi'Tah #2 BST Party Very Fast /tell me

Kamehamehaa[EastAdoulin]: Delve Plasm farming Do you need it? /tell 2/??

Trickdaddyy[Rabao]: Odyssey T4 Bumba Clear Mind Do you need it? Buy? /tell

Vipskyo[WindWoods]: Experience points PL Do you need it? 1-99 3m 50-99 2m 1-50 1m Escha - Zi'Tah #2 BST Party Very Fast /tell me

Rayavelt[PSandOria]: Emporer Anthro UNM Do you need it? Looking for members. Tank 5/6

Vipskyo[WindWoods]: Experience points PL Do you need it? 1-99 3m 50-99 2m 1-50 1m Escha - Zi'Tah #2 BST Party Very Fast /tell me

Kamehamehaa[EastAdoulin]: Delve Plasm farming Do you need it? /tell 3/??

Vipskyo[WindWoods]: Experience points PL Do you need it? 1-99 3m 50-99 2m 1-50 1m Escha - Zi'Tah #2 BST Party Very Fast /tell me

Melyodas[Mhaura]: aeonic clear Reisenjima plz invite me

Vipskyo[WindWoods]: Experience points PL Do you need it? 1-99 3m 50-99 2m 1-50 1m Escha - Zi'Tah #2 BST Party Very Fast /tell me

Rayavelt[PSandOria]: Emporer Anthro UNM Do you need it? Looking for members. DD 5/6

Vipskyo[WindWoods]: Experience points PL Do you need it? 1-99 3m 50-99 2m 1-50 1m Escha - Zi'Tah #2 BST Party Very Fast /tell me

Vipskyo[WindWoods]: Experience points PL Do you need it? 1-99 3m 50-99 2m 1-50 1m Escha - Zi'Tah #2 BST Party Very Fast /tell me

Rayavelt[PSandOria]: Emporer Anthro UNM Do you need it? Looking for members. full

Eunji[RuLudeGard]: Dynamis - Jeuno D Midboss  RP5000~6000 Do you need it? 3M Buy? /tell   

Vipskyo[WindWoods]: Experience points PL Do you need it? 1-99 3m 50-99 2m 1-50 1m Escha - Zi'Tah #2 BST Party Very Fast /tell me

Melliny[LowJeuno]: Ongo Veng 15 Do you need it? Run Can I have it? @ 5/6

Akaashotto[PortJeuno]: Heavy Metal 1100+ Bazaar (F-8) Port Jeuno

Knobkierrie[RuLudeGard]: Empy weaponsエンピリアンウェポン Abyssea Item 50 50 75 Do you need it? /tell

Vipskyo[WindWoods]: Experience points PL Do you need it? 1-99 3m 50-99 2m 1-50 1m Escha - Zi'Tah #2 BST Party Very Fast /tell me

Melyodas[Mhaura]: aeonic clear Reisenjima plz invite me

Dominos[PortJeuno]: Tinnin Sarameya Tyger item kill Buy? 

Vipskyo[WindWoods]: Experience points PL Do you need it? 1-99 3m 50-99 2m 1-50 1m Escha - Zi'Tah #2 BST Party Very Fast /tell me

Caiusx[Rabao]: Ongo V15 Do you need it? /tell Impossible to gauge Veteran MAX RUN GEO 5/6

Vipskyo[WindWoods]: Experience points PL Do you need it? 1-99 3m 50-99 2m 1-50 1m Escha - Zi'Tah #2 BST Party Very Fast /tell me

Vipskyo[WindWoods]: Experience points PL Do you need it? 1-99 3m 50-99 2m 1-50 1m Escha - Zi'Tah #2 BST Party Very Fast /tell me

Goikjl[BastokMine]: Sell abyssea empy weapon trial Item LV80 85 90 Do you need it? /tell

Vipskyo[WindWoods]: Experience points PL Do you need it? 1-99 3m 50-99 2m 1-50 1m Escha - Zi'Tah #2 BST Party Very Fast /tell me

Elysians[Mhaura]: Odyssean Greaves Mercenary Do you have it? Sell? /tell price Thank you.

Vipskyo[WindWoods]: Experience points PL Do you need it? 1-99 3m 50-99 2m 1-50 1m Escha - Zi'Tah #2 BST Party Very Fast /tell me

Vipskyo[WindWoods]: Experience points PL Do you need it? 1-99 3m 50-99 2m 1-50 1m Escha - Zi'Tah #2 BST Party Very Fast /tell me

Goikjl[BastokMine]: Sell abyssea empy weapon trial Item LV80 85 90 Do you need it? /tell

Eunji[RuLudeGard]: Dynamis - Jeuno D Midboss  RP5000~6000 Do you need it? 3M Buy? /tell   

Vipskyo[WindWoods]: Experience points PL Do you need it? 1-99 3m 50-99 2m 1-50 1m Escha - Zi'Tah #2 BST Party Very Fast /tell me

Mundanebear[Mhaura]: Nirvana SMN Can I have it? please Help me out! /tell

Melyodas[Mhaura]: aeonic clear Reisenjima plz invite me

Akaashotto[PortJeuno]: Heavy Metal 1100+ Bazaar (F-8) Port Jeuno

Vipskyo[WindWoods]: Experience points PL Do you need it? 1-99 3m 50-99 2m 1-50 1m Escha - Zi'Tah #2 BST Party Very Fast /tell me

Vipskyo[WindWoods]: Experience points PL Do you need it? 1-99 3m 50-99 2m 1-50 1m Escha - Zi'Tah #2 BST Party Very Fast /tell me

Knobkierrie[RuLudeGard]: Empy weaponsエンピリアンウェポン Abyssea Item 50 50 75 Do you need it? /tell

Sensarity examines you.
Sensarity begins to browse the merchandise in your bazaar.
Sensarity leaves your bazaar.
Shiohisa's title: Naga Raja Nullifier
Vipskyo[WindWoods]: Experience points PL Do you need it? 1-99 3m 50-99 2m 1-50 1m Escha - Zi'Tah #2 BST Party Very Fast /tell me

Vipskyo[WindWoods]: Experience points PL Do you need it? 1-99 3m 50-99 2m 1-50 1m Escha - Zi'Tah #2 BST Party Very Fast /tell me

Vipskyo[WindWoods]: Experience points PL Do you need it? 1-99 3m 50-99 2m 1-50 1m Escha - Zi'Tah #2 BST Party Very Fast /tell me

Goikjl[BastokMine]: Sell abyssea empy weapon trial Item LV80 85 90 Do you need it? /tell

Vipskyo[WindWoods]: Experience points PL Do you need it? 1-99 3m 50-99 2m 1-50 1m Escha - Zi'Tah #2 BST Party Very Fast /tell me

Vipskyo[WindWoods]: Experience points PL Do you need it? 1-99 3m 50-99 2m 1-50 1m Escha - Zi'Tah #2 BST Party Very Fast /tell me

Vipskyo[WindWoods]: Experience points PL Do you need it? 1-99 3m 50-99 2m 1-50 1m Escha - Zi'Tah #2 BST Party Very Fast /tell me

Vipskyo[WindWoods]: Experience points PL Do you need it? 1-99 3m 50-99 2m 1-50 1m Escha - Zi'Tah #2 BST Party Very Fast /tell me

Melyodas[Mhaura]: aeonic clear Reisenjima plz invite me

Wakakatt[BastokMine]: Outer Ra'Kaznar CP 500p/3m Tachi: Jinpu geo*2 Very Fast All Time Party /tell 

Vipskyo[WindWoods]: Experience points PL Do you need it? 1-99 3m 50-99 2m 1-50 1m Escha - Zi'Tah #2 BST Party Very Fast /tell me

Goikjl[BastokMine]: Sell abyssea empy weapon trial Item LV80 85 90 Do you need it? /tell

Medley[Whitegate]: Znm Tinnin/Tyger/Sarameya Item/Win Do you need it? Buy? /tell

Vipskyo[WindWoods]: Experience points PL Do you need it? 1-99 3m 50-99 2m 1-50 1m Escha - Zi'Tah #2 BST Party Very Fast /tell me

Wakakatt[BastokMine]: Outer Ra'Kaznar CP 500p/3m Tachi: Jinpu geo*2 Very Fast All Time Party /tell 

Knobkierrie[RuLudeGard]: Empy weaponsエンピリアンウェポン Abyssea Item 50 50 75 Do you need it? /tell

Vipskyo[WindWoods]: Experience points PL Do you need it? 1-99 3m 50-99 2m 1-50 1m Escha - Zi'Tah #2 BST Party Very Fast /tell me

Mayuny[PortJeuno]: Heroism Crystal Do you need it? Buy? Please check it. (F-8)

Wakakatt[BastokMine]: Outer Ra'Kaznar CP 500p/3m Tachi: Jinpu geo*2 Very Fast All Time Party /tell 

Vipskyo[WindWoods]: Experience points PL Do you need it? 1-99 3m 50-99 2m 1-50 1m Escha - Zi'Tah #2 BST Party Very Fast /tell me

Vipskyo[WindWoods]: Experience points PL Do you need it? 1-99 3m 50-99 2m 1-50 1m Escha - Zi'Tah #2 BST Party Very Fast /tell me

Wakakatt[BastokMine]: Outer Ra'Kaznar CP 500p/3m Tachi: Jinpu geo*2 Very Fast All Time Party /tell 

Yahooa[PortBastok]: Selling Aeonic/イオニックウェポン 3zones Full clear buy? 25M /tell
 1/5

Vipskyo[WindWoods]: Experience points PL Do you need it? 1-99 3m 50-99 2m 1-50 1m Escha - Zi'Tah #2 BST Party Very Fast /tell me

Goikjl[BastokMine]: Sell abyssea empy weapon trial Item LV80 85 90 Do you need it? /tell

Vipskyo[WindWoods]: Experience points PL Do you need it? 1-99 3m 50-99 2m 1-50 1m Escha - Zi'Tah #2 BST Party Very Fast /tell me

Vipskyo[WindWoods]: Experience points PL Do you need it? 1-99 3m 50-99 2m 1-50 1m Escha - Zi'Tah #2 BST Party Very Fast /tell me

Dhocp[PortBastok]: CP Dho Gates 500/2.5m 0-2100/10m Igeo*2 very fast Tachi: Jinpu 99999 autoinvite

Vipskyo[WindWoods]: Experience points PL Do you need it? 1-99 3m 50-99 2m 1-50 1m Escha - Zi'Tah #2 BST Party Very Fast /tell me

Dangrmouse[Rabao]:  Sheol C segments, Do you need it? BRD Can I have it? pst

Vipskyo[WindWoods]: Experience points PL Do you need it? 1-99 3m 50-99 2m 1-50 1m Escha - Zi'Tah #2 BST Party Very Fast /tell me

Wakakatt[BastokMine]: Outer Ra'Kaznar CP 500p/3m Tachi: Jinpu geo*2 Very Fast All Time Party /tell 

Vipskyo[WindWoods]: Experience points PL Do you need it? 1-99 3m 50-99 2m 1-50 1m Escha - Zi'Tah #2 BST Party Very Fast /tell me

Melyodas[Mhaura]: aeonic clear Reisenjima plz invite me

Goikjl[BastokMine]: Sell abyssea empy weapon trial Item LV80 85 90 Do you need it? /tell

Vipskyo[WindWoods]: Experience points PL Do you need it? 1-99 3m 50-99 2m 1-50 1m Escha - Zi'Tah #2 BST Party Very Fast /tell me

Knobkierrie[RuLudeGard]: Empy weaponsエンピリアンウェポン Abyssea Item 50 50 75 Do you need it? /tell

Wakakatt[BastokMine]: Outer Ra'Kaznar CP 500p/3m Tachi: Jinpu geo*2 Very Fast All Time Party /tell 

Vipskyo[WindWoods]: Experience points PL Do you need it? 1-99 3m 50-99 2m 1-50 1m Escha - Zi'Tah #2 BST Party Very Fast /tell me

Vipskyo[WindWoods]: Experience points PL Do you need it? 1-99 3m 50-99 2m 1-50 1m Escha - Zi'Tah #2 BST Party Very Fast /tell me

Kimexxaa[PortBastok]: Ambuscade V1VD Clear Mind Do you need it? Buy? 4M

Vipskyo[WindWoods]: Experience points PL Do you need it? 1-99 3m 50-99 2m 1-50 1m Escha - Zi'Tah #2 BST Party Very Fast /tell me

Akaashotto[PortJeuno]: Heavy Metal 1100+ Bazaar (F-8) Port Jeuno

Vipskyo[WindWoods]: Experience points PL Do you need it? 1-99 3m 50-99 2m 1-50 1m Escha - Zi'Tah #2 BST Party Very Fast /tell me

Goikjl[BastokMine]: Sell abyssea empy weapon trial Item LV80 85 90 Do you need it? /tell

Dominos[PortJeuno]: wts Mars orb 1.5M each. Venus orb 3M each /tell

Lehuhu[Mhaura]: Odyssey Shoal C Segment farm Looking for members. Tank,Brd,Heal,Cor 2/6 pst

Doubledan[WindWoods]: Ambuscade Vol. 1 Easy interest? /tell Doubledan

Goikjl[BastokMine]: Sell abyssea empy weapon trial Item LV80 85 90 Do you need it? /tell

Lehuhu[Mhaura]: Odyssey Shoal C Segment farm Looking for members. Tank,Brd 4/6 pst

Akaashotto[PortJeuno]: Heavy Metal 1100+ Bazaar (F-8) Port Jeuno

Knobkierrie[RuLudeGard]: Empy weaponsエンピリアンウェポン Abyssea Item 50 50 75 Do you need it? /tell

Doubledan[WindWoods]: Ambuscade Vol. 1 Easy interest? /tell Doubledan

Melyodas[Mhaura]: aeonic clear Reisenjima plz invite me

Aphocalypse[Rabao]: Odyssey Seg Farm Do you need it? Vet Whm rema Brd cor Tank R15 dd Can I have it?

Lehuhu[Mhaura]: Odyssey Shoal C Segment farm Looking for members. Tank,Brd 4/6 pst

Wakakatt[BastokMine]: Outer Ra'Kaznar CP 500p/3m Tachi: Jinpu geo*2 Very Fast All Time Party /tell 

Doubledan[WindWoods]: Ambuscade Vol. 1 Easy interest? /tell Doubledan

Aphocalypse[Rabao]: Odyssey Seg Farm Do you need it? Vet Whm rema Brd cor Tank R15 dd Can I have it?

Lehuhu[Mhaura]: Odyssey Shoal C Segment farm Looking for members. Tank,Brd 4/6 pst

Doubledan[WindWoods]: Ambuscade Vol. 1 Easy interest? /tell Doubledan

Buukki[Rabao]: Odyssey C-heol -- Looking for members. DD /tell 5/6

Aphocalypse[Rabao]: Odyssey Seg Farm Do you need it? Vet Whm rema Brd Tank R15 dd Can I have it?

Dominos[PortJeuno]: Tinnin Sarameya Tyger item kill Buy? 

Nohohw[NSandOria]: CP 500P/3M Outer Ra'Kaznar Tachi: Jinpu+Idris All Time Party Buy? /tell

Goikjl[BastokMine]: Sell abyssea empy weapon trial Item LV80 85 90 Do you need it? /tell

Lehuhu[Mhaura]: Odyssey Shoal C Segment farm Looking for members. Tank,Brd 4/6 pst

Aphocalypse[Rabao]: Odyssey Seg Farm Do you need it? Vet Whm rema Brd Tank R15 dd Can I have it?

Aphocalypse[Rabao]: Odyssey Seg Farm Do you need it? Vet Whm rema Brd Tank R15 dd Can I have it?

Nyapepe[BastokMark]: Lady Lilith VD / Cait Sith VD / Alexander / Odin VD Mercenary Do you need it? Buy? /tell please

Lehuhu[Mhaura]: Odyssey Shoal C Segment farm Looking for members. Tank,Brd 4/6 pst

Doubledan[WindWoods]: Ambuscade Vol. 1 Easy interest? /tell Doubledan

Akaashotto[PortJeuno]: Heavy Metal 1100+ Bazaar (F-8) Port Jeuno

Nohohw[NSandOria]: CP 500P/3M Outer Ra'Kaznar Tachi: Jinpu+Idris All Time Party Buy? /tell

Shakerulu[PortJeuno]: Sinister Reign Do you need it? Looking for members. Job anything

Lehuhu[Mhaura]: Odyssey Shoal C Segment farm Looking for members. Tank,Brd 4/6 pst

Doubledan[WindWoods]: Ambuscade Vol. 1 Easy interest? Tank/Healer 4/6 /tell Doubledan

Akaashotto[PortJeuno]: Heavy Metal 1100+ Bazaar (F-8) Port Jeuno

Aphocalypse[Rabao]: Odyssey Seg Farm Do you need it? Vet Tank & Rema Brd   Can I have it?

Lehuhu[Mhaura]: Odyssey Shoal C Segment farm Looking for members. Tank,Brd,R15 DD 4/6 pst

Dleeoo[NSandOria]: Dho Gates Crab 500/2.5m master/10m Fast Cast

Aphocalypse[Rabao]: Odyssey Seg Farm Do you need it? Vet Tank & Rema Brd   Can I have it?

Knobkierrie[RuLudeGard]: Empy weaponsエンピリアンウェポン Abyssea Item 50 50 75 Do you need it? /tell

Nithok[PortJeuno]: need dynamus D

Jookoo[SSandOria]: Experience points 1-50/0.5m 50-99/1.5m Merit points/0.5m Reisenjima Fast Cast

Doubledan[WindWoods]: Ambuscade Vol. 1 Easy interest? Tank/Healer 4/6 /tell Doubledan

Nohohw[NSandOria]: CP 500P/3M Outer Ra'Kaznar Tachi: Jinpu+Idris All Time Party Buy? /tell

Lehuhu[Mhaura]: Odyssey Shoal C Segment farm Looking for members. Tank,Brd,R15 DD 4/6 pst

Akaashotto[PortJeuno]: Heavy Metal 1100+ Bazaar (F-8) Port Jeuno

Nyapepe[BastokMark]: Lady Lilith VD / Cait Sith VD / Alexander / Odin VD Mercenary Do you need it? Buy? /tell please

Dleeoo[NSandOria]: Dho Gates Crab 500/2.5m master/10m Fast Cast

Nithok[PortJeuno]: need Dynamus J 

Dantrain examines you.
Dantrain begins to browse the merchandise in your bazaar.
Dantrain leaves your bazaar.
Mrpupmaster[EastAdoulin]: regal Gauntlets Do you need it? 20m obo Balga's Dais /tell

Aphocalypse[Rabao]: Odyssey Seg Farm Do you need it? Vet Tank & Rema Brd   Can I have it?

Doubledan[WindWoods]: Ambuscade Vol. 1 Easy interest? Tank/Healer 4/6 /tell Doubledan

Lehuhu[Mhaura]: Odyssey Shoal C Segment farm Looking for members. Tank or Brd 5/6 pst

Jookoo[SSandOria]: Experience points 1-50/0.5m 50-99/1.5m Merit points/0.5m Reisenjima Fast Cast

Mrpupmaster[EastAdoulin]: regal Gauntlets Do you need it? 20m obo Balga's Dais /tell

Aphocalypse[Rabao]: Odyssey Seg Farm Do you need it? Vet Tank & Rema Brd   Can I have it?

Nohohw[NSandOria]: CP 500P/3M Outer Ra'Kaznar Tachi: Jinpu+Idris All Time Party Buy? /tell

Lethalstrike[PortJeuno]: anybody doing Dynamis - Jeuno D AEONIC WEAPON RUN? WAVE 3

Nithok[PortJeuno]: Dynamis J?

Dleeoo[NSandOria]: Dho Gates Crab 500/2.5m master/10m Fast Cast

Akaashotto[PortJeuno]: Heavy Metal 1100+ Bazaar (F-8) Port Jeuno

Doubledan[Mhaura]: Ambuscade Vol. 1 Easy interest? Tank/Healer 4/6 /tell Doubledan

Lehuhu[Mhaura]: Odyssey Shoal C Segment farm Looking for members. Tank or Brd 5/6 pst

Jookoo[SSandOria]: Experience points 1-50/0.5m 50-99/1.5m Merit points/0.5m Reisenjima Fast Cast

Aphocalypse[Rabao]: Odyssey Seg Farm Do you need it? Vet Tank & Rema Brd   Can I have it?

Nyapepe[BastokMark]: Lady Lilith VD / Cait Sith VD / Alexander / Odin VD Mercenary Do you need it? Buy? /tell please

Doubledan[Mhaura]: Ambuscade Vol. 1 Easy interest? Tank/Healer 4/6 /tell Doubledan

Dominos[PortJeuno]: Savory shank Sell? 200k each /tell

Lehuhu[Mhaura]: Odyssey Shoal C Segment farm Looking for members. Tank or Brd 5/6 pst

Dleeoo[NSandOria]: Dho Gates Crab 500/2.5m master/10m Fast Cast

Aphocalypse[Rabao]: Odyssey Seg Farm Do you need it? Vet Tank & Rema Brd   Can I have it?

Nohohw[NSandOria]: CP 500P/3M Outer Ra'Kaznar Tachi: Jinpu+Idris All Time Party Buy? /tell

Akaashotto[PortJeuno]: Heavy Metal 1100+ Bazaar (F-8) Port Jeuno

Jookoo[SSandOria]: Experience points 1-50/0.5m 50-99/1.5m Merit points/0.5m Reisenjima Fast Cast

Kimexxaa[PortBastok]: Ambuscade V1VD Clear Mind Do you need it? Buy? 4M

Taberif[LowJeuno]: Schah T4 Do you need it? Looking for members. Nirvana or non potato SMN /tell

Nithok[PortJeuno]: Dynamis J?

Doubledan[Mhaura]: Ambuscade Vol. 1 Easy interest? Tank/Healer 4/6 /tell Doubledan

Dleeoo[NSandOria]: Dho Gates Crab 500/2.5m master/10m Fast Cast

Kimexxaa[PortBastok]: Ambuscade V1VD Clear Mind Do you need it? Buy? 4M

Jookoo[SSandOria]: Experience points 1-50/0.5m 50-99/1.5m Merit points/0.5m Reisenjima Fast Cast

Knobkierrie[RuLudeGard]: Empy weaponsエンピリアンウェポン Abyssea Item 50 50 75 Do you need it? /tell

Lehuhu[Mhaura]: hmo

Aphocalypse[Rabao]: Odyssey Seg Farm Do you need it? Vet Tank & Rema Brd   Can I have it?

Nyapepe[BastokMark]: Lady Lilith VD / Cait Sith VD / Alexander / Odin VD Mercenary Do you need it? Buy? /tell please

Nohohw[NSandOria]: CP 500P/3M Outer Ra'Kaznar Tachi: Jinpu+Idris All Time Party Buy? /tell

Lethalstrike[PortJeuno]: anybody doing Dynamis - Jeuno D WAVE 3 RUN ANYTIME SOON

You have undertaken ｲAmbuscade (W).ｳ
Kimexxaa[PortBastok]: Ambuscade V1VD Clear Mind Do you need it? Buy? 4M

Dominos[PortJeuno]: H-P Bayld Sell? 4k each /tell

Doubledan[Mhaura]: Ambuscade Vol. 1 Easy interest? Tank/Healer 4/6 /tell Doubledan

Taberif[LowJeuno]: Schah T4 Do you need it? Looking for members. Nirvana SMN /tell 5/6 

Dleeoo[NSandOria]: Dho Gates Crab 500/2.5m master/10m Fast Cast

Jookoo[SSandOria]: Experience points 1-50/0.5m 50-99/1.5m Merit points/0.5m Reisenjima Fast Cast

Peekaroll[Mhaura]: If you wanna be my lover, you gotta get with my friends.....

Venelia[Mhaura]: Corsair Ambuscade Do you need it? E-N

Aphocalypse[Rabao]: Odyssey Seg Farm Do you need it? Vet Tank & Rema Brd   Can I have it?

Doubledan[Mhaura]: Ambuscade Vol. 1 Easy interest? Tank/Healer 4/6 /tell Doubledan

Taberif[LowJeuno]: Schah T4 Do you need it? Looking for members. Nirvana SMN /tell 5/6 

Kimexxaa[PortBastok]: Ambuscade V1VD Clear Mind Do you need it? Buy? 4M

Aphocalypse[Rabao]: Odyssey Seg Farm Do you need it? Vet Tank & Rema Brd   Can I have it?

Nohohw[NSandOria]: CP 500P/3M Outer Ra'Kaznar Tachi: Jinpu+Idris All Time Party Buy? /tell

Akaashotto[PortJeuno]: Heavy Metal 1100+ Bazaar (F-8) Port Jeuno

Dleeoo[NSandOria]: Dho Gates Crab 500/2.5m master/10m Fast Cast

Jookoo[SSandOria]: Experience points 1-50/0.5m 50-99/1.5m Merit points/0.5m Reisenjima Fast Cast

Nyapepe[BastokMark]: Lady Lilith VD / Cait Sith VD / Alexander / Odin VD Mercenary Do you need it? Buy? /tell please

Taberif[LowJeuno]: Schah T4 Do you need it? Looking for members. Nirvana SMN /tell 5/6 

Doubledan[Mhaura]: Ambuscade Vol. 1 Easy interest? Tank/Healer 4/6 /tell Doubledan

Aphocalypse[Rabao]: Odyssey Seg Farm Do you need it? Vet Tank & Rema Brd   Can I have it?

Taberif[LowJeuno]: Schah T4 Do you need it? Looking for members. Nirvana SMN /tell 5/6 

Jookoo[SSandOria]: Experience points 1-50/0.5m 50-99/1.5m Merit points/0.5m Reisenjima Fast Cast

Goldn[Rabao]: Odyssey Segment farming. @ 5/6 Looking for members. Tank Can I have it?

Dleeoo[NSandOria]: Dho Gates Crab 500/2.5m master/10m Fast Cast

Nohohw[NSandOria]: CP 500P/3M Outer Ra'Kaznar Tachi: Jinpu+Idris All Time Party Buy? /tell

Doubledan[Mhaura]: Ambuscade Vol. 1 Easy>Norm interest? Tank/Healer 4/6 /tell Doubledan

Mundanebear[Mhaura]: WOC Clear Mind Can I have it? please /tell

Goldn[Rabao]: Odyssey Segment farming. @ 5/6 Looking for members. DD Can I have it?

Taberif[LowJeuno]: Schah T4 Do you need it? Looking for members. Nirvana SMN /tell 5/6 

Jookoo[SSandOria]: Experience points 1-50/0.5m 50-99/1.5m Merit points/0.5m Reisenjima Fast Cast

Wakakatt[BastokMine]: Outer Ra'Kaznar CP 500p/3m Tachi: Jinpu geo*2 Very Fast All Time Party /tell 

Goldn[Rabao]: Odyssey Our party's full.

Dleeoo[NSandOria]: Dho Gates Crab 500/2.5m master/10m Fast Cast

Mundanebear[Mhaura]: WOC Clear Mind Can I have it? please /tell

Knobkierrie[RuLudeGard]: Empy weaponsエンピリアンウェポン Abyssea Item 50 50 75 Do you need it? /tell

Aphocalypse[Rabao]: Odyssey Seg Farm Do you need it? Vet Tank & Rema Brd   Can I have it?

Nyapepe[BastokMark]: Lady Lilith VD / Cait Sith VD / Alexander / Odin VD Mercenary Do you need it? Buy? /tell please

Taberif[LowJeuno]: Schah T4 Do you need it? Looking for members. Nirvana SMN /tell 5/6 

Doubledan[Mhaura]: Ambuscade Vol. 1 Easy interest? Healer/DD 4/6 /tell Doubledan

Nohohw[NSandOria]: CP 500P/3M Outer Ra'Kaznar Tachi: Jinpu+Idris All Time Party Buy? /tell

Mundanebear[Mhaura]: WOC Clear Mind Can I have it? please /tell

Jookoo[SSandOria]: Experience points 1-50/0.5m 50-99/1.5m Merit points/0.5m Reisenjima Fast Cast

Aphocalypse[Rabao]: Odyssey Seg Farm Do you need it? Vet Tank & Rema Brd   Can I have it?

Seigfriedfinal[Mhaura]: HP Bayld Do you have it? Sell? 4K per buying all /tell please

Dleeoo[NSandOria]: Dho Gates Crab 500/2.5m master/10m Fast Cast

Wakakatt[BastokMine]: Outer Ra'Kaznar CP 500p/3m Tachi: Jinpu geo*2 Very Fast All Time Party /tell 

Jobcp[BastokMark]: Job Points CP500/3M Do you need it? Dho Gates Buy? Idris GEO Skillchain 99999 /tell 6/5

Doubledan[Mhaura]: Ambuscade Vol. 1 Easy interest? Healer 5/6 /tell Doubledan

Aphocalypse[Rabao]: Odyssey Seg Farm Do you need it? Vet Tank   Can I have it?

Jookoo[SSandOria]: Experience points 1-50/0.5m 50-99/1.5m Merit points/0.5m Reisenjima Fast Cast

Nohohw[NSandOria]: CP 500P/3M Outer Ra'Kaznar Tachi: Jinpu+Idris All Time Party Buy? /tell

Dleeoo[NSandOria]: Dho Gates Crab 500/2.5m master/10m Fast Cast

Mundanebear[Mhaura]: WOC Clear Mind Can I have it? please /tell

Nyapepe[BastokMark]: Lady Lilith VD / Cait Sith VD / Alexander / Odin VD Mercenary Do you need it? Buy? /tell please

Aphocalypse[Rabao]: Odyssey Seg Farm Do you need it? Vet Tank   Can I have it?

findAll: Searching: :Sensarity void
findAll: Sensarity/inventory: Voidhand: BRD
findAll: Sensarity/inventory: Voidtorso: COR
findAll: Sensarity/inventory: Voidtorso: PLD
findAll: Sensarity/inventory: Voidtorso: WAR (2)
findAll: Sensarity/satchel: Voidleg: COR
findAll: Sensarity/satchel: Voidleg: WAR
findAll: Sensarity/satchel: Voidtorso: WAR (2)
findAll: Sensarity/sack: Voidhand: COR
findAll: Sensarity/sack: Voidhand: DNC
findAll: Sensarity/case: Glavoid Shell
findAll: Sensarity/key items: Voidwatcher's emblem: Jeuno
findAll: Sensarity/key items: voidstone
findAll: Sensarity/key items: voidstone
findAll: Total: 15
Jookoo[SSandOria]: Experience points 1-50/0.5m 50-99/1.5m Merit points/0.5m Reisenjima Fast Cast

Aphocalypse[Rabao]: Odyssey Seg Farm Do you need it? Vet Tank   Can I have it?   5/6

Dleeoo[NSandOria]: Dho Gates Crab 500/2.5m master/10m Fast Cast

Nohohw[NSandOria]: CP 500P/3M Outer Ra'Kaznar Tachi: Jinpu+Idris All Time Party Buy? /tell

Aphocalypse[Rabao]: Odyssey Seg Farm Do you need it? Vet Tank   Can I have it?   5/6

Mundanebear[Mhaura]: WOC Clear Mind Can I have it? please /tell

Wakakatt[BastokMine]: Outer Ra'Kaznar CP 500p/3m Tachi: Jinpu geo*2 Very Fast All Time Party /tell 

Jookoo[SSandOria]: Experience points 1-50/0.5m 50-99/1.5m Merit points/0.5m Reisenjima Fast Cast

Arayala wishes to trade with you.
Trade complete.
Aphocalypse[Rabao]: Odyssey Seg Farm Do you need it? Vet Tank   Can I have it?   5/6

Dleeoo[NSandOria]: Dho Gates Crab 500/2.5m master/10m Fast Cast

Knobkierrie[RuLudeGard]: Empy weaponsエンピリアンウェポン Abyssea Item 50 50 75 Do you need it? /tell

Nyapepe[BastokMark]: Lady Lilith VD / Cait Sith VD / Alexander / Odin VD Mercenary Do you need it? Buy? /tell please

Nohohw[NSandOria]: CP 500P/3M Outer Ra'Kaznar Tachi: Jinpu+Idris All Time Party Buy? /tell

Cruxian[SSandOria]: Hello!

Wakakatt[BastokMine]: Outer Ra'Kaznar CP 500p/3m Tachi: Jinpu geo*2 Very Fast All Time Party /tell 

Jookoo[SSandOria]: Experience points 1-50/0.5m 50-99/1.5m Merit points/0.5m Reisenjima Fast Cast

Kimexxaa[PortBastok]: Ambuscade V1VD Clear Mind Do you need it? Buy? 4M

Venelia[Mhaura]: Corsair Ambuscade Can I have it? E-N

Aphocalypse[Rabao]: Odyssey Seg Farm Do you need it? Vet Tank   Can I have it?   5/6

Dleeoo[NSandOria]: Dho Gates Crab 500/2.5m master/10m Fast Cast

Switfafu[LowJeuno]: Ambuscade V1 VD 4M Do you need it? /tell

Braaska[Rabao]: Kraken Club Can I have it? Sell? 300m

Arayala wishes to trade with you.
Aphocalypse[Rabao]: Odyssey Seg Farm Do you need it? Vet Tank   Can I have it?   5/6

Trade complete.
Kimexxaa[PortBastok]: Ambuscade V1VD Clear Mind Do you need it? Buy? 4M

Jookoo[SSandOria]: Experience points 1-50/0.5m 50-99/1.5m Merit points/0.5m Reisenjima Fast Cast

Nohohw[NSandOria]: CP 500P/3M Outer Ra'Kaznar Tachi: Jinpu+Idris All Time Party Buy? /tell

Aphocalypse[Rabao]: Odyssey Seg Farm Do you need it? Vet Tank   Can I have it?   5/6

Dleeoo[NSandOria]: Dho Gates Crab 500/2.5m master/10m Fast Cast

Nyapepe[BastokMark]: Lady Lilith VD / Cait Sith VD / Alexander / Odin VD Mercenary Do you need it? Buy? /tell please

Kimexxaa[PortBastok]: Ambuscade V1VD Clear Mind Do you need it? Buy? 4M

Arayala invites you to her party.
Jookoo[SSandOria]: Experience points 1-50/0.5m 50-99/1.5m Merit points/0.5m Reisenjima Fast Cast

Aphocalypse[Rabao]: Odyssey Seg Farm Do you need it? Vet Tank   Can I have it?   5/6

Dominos[PortJeuno]: Tinnin Sarameya Tyger item kill Buy? 

Wakakatt[BastokMine]: Outer Ra'Kaznar CP 500p/3m Tachi: Jinpu geo*2 Very Fast All Time Party /tell 

superwarp: Warping via Home Point #3 to Port Jeuno - 1.
Follow canceled.
=== Area: Port Jeuno ===
This area is currently affected by the Super Kupower: ｲArtisan's Advantageｳ!This area is currently affected by the Super Kupower: ｲMyriad Mystery Boxesｳ!This area is currently affected by the Super Kupower: ｲDilatory Digestionｳ!
The maximum number of people are already participating in Unity chat. Please try again later.
Nohohw[NSandOria]: CP 500P/3M Outer Ra'Kaznar Tachi: Jinpu+Idris All Time Party Buy? /tell

Aphocalypse[Rabao]: Odyssey Seg Farm Do you need it? Vet Tank   Can I have it?   5/6

Jookoo[SSandOria]: Experience points 1-50/0.5m 50-99/1.5m Merit points/0.5m Reisenjima Fast Cast

Venelia[Mhaura]: Mars Orbs 1.5M Do you need it? x 2

Shiftrixgirls[LowJeuno]: Escha - Zi'Tah Escha - Ru'Aun Reisenjima T1T2T3 ALL ABJ Item Telos earring  Reiki yotai Buy? /tell

Wakakatt[BastokMine]: Outer Ra'Kaznar CP 500p/3m Tachi: Jinpu geo*2 Very Fast All Time Party /tell 

Bluespoons's title: Pazuzu Perplexer
Kimexxaa[PortBastok]: Ambuscade V1VD Clear Mind Do you need it? Buy? 4M

Evrosena's title: Heir of the Great Fire
Botosi's title: Dynamis-Jeuno [D] Trespasser
Dleeoo[NSandOria]: Dho Gates Crab 500/2.5m master/10m Fast Cast

Knobkierrie[RuLudeGard]: Empy weaponsエンピリアンウェポン Abyssea Item 50 50 75 Do you need it? /tell

Aphocalypse[Rabao]: Odyssey Seg Farm Do you need it? Vet Tank   Can I have it?   5/6

Gwennelyn[Rabao]: Odyssey seg farm for people without R15 Do you need it? because who the fuck cares?

Jookoo[SSandOria]: Experience points 1-50/0.5m 50-99/1.5m Merit points/0.5m Reisenjima Fast Cast

Shami : What do you say? I've still got lots of them!
Shami : What do you say? I've still got lots of them!
Shami : What do you say? I've still got lots of them!
Shami : A deimos orb? You sure, now? You'll be gettin' no refunds here, mind you.
Shami : A deimos orb? You sure, now? You'll be gettin' no refunds here, mind you.
Shami : A deimos orb? You sure, now? You'll be gettin' no refunds here, mind you.
Shami : The traveling merchant who sold me the orb said that the beast within can only be released in burning circles located deep within the Yughott Grotto, the Palborough Mines, and Giddeus, or in the arcane halls of the Sacrificial Chamber, the Chamber of Oracles, and the Spire of Vahzl.He was a shady sort, though, so who can say whether his word can be trusted?
Shami : The traveling merchant who sold me the orb said that the beast within can only be released in burning circles located deep within the Yughott Grotto, the Palborough Mines, and Giddeus, or in the arcane halls of the Sacrificial Chamber, the Chamber of Oracles, and the Spire of Vahzl.He was a shady sort, though, so who can say whether his word can be trusted?
Shami : The traveling merchant who sold me the orb said that the beast within can only be released in burning circles located deep within the Yughott Grotto, the Palborough Mines, and Giddeus, or in the arcane halls of the Sacrificial Chamber, the Chamber of Oracles, and the Spire of Vahzl.He was a shady sort, though, so who can say whether his word can be trusted?
Shiftrixgirls[LowJeuno]: Escha - Zi'Tah Escha - Ru'Aun Reisenjima T1T2T3 ALL ABJ Item Telos earring  Reiki yotai Buy? /tell

Obtained: Deimos orb.
Nohohw[NSandOria]: CP 500P/3M Outer Ra'Kaznar Tachi: Jinpu+Idris All Time Party Buy? /tell

Aphocalypse[Rabao]: Odyssey Seg Farm Do you need it? Vet Tank   Can I have it?   5/6

Wurteh[PortBastok]: WOC Telos Earring  Kirin Reiki Yotai Do you need it? Buy? /tell

Kimexxaa[PortBastok]: Ambuscade V1VD Clear Mind Do you need it? Buy? 4M

Wakakatt[BastokMine]: Outer Ra'Kaznar CP 500p/3m Tachi: Jinpu geo*2 Very Fast All Time Party /tell 

Aphocalypse[Rabao]: Odyssey Seg Farm Do you need it? Vet Tank   Can I have it?   5/6

Dleeoo[NSandOria]: Dho Gates Crab 500/2.5m master/10m Fast Cast

Shiftrixgirls[LowJeuno]: Escha - Zi'Tah Escha - Ru'Aun Reisenjima T1T2T3 ALL ABJ Item Telos earring  Reiki yotai Buy? /tell

Jookoo[SSandOria]: Experience points 1-50/0.5m 50-99/1.5m Merit points/0.5m Reisenjima Fast Cast

Myossonaso's title: Dynamis-Windurst [D] Trespasser
Kimexxaa[PortBastok]: Ambuscade V1VD Clear Mind Do you need it? Buy? 4M

superwarp: Warping via Home Point #1 to Yughott Grotto.
=== Area: Yughott Grotto ===
This area is currently affected by the Super Kupower: ｲArtisan's Advantageｳ!This area is currently affected by the Super Kupower: ｲMyriad Mystery Boxesｳ!This area is currently affected by the Super Kupower: ｲDilatory Digestionｳ!
=== Area: Horlais Peak ===
This area is currently affected by the Super Kupower: ｲArtisan's Advantageｳ!This area is currently affected by the Super Kupower: ｲMyriad Mystery Boxesｳ!This area is currently affected by the Super Kupower: ｲDilatory Digestionｳ!
A crack has formed on the deimos orb, and the beast inside has been unleashed!
Entering the battlefield for ｲLast Orc-Shunned Heroｳ!
Currently, 6 members of your party (including yourself) have clearance to enter the battlefield.
The time limit for this battle is 30 minutes.
The current battlefield clear time record for ｲLast Orc-Shunned Heroｳ is 1 minute 11 seconds.
The current battlefield clear time record for ｲLast Orc-Shunned Heroｳ is 1 minute 11 seconds.
The current battlefield clear time record for ｲLast Orc-Shunned Heroｳ is 1 minute 11 seconds.
That record is held by 5 adventurers, including Aburasoba!
That record is held by 5 adventurers, including Aburasoba!
That record is held by 5 adventurers, including Aburasoba!
[Sensarity] Meditate → Sensarity
[Sensarity] Hasso → Sensarity
[Sensarity] Berserk → Sensarity
attackwithme: Master: Attack On
attackwithme: Master: Change Target
Wyvernkin Dragzagg is out of range.
[Wyvernkin?Dragzagg] Call Wyvern → Wyvernkin?Dragzagg
[Crackshot?Zwogchog] Ranged Attack (Miss) → Sensarity
[Sensarity] Retaliation → Sensarity
[Bonesetter?Medokvok] missed → Sensarity
[2] [Bruteborn?Krushkosh] missed → Sensarity
[Sensarity] Warcry → Sensarity
[Wyvernkin?Dragzagg] missed → Sensarity
[Dragzagg's?Wyvern] missed → Sensarity
[Crackshot?Zwogchog] Ranged Attack (Miss) → Sensarity
[Bonesetter?Medokvok] missed → Sensarity
[2] [Bruteborn?Krushkosh] missed → Sensarity
[Sensarity] 1992 hit → Wyvernkin?Dragzagg
[Dragzagg's?Wyvern] missed → Sensarity
[Crackshot?Zwogchog] Ranged Attack (Miss) → Sensarity
[Bonesetter?Medokvok] Cure V → Wyvernkin?Dragzagg
[2] [Wyvernkin?Dragzagg] missed → Sensarity
[Bruteborn?Krushkosh] missed → Sensarity
[Bruteborn?Krushkosh] 24 hit → Sensarity
[Bonesetter?Medokvok] 707 HP Cure V → Wyvernkin?Dragzagg
[2] [Sensarity] 4792 hit → Wyvernkin?Dragzagg
Records of Eminence: Deal 500+ Damage.
Progress: 60/200.
Unable to see Wyvernkin Dragzagg.
[Dragzagg's?Wyvern] missed → Sensarity
[Crackshot?Zwogchog] Ranged Attack (Miss) → Sensarity
[Crackshot?Zwogchog] missed → Sensarity
[Bonesetter?Medokvok] missed → Sensarity
[Bruteborn?Krushkosh] 41 hit → Sensarity
[Wyvernkin?Dragzagg] missed → Sensarity
[2] [Dragzagg's?Wyvern] missed → Sensarity
[Sensarity] 2445 hit → Wyvernkin?Dragzagg
[Sensarity] 3263 critical hit → Wyvernkin?Dragzagg
[Sensarity] Fell Cleave → Wyvernkin?Dragzagg
[Sensarity] 11404 Fell Cleave → Wyvernkin?Dragzagg
AOE 14674 → Crackshot?Zwogchog
AOE 11589 → Bonesetter?Medokvok
AOE 14287 → Dragzagg's?Wyvern
AOE 14762 → Bruteborn?Krushkosh
Sensarity defeats Wyvernkin Dragzagg.
Sensarity defeats Dragzagg's Wyvern.
[Crackshot?Zwogchog] 295 Eagle Eye Shot → Sensarity
[Bonesetter?Medokvok] 11589 HP Benediction → Bonesetter?Medokvok
14674 HP → Crackshot?Zwogchog
14762 HP → Bruteborn?Krushkosh
[Bruteborn?Krushkosh] Mighty Strikes → Bruteborn?Krushkosh
[2] [Crackshot?Zwogchog] missed → Sensarity
[Crackshot?Zwogchog] 30 hit → Sensarity
[Bonesetter?Medokvok] missed → Sensarity
[2] [Bruteborn?Krushkosh] missed → Sensarity
You find a nomad moogle rod on Wyvernkin Dragzagg.
You find a Mog Kupon I-Seal on Wyvernkin Dragzagg.
You find a scroll of Tornado on Wyvernkin Dragzagg.
You find a scroll of Utsusemi: Ni on Wyvernkin Dragzagg.
You find a gigant squid on Wyvernkin Dragzagg.
You find a corvine abjuration: body on Wyvernkin Dragzagg.
Kateye's lot for the Mog Kupon I-Seal: 657 points.
[Crackshot?Zwogchog] missed → Sensarity
[Bonesetter?Medokvok] 29 hit → Sensarity
[Bruteborn?Krushkosh] missed → Sensarity
[Crackshot?Zwogchog] Ranged Attack (Miss) → Sensarity
[Crackshot?Zwogchog] missed → Sensarity
[Bonesetter?Medokvok] missed → Sensarity
[Bruteborn?Krushkosh] 60 critical hit → Sensarity
[Bruteborn?Krushkosh] missed → Sensarity
[Crackshot?Zwogchog] missed → Sensarity
attackwithme: Master: Attack On
[Bonesetter?Medokvok] missed → Sensarity
[Bruteborn?Krushkosh] missed → Sensarity
[Crackshot?Zwogchog] Ranged Attack (Miss) → Sensarity
[Bonesetter?Medokvok] Curaga III → Bruteborn?Krushkosh
[2] [Sensarity] 4755 hit → Crackshot?Zwogchog
[Crackshot?Zwogchog] 30 hit → Sensarity
[Bruteborn?Krushkosh] missed → Sensarity
[Bonesetter?Medokvok] 0 HP Curaga III → {2}: Bruteborn?Krushkosh and Bonesetter?Medokvok
405 HP → Crackshot?Zwogchog
[Crackshot?Zwogchog] missed → Sensarity
[Bruteborn?Krushkosh] parried by → Sensarity
[Crackshot?Zwogchog] Ranged Attack (Miss) → Sensarity
[2] [Sensarity] 4828 hit → Crackshot?Zwogchog
Records of Eminence: Deal 500+ Damage.
Progress: 70/200.
[Bonesetter?Medokvok] missed → Sensarity
[Sensarity] Fell Cleave → Crackshot?Zwogchog
[Sensarity] 2909 Fell Cleave → Crackshot?Zwogchog
AOE 11546 → Bonesetter?Medokvok
AOE 19905 → Bruteborn?Krushkosh
Sensarity defeats Bruteborn Krushkosh.
Arayala obtains a gigant squid.
[Crackshot?Zwogchog] missed → Sensarity
[Bonesetter?Medokvok] missed → Sensarity
You find a jar of monarch beetle saliva on Bruteborn Krushkosh.
You find a Mog Kupon I-Seal on Bruteborn Krushkosh.
You find a scroll of Raise III on Bruteborn Krushkosh.
You find a scroll of Quake on Bruteborn Krushkosh.
You find an agaricus mushroom on Bruteborn Krushkosh.
Arayala obtains an agaricus mushroom.
You find a coin of wieldance on Bruteborn Krushkosh.
Kateye's lot for the Mog Kupon I-Seal: 564 points.
Kateye obtains a Mog Kupon I-Seal.
[Crackshot?Zwogchog] Ranged Attack (Miss) → Sensarity
[Sensarity] missed → Crackshot?Zwogchog
[Sensarity] 2462 hit → Crackshot?Zwogchog
[Crackshot?Zwogchog] missed → Sensarity
[Bonesetter?Medokvok] missed → Sensarity
[Crackshot?Zwogchog] Ranged Attack (Miss) → Sensarity
[Sensarity] 2376 hit → Crackshot?Zwogchog
Sensarity defeats Crackshot Zwogchog.
[Bonesetter?Medokvok] missed → Sensarity
Kateye obtains a scroll of Tornado.
Arayala obtains a scroll of Utsusemi: Ni.
Kateye obtains a scroll of Raise III.
Arayala obtains a scroll of Quake.
You find a golden seed pouch on Crackshot Zwogchog.
You find a Mog Kupon I-Seal on Crackshot Zwogchog.
You find a scroll of Utsusemi: Ni on Crackshot Zwogchog.
You find a scroll of Phalanx on Crackshot Zwogchog.
You find a chunk of midrium ore on Crackshot Zwogchog.
Arayala obtains a chunk of midrium ore.
You find a corvine abjuration: body on Crackshot Zwogchog.
Kateye obtains a Mog Kupon I-Seal.
[Bonesetter?Medokvok] missed → Sensarity
[Bonesetter?Medokvok] missed → Sensarity
Sensarity's Warcry effect wears off.
[Bonesetter?Medokvok] 34 hit → Sensarity
[Bonesetter?Medokvok] Curaga IV → Bonesetter?Medokvok
attackwithme: Master: Attack On
[Bonesetter?Medokvok] 707 HP Curaga IV → Bonesetter?Medokvok
[2] [Sensarity] 4288 hit → Bonesetter?Medokvok
[Bonesetter?Medokvok] missed → Sensarity
Sensarity's lot for the nomad moogle rod: 876 points.
Sensarity obtains a nomad moogle rod.
[Bonesetter?Medokvok] 21 hit → Sensarity
[Sensarity] 2876 critical hit → Bonesetter?Medokvok
Sensarity defeats Bonesetter Medokvok.
Kateye obtains a scroll of Utsusemi: Ni.
Kateye obtains a scroll of Phalanx.
You find a golden seed pouch on Bonesetter Medokvok.
You find a Mog Kupon I-Seal on Bonesetter Medokvok.
You find a plate of Indi-Fade on Bonesetter Medokvok.
You find a scroll of Raise III on Bonesetter Medokvok.
Kateye obtains a plate of Indi-Fade.
You find a slab of ruszor meat on Bonesetter Medokvok.
Sensarity obtains a slab of ruszor meat.
You find a coin of wieldance on Bonesetter Medokvok.
Kateye obtains a Mog Kupon I-Seal.
Kateye obtains a Mog Kupon I-Seal.
Arayala's lot for the scroll of Raise III: 657 points.
Arayala obtains a scroll of Raise III.
Sensarity obtains 10,000 gil.
You find an Ordelle bronzepiece in the Armoury Crate.
You find an Ordelle bronzepiece in the Armoury Crate.
You find a scroll of Shell V in the Armoury Crate.
You find a mahogany log in the Armoury Crate.
You find a hi-reraiser in the Armoury Crate.
You find an Ordelle bronzepiece in the Armoury Crate.
You find a navarch's seal: head in the Armoury Crate.
Battlefield clear time: 2 minutes, 9 seconds!
Battlefield clear time: 2 minutes, 9 seconds!
Battlefield clear time: 2 minutes, 9 seconds!
The current battlefield clear time record is 1 minute 11 seconds.
The current battlefield clear time record is 1 minute 11 seconds.
The current battlefield clear time record is 1 minute 11 seconds.
Arayala obtains an Ordelle bronzepiece.
Arayala's lot for the scroll of Shell V: 862 points.
Arayala obtains a scroll of Shell V.
Arayala's lot for the Ordelle bronzepiece: 397 points.
Arayala obtains an Ordelle bronzepiece.
Arayala obtains an Ordelle bronzepiece.
Sensarity's Retaliation effect wears off.
=== Area: Yughott Grotto ===
The maximum number of people are already participating in Unity chat. Please try again later.
This area is currently affected by the Super Kupower: ｲArtisan's Advantageｳ!This area is currently affected by the Super Kupower: ｲMyriad Mystery Boxesｳ!This area is currently affected by the Super Kupower: ｲDilatory Digestionｳ!
=== Area: Horlais Peak ===
The maximum number of people are already participating in Unity chat. Please try again later.
This area is currently affected by the Super Kupower: ｲArtisan's Advantageｳ!This area is currently affected by the Super Kupower: ｲMyriad Mystery Boxesｳ!This area is currently affected by the Super Kupower: ｲDilatory Digestionｳ!
You are too far from the battle to gain experience.
You find a jar of monarch beetle saliva on the Bruteborn Krushkosh.
You find a Mog Kupon I-Seal on the Bruteborn Krushkosh.
You find a scroll of Flood on the Bruteborn Krushkosh.
Kateye obtains a saffron blossom.
You find an urunday log on the Bruteborn Krushkosh.
Kateye obtains an urunday log.
You find a card of ardor on the Bruteborn Krushkosh.
Kateye obtains a Mog Kupon I-Seal.
You are too far from the battle to gain experience.
You find a golden seed pouch on the Crackshot Zwogchog.
Sensarity obtains a scroll of Flare.
You find a Mog Kupon A-Lum on the Crackshot Zwogchog.
Arayala obtains a scroll of Freeze.
You find a scroll of Flare on the Crackshot Zwogchog.
Sensarity obtains a scroll of Flood.
You find a scroll of Raise III on the Crackshot Zwogchog.
Arayala obtains a scroll of Flare.
You find a slice of dragon meat on the Crackshot Zwogchog.
Kateye obtains a slice of dragon meat.
You find a coin of vision on the Crackshot Zwogchog.
You are too far from the battle to gain experience.
Sensarity obtains 10,000 gil.
You find a pair of jingang greaves in the Armoury Crate.
You find an Ordelle bronzepiece in the Armoury Crate.
You find a scroll of Boost-VIT in the Armoury Crate.
You find an orb of lightning fewell in the Armoury Crate.
You find a vile elixir in the Armoury Crate.
You find an Ordelle bronzepiece in the Armoury Crate.
You find an orison seal: head in the Armoury Crate.
Arayala's lot for the Ordelle bronzepiece: 183 points.
Arayala obtains an Ordelle bronzepiece.
Arayala's lot for the Ordelle bronzepiece: 870 points.
Arayala obtains an Ordelle bronzepiece.
You throw away a deimos orb.
Entering the battlefield for ｲLast Orc-Shunned Heroｳ!
Currently, 6 members of your party (including yourself) have clearance to enter the battlefield.
The time limit for this battle is 30 minutes.
The current battlefield clear time record for ｲLast Orc-Shunned Heroｳ is 1 minute 11 seconds.
The current battlefield clear time record for ｲLast Orc-Shunned Heroｳ is 1 minute 11 seconds.
The current battlefield clear time record for ｲLast Orc-Shunned Heroｳ is 1 minute 11 seconds.
That record is held by 5 adventurers, including Aburasoba!
That record is held by 5 adventurers, including Aburasoba!
That record is held by 5 adventurers, including Aburasoba!
[Kateye] Cure III → Sensarity
[Kateye] Haste → Sensarity
Kateye Haste → Sensarity (Haste)
[Sensarity] Meditate → Sensarity
[Sensarity] Hasso → Sensarity
[Sensarity] Berserk → Sensarity
attackwithme: Master: Attack On
Bruteborn Krushkosh is out of range.
[Wyvernkin?Dragzagg] Call Wyvern → Wyvernkin?Dragzagg
Unable to see Bruteborn Krushkosh.
[Crackshot?Zwogchog] Ranged Attack (Miss) → Sensarity
[Sensarity] Warcry → Sensarity
[Bonesetter?Medokvok] 47 critical hit → Sensarity
[Bruteborn?Krushkosh] missed → Sensarity
[Sensarity] 2349 hit → Bruteborn?Krushkosh
[Sensarity] 3332 critical hit → Bruteborn?Krushkosh
Records of Eminence: Deal 500+ Damage.
Progress: 80/200.
[Sensarity] Retaliation → Sensarity
[Wyvernkin?Dragzagg] missed → Sensarity
[Dragzagg's?Wyvern] missed → Sensarity
[Crackshot?Zwogchog] Ranged Attack (Miss) → Sensarity
[Bonesetter?Medokvok] Cure V → Bruteborn?Krushkosh
[Sensarity] Aggressor → Sensarity
[Bruteborn?Krushkosh] 42 hit → Sensarity
[Sensarity] 2807 retaliation → Bruteborn?Krushkosh
[Bruteborn?Krushkosh] missed → Sensarity
[Bonesetter?Medokvok] 707 HP Cure V → Bruteborn?Krushkosh
[Sensarity] Upheaval → Bruteborn?Krushkosh
[Sensarity] 27024 Upheaval → Bruteborn?Krushkosh
Sensarity defeats Bruteborn Krushkosh.
[2] [Dragzagg's?Wyvern] missed → Sensarity
[Crackshot?Zwogchog] Ranged Attack (Miss) → Sensarity
[Wyvernkin?Dragzagg] missed → Sensarity
[Bonesetter?Medokvok] missed → Sensarity
attackwithme: Master: Attack On
You find a golden seed pouch on Bruteborn Krushkosh.
You find a Mog Kupon A-Lum on Bruteborn Krushkosh.
You find a scroll of Flare on Bruteborn Krushkosh.
You find a plate of Indi-Malaise on Bruteborn Krushkosh.
You find a square of Penelope's cloth on Bruteborn Krushkosh.
You find a stone of vision on Bruteborn Krushkosh.
[Dragzagg's?Wyvern] missed → Sensarity
[Crackshot?Zwogchog] Ranged Attack (Miss) → Sensarity
[Bonesetter?Medokvok] missed → Sensarity
[Wyvernkin?Dragzagg] missed → Sensarity
[Sensarity] 3386 critical hit → Bonesetter?Medokvok
[Sensarity] 2301 hit → Bonesetter?Medokvok
[Dragzagg's?Wyvern] missed → Sensarity
[Dragzagg's?Wyvern] 28 hit → Sensarity
[Crackshot?Zwogchog] Ranged Attack (Miss) → Sensarity
[Bonesetter?Medokvok] missed → Sensarity
[Sensarity] 3103 critical hit → Bonesetter?Medokvok
[Sensarity] 2333 hit → Bonesetter?Medokvok
[Bonesetter?Medokvok] 11119 HP Benediction → Bonesetter?Medokvok
0 HP → {2}: Crackshot?Zwogchog and Wyvernkin?Dragzagg
[Wyvernkin?Dragzagg] missed → Sensarity
[Dragzagg's?Wyvern] parried by → Sensarity
[Dragzagg's?Wyvern] missed → Sensarity
[Crackshot?Zwogchog] Ranged Attack (Miss) → Sensarity
Not enough TP.
Not enough TP.
Not enough TP.
[2] [Sensarity] 4502 hit → Bonesetter?Medokvok
[Bonesetter?Medokvok] missed → Sensarity
[Dragzagg's?Wyvern] missed → Sensarity
[Sensarity] Fell Cleave → Bonesetter?Medokvok
[Sensarity] 11687 Fell Cleave → Bonesetter?Medokvok
AOE 14704 → Dragzagg's?Wyvern
AOE 11905 → Wyvernkin?Dragzagg
Sensarity defeats Bonesetter Medokvok.
Sensarity defeats Dragzagg's Wyvern.
[Crackshot?Zwogchog] Ranged Attack (Miss) → Sensarity
Records of Eminence: Deal 500+ Damage.
Progress: 90/200.
[Wyvernkin?Dragzagg] missed → Sensarity
Arayala obtains a square of Penelope's cloth.
You find a jar of monarch beetle saliva on Bonesetter Medokvok.
You find a Mog Kupon I-Seal on Bonesetter Medokvok.
You find a scroll of Quake on Bonesetter Medokvok.
You find a scroll of Flood on Bonesetter Medokvok.
You find a clump of Adoulinian kelp on Bonesetter Medokvok.
Kateye obtains a clump of Adoulinian kelp.
You find a jewel of balance on Bonesetter Medokvok.
Kateye obtains a Mog Kupon I-Seal.
[Crackshot?Zwogchog] Ranged Attack (Miss) → Sensarity
attackwithme: Master: Attack On
[2] [Wyvernkin?Dragzagg] missed → Sensarity
[Crackshot?Zwogchog] Ranged Attack (Miss) → Sensarity
[2] [Sensarity] 4749 hit → Wyvernkin?Dragzagg
[Wyvernkin?Dragzagg] missed → Sensarity
[Wyvernkin?Dragzagg] 30 hit → Sensarity
[Sensarity] 2684 retaliation → Wyvernkin?Dragzagg
Sensarity defeats Wyvernkin Dragzagg.
[Crackshot?Zwogchog] 26 Ranged Attack → Sensarity
Kateye obtains a scroll of Flare.
Arayala obtains a plate of Indi-Malaise.
Kateye obtains a scroll of Quake.
Crackshot Zwogchog is out of range.
You find a jar of monarch beetle saliva on Wyvernkin Dragzagg.
You find a Mog Kupon I-Seal on Wyvernkin Dragzagg.
You find a scroll of Flare on Wyvernkin Dragzagg.
You find a scroll of Tornado on Wyvernkin Dragzagg.
You find a gigant squid on Wyvernkin Dragzagg.
Sensarity obtains a gigant squid.
You find a stone of balance on Wyvernkin Dragzagg.
Kateye's lot for the Mog Kupon I-Seal: 88 points.
Kateye obtains a Mog Kupon I-Seal.
[Crackshot?Zwogchog] missed → Sensarity
[Sensarity] 3375 critical hit → Crackshot?Zwogchog
[Sensarity] 2431 hit → Crackshot?Zwogchog
[Crackshot?Zwogchog] Ranged Attack (Miss) → Sensarity
[Sensarity] Upheaval → Crackshot?Zwogchog
[Sensarity] 26375 Upheaval → Crackshot?Zwogchog
Sensarity defeats Crackshot Zwogchog.
Arayala obtains a scroll of Flood.
You do not meet the requirements to obtain the scroll of Flare.Scroll of Flare lost.
Arayala obtains a scroll of Tornado.
You find a jar of monarch beetle saliva on Crackshot Zwogchog.
You find a Mog Kupon I-Seal on Crackshot Zwogchog.
You find a scroll of Raise III on Crackshot Zwogchog.
You find a slice of dragon meat on Crackshot Zwogchog.
Arayala obtains a slice of dragon meat.
You find a stone of balance on Crackshot Zwogchog.
Kateye's lot for the Mog Kupon I-Seal: 190 points.
Kateye obtains a Mog Kupon I-Seal.
Sensarity obtains 10,000 gil.
You find a pair of jingang greaves in the Armoury Crate.
You find an Ordelle bronzepiece in the Armoury Crate.
You find a scroll of Shell V in the Armoury Crate.
You find an orb of fire fewell in the Armoury Crate.
You find a reraiser in the Armoury Crate.
You find an Ordelle bronzepiece in the Armoury Crate.
You find a charis seal: feet in the Armoury Crate.
Arayala's lot for the Ordelle bronzepiece: 123 points.
Arayala obtains an Ordelle bronzepiece.
Battlefield clear time: 1 minute, 44 seconds!
Battlefield clear time: 1 minute, 44 seconds!
Battlefield clear time: 1 minute, 44 seconds!
The current battlefield clear time record is 1 minute 11 seconds.
The current battlefield clear time record is 1 minute 11 seconds.
The current battlefield clear time record is 1 minute 11 seconds.
Arayala's lot for the Ordelle bronzepiece: 559 points.
Arayala obtains an Ordelle bronzepiece.
Sensarity's Warcry effect wears off.
Using Warp Ring, /heal to cancel.
[Sensarity] warp ring → Sensarity
=== Area: Mhaura ===
Shiftrixgirls[LowJeuno]: Escha - Zi'Tah Escha - Ru'Aun Reisenjima T1T2T3 ALL ABJ Item Telos earring  Reiki yotai Buy? /tell

This area is currently affected by the Super Kupower: ｲArtisan's Advantageｳ!This area is currently affected by the Super Kupower: ｲMyriad Mystery Boxesｳ!This area is currently affected by the Super Kupower: ｲDilatory Digestionｳ!
Kimexxaa[PortBastok]: Ambuscade V1VD Clear Mind Do you need it? Buy? 4M

Jookoo[SSandOria]: Experience points 1-50/0.5m 50-99/1.5m Merit points/0.5m Reisenjima Fast Cast

Wakakatt[BastokMine]: Outer Ra'Kaznar CP 500p/3m Tachi: Jinpu geo*2 Very Fast All Time Party /tell 

Inyani[Mhaura]: **Ambuscade** V1 VD buy? 4M. Covid-Free! Support your local Asuran. Thanks fam

findAll Notice: findAll has not detected a fully loaded inventory yet.
[Kateye] Curaga III → Sensarity
Dleeoo[NSandOria]: Dho Gates Crab 500/2.5m master/10m Fast Cast

Sirel[Rabao]: Seg C farm Do you need it? Tank, Whm, Sb cor, bard Can I have it? /tell

Wakakatt[BastokMine]: Outer Ra'Kaznar CP 500p/3m Tachi: Jinpu geo*2 Very Fast All Time Party /tell 

Page 539 of the tome flares up!
Irohani[PSandOria]: JobCardsDo you need it?1m/run(3-4card/run 15min)

{Yoran-Oran} Excellent! The Azi Dahaka specimen from Escha - Zi'Tah has been successfully defeated-ethy!
{Yoran-Oran} Hmm... Let's see how our research is progressing! We've defeated-ethy 9104 monsters in a row, bringing our total to 71152 monsters...
Kimexxaa[PortBastok]: Ambuscade V1VD Clear Mind Do you need it? Buy? 4M

Jookoo[SSandOria]: Experience points 1-50/0.5m 50-99/1.5m Merit points/0.5m Reisenjima Fast Cast

Mrpupmaster[EastAdoulin]: sold sorry

Shiftrixgirls[LowJeuno]: Escha - Zi'Tah Escha - Ru'Aun Reisenjima T1T2T3 ALL ABJ Item Telos earring  Reiki yotai Buy? /tell

Nohohw[NSandOria]: CP 500P/3M Outer Ra'Kaznar Tachi: Jinpu+Idris All Time Party Buy? /tell

Mundanebear[Mhaura]: WOC Clear Mind Can I have it? please /tell

Venelia[Mhaura]: Ambuscade E Do you need it? @5 Healer or DD please!

Caiusx[SSandOria]: Dynamis - San d'Oria RP farm + wave 3 clear Do you need it? /tell PLD RUN WHM SCH 

Dleeoo[NSandOria]: Dho Gates Crab 500/2.5m master/10m Fast Cast

Mundanebear waves to Flaminglegion.
Wakakatt[BastokMine]: Outer Ra'Kaznar CP 500p/3m Tachi: Jinpu geo*2 Very Fast All Time Party /tell 

Kimexxaa[PortBastok]: Ambuscade V1VD Clear Mind Do you need it? Buy? 4M

Page 540 of the tome flares up!
Page 541 of the tome flares up!
Jookoo[SSandOria]: Experience points 1-50/0.5m 50-99/1.5m Merit points/0.5m Reisenjima Fast Cast

Wurteh[PortBastok]: WOC Telos Earring  Kirin Reiki Yotai Do you need it? Buy? /tell

Dominos[PortJeuno]: Tinnin Sarameya Tyger item kill Buy? 

{Yoran-Oran} The Rhinostery field researchers in Escha - Ru'Aun have reported-ethy some unusual data around H-9. They think Naga Raja could show up there within 10 minutes.
Page 542 of the tome flares up!
Mundanebear[Mhaura]: Teleport-Vahzl Can I have it? please 

Sensarity's Haste effect wears off.
Dleeoo[NSandOria]: Dho Gates Crab 500/2.5m master/10m Fast Cast

Page 543 of the tome flares up!
Kimexxaa[PortBastok]: Ambuscade V1VD Clear Mind Do you need it? Buy? 4M

Shiftrixgirls[LowJeuno]: Escha - Zi'Tah Escha - Ru'Aun Reisenjima T1T2T3 ALL ABJ Item Telos earring  Reiki yotai Buy? /tell

Nohohw[NSandOria]: CP 500P/3M Outer Ra'Kaznar Tachi: Jinpu+Idris All Time Party Buy? /tell

Sirel[Rabao]: Seg C farm Do you need it? tank or bard Can I have it? 5/6

Jookoo[SSandOria]: Experience points 1-50/0.5m 50-99/1.5m Merit points/0.5m Reisenjima Fast Cast

Wakakatt[BastokMine]: Outer Ra'Kaznar CP 500p/3m Tachi: Jinpu geo*2 Very Fast All Time Party /tell 

Mundanebear[Mhaura]: Teleport-Vahzl Can I have it? please Reward

Knobkierrie[RuLudeGard]: Empy weaponsエンピリアンウェポン Abyssea Item 50 50 75 Do you need it? /tell

Wurteh[PortBastok]: WOC Telos Earring  Kirin Reiki Yotai Do you need it? Buy? /tell

Kimexxaa[PortBastok]: Ambuscade V1VD Clear Mind Do you need it? Buy? 4M

Sirel[Rabao]: Seg C farm Do you need it? tank or bard Can I have it? 5/6

Dleeoo[NSandOria]: Dho Gates Crab 500/2.5m master/10m Fast Cast

Shiftrixgirls[LowJeuno]: Escha - Zi'Tah Escha - Ru'Aun Reisenjima T1T2T3 ALL ABJ Item Telos earring  Reiki yotai Buy? /tell

Page 545 of the tome flares up!
Jookoo[SSandOria]: Experience points 1-50/0.5m 50-99/1.5m Merit points/0.5m Reisenjima Fast Cast

Page 544 of the tome flares up!
Nohohw[NSandOria]: CP 500P/3M Outer Ra'Kaznar Tachi: Jinpu+Idris All Time Party Buy? /tell

Wakakatt[BastokMine]: Outer Ra'Kaznar CP 500p/3m Tachi: Jinpu geo*2 Very Fast All Time Party /tell 

Kimexxaa[PortBastok]: Ambuscade V1VD Clear Mind Do you need it? Buy? 4M

Sirel[Rabao]: Seg C farm Do you need it? tank or bard Can I have it? 5/6

Wurteh[PortBastok]: WOC Telos Earring  Kirin Reiki Yotai Do you need it? Buy? /tell

Dleeoo[NSandOria]: Dho Gates Crab 500/2.5m master/10m Fast Cast

Konstantinos waves to Mundanebear.
Mundanebear cheers Konstantinos on!
Mundanebear bows courteously to Konstantinos.
Doubledan[Mhaura]: Ambuscade Easy Vol.1 5/6 Cor /tell

Jookoo[SSandOria]: Experience points 1-50/0.5m 50-99/1.5m Merit points/0.5m Reisenjima Fast Cast

Djjidmm[PSandOria]: Aeonic Weaponsイオニックウェポン3zone full Clear Mind Buy? 25m

Kimexxaa[PortBastok]: Ambuscade V1VD Clear Mind Do you need it? Buy? 4M

Sirel[Rabao]: Seg C farm Do you need it? tank or bard Can I have it? 5/6

Doubledan[Mhaura]: Ambuscade Easy Vol.1 5/6 DD/tank /tell

Shmilydoit[NSandOria]: Ambuscade v1 vd win Do you need it? /tell Buy? 5m each 5/6

Page 547 of the tome flares up!
Nohohw[NSandOria]: CP 500P/3M Outer Ra'Kaznar Tachi: Jinpu+Idris All Time Party Buy? /tell

Sirel[Rabao]: Seg C farm Do you need it? tank or bard Can I have it? 5/6

Shiftrixgirls[LowJeuno]: Escha - Zi'Tah Escha - Ru'Aun Reisenjima T1T2T3 ALL ABJ Item Telos earring  Reiki yotai Buy? /tell

Dleeoo[NSandOria]: Dho Gates Crab 500/2.5m master/10m Fast Cast

Page 546 of the tome flares up!
Djjidmm[PSandOria]: Aeonic Weaponsイオニックウェポン3zone full Clear Mind Buy? 25m

Jookoo[SSandOria]: Experience points 1-50/0.5m 50-99/1.5m Merit points/0.5m Reisenjima Fast Cast

Page 548 of the tome flares up!
Wakakatt[BastokMine]: Outer Ra'Kaznar CP 500p/3m Tachi: Jinpu geo*2 Very Fast All Time Party /tell 

Akaashotto[PortJeuno]: Heavy Metal 1100+ Bazaar (F-8) Port Jeuno

Sirel[Rabao]: Seg C farm Do you need it? tank or bard Can I have it? 5/6

Nordishen[WestAdoulin]: Sheol C segment farm Do you need it? Veteran Whm SBCor

Doubledan[Mhaura]: Ambuscade Easy Vol.1 5/6 dd/cor or tank /tell

Wakakatt[BastokMine]: Outer Ra'Kaznar CP 500p/3m Tachi: Jinpu geo*2 Very Fast All Time Party /tell 

Shmilydoit[NSandOria]: Escha - Zi'Tah Escha - Ru'Aun Reisenjima T1T2T3 ALL Item ABJ shop Do you need it? /tell Buy? 

Sirel[Rabao]: Seg C farm Do you need it? tank or bard Can I have it? 5/6

Page 549 of the tome flares up!
Page 550 of the tome flares up!
Dleeoo[NSandOria]: Dho Gates Crab 500/2.5m master/10m Fast Cast

Wurteh[PortBastok]: WOC Telos Earring  Kirin Reiki Yotai Do you need it? Buy? /tell

Dominos[PortJeuno]: Savory shank Sell? 200k each /tell

Nohohw[NSandOria]: CP 500P/3M Outer Ra'Kaznar Tachi: Jinpu+Idris All Time Party Buy? /tell

Djjidmm[PSandOria]: Aeonic Weaponsイオニックウェポン3zone full Clear Mind Buy? 25m

Jookoo[SSandOria]: Experience points 1-50/0.5m 50-99/1.5m Merit points/0.5m Reisenjima Fast Cast

Seigfriedfinal[Norg]: HP Bayld Do you have it? Sell? buying all 4k per /tell

Knobkierrie[RuLudeGard]: Empy weaponsエンピリアンウェポン Abyssea Item 50 50 75 Do you need it? /tell

Sirel[Rabao]: Seg C farm Do you need it? tank or bard Can I have it? 5/6

Wakakatt[BastokMine]: Outer Ra'Kaznar CP 500p/3m Tachi: Jinpu geo*2 Very Fast All Time Party /tell 

Shiftrixgirls[LowJeuno]: Escha - Zi'Tah Escha - Ru'Aun Reisenjima T1T2T3 ALL ABJ Item Telos earring  Reiki yotai Buy? /tell

Dleeoo[NSandOria]: Dho Gates Crab 500/2.5m master/10m Fast Cast

{Gyulee} Hello!

Jookoo[SSandOria]: Experience points 1-50/0.5m 50-99/1.5m Merit points/0.5m Reisenjima Fast Cast

{Yoran-Oran} Our field researchers have sent a report-ethy from H-9 in Escha - Ru'Aun. Apparently, monsters affiliated with Naga Raja have arrived there. Those guys are always getting themselves into trouble.
Akaashotto[PortJeuno]: Heavy Metal 1100+ Bazaar (F-8) Port Jeuno

Nohohw[NSandOria]: CP 500P/3M Outer Ra'Kaznar Tachi: Jinpu+Idris All Time Party Buy? /tell

Wurteh[PortBastok]: WOC Telos Earring  Kirin Reiki Yotai Do you need it? Buy? /tell

Shmilydoit[NSandOria]: Escha - Zi'Tah Escha - Ru'Aun Reisenjima T1T2T3 ALL Item ABJ shop Do you need it? /tell Buy? 

Wakakatt[BastokMine]: Outer Ra'Kaznar CP 500p/3m Tachi: Jinpu geo*2 Very Fast All Time Party /tell 

Djjidmm[PSandOria]: Aeonic Weaponsイオニックウェポン3zone full Clear Mind Buy? 25m

Dleeoo[NSandOria]: Dho Gates Crab 500/2.5m master/10m Fast Cast

Htownbeast[Rabao]: Odyssey C Segment Farm Looking for members. Veteran Tank/Blu Brd R15 War Sam Drk 2/6

Jookoo[SSandOria]: Experience points 1-50/0.5m 50-99/1.5m Merit points/0.5m Reisenjima Fast Cast

Switfafu[LowJeuno]: Ambuscade V1 VD 4M Do you need it? /tell

Shiftrixgirls[LowJeuno]: Escha - Zi'Tah Escha - Ru'Aun Reisenjima T1T2T3 ALL ABJ Item Telos earring  Reiki yotai Buy? /tell

Sirel[Rabao]: Seg C farm Do you need it? tank or bard Can I have it? 5/6

Page 551 of the tome flares up!
Lotso[Mhaura]: Ambuscade VD Looking for members. DD - 5/6

Shmilydoit[NSandOria]: Escha - Zi'Tah Escha - Ru'Aun Reisenjima T1T2T3 ALL Item ABJ shop Do you need it? /tell Buy? 

Htownbeast[Rabao]: Odyssey C Segment Farm Looking for members. Veteran Tank/Blu Brd R15 Sam Drk 3/6

Wakakatt[BastokMine]: Outer Ra'Kaznar CP 500p/3m Tachi: Jinpu geo*2 Very Fast All Time Party /tell 

Page 552 of the tome flares up!
{Yoran-Oran} Our field researchers in Escha - Ru'Aun have reported that Naga Raja has appeared around H-9. What a rare research-ethy opportunity!
Nohohw[NSandOria]: CP 500P/3M Outer Ra'Kaznar Tachi: Jinpu+Idris All Time Party Buy? /tell

Dleeoo[NSandOria]: Dho Gates Crab 500/2.5m master/10m Fast Cast

Jookoo[SSandOria]: Experience points 1-50/0.5m 50-99/1.5m Merit points/0.5m Reisenjima Fast Cast

Page 554 of the tome flares up!
Shiftrixgirls[LowJeuno]: Escha - Zi'Tah Escha - Ru'Aun Reisenjima T1T2T3 ALL ABJ Item Telos earring  Reiki yotai Buy? /tell

Page 553 of the tome flares up!
Switfafu[LowJeuno]: Ambuscade V1 VD 4M Do you need it? /tell

Djjidmm[PSandOria]: Aeonic Weaponsイオニックウェポン3zone full Clear Mind Buy? 25m

Mayuny[PortJeuno]: Heroism Crystal Do you need it? Buy? Please check it. (F-8)

Shmilydoit[NSandOria]: Escha - Zi'Tah Escha - Ru'Aun Reisenjima T1T2T3 ALL Item ABJ shop Do you need it? /tell Buy? 

Htownbeast[Rabao]: Odyssey C Segment Farm Looking for members. Veteran Tank/Blu Brd R15 Sam Drk Cor/SB 3/6

Wakakatt[BastokMine]: Outer Ra'Kaznar CP 500p/3m Tachi: Jinpu geo*2 Very Fast All Time Party /tell 

Page 555 of the tome flares up!
Sirel[Rabao]: Seg C farm Do you need it? tank or bard Can I have it? 5/6

Wurteh[PortBastok]: WOC Telos Earring  Kirin Reiki Yotai Do you need it? Buy? /tell

Jookoo[SSandOria]: Experience points 1-50/0.5m 50-99/1.5m Merit points/0.5m Reisenjima Fast Cast

{Shigemitu} Hello!

Dleeoo[NSandOria]: Dho Gates Crab 500/2.5m master/10m Fast Cast

Lotso[Mhaura]: Ambuscade VD Looking for members. DD - 5/6

Shiftrixgirls[LowJeuno]: Escha - Zi'Tah Escha - Ru'Aun Reisenjima T1T2T3 ALL ABJ Item Telos earring  Reiki yotai Buy? /tell

Sirel[Rabao]: Seg C farm Do you need it? tank / R 15 dd Can I have it? 5/6

Nohohw[NSandOria]: CP 500P/3M Outer Ra'Kaznar Tachi: Jinpu+Idris All Time Party Buy? /tell

Wakakatt[BastokMine]: Outer Ra'Kaznar CP 500p/3m Tachi: Jinpu geo*2 Very Fast All Time Party /tell 

Shmilydoit[NSandOria]: Escha - Zi'Tah Escha - Ru'Aun Reisenjima T1T2T3 ALL Item ABJ shop Do you need it? /tell Buy? 

Lehuhu[Whitegate]: Odyssey Shoal C segment Farm Looking for members. R15 DD,Cor,Brd,Healer 2/6 pst

{Yoran-Oran} Excellent! The Naga Raja specimen from Escha - Ru'Aun has been successfully defeated-ethy!
{Yoran-Oran} Hmm... Let's see how our research is progressing! We've defeated-ethy 9105 monsters in a row, bringing our total to 71153 monsters...
Switfafu[LowJeuno]: Ambuscade V1 VD 4M Do you need it? /tell

Htownbeast[Rabao]: Odyssey C Segment Farm Looking for members. Veteran Tank/Blu Brd Cor/SB 3/6

Knobkierrie[RuLudeGard]: Empy weaponsエンピリアンウェポン Abyssea Item 50 50 75 Do you need it? /tell

Wakakatt[BastokMine]: Outer Ra'Kaznar CP 500p/3m Tachi: Jinpu geo*2 Very Fast All Time Party /tell 

Jookoo[SSandOria]: Experience points 1-50/0.5m 50-99/1.5m Merit points/0.5m Reisenjima Fast Cast

Sirel[Rabao]: Seg C farm Do you need it? tank / R 15 dd Can I have it? 5/6

Lehuhu[Whitegate]: Odyssey Shoal C segment Farm Looking for members. R15 DD,Cor,Brd 3/6 pst

Wurteh[PortBastok]: WOC Telos Earring  Kirin Reiki Yotai Do you need it? Buy? /tell

Dleeoo[NSandOria]: Dho Gates Crab 500/2.5m master/10m Fast Cast

Htownbeast[Rabao]: Odyssey C Segment Farm Looking for members. Veteran Tank/Blu Brd Cor/SB 3/6

Shmilydoit[NSandOria]: Escha - Zi'Tah Escha - Ru'Aun Reisenjima T1T2T3 ALL Item ABJ shop Do you need it? /tell Buy? 

Switfafu[LowJeuno]: Ambuscade V1 VD 4M Do you need it? /tell

Shiftrixgirls[LowJeuno]: Escha - Zi'Tah Escha - Ru'Aun Reisenjima T1T2T3 ALL ABJ Item Telos earring  Reiki yotai Buy? /tell

Wakakatt[BastokMine]: Outer Ra'Kaznar CP 500p/3m Tachi: Jinpu geo*2 Very Fast All Time Party /tell 

Lilrena[RuLudeGard]: selling mars orb x 10   1.5m ea

Nohohw[NSandOria]: CP 500P/3M Outer Ra'Kaznar Tachi: Jinpu+Idris All Time Party Buy? /tell

Htownbeast[Rabao]: Odyssey C Segment Farm Looking for members. Veteran Tank/Blu Brd Cor/SB 3/6

Kimexxaa[PortBastok]: Ambuscade V1VD Clear Mind Do you need it? Buy? 4M

Lehuhu[Rabao]: Odyssey Shoal C segment Farm Looking for members. R15 DD,Cor,Brd 3/6 pst

Jookoo[SSandOria]: Experience points 1-50/0.5m 50-99/1.5m Merit points/0.5m Reisenjima Fast Cast

Sirel[Rabao]: Seg C farm Do you need it? Bard, R15 DD, Tank Can I have it? 4/6

Wurteh[PortBastok]: WOC Telos Earring  Kirin Reiki Yotai Do you need it? Buy? /tell

Shmilydoit[NSandOria]: Escha - Zi'Tah Escha - Ru'Aun Reisenjima T1T2T3 ALL Item ABJ shop Do you need it? /tell Buy? 

Switfafu[LowJeuno]: Ambuscade V1 VD 4M Do you need it? /tell

Dleeoo[NSandOria]: Dho Gates Crab 500/2.5m master/10m Fast Cast

Htownbeast[Rabao]: Odyssey C Segment Farm Looking for members. Veteran Tank/Blu Brd Cor/SB 3/6

Page 556 of the tome flares up!
Page 557 of the tome flares up!
Djjidmm[PSandOria]: Aeonic Weaponsイオニックウェポン3zone full Clear Mind Buy? 25m

Wakakatt[BastokMine]: Outer Ra'Kaznar CP 500p/3m Tachi: Jinpu geo*2 Very Fast All Time Party /tell 

Kimexxaa[PortBastok]: Ambuscade V1VD Clear Mind Do you need it? Buy? 4M

Lehuhu[Rabao]: Odyssey Shoal C segment Farm Looking for members. Brd 5/6 pst

Shiftrixgirls[LowJeuno]: Escha - Zi'Tah Escha - Ru'Aun Reisenjima T1T2T3 ALL ABJ Item Telos earring  Reiki yotai Buy? /tell

Jookoo[SSandOria]: Experience points 1-50/0.5m 50-99/1.5m Merit points/0.5m Reisenjima Fast Cast

Shmilydoit[NSandOria]: Escha - Zi'Tah Escha - Ru'Aun Reisenjima T1T2T3 ALL Item ABJ shop Do you need it? /tell Buy? 

Nohohw[NSandOria]: CP 500P/3M Outer Ra'Kaznar Tachi: Jinpu+Idris All Time Party Buy? /tell

Djjidmm[PSandOria]: Aeonic Weaponsイオニックウェポン3zone full Clear Mind Buy? 25m

Dleeoo[NSandOria]: Dho Gates Crab 500/2.5m master/10m Fast Cast

Venelia[Mhaura]: @5 Ambuscade Do you need it? Tank please

Sirel[Rabao]: Seg C farm Do you need it? Bard, R15 DD, Tank Can I have it? 4/6

Wurteh[PortBastok]: WOC Telos Earring  Kirin Reiki Yotai Do you need it? Buy? /tell

Kimexxaa[PortBastok]: Ambuscade V1VD Clear Mind Do you need it? Buy? 4M

Switfafu[LowJeuno]: Ambuscade V1 VD 4M Do you need it? /tell

Sirel[Rabao]: Seg C farm Do you need it? Bard Can I have it? 5/6

Wakakatt[BastokMine]: Outer Ra'Kaznar CP 500p/3m Tachi: Jinpu geo*2 Very Fast All Time Party /tell 

Shmilydoit[NSandOria]: Escha - Zi'Tah Escha - Ru'Aun Reisenjima T1T2T3 ALL Item ABJ shop Do you need it? /tell Buy? 

Htownbeast[Rabao]: Odyssey C Segment Farm Looking for members. Veteran Tank/Blu Brd Cor/SB 3/6

Jookoo[SSandOria]: Experience points 1-50/0.5m 50-99/1.5m Merit points/0.5m Reisenjima Fast Cast

Shiftrixgirls[LowJeuno]: Escha - Zi'Tah Escha - Ru'Aun Reisenjima T1T2T3 ALL ABJ Item Telos earring  Reiki yotai Buy? /tell

Venelia[Mhaura]: @5 Ambuscade Do you need it? DD or tank please

Page 558 of the tome flares up!
Kimexxaa[PortBastok]: Ambuscade V1VD Clear Mind Do you need it? Buy? 4M

Dleeoo[NSandOria]: Dho Gates Crab 500/2.5m master/10m Fast Cast

Djjidmm[PSandOria]: Aeonic Weaponsイオニックウェポン3zone full Clear Mind Buy? 25m

Executing shutdown in 30 seconds.Cancel healing to remain logged in.
Nohohw[NSandOria]: CP 500P/3M Outer Ra'Kaznar Tachi: Jinpu+Idris All Time Party Buy? /tell

Executing shutdown in 25 seconds.Cancel healing to remain logged in.
Executing shutdown in 20 seconds.Cancel healing to remain logged in.
Executing shutdown in 15 seconds.Cancel healing to remain logged in.
Nordishen[WestAdoulin]: Sheol C segment farm Do you need it? Veteran Whm SBCor /tell

Akaashotto[PortJeuno]: Heavy Metal 1100+ Bazaar (F-8) Port Jeuno

Executing shutdown in 10 seconds.Cancel healing to remain logged in.
Shmilydoit[NSandOria]: Escha - Zi'Tah Escha - Ru'Aun Reisenjima T1T2T3 ALL Item ABJ shop Do you need it? /tell Buy? 

Executing shutdown in 5 seconds.Cancel healing to remain logged in.
Page 559 of the tome flares up!
Shiftrixgirls[LowJeuno]: Escha - Zi'Tah Escha - Ru'Aun Reisenjima T1T2T3 ALL ABJ Item Telos earring  Reiki yotai Buy? /tell

=== Area: Mhaura ===
Welcome, Memento Mori!
Did you know if you subscribe to Guildwork Premium (guildwork.com/premium) you can get cross-zone shouts, AH notifications, Bazaar notifications, Remote chat and more?
*****DP Job Selection:WAR*****
Mode: Default.
<<< Welcome to Asura! >>>
■Assist Channel added for New Players and Returnees! https://sqex.to/yLvfp


■Vana'diel Doused with the June Version Update!


■The June 2021 Login Campaign [until July 9 at 7:00 (PDT) / 14:00 (GMT) / 15:00 (BST)]


■Stayin' Cool with Cool Equipment Campaign [until June 30 at 7:59 (PDT) / 14:59 (GMT) / 15:59 (BST)]


■Adventurer Gratitude Campaign [until July 4 at 7:00 (PDT) / 14:00 (GMT) / 15:00 (BST)]


* Please refer to the official website for more details.
You have undertaken the limited-time Records of Eminence challenge ｲVanquish Beasts.ｳ
This area is currently affected by the Super Kupower: ｲArtisan's Advantageｳ!This area is currently affected by the Super Kupower: ｲMyriad Mystery Boxesｳ!This area is currently affected by the Super Kupower: ｲDilatory Digestionｳ!
The maximum number of people are already participating in Unity chat. Please try again later.
[1]< LateNightLosers: Ladyofhonor >
You're all gay. But Amber... (May 22, 2021 4:12:11pm)
Minifon[Mhaura]: Ambuscade V1E (spam) Looking for members. TANK PLD RUN NIN MNK 5/6

superwarp: Warping via Home Point #1 to Lower Jeuno - Mog House.
=== Area: Lower Jeuno ===
The maximum number of people are already participating in Unity chat. Please try again later.
This area is currently affected by the Super Kupower: ｲArtisan's Advantageｳ!This area is currently affected by the Super Kupower: ｲMyriad Mystery Boxesｳ!This area is currently affected by the Super Kupower: ｲDilatory Digestionｳ!
Sweepstox : Oho, ya feelin' lucky 'nough tah takes a stab at da myst'ry box?
Sweepstox : Oho, ya feelin' lucky 'nough tah takes a stab at da myst'ry box?
Sweepstox : Oho, ya feelin' lucky 'nough tah takes a stab at da myst'ry box?
Sweepstox : Ya wanna open dat sucker up? Okay, but which dial ya be wantin'?
Sweepstox : Ya wanna open dat sucker up? Okay, but which dial ya be wantin'?
Sweepstox : Ya wanna open dat sucker up? Okay, but which dial ya be wantin'?
Sweepstox : So ya be wantin' the special dial?M'kay, get yerself all steeled up, 'cause here we go! 'Member, no complaints!
Sweepstox : So ya be wantin' the special dial?M'kay, get yerself all steeled up, 'cause here we go! 'Member, no complaints!
Sweepstox : So ya be wantin' the special dial?M'kay, get yerself all steeled up, 'cause here we go! 'Member, no complaints!
Sweepstox : Dis box is full o' myst'ries,♪Dat span da realm's his'try,♪So whatcha gonna get from da chest...o'...uh, fortunery?♪
Sweepstox : Dis box is full o' myst'ries,♪Dat span da realm's his'try,♪So whatcha gonna get from da chest...o'...uh, fortunery?♪
Sweepstox : Dis box is full o' myst'ries,♪Dat span da realm's his'try,♪So whatcha gonna get from da chest...o'...uh, fortunery?♪
Sweepstox : Oooh, looks at what popped out! I hopes it makes yer adventures dat much more adventumarous!
Sweepstox : Oooh, looks at what popped out! I hopes it makes yer adventures dat much more adventumarous!
Sweepstox : Oooh, looks at what popped out! I hopes it makes yer adventures dat much more adventumarous!
Obtained: Celadon yggzi bead IV.
You have used 50 points of your daily tally!
Minifon[Mhaura]: Ambuscade V1E (spam) Looking for members. TANK PLD RUN NIN MNK 5/6

Specialkid's title: Kyou Killer
Cherilyn[PortJeuno]: Mars Orb x4 Do you need it? Buy? 1.5m/ea Please assist.

Tsusha's title: Grand Greedalox
Deeekk[SSandOria]: Dho Gates Crab 500/2.5m master/10m Fast Cast

Minifon[Mhaura]: Ambuscade V1E (spam) Looking for members. TANK PLD RUN NIN MNK 5/6

Bki Tbujhja : Say, have you seen the song rrrunes in Buburimu? They contain the words to the song that torn-apart lovers sang to each other many years ago.
Bki Tbujhja : Say, have you seen the song rrrunes in Buburimu? They contain the words to the song that torn-apart lovers sang to each other many years ago.
Bki Tbujhja : Say, have you seen the song rrrunes in Buburimu? They contain the words to the song that torn-apart lovers sang to each other many years ago.
Bki Tbujhja : The lyrics are simple, but they hit you right in the heart. It's a really good song!
Bki Tbujhja : The lyrics are simple, but they hit you right in the heart. It's a really good song!
Bki Tbujhja : The lyrics are simple, but they hit you right in the heart. It's a really good song!
Bki Tbujhja : No matter how much the worrrld changes, people are still the same. Oh, how I long to be loved like that...
Bki Tbujhja : No matter how much the worrrld changes, people are still the same. Oh, how I long to be loved like that...
Bki Tbujhja : No matter how much the worrrld changes, people are still the same. Oh, how I long to be loved like that...
Bki Tbujhja : Well, anyway... I bet those bitter lyrics would rrreally cheer up the broken-hearted.
Bki Tbujhja : Well, anyway... I bet those bitter lyrics would rrreally cheer up the broken-hearted.
Bki Tbujhja : Well, anyway... I bet those bitter lyrics would rrreally cheer up the broken-hearted.
Yoskolo : Welcome to the Merry Minstrel's Meadhouse. What'll it be?
You sell a scroll of Flood to the shop.
You sell a scroll of Flare to the shop.
You sell a gigant squid to the shop.
You sell a slab of ruszor meat to the shop.
You sell a celadon yggzi bead IV to the shop.
Minifon[Mhaura]: Ambuscade V1E (spam) Looking for members. TANK PLD RUN NIN MNK 5/6

Luako[BastokMine]: Escha - Zi'Tah Escha - Ru'Aun all Item abj Telos Earring Reiki Yotai Reisenjima t1t2t3 Item Do you need it? /tell

Eight[SSandOria]: オデシーＣセグメント稼ぎ行きませんか？ＤＤコ募集中です。4/6

Cherilyn[PortJeuno]: Mars Orb x4 Do you need it? Buy? 1.5m/ea Please assist.

Dhooopp[SSandOria]: "CP"Apex <500p/2.5mil/ 2100p/10mil> Dho Gates Fast Cast All Time Party /tell

Minifon[Mhaura]: Ambuscade V1E (spam) Looking for members. TANK PLD RUN NIN MNK 5/6

Deeekk[SSandOria]: Dho Gates Crab 500/2.5m master/10m Fast Cast

Minifon[Mhaura]: Ambuscade V1E (spam) Looking for members. TANK PLD RUN NIN MNK 5/6

Executing shutdown in 30 seconds.Cancel healing to remain logged in.
Minifon[Mhaura]: Ambuscade V1E (spam) Looking for members. TANK PLD RUN NIN MNK 5/6

Eight[SSandOria]: オデシーＣセグメント稼ぎ行きませんか？ＤＤコ募集中です。4/6

Executing shutdown in 25 seconds.Cancel healing to remain logged in.
Executing shutdown in 20 seconds.Cancel healing to remain logged in.
Executing shutdown in 15 seconds.Cancel healing to remain logged in.
Executing shutdown in 10 seconds.Cancel healing to remain logged in.
Executing shutdown in 5 seconds.Cancel healing to remain logged in.
Deeekk[SSandOria]: Dho Gates Crab 500/2.5m master/10m Fast Cast

